Copyright 1986-2021 Xilinx, Inc. All Rights Reserved.
------------------------------------------------------------------------------------
| Tool Version : Vivado v.2021.2 (lin64) Build 3367213 Tue Oct 19 02:47:39 MDT 2021
| Date         : Sun Mar 13 05:39:40 2022
| Host         : Jabberwock running 64-bit Ubuntu 18.04.4 LTS
| Command      : report_utilization -file ./project.rpt
| Design       : design_1_wrapper
| Device       : xck26-sfvc784-2LV-c
| Speed File   : -2LV
| Design State : Physopt postRoute
------------------------------------------------------------------------------------

Utilization Design Information

Table of Contents
-----------------
1. CLB Logic
1.1 Summary of Registers by Type
2. CLB Logic Distribution
3. BLOCKRAM
4. ARITHMETIC
5. I/O
6. CLOCK
7. ADVANCED
8. CONFIGURATION
9. Primitives
10. Black Boxes
11. Instantiated Netlists

1. CLB Logic
------------

+----------------------------+--------+-------+------------+-----------+-------+
|          Site Type         |  Used  | Fixed | Prohibited | Available | Util% |
+----------------------------+--------+-------+------------+-----------+-------+
| CLB LUTs                   | 106793 |     0 |          0 |    117120 | 91.18 |
|   LUT as Logic             | 101570 |     0 |          0 |    117120 | 86.72 |
|   LUT as Memory            |   5223 |     0 |          0 |     57600 |  9.07 |
|     LUT as Distributed RAM |   5180 |     0 |            |           |       |
|     LUT as Shift Register  |     43 |     0 |            |           |       |
| CLB Registers              | 103907 |     0 |          0 |    234240 | 44.36 |
|   Register as Flip Flop    | 103907 |     0 |          0 |    234240 | 44.36 |
|   Register as Latch        |      0 |     0 |          0 |    234240 |  0.00 |
| CARRY8                     |   2254 |     0 |          0 |     14640 | 15.40 |
| F7 Muxes                   |    145 |     0 |          0 |     58560 |  0.25 |
| F8 Muxes                   |      0 |     0 |          0 |     29280 |  0.00 |
| F9 Muxes                   |      0 |     0 |          0 |     14640 |  0.00 |
+----------------------------+--------+-------+------------+-----------+-------+


1.1 Summary of Registers by Type
--------------------------------

+-------+--------------+-------------+--------------+
| Total | Clock Enable | Synchronous | Asynchronous |
+-------+--------------+-------------+--------------+
| 0     |            _ |           - |            - |
| 0     |            _ |           - |          Set |
| 0     |            _ |           - |        Reset |
| 0     |            _ |         Set |            - |
| 0     |            _ |       Reset |            - |
| 0     |          Yes |           - |            - |
| 432   |          Yes |           - |          Set |
| 98088 |          Yes |           - |        Reset |
| 24    |          Yes |         Set |            - |
| 5363  |          Yes |       Reset |            - |
+-------+--------------+-------------+--------------+


2. CLB Logic Distribution
-------------------------

+--------------------------------------------+--------+-------+------------+-----------+-------+
|                  Site Type                 |  Used  | Fixed | Prohibited | Available | Util% |
+--------------------------------------------+--------+-------+------------+-----------+-------+
| CLB                                        |  14628 |     0 |          0 |     14640 | 99.92 |
|   CLBL                                     |   7432 |     0 |            |           |       |
|   CLBM                                     |   7196 |     0 |            |           |       |
| LUT as Logic                               | 101570 |     0 |          0 |    117120 | 86.72 |
|   using O5 output only                     |    544 |       |            |           |       |
|   using O6 output only                     |  64822 |       |            |           |       |
|   using O5 and O6                          |  36204 |       |            |           |       |
| LUT as Memory                              |   5223 |     0 |          0 |     57600 |  9.07 |
|   LUT as Distributed RAM                   |   5180 |     0 |            |           |       |
|     using O5 output only                   |      0 |       |            |           |       |
|     using O6 output only                   |   4996 |       |            |           |       |
|     using O5 and O6                        |    184 |       |            |           |       |
|   LUT as Shift Register                    |     43 |     0 |            |           |       |
|     using O5 output only                   |      0 |       |            |           |       |
|     using O6 output only                   |     43 |       |            |           |       |
|     using O5 and O6                        |      0 |       |            |           |       |
| CLB Registers                              | 103907 |     0 |          0 |    234240 | 44.36 |
|   Register driven from within the CLB      |  91906 |       |            |           |       |
|   Register driven from outside the CLB     |  12001 |       |            |           |       |
|     LUT in front of the register is unused |   1766 |       |            |           |       |
|     LUT in front of the register is used   |  10235 |       |            |           |       |
| Unique Control Sets                        |    941 |       |          0 |     29280 |  3.21 |
+--------------------------------------------+--------+-------+------------+-----------+-------+
* * Note: Available Control Sets calculated as Slices * 2, Review the Control Sets Report for more information regarding control sets.


3. BLOCKRAM
-----------

+-------------------+------+-------+------------+-----------+-------+
|     Site Type     | Used | Fixed | Prohibited | Available | Util% |
+-------------------+------+-------+------------+-----------+-------+
| Block RAM Tile    |   70 |     0 |          0 |       144 | 48.61 |
|   RAMB36/FIFO*    |   70 |     0 |          0 |       144 | 48.61 |
|     RAMB36E2 only |   70 |       |            |           |       |
|   RAMB18          |    0 |     0 |          0 |       288 |  0.00 |
| URAM              |    0 |     0 |          0 |        64 |  0.00 |
+-------------------+------+-------+------------+-----------+-------+
* Note: Each Block RAM Tile only has one FIFO logic available and therefore can accommodate only one FIFO36E2 or one FIFO18E2. However, if a FIFO18E2 occupies a Block RAM Tile, that tile can still accommodate a RAMB18E2


4. ARITHMETIC
-------------

+-----------+------+-------+------------+-----------+-------+
| Site Type | Used | Fixed | Prohibited | Available | Util% |
+-----------+------+-------+------------+-----------+-------+
| DSPs      |    0 |     0 |          0 |      1248 |  0.00 |
+-----------+------+-------+------------+-----------+-------+


5. I/O
------

+------------------+------+-------+------------+-----------+-------+
|     Site Type    | Used | Fixed | Prohibited | Available | Util% |
+------------------+------+-------+------------+-----------+-------+
| Bonded IOB       |    0 |     0 |          0 |       189 |  0.00 |
| HPIOB_M          |    0 |     0 |          0 |        58 |  0.00 |
| HPIOB_S          |    0 |     0 |          0 |        58 |  0.00 |
| HDIOB_M          |    0 |     0 |          0 |        35 |  0.00 |
| HDIOB_S          |    0 |     0 |          0 |        35 |  0.00 |
| HPIOB_SNGL       |    0 |     0 |          0 |         3 |  0.00 |
| HPIOBDIFFINBUF   |    0 |     0 |          0 |        82 |  0.00 |
| HPIOBDIFFOUTBUF  |    0 |     0 |          0 |        82 |  0.00 |
| HDIOBDIFFINBUF   |    0 |     0 |          0 |        35 |  0.00 |
| BITSLICE_CONTROL |    0 |     0 |          0 |        32 |  0.00 |
| BITSLICE_RX_TX   |    0 |     0 |          0 |      1248 |  0.00 |
| BITSLICE_TX      |    0 |     0 |          0 |        32 |  0.00 |
| RIU_OR           |    0 |     0 |          0 |        16 |  0.00 |
+------------------+------+-------+------------+-----------+-------+


6. CLOCK
--------

+----------------------+------+-------+------------+-----------+-------+
|       Site Type      | Used | Fixed | Prohibited | Available | Util% |
+----------------------+------+-------+------------+-----------+-------+
| GLOBAL CLOCK BUFFERs |    3 |     0 |          0 |       352 |  0.85 |
|   BUFGCE             |    2 |     0 |          0 |       112 |  1.79 |
|   BUFGCE_DIV         |    0 |     0 |          0 |        16 |  0.00 |
|   BUFG_GT            |    0 |     0 |          0 |        96 |  0.00 |
|   BUFG_PS            |    1 |     0 |          0 |        96 |  1.04 |
|   BUFGCTRL*          |    0 |     0 |          0 |        32 |  0.00 |
| PLL                  |    1 |     0 |          0 |         8 | 12.50 |
| MMCM                 |    0 |     0 |          0 |         4 |  0.00 |
+----------------------+------+-------+------------+-----------+-------+
* Note: Each used BUFGCTRL counts as two GLOBAL CLOCK BUFFERs. This table does not include global clocking resources, only buffer cell usage. See the Clock Utilization Report (report_clock_utilization) for detailed accounting of global clocking resource availability.


7. ADVANCED
-----------

+-----------------+------+-------+------------+-----------+--------+
|    Site Type    | Used | Fixed | Prohibited | Available |  Util% |
+-----------------+------+-------+------------+-----------+--------+
| GTHE4_CHANNEL   |    0 |     0 |          0 |         4 |   0.00 |
| GTHE4_COMMON    |    0 |     0 |          0 |         1 |   0.00 |
| OBUFDS_GTE4     |    0 |     0 |          0 |         2 |   0.00 |
| OBUFDS_GTE4_ADV |    0 |     0 |          0 |         2 |   0.00 |
| PCIE40E4        |    0 |     0 |          0 |         2 |   0.00 |
| PS8             |    1 |     0 |          0 |         1 | 100.00 |
| SYSMONE4        |    0 |     0 |          0 |         1 |   0.00 |
| VCU             |    0 |     0 |          0 |         1 |   0.00 |
+-----------------+------+-------+------------+-----------+--------+


8. CONFIGURATION
----------------

+-------------+------+-------+------------+-----------+-------+
|  Site Type  | Used | Fixed | Prohibited | Available | Util% |
+-------------+------+-------+------------+-----------+-------+
| BSCANE2     |    0 |     0 |          0 |         4 |  0.00 |
| DNA_PORTE2  |    0 |     0 |          0 |         1 |  0.00 |
| EFUSE_USR   |    0 |     0 |          0 |         1 |  0.00 |
| FRAME_ECCE4 |    0 |     0 |          0 |         1 |  0.00 |
| ICAPE3      |    0 |     0 |          0 |         2 |  0.00 |
| MASTER_JTAG |    0 |     0 |          0 |         1 |  0.00 |
| STARTUPE3   |    0 |     0 |          0 |         1 |  0.00 |
+-------------+------+-------+------------+-----------+-------+


9. Primitives
-------------

+-----------+-------+---------------------+
|  Ref Name |  Used | Functional Category |
+-----------+-------+---------------------+
| FDCE      | 98088 |            Register |
| LUT3      | 36985 |                 CLB |
| LUT6      | 35547 |                 CLB |
| LUT4      | 32113 |                 CLB |
| LUT2      | 19654 |                 CLB |
| LUT5      | 12836 |                 CLB |
| FDRE      |  5363 |            Register |
| RAMD64E   |  4992 |                 CLB |
| CARRY8    |  2254 |                 CLB |
| LUT1      |   639 |                 CLB |
| FDPE      |   432 |            Register |
| RAMD32    |   362 |                 CLB |
| MUXF7     |   145 |                 CLB |
| RAMB36E2  |    70 |            BLOCKRAM |
| SRLC32E   |    33 |                 CLB |
| FDSE      |    24 |            Register |
| SRL16E    |    10 |                 CLB |
| RAMS32    |    10 |                 CLB |
| BUFGCE    |     2 |               Clock |
| PS8       |     1 |            Advanced |
| PLLE4_ADV |     1 |               Clock |
| BUFG_PS   |     1 |               Clock |
+-----------+-------+---------------------+


10. Black Boxes
---------------

+----------+------+
| Ref Name | Used |
+----------+------+


11. Instantiated Netlists
-------------------------

+---------------------------------+------+
|             Ref Name            | Used |
+---------------------------------+------+
| design_1_zynq_ultra_ps_e_0_0    |    1 |
| design_1_rst_ps8_0_99M_0        |    1 |
| design_1_clk_wiz_0_0            |    1 |
| design_1_auto_pc_0              |    1 |
| design_1_auto_ds_0              |    1 |
| design_1_ZYNQMP_ACP_ADAPTER_0_0 |    1 |
| design_1_ArgSort_AXI_1_0        |    1 |
+---------------------------------+------+


Copyright 1986-2021 Xilinx, Inc. All Rights Reserved.
-----------------------------------------------------------------------------------------
| Tool Version      : Vivado v.2021.2 (lin64) Build 3367213 Tue Oct 19 02:47:39 MDT 2021
| Date              : Sun Mar 13 05:39:52 2022
| Host              : Jabberwock running 64-bit Ubuntu 18.04.4 LTS
| Command           : report_timing -file ./project.rpt -append
| Design            : design_1_wrapper
| Device            : xck26-sfvc784
| Speed File        : -2LV  PRODUCTION 1.29 08-03-2020
| Temperature Grade : C
-----------------------------------------------------------------------------------------

Timing Report

Slack (VIOLATED) :        -0.006ns  (required time - arrival time)
  Source:                 design_1_i/ArgSort_AXI_1/U0/ARGSORT_IF/MRG_RD/READER/FSM_onehot_CH[26].REQ.curr_state_reg[2]/C
                            (rising edge-triggered cell FDCE clocked by clk_out1_design_1_clk_wiz_0_0  {rise@0.000ns fall@2.273ns period=4.545ns})
  Destination:            design_1_i/ArgSort_AXI_1/U0/ARGSORT_IF/MRG_RD/READER/REQ.REQ_SIZE_reg[9]/D
                            (rising edge-triggered cell FDCE clocked by clk_out1_design_1_clk_wiz_0_0  {rise@0.000ns fall@2.273ns period=4.545ns})
  Path Group:             clk_out1_design_1_clk_wiz_0_0
  Path Type:              Setup (Max at Slow Process Corner)
  Requirement:            4.545ns  (clk_out1_design_1_clk_wiz_0_0 rise@4.545ns - clk_out1_design_1_clk_wiz_0_0 rise@0.000ns)
  Data Path Delay:        4.322ns  (logic 0.918ns (21.240%)  route 3.404ns (78.760%))
  Logic Levels:           7  (LUT4=2 LUT5=2 LUT6=3)
  Clock Path Skew:        -0.209ns (DCD - SCD + CPR)
    Destination Clock Delay (DCD):    4.699ns = ( 9.244 - 4.545 ) 
    Source Clock Delay      (SCD):    4.796ns
    Clock Pessimism Removal (CPR):    -0.112ns
  Clock Uncertainty:      0.064ns  ((TSJ^2 + DJ^2)^1/2) / 2 + PE
    Total System Jitter     (TSJ):    0.071ns
    Discrete Jitter          (DJ):    0.107ns
    Phase Error              (PE):    0.000ns
  Clock Net Delay (Source):      1.799ns (routing 0.246ns, distribution 1.553ns)
  Clock Net Delay (Destination): 1.507ns (routing 0.231ns, distribution 1.276ns)

    Location             Delay type                Incr(ns)  Path(ns)    Netlist Resource(s)
  -------------------------------------------------------------------    -------------------
                         (clock clk_out1_design_1_clk_wiz_0_0 rise edge)
                                                      0.000     0.000 r  
    BUFG_PS_X0Y73        BUFG_PS                      0.000     0.000 r  design_1_i/zynq_ultra_ps_e_0/U0/buffer_pl_clk_0.PL_CLK_0_BUFG/O
                         net (fo=1, routed)           2.428     2.428    design_1_i/clk_wiz_0/inst/clk_in1
    PLL_X0Y2             PLLE4_ADV (Prop_PLL_CLKIN_CLKOUT0)
                                                      0.147     2.575 r  design_1_i/clk_wiz_0/inst/plle4_adv_inst/CLKOUT0
                         net (fo=1, routed)           0.378     2.953    design_1_i/clk_wiz_0/inst/clk_out1_design_1_clk_wiz_0_0
    BUFGCE_X0Y39         BUFGCE (Prop_BUFCE_BUFGCE_I_O)
                                                      0.044     2.997 r  design_1_i/clk_wiz_0/inst/clkout1_buf/O
    X1Y1 (CLOCK_ROOT)    net (fo=109458, routed)      1.799     4.796    design_1_i/ArgSort_AXI_1/U0/ARGSORT_IF/MRG_RD/READER/ACLK
    SLICE_X19Y142        FDCE                                         r  design_1_i/ArgSort_AXI_1/U0/ARGSORT_IF/MRG_RD/READER/FSM_onehot_CH[26].REQ.curr_state_reg[2]/C
  -------------------------------------------------------------------    -------------------
    SLICE_X19Y142        FDCE (Prop_GFF_SLICEL_C_Q)
                                                      0.114     4.910 r  design_1_i/ArgSort_AXI_1/U0/ARGSORT_IF/MRG_RD/READER/FSM_onehot_CH[26].REQ.curr_state_reg[2]/Q
                         net (fo=58, routed)          0.121     5.031    design_1_i/ArgSort_AXI_1/U0/ARGSORT_IF/MRG_RD/READER/REQ.ARB/TREE.NODE[2].ARB/TREE.NODE[2].ARB/ARB/A[1]
    SLICE_X18Y142        LUT4 (Prop_F6LUT_SLICEM_I0_O)
                                                      0.149     5.180 r  design_1_i/ArgSort_AXI_1/U0/ARGSORT_IF/MRG_RD/READER/REQ.ARB/TREE.NODE[2].ARB/TREE.NODE[2].ARB/ARB/curr_queue[0][2]_i_3__1/O
                         net (fo=2, routed)           0.710     5.890    design_1_i/ArgSort_AXI_1/U0/ARGSORT_IF/MRG_RD/READER/REQ.ARB/TREE.NODE[2].ARB/ARB/arb_request_1[2]
    SLICE_X24Y152        LUT5 (Prop_C6LUT_SLICEM_I3_O)
                                                      0.080     5.970 r  design_1_i/ArgSort_AXI_1/U0/ARGSORT_IF/MRG_RD/READER/REQ.ARB/TREE.NODE[2].ARB/ARB/curr_queue[0][2]_i_2__2/O
                         net (fo=7, routed)           0.668     6.638    design_1_i/ArgSort_AXI_1/U0/ARGSORT_IF/MRG_RD/READER/REQ.ARB/TREE.NODE[2].ARB/TREE.NODE[2].ARB/ARB/curr_queue_reg[0][1]_1[0]
    SLICE_X20Y152        LUT5 (Prop_C6LUT_SLICEM_I4_O)
                                                      0.080     6.718 r  design_1_i/ArgSort_AXI_1/U0/ARGSORT_IF/MRG_RD/READER/REQ.ARB/TREE.NODE[2].ARB/TREE.NODE[2].ARB/ARB/REQ.curr_val[26]_i_3/O
                         net (fo=1, routed)           0.221     6.939    design_1_i/ArgSort_AXI_1/U0/ARGSORT_IF/MRG_RD/READER/REQ.ARB/TREE.NODE[2].ARB/TREE.NODE[2].ARB/ARB/REQ.curr_val[26]_i_3_n_0
    SLICE_X21Y152        LUT6 (Prop_C6LUT_SLICEM_I0_O)
                                                      0.135     7.074 r  design_1_i/ArgSort_AXI_1/U0/ARGSORT_IF/MRG_RD/READER/REQ.ARB/TREE.NODE[2].ARB/TREE.NODE[2].ARB/ARB/REQ.curr_val[26]_i_2/O
                         net (fo=105, routed)         0.412     7.486    design_1_i/ArgSort_AXI_1/U0/ARGSORT_IF/MRG_RD/READER/REQ.ARB/TREE.NODE[1].ARB/TREE.NODE[2].ARB/ARB/REQ.FLOW_STOP_i_6_0[0]
    SLICE_X19Y148        LUT4 (Prop_H5LUT_SLICEL_I3_O)
                                                      0.150     7.636 r  design_1_i/ArgSort_AXI_1/U0/ARGSORT_IF/MRG_RD/READER/REQ.ARB/TREE.NODE[1].ARB/TREE.NODE[2].ARB/ARB/REQ.REQ_SIZE[9]_i_12/O
                         net (fo=1, routed)           0.473     8.109    design_1_i/ArgSort_AXI_1/U0/ARGSORT_IF/MRG_RD/READER/REQ.ARB/TREE.NODE[1].ARB/TREE.NODE[2].ARB/ARB/REQ.REQ_SIZE[9]_i_12_n_0
    SLICE_X17Y145        LUT6 (Prop_E6LUT_SLICEM_I3_O)
                                                      0.152     8.261 r  design_1_i/ArgSort_AXI_1/U0/ARGSORT_IF/MRG_RD/READER/REQ.ARB/TREE.NODE[1].ARB/TREE.NODE[2].ARB/ARB/REQ.REQ_SIZE[9]_i_6_comp/O
                         net (fo=1, routed)           0.732     8.993    design_1_i/ArgSort_AXI_1/U0/ARGSORT_IF/MRG_RD/READER/REQ.ARB/TREE.NODE[0].ARB/ARB/REQ.REQ_SIZE_reg[9]
    SLICE_X23Y147        LUT6 (Prop_A6LUT_SLICEL_I4_O)
                                                      0.058     9.051 r  design_1_i/ArgSort_AXI_1/U0/ARGSORT_IF/MRG_RD/READER/REQ.ARB/TREE.NODE[0].ARB/ARB/REQ.REQ_SIZE[9]_i_1/O
                         net (fo=1, routed)           0.067     9.118    design_1_i/ArgSort_AXI_1/U0/ARGSORT_IF/MRG_RD/READER/REQ.ARB_n_44
    SLICE_X23Y147        FDCE                                         r  design_1_i/ArgSort_AXI_1/U0/ARGSORT_IF/MRG_RD/READER/REQ.REQ_SIZE_reg[9]/D
  -------------------------------------------------------------------    -------------------

                         (clock clk_out1_design_1_clk_wiz_0_0 rise edge)
                                                      4.545     4.545 r  
    BUFG_PS_X0Y73        BUFG_PS                      0.000     4.545 r  design_1_i/zynq_ultra_ps_e_0/U0/buffer_pl_clk_0.PL_CLK_0_BUFG/O
                         net (fo=1, routed)           2.206     6.751    design_1_i/clk_wiz_0/inst/clk_in1
    PLL_X0Y2             PLLE4_ADV (Prop_PLL_CLKIN_CLKOUT0)
                                                      0.615     7.366 r  design_1_i/clk_wiz_0/inst/plle4_adv_inst/CLKOUT0
                         net (fo=1, routed)           0.332     7.698    design_1_i/clk_wiz_0/inst/clk_out1_design_1_clk_wiz_0_0
    BUFGCE_X0Y39         BUFGCE (Prop_BUFCE_BUFGCE_I_O)
                                                      0.039     7.737 r  design_1_i/clk_wiz_0/inst/clkout1_buf/O
    X1Y1 (CLOCK_ROOT)    net (fo=109458, routed)      1.507     9.244    design_1_i/ArgSort_AXI_1/U0/ARGSORT_IF/MRG_RD/READER/ACLK
    SLICE_X23Y147        FDCE                                         r  design_1_i/ArgSort_AXI_1/U0/ARGSORT_IF/MRG_RD/READER/REQ.REQ_SIZE_reg[9]/C
                         clock pessimism             -0.112     9.132    
                         clock uncertainty           -0.064     9.068    
    SLICE_X23Y147        FDCE (Setup_AFF_SLICEL_C_D)
                                                      0.044     9.112    design_1_i/ArgSort_AXI_1/U0/ARGSORT_IF/MRG_RD/READER/REQ.REQ_SIZE_reg[9]
  -------------------------------------------------------------------
                         required time                          9.112    
                         arrival time                          -9.118    
  -------------------------------------------------------------------
                         slack                                 -0.006    




