#
# An unexpected error has occurred (6)
#
Stack:
/lib/x86_64-linux-gnu/libc.so.6(+0x43090) [0x7f1780063090]
/lib/x86_64-linux-gnu/libc.so.6(gsignal+0xcb) [0x7f178006300b]
/lib/x86_64-linux-gnu/libc.so.6(abort+0x12b) [0x7f1780042859]
/lib/x86_64-linux-gnu/libc.so.6(+0x8d26e) [0x7f17800ad26e]
/lib/x86_64-linux-gnu/libc.so.6(+0x952fc) [0x7f17800b52fc]
/lib/x86_64-linux-gnu/libc.so.6(+0x98f9c) [0x7f17800b8f9c]
/lib/x86_64-linux-gnu/libc.so.6(+0x9ad86) [0x7f17800bad86]
/lib/x86_64-linux-gnu/libudev.so.1(+0x7836) [0x7f1743c17836]
/lib/x86_64-linux-gnu/libudev.so.1(+0xf06d) [0x7f1743c1f06d]
/lib/x86_64-linux-gnu/libudev.so.1(+0x134bb) [0x7f1743c234bb]
/lib/x86_64-linux-gnu/libudev.so.1(+0x13c64) [0x7f1743c23c64]
/lib/x86_64-linux-gnu/libudev.so.1(+0x1b0d0) [0x7f1743c2b0d0]
/lib/x86_64-linux-gnu/libudev.so.1(+0x1b4bb) [0x7f1743c2b4bb]
/lib/x86_64-linux-gnu/libudev.so.1(udev_enumerate_scan_devices+0x294) [0x7f1743c2dd84]
/home/ichiro/Xilinx/Vivado/2023.1/lib/lnx64.o/libXil_lmgr11.so(+0x10f927) [0x7f177924f927]
/home/ichiro/Xilinx/Vivado/2023.1/lib/lnx64.o/libXil_lmgr11.so(xilinxd_52bd858d5acf2fc4+0x9) [0x7f177924fd89]
/home/ichiro/Xilinx/Vivado/2023.1/lib/lnx64.o/libXil_lmgr11.so(+0xc6566) [0x7f1779206566]
/home/ichiro/Xilinx/Vivado/2023.1/lib/lnx64.o/libXil_lmgr11.so(xilinxd_52bd853912de43c2+0xc8) [0x7f1779206098]
/home/ichiro/Xilinx/Vivado/2023.1/lib/lnx64.o/libXil_lmgr11.so(+0xb33a2) [0x7f17791f33a2]
/home/ichiro/Xilinx/Vivado/2023.1/lib/lnx64.o/libXil_lmgr11.so(xilinxd_52bd995765656b48+0x2a) [0x7f17791fd5da]
/home/ichiro/Xilinx/Vivado/2023.1/lib/lnx64.o/libXil_lmgr11.so(xilinxd_52bd700d1bd3c616+0x73) [0x7f17791fd6c3]
/home/ichiro/Xilinx/Vivado/2023.1/lib/lnx64.o/librdi_commonxillic.so(XilReg::Utils::GetHostInfo[abi:cxx11](XilReg::Utils::HostInfoType, bool) const+0x1a0) [0x7f177cf9fe10]
/home/ichiro/Xilinx/Vivado/2023.1/lib/lnx64.o/librdi_commonxillic.so(XilReg::Utils::GetHostInfoFormatted[abi:cxx11](XilReg::Utils::HostInfoType, bool) const+0x59) [0x7f177cfa2d29]
/home/ichiro/Xilinx/Vivado/2023.1/lib/lnx64.o/librdi_commonxillic.so(XilReg::Utils::GetHostInfo[abi:cxx11]() const+0x103) [0x7f177cfa2fe3]
/home/ichiro/Xilinx/Vivado/2023.1/lib/lnx64.o/librdi_commonxillic.so(XilReg::Utils::GetRegInfo(std::__cxx11::basic_string<char, std::char_traits<char>, std::allocator<char> > const&, bool, bool)+0x96) [0x7f177cfaa066]
/home/ichiro/Xilinx/Vivado/2023.1/lib/lnx64.o/librdi_commonxillic.so(XilReg::Utils::GetRegInfoWebTalk(std::__cxx11::basic_string<char, std::char_traits<char>, std::allocator<char> > const&)+0x60) [0x7f177cfaa290]
/home/ichiro/Xilinx/Vivado/2023.1/lib/lnx64.o/librdi_project.so(HAPRWebtalkHelper::getRegistrationId[abi:cxx11]() const+0x3d) [0x7f175d5774fd]
/home/ichiro/Xilinx/Vivado/2023.1/lib/lnx64.o/librdi_project.so(HAPRWebtalkHelper::HAPRWebtalkHelper(HAPRProject*, HAPRDesign*, HWEWebtalkMgr*, std::__cxx11::basic_string<char, std::char_traits<char>, std::allocator<char> > const&)+0x178) [0x7f175d579bf8]
/home/ichiro/Xilinx/Vivado/2023.1/lib/lnx64.o/librdi_tcltasks.so(+0x1db7ab5) [0x7f17740a7ab5]
/home/ichiro/Xilinx/Vivado/2023.1/lib/lnx64.o/librdi_tcltasks.so(+0x1dc0454) [0x7f17740b0454]
/home/ichiro/Xilinx/Vivado/2023.1/lib/lnx64.o/librdi_common.so(+0xbcfbcf) [0x7f178123fbcf]
/home/ichiro/Xilinx/Vivado/2023.1/lib/lnx64.o/libtcl8.5.so(+0x3356f) [0x7f177c7d356f]
/home/ichiro/Xilinx/Vivado/2023.1/lib/lnx64.o/libtcl8.5.so(+0x34bf8) [0x7f177c7d4bf8]
/home/ichiro/Xilinx/Vivado/2023.1/lib/lnx64.o/libtcl8.5.so(Tcl_EvalEx+0x13) [0x7f177c7d5163]
/home/ichiro/Xilinx/Vivado/2023.1/lib/lnx64.o/libtcl8.5.so(Tcl_FSEvalFileEx+0x1da) [0x7f177c839d2a]
/home/ichiro/Xilinx/Vivado/2023.1/lib/lnx64.o/librdi_commontasks.so(+0x27cfb0) [0x7f177650cfb0]
/home/ichiro/Xilinx/Vivado/2023.1/lib/lnx64.o/librdi_common.so(+0xbcfbcf) [0x7f178123fbcf]
/home/ichiro/Xilinx/Vivado/2023.1/lib/lnx64.o/libtcl8.5.so(+0x3356f) [0x7f177c7d356f]
/home/ichiro/Xilinx/Vivado/2023.1/lib/lnx64.o/libtcl8.5.so(Tcl_EvalObjv+0x32) [0x7f177c7d36a2]
/home/ichiro/Xilinx/Vivado/2023.1/lib/lnx64.o/libtcl8.5.so(TclEvalObjEx+0x322) [0x7f177c7d54c2]
/home/ichiro/Xilinx/Vivado/2023.1/lib/lnx64.o/librdi_commontasks.so(+0x2c3538) [0x7f1776553538]
/home/ichiro/Xilinx/Vivado/2023.1/lib/lnx64.o/librdi_commontasks.so(+0x2c4b3f) [0x7f1776554b3f]
/home/ichiro/Xilinx/Vivado/2023.1/lib/lnx64.o/librdi_common.so(+0xbcfbcf) [0x7f178123fbcf]
/home/ichiro/Xilinx/Vivado/2023.1/lib/lnx64.o/libtcl8.5.so(+0x3356f) [0x7f177c7d356f]
/home/ichiro/Xilinx/Vivado/2023.1/lib/lnx64.o/libtcl8.5.so(Tcl_EvalObjv+0x32) [0x7f177c7d36a2]
/home/ichiro/Xilinx/Vivado/2023.1/lib/lnx64.o/libtcl8.5.so(TclEvalObjEx+0x322) [0x7f177c7d54c2]
/home/ichiro/Xilinx/Vivado/2023.1/lib/lnx64.o/librdi_commonmain.so(+0xc5b8) [0x7f178065c5b8]
/home/ichiro/Xilinx/Vivado/2023.1/lib/lnx64.o/libtcl8.5.so(Tcl_Main+0x1d0) [0x7f177c8402f0]
/home/ichiro/Xilinx/Vivado/2023.1/lib/lnx64.o/librdi_common.so(+0xbfd38b) [0x7f178126d38b]
/lib/x86_64-linux-gnu/libpthread.so.0(+0x8609) [0x7f1780005609]
/lib/x86_64-linux-gnu/libc.so.6(clone+0x43) [0x7f178013f353]
