---
-
   Version      : 1.6
   Ways         : 32
   Words        : 1
   Feedback     : 1
   WordBits     : 32
   IndexBits    : 32
   Sort Order   : 0
   Sign Compare : 0
   Max Size     : 268435455
   Debug Enable : 1
   size         : 5000
   average_time :    0.219 # [msec]
   throughput   :   22.847 # [mwords/sec]
   Debug_Time(0):    0.068 # [msec]
   Debug_Time(1):    0.042 # [msec]
   Debug_Time(2):    0.026 # [msec]
-
   Version      : 1.6
   Ways         : 32
   Words        : 1
   Feedback     : 1
   WordBits     : 32
   IndexBits    : 32
   Sort Order   : 0
   Sign Compare : 0
   Max Size     : 268435455
   Debug Enable : 1
   size         : 10000
   average_time :    0.289 # [msec]
   throughput   :   34.589 # [mwords/sec]
   Debug_Time(0):    0.134 # [msec]
   Debug_Time(1):    0.083 # [msec]
   Debug_Time(2):    0.051 # [msec]
-
   Version      : 1.6
   Ways         : 32
   Words        : 1
   Feedback     : 1
   WordBits     : 32
   IndexBits    : 32
   Sort Order   : 0
   Sign Compare : 0
   Max Size     : 268435455
   Debug Enable : 1
   size         : 15000
   average_time :    0.352 # [msec]
   throughput   :   42.611 # [mwords/sec]
   Debug_Time(0):    0.199 # [msec]
   Debug_Time(1):    0.124 # [msec]
   Debug_Time(2):    0.076 # [msec]
-
   Version      : 1.6
   Ways         : 32
   Words        : 1
   Feedback     : 1
   WordBits     : 32
   IndexBits    : 32
   Sort Order   : 0
   Sign Compare : 0
   Max Size     : 268435455
   Debug Enable : 1
   size         : 20000
   average_time :    0.423 # [msec]
   throughput   :   47.257 # [mwords/sec]
   Debug_Time(0):    0.265 # [msec]
   Debug_Time(1):    0.164 # [msec]
   Debug_Time(2):    0.101 # [msec]
-
   Version      : 1.6
   Ways         : 32
   Words        : 1
   Feedback     : 1
   WordBits     : 32
   IndexBits    : 32
   Sort Order   : 0
   Sign Compare : 0
   Max Size     : 268435455
   Debug Enable : 1
   size         : 25000
   average_time :    0.492 # [msec]
   throughput   :   50.781 # [mwords/sec]
   Debug_Time(0):    0.332 # [msec]
   Debug_Time(1):    0.206 # [msec]
   Debug_Time(2):    0.126 # [msec]
-
   Version      : 1.6
   Ways         : 32
   Words        : 1
   Feedback     : 1
   WordBits     : 32
   IndexBits    : 32
   Sort Order   : 0
   Sign Compare : 0
   Max Size     : 268435455
   Debug Enable : 1
   size         : 30000
   average_time :    0.554 # [msec]
   throughput   :   54.153 # [mwords/sec]
   Debug_Time(0):    0.398 # [msec]
   Debug_Time(1):    0.247 # [msec]
   Debug_Time(2):    0.151 # [msec]
-
   Version      : 1.6
   Ways         : 32
   Words        : 1
   Feedback     : 1
   WordBits     : 32
   IndexBits    : 32
   Sort Order   : 0
   Sign Compare : 0
   Max Size     : 268435455
   Debug Enable : 1
   size         : 35000
   average_time :    0.762 # [msec]
   throughput   :   45.946 # [mwords/sec]
   Debug_Time(0):    0.603 # [msec]
   Debug_Time(1):    0.287 # [msec]
   Debug_Time(2):    0.173 # [msec]
   Debug_Time(3):    0.142 # [msec]
-
   Version      : 1.6
   Ways         : 32
   Words        : 1
   Feedback     : 1
   WordBits     : 32
   IndexBits    : 32
   Sort Order   : 0
   Sign Compare : 0
   Max Size     : 268435455
   Debug Enable : 1
   size         : 40000
   average_time :    0.857 # [msec]
   throughput   :   46.664 # [mwords/sec]
   Debug_Time(0):    0.684 # [msec]
   Debug_Time(1):    0.328 # [msec]
   Debug_Time(2):    0.194 # [msec]
   Debug_Time(3):    0.162 # [msec]
-
   Version      : 1.6
   Ways         : 32
   Words        : 1
   Feedback     : 1
   WordBits     : 32
   IndexBits    : 32
   Sort Order   : 0
   Sign Compare : 0
   Max Size     : 268435455
   Debug Enable : 1
   size         : 45000
   average_time :    0.921 # [msec]
   throughput   :   48.842 # [mwords/sec]
   Debug_Time(0):    0.761 # [msec]
   Debug_Time(1):    0.362 # [msec]
   Debug_Time(2):    0.217 # [msec]
   Debug_Time(3):    0.183 # [msec]
-
   Version      : 1.6
   Ways         : 32
   Words        : 1
   Feedback     : 1
   WordBits     : 32
   IndexBits    : 32
   Sort Order   : 0
   Sign Compare : 0
   Max Size     : 268435455
   Debug Enable : 1
   size         : 50000
   average_time :    1.011 # [msec]
   throughput   :   49.473 # [mwords/sec]
   Debug_Time(0):    0.855 # [msec]
   Debug_Time(1):    0.403 # [msec]
   Debug_Time(2):    0.250 # [msec]
   Debug_Time(3):    0.203 # [msec]
-
   Version      : 1.6
   Ways         : 32
   Words        : 1
   Feedback     : 1
   WordBits     : 32
   IndexBits    : 32
   Sort Order   : 0
   Sign Compare : 0
   Max Size     : 268435455
   Debug Enable : 1
   size         : 55000
   average_time :    1.096 # [msec]
   throughput   :   50.165 # [mwords/sec]
   Debug_Time(0):    0.943 # [msec]
   Debug_Time(1):    0.443 # [msec]
   Debug_Time(2):    0.277 # [msec]
   Debug_Time(3):    0.222 # [msec]
-
   Version      : 1.6
   Ways         : 32
   Words        : 1
   Feedback     : 1
   WordBits     : 32
   IndexBits    : 32
   Sort Order   : 0
   Sign Compare : 0
   Max Size     : 268435455
   Debug Enable : 1
   size         : 60000
   average_time :    1.198 # [msec]
   throughput   :   50.088 # [mwords/sec]
   Debug_Time(0):    1.027 # [msec]
   Debug_Time(1):    0.484 # [msec]
   Debug_Time(2):    0.301 # [msec]
   Debug_Time(3):    0.242 # [msec]
-
   Version      : 1.6
   Ways         : 32
   Words        : 1
   Feedback     : 1
   WordBits     : 32
   IndexBits    : 32
   Sort Order   : 0
   Sign Compare : 0
   Max Size     : 268435455
   Debug Enable : 1
   size         : 65000
   average_time :    1.288 # [msec]
   throughput   :   50.458 # [mwords/sec]
   Debug_Time(0):    1.112 # [msec]
   Debug_Time(1):    0.526 # [msec]
   Debug_Time(2):    0.324 # [msec]
   Debug_Time(3):    0.262 # [msec]
-
   Version      : 1.6
   Ways         : 32
   Words        : 1
   Feedback     : 1
   WordBits     : 32
   IndexBits    : 32
   Sort Order   : 0
   Sign Compare : 0
   Max Size     : 268435455
   Debug Enable : 1
   size         : 70000
   average_time :    1.374 # [msec]
   throughput   :   50.955 # [mwords/sec]
   Debug_Time(0):    1.194 # [msec]
   Debug_Time(1):    0.566 # [msec]
   Debug_Time(2):    0.345 # [msec]
   Debug_Time(3):    0.283 # [msec]
-
   Version      : 1.6
   Ways         : 32
   Words        : 1
   Feedback     : 1
   WordBits     : 32
   IndexBits    : 32
   Sort Order   : 0
   Sign Compare : 0
   Max Size     : 268435455
   Debug Enable : 1
   size         : 75000
   average_time :    1.449 # [msec]
   throughput   :   51.764 # [mwords/sec]
   Debug_Time(0):    1.281 # [msec]
   Debug_Time(1):    0.607 # [msec]
   Debug_Time(2):    0.371 # [msec]
   Debug_Time(3):    0.303 # [msec]
-
   Version      : 1.6
   Ways         : 32
   Words        : 1
   Feedback     : 1
   WordBits     : 32
   IndexBits    : 32
   Sort Order   : 0
   Sign Compare : 0
   Max Size     : 268435455
   Debug Enable : 1
   size         : 80000
   average_time :    1.529 # [msec]
   throughput   :   52.326 # [mwords/sec]
   Debug_Time(0):    1.365 # [msec]
   Debug_Time(1):    0.648 # [msec]
   Debug_Time(2):    0.394 # [msec]
   Debug_Time(3):    0.324 # [msec]
-
   Version      : 1.6
   Ways         : 32
   Words        : 1
   Feedback     : 1
   WordBits     : 32
   IndexBits    : 32
   Sort Order   : 0
   Sign Compare : 0
   Max Size     : 268435455
   Debug Enable : 1
   size         : 85000
   average_time :    1.628 # [msec]
   throughput   :   52.208 # [mwords/sec]
   Debug_Time(0):    1.450 # [msec]
   Debug_Time(1):    0.681 # [msec]
   Debug_Time(2):    0.424 # [msec]
   Debug_Time(3):    0.344 # [msec]
-
   Version      : 1.6
   Ways         : 32
   Words        : 1
   Feedback     : 1
   WordBits     : 32
   IndexBits    : 32
   Sort Order   : 0
   Sign Compare : 0
   Max Size     : 268435455
   Debug Enable : 1
   size         : 90000
   average_time :    1.720 # [msec]
   throughput   :   52.329 # [mwords/sec]
   Debug_Time(0):    1.539 # [msec]
   Debug_Time(1):    0.722 # [msec]
   Debug_Time(2):    0.453 # [msec]
   Debug_Time(3):    0.364 # [msec]
-
   Version      : 1.6
   Ways         : 32
   Words        : 1
   Feedback     : 1
   WordBits     : 32
   IndexBits    : 32
   Sort Order   : 0
   Sign Compare : 0
   Max Size     : 268435455
   Debug Enable : 1
   size         : 95000
   average_time :    1.799 # [msec]
   throughput   :   52.796 # [mwords/sec]
   Debug_Time(0):    1.614 # [msec]
   Debug_Time(1):    0.763 # [msec]
   Debug_Time(2):    0.467 # [msec]
   Debug_Time(3):    0.384 # [msec]
-
   Version      : 1.6
   Ways         : 32
   Words        : 1
   Feedback     : 1
   WordBits     : 32
   IndexBits    : 32
   Sort Order   : 0
   Sign Compare : 0
   Max Size     : 268435455
   Debug Enable : 1
   size         : 100000
   average_time :    1.877 # [msec]
   throughput   :   53.285 # [mwords/sec]
   Debug_Time(0):    1.702 # [msec]
   Debug_Time(1):    0.804 # [msec]
   Debug_Time(2):    0.494 # [msec]
   Debug_Time(3):    0.405 # [msec]
-
   Version      : 1.6
   Ways         : 32
   Words        : 1
   Feedback     : 1
   WordBits     : 32
   IndexBits    : 32
   Sort Order   : 0
   Sign Compare : 0
   Max Size     : 268435455
   Debug Enable : 1
   size         : 105000
   average_time :    1.956 # [msec]
   throughput   :   53.689 # [mwords/sec]
   Debug_Time(0):    1.784 # [msec]
   Debug_Time(1):    0.844 # [msec]
   Debug_Time(2):    0.515 # [msec]
   Debug_Time(3):    0.425 # [msec]
-
   Version      : 1.6
   Ways         : 32
   Words        : 1
   Feedback     : 1
   WordBits     : 32
   IndexBits    : 32
   Sort Order   : 0
   Sign Compare : 0
   Max Size     : 268435455
   Debug Enable : 1
   size         : 110000
   average_time :    2.038 # [msec]
   throughput   :   53.986 # [mwords/sec]
   Debug_Time(0):    1.858 # [msec]
   Debug_Time(1):    0.886 # [msec]
   Debug_Time(2):    0.527 # [msec]
   Debug_Time(3):    0.444 # [msec]
-
   Version      : 1.6
   Ways         : 32
   Words        : 1
   Feedback     : 1
   WordBits     : 32
   IndexBits    : 32
   Sort Order   : 0
   Sign Compare : 0
   Max Size     : 268435455
   Debug Enable : 1
   size         : 115000
   average_time :    2.137 # [msec]
   throughput   :   53.815 # [mwords/sec]
   Debug_Time(0):    1.963 # [msec]
   Debug_Time(1):    0.927 # [msec]
   Debug_Time(2):    0.571 # [msec]
   Debug_Time(3):    0.465 # [msec]
-
   Version      : 1.6
   Ways         : 32
   Words        : 1
   Feedback     : 1
   WordBits     : 32
   IndexBits    : 32
   Sort Order   : 0
   Sign Compare : 0
   Max Size     : 268435455
   Debug Enable : 1
   size         : 120000
   average_time :    2.243 # [msec]
   throughput   :   53.498 # [mwords/sec]
   Debug_Time(0):    2.050 # [msec]
   Debug_Time(1):    0.968 # [msec]
   Debug_Time(2):    0.597 # [msec]
   Debug_Time(3):    0.485 # [msec]
-
   Version      : 1.6
   Ways         : 32
   Words        : 1
   Feedback     : 1
   WordBits     : 32
   IndexBits    : 32
   Sort Order   : 0
   Sign Compare : 0
   Max Size     : 268435455
   Debug Enable : 1
   size         : 125000
   average_time :    2.307 # [msec]
   throughput   :   54.184 # [mwords/sec]
   Debug_Time(0):    2.134 # [msec]
   Debug_Time(1):    1.008 # [msec]
   Debug_Time(2):    0.620 # [msec]
   Debug_Time(3):    0.506 # [msec]
-
   Version      : 1.6
   Ways         : 32
   Words        : 1
   Feedback     : 1
   WordBits     : 32
   IndexBits    : 32
   Sort Order   : 0
   Sign Compare : 0
   Max Size     : 268435455
   Debug Enable : 1
   size         : 130000
   average_time :    2.403 # [msec]
   throughput   :   54.099 # [mwords/sec]
   Debug_Time(0):    2.209 # [msec]
   Debug_Time(1):    1.042 # [msec]
   Debug_Time(2):    0.641 # [msec]
   Debug_Time(3):    0.526 # [msec]
-
   Version      : 1.6
   Ways         : 32
   Words        : 1
   Feedback     : 1
   WordBits     : 32
   IndexBits    : 32
   Sort Order   : 0
   Sign Compare : 0
   Max Size     : 268435455
   Debug Enable : 1
   size         : 135000
   average_time :    2.472 # [msec]
   throughput   :   54.609 # [mwords/sec]
   Debug_Time(0):    2.292 # [msec]
   Debug_Time(1):    1.082 # [msec]
   Debug_Time(2):    0.663 # [msec]
   Debug_Time(3):    0.547 # [msec]
-
   Version      : 1.6
   Ways         : 32
   Words        : 1
   Feedback     : 1
   WordBits     : 32
   IndexBits    : 32
   Sort Order   : 0
   Sign Compare : 0
   Max Size     : 268435455
   Debug Enable : 1
   size         : 140000
   average_time :    2.548 # [msec]
   throughput   :   54.946 # [mwords/sec]
   Debug_Time(0):    2.364 # [msec]
   Debug_Time(1):    1.124 # [msec]
   Debug_Time(2):    0.674 # [msec]
   Debug_Time(3):    0.566 # [msec]
-
   Version      : 1.6
   Ways         : 32
   Words        : 1
   Feedback     : 1
   WordBits     : 32
   IndexBits    : 32
   Sort Order   : 0
   Sign Compare : 0
   Max Size     : 268435455
   Debug Enable : 1
   size         : 145000
   average_time :    2.668 # [msec]
   throughput   :   54.347 # [mwords/sec]
   Debug_Time(0):    2.464 # [msec]
   Debug_Time(1):    1.166 # [msec]
   Debug_Time(2):    0.711 # [msec]
   Debug_Time(3):    0.586 # [msec]
-
   Version      : 1.6
   Ways         : 32
   Words        : 1
   Feedback     : 1
   WordBits     : 32
   IndexBits    : 32
   Sort Order   : 0
   Sign Compare : 0
   Max Size     : 268435455
   Debug Enable : 1
   size         : 150000
   average_time :    2.737 # [msec]
   throughput   :   54.805 # [mwords/sec]
   Debug_Time(0):    2.553 # [msec]
   Debug_Time(1):    1.207 # [msec]
   Debug_Time(2):    0.740 # [msec]
   Debug_Time(3):    0.606 # [msec]
-
   Version      : 1.6
   Ways         : 32
   Words        : 1
   Feedback     : 1
   WordBits     : 32
   IndexBits    : 32
   Sort Order   : 0
   Sign Compare : 0
   Max Size     : 268435455
   Debug Enable : 1
   size         : 155000
   average_time :    2.836 # [msec]
   throughput   :   54.658 # [mwords/sec]
   Debug_Time(0):    2.647 # [msec]
   Debug_Time(1):    1.250 # [msec]
   Debug_Time(2):    0.770 # [msec]
   Debug_Time(3):    0.626 # [msec]
-
   Version      : 1.6
   Ways         : 32
   Words        : 1
   Feedback     : 1
   WordBits     : 32
   IndexBits    : 32
   Sort Order   : 0
   Sign Compare : 0
   Max Size     : 268435455
   Debug Enable : 1
   size         : 160000
   average_time :    2.915 # [msec]
   throughput   :   54.894 # [mwords/sec]
   Debug_Time(0):    2.726 # [msec]
   Debug_Time(1):    1.289 # [msec]
   Debug_Time(2):    0.791 # [msec]
   Debug_Time(3):    0.647 # [msec]
-
   Version      : 1.6
   Ways         : 32
   Words        : 1
   Feedback     : 1
   WordBits     : 32
   IndexBits    : 32
   Sort Order   : 0
   Sign Compare : 0
   Max Size     : 268435455
   Debug Enable : 1
   size         : 165000
   average_time :    2.996 # [msec]
   throughput   :   55.082 # [mwords/sec]
   Debug_Time(0):    2.807 # [msec]
   Debug_Time(1):    1.330 # [msec]
   Debug_Time(2):    0.810 # [msec]
   Debug_Time(3):    0.668 # [msec]
-
   Version      : 1.6
   Ways         : 32
   Words        : 1
   Feedback     : 1
   WordBits     : 32
   IndexBits    : 32
   Sort Order   : 0
   Sign Compare : 0
   Max Size     : 268435455
   Debug Enable : 1
   size         : 170000
   average_time :    3.208 # [msec]
   throughput   :   52.994 # [mwords/sec]
   Debug_Time(0):    2.965 # [msec]
   Debug_Time(1):    1.449 # [msec]
   Debug_Time(2):    0.828 # [msec]
   Debug_Time(3):    0.688 # [msec]
-
   Version      : 1.6
   Ways         : 32
   Words        : 1
   Feedback     : 1
   WordBits     : 32
   IndexBits    : 32
   Sort Order   : 0
   Sign Compare : 0
   Max Size     : 268435455
   Debug Enable : 1
   size         : 175000
   average_time :    3.168 # [msec]
   throughput   :   55.243 # [mwords/sec]
   Debug_Time(0):    2.968 # [msec]
   Debug_Time(1):    1.407 # [msec]
   Debug_Time(2):    0.854 # [msec]
   Debug_Time(3):    0.708 # [msec]
-
   Version      : 1.6
   Ways         : 32
   Words        : 1
   Feedback     : 1
   WordBits     : 32
   IndexBits    : 32
   Sort Order   : 0
   Sign Compare : 0
   Max Size     : 268435455
   Debug Enable : 1
   size         : 180000
   average_time :    3.260 # [msec]
   throughput   :   55.218 # [mwords/sec]
   Debug_Time(0):    3.063 # [msec]
   Debug_Time(1):    1.451 # [msec]
   Debug_Time(2):    0.885 # [msec]
   Debug_Time(3):    0.728 # [msec]
-
   Version      : 1.6
   Ways         : 32
   Words        : 1
   Feedback     : 1
   WordBits     : 32
   IndexBits    : 32
   Sort Order   : 0
   Sign Compare : 0
   Max Size     : 268435455
   Debug Enable : 1
   size         : 185000
   average_time :    3.344 # [msec]
   throughput   :   55.331 # [mwords/sec]
   Debug_Time(0):    3.147 # [msec]
   Debug_Time(1):    1.490 # [msec]
   Debug_Time(2):    0.910 # [msec]
   Debug_Time(3):    0.747 # [msec]
-
   Version      : 1.6
   Ways         : 32
   Words        : 1
   Feedback     : 1
   WordBits     : 32
   IndexBits    : 32
   Sort Order   : 0
   Sign Compare : 0
   Max Size     : 268435455
   Debug Enable : 1
   size         : 190000
   average_time :    3.431 # [msec]
   throughput   :   55.380 # [mwords/sec]
   Debug_Time(0):    3.235 # [msec]
   Debug_Time(1):    1.530 # [msec]
   Debug_Time(2):    0.938 # [msec]
   Debug_Time(3):    0.767 # [msec]
-
   Version      : 1.6
   Ways         : 32
   Words        : 1
   Feedback     : 1
   WordBits     : 32
   IndexBits    : 32
   Sort Order   : 0
   Sign Compare : 0
   Max Size     : 268435455
   Debug Enable : 1
   size         : 195000
   average_time :    3.515 # [msec]
   throughput   :   55.479 # [mwords/sec]
   Debug_Time(0):    3.319 # [msec]
   Debug_Time(1):    1.578 # [msec]
   Debug_Time(2):    0.953 # [msec]
   Debug_Time(3):    0.787 # [msec]
-
   Version      : 1.6
   Ways         : 32
   Words        : 1
   Feedback     : 1
   WordBits     : 32
   IndexBits    : 32
   Sort Order   : 0
   Sign Compare : 0
   Max Size     : 268435455
   Debug Enable : 1
   size         : 200000
   average_time :    3.621 # [msec]
   throughput   :   55.238 # [mwords/sec]
   Debug_Time(0):    3.419 # [msec]
   Debug_Time(1):    1.640 # [msec]
   Debug_Time(2):    0.970 # [msec]
   Debug_Time(3):    0.809 # [msec]
-
   Version      : 1.6
   Ways         : 32
   Words        : 1
   Feedback     : 1
   WordBits     : 32
   IndexBits    : 32
   Sort Order   : 0
   Sign Compare : 0
   Max Size     : 268435455
   Debug Enable : 1
   size         : 205000
   average_time :    3.717 # [msec]
   throughput   :   55.155 # [mwords/sec]
   Debug_Time(0):    3.534 # [msec]
   Debug_Time(1):    1.709 # [msec]
   Debug_Time(2):    0.996 # [msec]
   Debug_Time(3):    0.829 # [msec]
-
   Version      : 1.6
   Ways         : 32
   Words        : 1
   Feedback     : 1
   WordBits     : 32
   IndexBits    : 32
   Sort Order   : 0
   Sign Compare : 0
   Max Size     : 268435455
   Debug Enable : 1
   size         : 210000
   average_time :    3.935 # [msec]
   throughput   :   53.366 # [mwords/sec]
   Debug_Time(0):    3.674 # [msec]
   Debug_Time(1):    1.802 # [msec]
   Debug_Time(2):    1.023 # [msec]
   Debug_Time(3):    0.849 # [msec]
-
   Version      : 1.6
   Ways         : 32
   Words        : 1
   Feedback     : 1
   WordBits     : 32
   IndexBits    : 32
   Sort Order   : 0
   Sign Compare : 0
   Max Size     : 268435455
   Debug Enable : 1
   size         : 215000
   average_time :    3.967 # [msec]
   throughput   :   54.195 # [mwords/sec]
   Debug_Time(0):    3.730 # [msec]
   Debug_Time(1):    1.794 # [msec]
   Debug_Time(2):    1.066 # [msec]
   Debug_Time(3):    0.869 # [msec]
-
   Version      : 1.6
   Ways         : 32
   Words        : 1
   Feedback     : 1
   WordBits     : 32
   IndexBits    : 32
   Sort Order   : 0
   Sign Compare : 0
   Max Size     : 268435455
   Debug Enable : 1
   size         : 220000
   average_time :    4.044 # [msec]
   throughput   :   54.404 # [mwords/sec]
   Debug_Time(0):    3.836 # [msec]
   Debug_Time(1):    1.857 # [msec]
   Debug_Time(2):    1.090 # [msec]
   Debug_Time(3):    0.889 # [msec]
-
   Version      : 1.6
   Ways         : 32
   Words        : 1
   Feedback     : 1
   WordBits     : 32
   IndexBits    : 32
   Sort Order   : 0
   Sign Compare : 0
   Max Size     : 268435455
   Debug Enable : 1
   size         : 225000
   average_time :    4.101 # [msec]
   throughput   :   54.861 # [mwords/sec]
   Debug_Time(0):    3.848 # [msec]
   Debug_Time(1):    1.828 # [msec]
   Debug_Time(2):    1.111 # [msec]
   Debug_Time(3):    0.908 # [msec]
-
   Version      : 1.6
   Ways         : 32
   Words        : 1
   Feedback     : 1
   WordBits     : 32
   IndexBits    : 32
   Sort Order   : 0
   Sign Compare : 0
   Max Size     : 268435455
   Debug Enable : 1
   size         : 230000
   average_time :    4.212 # [msec]
   throughput   :   54.607 # [mwords/sec]
   Debug_Time(0):    4.019 # [msec]
   Debug_Time(1):    1.966 # [msec]
   Debug_Time(2):    1.123 # [msec]
   Debug_Time(3):    0.929 # [msec]
-
   Version      : 1.6
   Ways         : 32
   Words        : 1
   Feedback     : 1
   WordBits     : 32
   IndexBits    : 32
   Sort Order   : 0
   Sign Compare : 0
   Max Size     : 268435455
   Debug Enable : 1
   size         : 235000
   average_time :    4.313 # [msec]
   throughput   :   54.491 # [mwords/sec]
   Debug_Time(0):    4.113 # [msec]
   Debug_Time(1):    2.018 # [msec]
   Debug_Time(2):    1.146 # [msec]
   Debug_Time(3):    0.950 # [msec]
-
   Version      : 1.6
   Ways         : 32
   Words        : 1
   Feedback     : 1
   WordBits     : 32
   IndexBits    : 32
   Sort Order   : 0
   Sign Compare : 0
   Max Size     : 268435455
   Debug Enable : 1
   size         : 240000
   average_time :    4.387 # [msec]
   throughput   :   54.709 # [mwords/sec]
   Debug_Time(0):    4.213 # [msec]
   Debug_Time(1):    2.062 # [msec]
   Debug_Time(2):    1.181 # [msec]
   Debug_Time(3):    0.970 # [msec]
-
   Version      : 1.6
   Ways         : 32
   Words        : 1
   Feedback     : 1
   WordBits     : 32
   IndexBits    : 32
   Sort Order   : 0
   Sign Compare : 0
   Max Size     : 268435455
   Debug Enable : 1
   size         : 245000
   average_time :    4.530 # [msec]
   throughput   :   54.083 # [mwords/sec]
   Debug_Time(0):    4.398 # [msec]
   Debug_Time(1):    2.206 # [msec]
   Debug_Time(2):    1.202 # [msec]
   Debug_Time(3):    0.990 # [msec]
-
   Version      : 1.6
   Ways         : 32
   Words        : 1
   Feedback     : 1
   WordBits     : 32
   IndexBits    : 32
   Sort Order   : 0
   Sign Compare : 0
   Max Size     : 268435455
   Debug Enable : 1
   size         : 250000
   average_time :    4.603 # [msec]
   throughput   :   54.317 # [mwords/sec]
   Debug_Time(0):    4.404 # [msec]
   Debug_Time(1):    2.173 # [msec]
   Debug_Time(2):    1.221 # [msec]
   Debug_Time(3):    1.010 # [msec]
-
   Version      : 1.6
   Ways         : 32
   Words        : 1
   Feedback     : 1
   WordBits     : 32
   IndexBits    : 32
   Sort Order   : 0
   Sign Compare : 0
   Max Size     : 268435455
   Debug Enable : 1
   size         : 255000
   average_time :    4.670 # [msec]
   throughput   :   54.599 # [mwords/sec]
   Debug_Time(0):    4.505 # [msec]
   Debug_Time(1):    2.227 # [msec]
   Debug_Time(2):    1.248 # [msec]
   Debug_Time(3):    1.031 # [msec]
-
   Version      : 1.6
   Ways         : 32
   Words        : 1
   Feedback     : 1
   WordBits     : 32
   IndexBits    : 32
   Sort Order   : 0
   Sign Compare : 0
   Max Size     : 268435455
   Debug Enable : 1
   size         : 260000
   average_time :    4.775 # [msec]
   throughput   :   54.450 # [mwords/sec]
   Debug_Time(0):    4.623 # [msec]
   Debug_Time(1):    2.292 # [msec]
   Debug_Time(2):    1.281 # [msec]
   Debug_Time(3):    1.050 # [msec]
-
   Version      : 1.6
   Ways         : 32
   Words        : 1
   Feedback     : 1
   WordBits     : 32
   IndexBits    : 32
   Sort Order   : 0
   Sign Compare : 0
   Max Size     : 268435455
   Debug Enable : 1
   size         : 265000
   average_time :    4.862 # [msec]
   throughput   :   54.509 # [mwords/sec]
   Debug_Time(0):    4.656 # [msec]
   Debug_Time(1):    2.281 # [msec]
   Debug_Time(2):    1.304 # [msec]
   Debug_Time(3):    1.071 # [msec]
-
   Version      : 1.6
   Ways         : 32
   Words        : 1
   Feedback     : 1
   WordBits     : 32
   IndexBits    : 32
   Sort Order   : 0
   Sign Compare : 0
   Max Size     : 268435455
   Debug Enable : 1
   size         : 270000
   average_time :    4.958 # [msec]
   throughput   :   54.462 # [mwords/sec]
   Debug_Time(0):    4.699 # [msec]
   Debug_Time(1):    2.289 # [msec]
   Debug_Time(2):    1.320 # [msec]
   Debug_Time(3):    1.091 # [msec]
-
   Version      : 1.6
   Ways         : 32
   Words        : 1
   Feedback     : 1
   WordBits     : 32
   IndexBits    : 32
   Sort Order   : 0
   Sign Compare : 0
   Max Size     : 268435455
   Debug Enable : 1
   size         : 275000
   average_time :    5.065 # [msec]
   throughput   :   54.295 # [mwords/sec]
   Debug_Time(0):    4.770 # [msec]
   Debug_Time(1):    2.313 # [msec]
   Debug_Time(2):    1.345 # [msec]
   Debug_Time(3):    1.111 # [msec]
-
   Version      : 1.6
   Ways         : 32
   Words        : 1
   Feedback     : 1
   WordBits     : 32
   IndexBits    : 32
   Sort Order   : 0
   Sign Compare : 0
   Max Size     : 268435455
   Debug Enable : 1
   size         : 280000
   average_time :    5.161 # [msec]
   throughput   :   54.252 # [mwords/sec]
   Debug_Time(0):    4.856 # [msec]
   Debug_Time(1):    2.360 # [msec]
   Debug_Time(2):    1.365 # [msec]
   Debug_Time(3):    1.131 # [msec]
-
   Version      : 1.6
   Ways         : 32
   Words        : 1
   Feedback     : 1
   WordBits     : 32
   IndexBits    : 32
   Sort Order   : 0
   Sign Compare : 0
   Max Size     : 268435455
   Debug Enable : 1
   size         : 285000
   average_time :    5.249 # [msec]
   throughput   :   54.292 # [mwords/sec]
   Debug_Time(0):    4.978 # [msec]
   Debug_Time(1):    2.424 # [msec]
   Debug_Time(2):    1.403 # [msec]
   Debug_Time(3):    1.151 # [msec]
-
   Version      : 1.6
   Ways         : 32
   Words        : 1
   Feedback     : 1
   WordBits     : 32
   IndexBits    : 32
   Sort Order   : 0
   Sign Compare : 0
   Max Size     : 268435455
   Debug Enable : 1
   size         : 290000
   average_time :    5.346 # [msec]
   throughput   :   54.246 # [mwords/sec]
   Debug_Time(0):    5.060 # [msec]
   Debug_Time(1):    2.474 # [msec]
   Debug_Time(2):    1.415 # [msec]
   Debug_Time(3):    1.171 # [msec]
-
   Version      : 1.6
   Ways         : 32
   Words        : 1
   Feedback     : 1
   WordBits     : 32
   IndexBits    : 32
   Sort Order   : 0
   Sign Compare : 0
   Max Size     : 268435455
   Debug Enable : 1
   size         : 295000
   average_time :    5.426 # [msec]
   throughput   :   54.366 # [mwords/sec]
   Debug_Time(0):    5.155 # [msec]
   Debug_Time(1):    2.512 # [msec]
   Debug_Time(2):    1.451 # [msec]
   Debug_Time(3):    1.192 # [msec]
-
   Version      : 1.6
   Ways         : 32
   Words        : 1
   Feedback     : 1
   WordBits     : 32
   IndexBits    : 32
   Sort Order   : 0
   Sign Compare : 0
   Max Size     : 268435455
   Debug Enable : 1
   size         : 300000
   average_time :    5.510 # [msec]
   throughput   :   54.442 # [mwords/sec]
   Debug_Time(0):    5.226 # [msec]
   Debug_Time(1):    2.541 # [msec]
   Debug_Time(2):    1.473 # [msec]
   Debug_Time(3):    1.212 # [msec]
-
   Version      : 1.6
   Ways         : 32
   Words        : 1
   Feedback     : 1
   WordBits     : 32
   IndexBits    : 32
   Sort Order   : 0
   Sign Compare : 0
   Max Size     : 268435455
   Debug Enable : 1
   size         : 305000
   average_time :    5.596 # [msec]
   throughput   :   54.502 # [mwords/sec]
   Debug_Time(0):    5.344 # [msec]
   Debug_Time(1):    2.623 # [msec]
   Debug_Time(2):    1.488 # [msec]
   Debug_Time(3):    1.232 # [msec]
-
   Version      : 1.6
   Ways         : 32
   Words        : 1
   Feedback     : 1
   WordBits     : 32
   IndexBits    : 32
   Sort Order   : 0
   Sign Compare : 0
   Max Size     : 268435455
   Debug Enable : 1
   size         : 310000
   average_time :    5.679 # [msec]
   throughput   :   54.590 # [mwords/sec]
   Debug_Time(0):    5.446 # [msec]
   Debug_Time(1):    2.670 # [msec]
   Debug_Time(2):    1.525 # [msec]
   Debug_Time(3):    1.252 # [msec]
-
   Version      : 1.6
   Ways         : 32
   Words        : 1
   Feedback     : 1
   WordBits     : 32
   IndexBits    : 32
   Sort Order   : 0
   Sign Compare : 0
   Max Size     : 268435455
   Debug Enable : 1
   size         : 315000
   average_time :    5.784 # [msec]
   throughput   :   54.461 # [mwords/sec]
   Debug_Time(0):    5.523 # [msec]
   Debug_Time(1):    2.697 # [msec]
   Debug_Time(2):    1.555 # [msec]
   Debug_Time(3):    1.272 # [msec]
-
   Version      : 1.6
   Ways         : 32
   Words        : 1
   Feedback     : 1
   WordBits     : 32
   IndexBits    : 32
   Sort Order   : 0
   Sign Compare : 0
   Max Size     : 268435455
   Debug Enable : 1
   size         : 320000
   average_time :    5.866 # [msec]
   throughput   :   54.555 # [mwords/sec]
   Debug_Time(0):    5.599 # [msec]
   Debug_Time(1):    2.732 # [msec]
   Debug_Time(2):    1.575 # [msec]
   Debug_Time(3):    1.292 # [msec]
-
   Version      : 1.6
   Ways         : 32
   Words        : 1
   Feedback     : 1
   WordBits     : 32
   IndexBits    : 32
   Sort Order   : 0
   Sign Compare : 0
   Max Size     : 268435455
   Debug Enable : 1
   size         : 325000
   average_time :    5.947 # [msec]
   throughput   :   54.646 # [mwords/sec]
   Debug_Time(0):    5.674 # [msec]
   Debug_Time(1):    2.769 # [msec]
   Debug_Time(2):    1.593 # [msec]
   Debug_Time(3):    1.312 # [msec]
-
   Version      : 1.6
   Ways         : 32
   Words        : 1
   Feedback     : 1
   WordBits     : 32
   IndexBits    : 32
   Sort Order   : 0
   Sign Compare : 0
   Max Size     : 268435455
   Debug Enable : 1
   size         : 330000
   average_time :    6.041 # [msec]
   throughput   :   54.627 # [mwords/sec]
   Debug_Time(0):    5.775 # [msec]
   Debug_Time(1):    2.821 # [msec]
   Debug_Time(2):    1.620 # [msec]
   Debug_Time(3):    1.333 # [msec]
-
   Version      : 1.6
   Ways         : 32
   Words        : 1
   Feedback     : 1
   WordBits     : 32
   IndexBits    : 32
   Sort Order   : 0
   Sign Compare : 0
   Max Size     : 268435455
   Debug Enable : 1
   size         : 335000
   average_time :    6.132 # [msec]
   throughput   :   54.636 # [mwords/sec]
   Debug_Time(0):    5.842 # [msec]
   Debug_Time(1):    2.849 # [msec]
   Debug_Time(2):    1.640 # [msec]
   Debug_Time(3):    1.354 # [msec]
-
   Version      : 1.6
   Ways         : 32
   Words        : 1
   Feedback     : 1
   WordBits     : 32
   IndexBits    : 32
   Sort Order   : 0
   Sign Compare : 0
   Max Size     : 268435455
   Debug Enable : 1
   size         : 340000
   average_time :    6.199 # [msec]
   throughput   :   54.847 # [mwords/sec]
   Debug_Time(0):    5.938 # [msec]
   Debug_Time(1):    2.909 # [msec]
   Debug_Time(2):    1.656 # [msec]
   Debug_Time(3):    1.373 # [msec]
-
   Version      : 1.6
   Ways         : 32
   Words        : 1
   Feedback     : 1
   WordBits     : 32
   IndexBits    : 32
   Sort Order   : 0
   Sign Compare : 0
   Max Size     : 268435455
   Debug Enable : 1
   size         : 345000
   average_time :    6.303 # [msec]
   throughput   :   54.738 # [mwords/sec]
   Debug_Time(0):    6.009 # [msec]
   Debug_Time(1):    2.919 # [msec]
   Debug_Time(2):    1.697 # [msec]
   Debug_Time(3):    1.394 # [msec]
-
   Version      : 1.6
   Ways         : 32
   Words        : 1
   Feedback     : 1
   WordBits     : 32
   IndexBits    : 32
   Sort Order   : 0
   Sign Compare : 0
   Max Size     : 268435455
   Debug Enable : 1
   size         : 350000
   average_time :    6.390 # [msec]
   throughput   :   54.771 # [mwords/sec]
   Debug_Time(0):    6.181 # [msec]
   Debug_Time(1):    3.040 # [msec]
   Debug_Time(2):    1.728 # [msec]
   Debug_Time(3):    1.413 # [msec]
-
   Version      : 1.6
   Ways         : 32
   Words        : 1
   Feedback     : 1
   WordBits     : 32
   IndexBits    : 32
   Sort Order   : 0
   Sign Compare : 0
   Max Size     : 268435455
   Debug Enable : 1
   size         : 355000
   average_time :    6.483 # [msec]
   throughput   :   54.763 # [mwords/sec]
   Debug_Time(0):    6.175 # [msec]
   Debug_Time(1):    2.998 # [msec]
   Debug_Time(2):    1.744 # [msec]
   Debug_Time(3):    1.433 # [msec]
-
   Version      : 1.6
   Ways         : 32
   Words        : 1
   Feedback     : 1
   WordBits     : 32
   IndexBits    : 32
   Sort Order   : 0
   Sign Compare : 0
   Max Size     : 268435455
   Debug Enable : 1
   size         : 360000
   average_time :    6.585 # [msec]
   throughput   :   54.673 # [mwords/sec]
   Debug_Time(0):    6.308 # [msec]
   Debug_Time(1):    3.078 # [msec]
   Debug_Time(2):    1.777 # [msec]
   Debug_Time(3):    1.453 # [msec]
-
   Version      : 1.6
   Ways         : 32
   Words        : 1
   Feedback     : 1
   WordBits     : 32
   IndexBits    : 32
   Sort Order   : 0
   Sign Compare : 0
   Max Size     : 268435455
   Debug Enable : 1
   size         : 365000
   average_time :    6.624 # [msec]
   throughput   :   55.103 # [mwords/sec]
   Debug_Time(0):    6.317 # [msec]
   Debug_Time(1):    3.076 # [msec]
   Debug_Time(2):    1.768 # [msec]
   Debug_Time(3):    1.474 # [msec]
-
   Version      : 1.6
   Ways         : 32
   Words        : 1
   Feedback     : 1
   WordBits     : 32
   IndexBits    : 32
   Sort Order   : 0
   Sign Compare : 0
   Max Size     : 268435455
   Debug Enable : 1
   size         : 370000
   average_time :    6.725 # [msec]
   throughput   :   55.016 # [mwords/sec]
   Debug_Time(0):    6.448 # [msec]
   Debug_Time(1):    3.136 # [msec]
   Debug_Time(2):    1.818 # [msec]
   Debug_Time(3):    1.494 # [msec]
-
   Version      : 1.6
   Ways         : 32
   Words        : 1
   Feedback     : 1
   WordBits     : 32
   IndexBits    : 32
   Sort Order   : 0
   Sign Compare : 0
   Max Size     : 268435455
   Debug Enable : 1
   size         : 375000
   average_time :    6.812 # [msec]
   throughput   :   55.050 # [mwords/sec]
   Debug_Time(0):    6.477 # [msec]
   Debug_Time(1):    3.138 # [msec]
   Debug_Time(2):    1.825 # [msec]
   Debug_Time(3):    1.514 # [msec]
-
   Version      : 1.6
   Ways         : 32
   Words        : 1
   Feedback     : 1
   WordBits     : 32
   IndexBits    : 32
   Sort Order   : 0
   Sign Compare : 0
   Max Size     : 268435455
   Debug Enable : 1
   size         : 380000
   average_time :    6.914 # [msec]
   throughput   :   54.964 # [mwords/sec]
   Debug_Time(0):    6.616 # [msec]
   Debug_Time(1):    3.215 # [msec]
   Debug_Time(2):    1.866 # [msec]
   Debug_Time(3):    1.534 # [msec]
-
   Version      : 1.6
   Ways         : 32
   Words        : 1
   Feedback     : 1
   WordBits     : 32
   IndexBits    : 32
   Sort Order   : 0
   Sign Compare : 0
   Max Size     : 268435455
   Debug Enable : 1
   size         : 385000
   average_time :    6.998 # [msec]
   throughput   :   55.012 # [mwords/sec]
   Debug_Time(0):    6.662 # [msec]
   Debug_Time(1):    3.208 # [msec]
   Debug_Time(2):    1.899 # [msec]
   Debug_Time(3):    1.555 # [msec]
-
   Version      : 1.6
   Ways         : 32
   Words        : 1
   Feedback     : 1
   WordBits     : 32
   IndexBits    : 32
   Sort Order   : 0
   Sign Compare : 0
   Max Size     : 268435455
   Debug Enable : 1
   size         : 390000
   average_time :    7.080 # [msec]
   throughput   :   55.088 # [mwords/sec]
   Debug_Time(0):    6.828 # [msec]
   Debug_Time(1):    3.338 # [msec]
   Debug_Time(2):    1.915 # [msec]
   Debug_Time(3):    1.574 # [msec]
-
   Version      : 1.6
   Ways         : 32
   Words        : 1
   Feedback     : 1
   WordBits     : 32
   IndexBits    : 32
   Sort Order   : 0
   Sign Compare : 0
   Max Size     : 268435455
   Debug Enable : 1
   size         : 395000
   average_time :    7.137 # [msec]
   throughput   :   55.345 # [mwords/sec]
   Debug_Time(0):    6.796 # [msec]
   Debug_Time(1):    3.268 # [msec]
   Debug_Time(2):    1.933 # [msec]
   Debug_Time(3):    1.595 # [msec]
-
   Version      : 1.6
   Ways         : 32
   Words        : 1
   Feedback     : 1
   WordBits     : 32
   IndexBits    : 32
   Sort Order   : 0
   Sign Compare : 0
   Max Size     : 268435455
   Debug Enable : 1
   size         : 400000
   average_time :    7.244 # [msec]
   throughput   :   55.216 # [mwords/sec]
   Debug_Time(0):    6.991 # [msec]
   Debug_Time(1):    3.420 # [msec]
   Debug_Time(2):    1.956 # [msec]
   Debug_Time(3):    1.614 # [msec]
-
   Version      : 1.6
   Ways         : 32
   Words        : 1
   Feedback     : 1
   WordBits     : 32
   IndexBits    : 32
   Sort Order   : 0
   Sign Compare : 0
   Max Size     : 268435455
   Debug Enable : 1
   size         : 405000
   average_time :    7.340 # [msec]
   throughput   :   55.180 # [mwords/sec]
   Debug_Time(0):    7.095 # [msec]
   Debug_Time(1):    3.470 # [msec]
   Debug_Time(2):    1.990 # [msec]
   Debug_Time(3):    1.635 # [msec]
-
   Version      : 1.6
   Ways         : 32
   Words        : 1
   Feedback     : 1
   WordBits     : 32
   IndexBits    : 32
   Sort Order   : 0
   Sign Compare : 0
   Max Size     : 268435455
   Debug Enable : 1
   size         : 410000
   average_time :    7.421 # [msec]
   throughput   :   55.248 # [mwords/sec]
   Debug_Time(0):    7.100 # [msec]
   Debug_Time(1):    3.423 # [msec]
   Debug_Time(2):    2.022 # [msec]
   Debug_Time(3):    1.655 # [msec]
-
   Version      : 1.6
   Ways         : 32
   Words        : 1
   Feedback     : 1
   WordBits     : 32
   IndexBits    : 32
   Sort Order   : 0
   Sign Compare : 0
   Max Size     : 268435455
   Debug Enable : 1
   size         : 415000
   average_time :    7.488 # [msec]
   throughput   :   55.423 # [mwords/sec]
   Debug_Time(0):    7.180 # [msec]
   Debug_Time(1):    3.468 # [msec]
   Debug_Time(2):    2.036 # [msec]
   Debug_Time(3):    1.675 # [msec]
-
   Version      : 1.6
   Ways         : 32
   Words        : 1
   Feedback     : 1
   WordBits     : 32
   IndexBits    : 32
   Sort Order   : 0
   Sign Compare : 0
   Max Size     : 268435455
   Debug Enable : 1
   size         : 420000
   average_time :    7.599 # [msec]
   throughput   :   55.274 # [mwords/sec]
   Debug_Time(0):    7.253 # [msec]
   Debug_Time(1):    3.487 # [msec]
   Debug_Time(2):    2.071 # [msec]
   Debug_Time(3):    1.695 # [msec]
-
   Version      : 1.6
   Ways         : 32
   Words        : 1
   Feedback     : 1
   WordBits     : 32
   IndexBits    : 32
   Sort Order   : 0
   Sign Compare : 0
   Max Size     : 268435455
   Debug Enable : 1
   size         : 425000
   average_time :    7.668 # [msec]
   throughput   :   55.422 # [mwords/sec]
   Debug_Time(0):    7.313 # [msec]
   Debug_Time(1):    3.509 # [msec]
   Debug_Time(2):    2.088 # [msec]
   Debug_Time(3):    1.716 # [msec]
-
   Version      : 1.6
   Ways         : 32
   Words        : 1
   Feedback     : 1
   WordBits     : 32
   IndexBits    : 32
   Sort Order   : 0
   Sign Compare : 0
   Max Size     : 268435455
   Debug Enable : 1
   size         : 430000
   average_time :    7.739 # [msec]
   throughput   :   55.566 # [mwords/sec]
   Debug_Time(0):    7.365 # [msec]
   Debug_Time(1):    3.544 # [msec]
   Debug_Time(2):    2.084 # [msec]
   Debug_Time(3):    1.737 # [msec]
-
   Version      : 1.6
   Ways         : 32
   Words        : 1
   Feedback     : 1
   WordBits     : 32
   IndexBits    : 32
   Sort Order   : 0
   Sign Compare : 0
   Max Size     : 268435455
   Debug Enable : 1
   size         : 435000
   average_time :    7.856 # [msec]
   throughput   :   55.368 # [mwords/sec]
   Debug_Time(0):    7.531 # [msec]
   Debug_Time(1):    3.634 # [msec]
   Debug_Time(2):    2.141 # [msec]
   Debug_Time(3):    1.756 # [msec]
-
   Version      : 1.6
   Ways         : 32
   Words        : 1
   Feedback     : 1
   WordBits     : 32
   IndexBits    : 32
   Sort Order   : 0
   Sign Compare : 0
   Max Size     : 268435455
   Debug Enable : 1
   size         : 440000
   average_time :    7.904 # [msec]
   throughput   :   55.665 # [mwords/sec]
   Debug_Time(0):    7.593 # [msec]
   Debug_Time(1):    3.672 # [msec]
   Debug_Time(2):    2.146 # [msec]
   Debug_Time(3):    1.776 # [msec]
-
   Version      : 1.6
   Ways         : 32
   Words        : 1
   Feedback     : 1
   WordBits     : 32
   IndexBits    : 32
   Sort Order   : 0
   Sign Compare : 0
   Max Size     : 268435455
   Debug Enable : 1
   size         : 445000
   average_time :    8.013 # [msec]
   throughput   :   55.537 # [mwords/sec]
   Debug_Time(0):    7.767 # [msec]
   Debug_Time(1):    3.789 # [msec]
   Debug_Time(2):    2.182 # [msec]
   Debug_Time(3):    1.796 # [msec]
-
   Version      : 1.6
   Ways         : 32
   Words        : 1
   Feedback     : 1
   WordBits     : 32
   IndexBits    : 32
   Sort Order   : 0
   Sign Compare : 0
   Max Size     : 268435455
   Debug Enable : 1
   size         : 450000
   average_time :    8.122 # [msec]
   throughput   :   55.402 # [mwords/sec]
   Debug_Time(0):    7.866 # [msec]
   Debug_Time(1):    3.835 # [msec]
   Debug_Time(2):    2.215 # [msec]
   Debug_Time(3):    1.816 # [msec]
-
   Version      : 1.6
   Ways         : 32
   Words        : 1
   Feedback     : 1
   WordBits     : 32
   IndexBits    : 32
   Sort Order   : 0
   Sign Compare : 0
   Max Size     : 268435455
   Debug Enable : 1
   size         : 455000
   average_time :    8.191 # [msec]
   throughput   :   55.547 # [mwords/sec]
   Debug_Time(0):    7.954 # [msec]
   Debug_Time(1):    3.882 # [msec]
   Debug_Time(2):    2.236 # [msec]
   Debug_Time(3):    1.836 # [msec]
-
   Version      : 1.6
   Ways         : 32
   Words        : 1
   Feedback     : 1
   WordBits     : 32
   IndexBits    : 32
   Sort Order   : 0
   Sign Compare : 0
   Max Size     : 268435455
   Debug Enable : 1
   size         : 460000
   average_time :    8.345 # [msec]
   throughput   :   55.121 # [mwords/sec]
   Debug_Time(0):    7.983 # [msec]
   Debug_Time(1):    3.882 # [msec]
   Debug_Time(2):    2.243 # [msec]
   Debug_Time(3):    1.857 # [msec]
-
   Version      : 1.6
   Ways         : 32
   Words        : 1
   Feedback     : 1
   WordBits     : 32
   IndexBits    : 32
   Sort Order   : 0
   Sign Compare : 0
   Max Size     : 268435455
   Debug Enable : 1
   size         : 465000
   average_time :    8.358 # [msec]
   throughput   :   55.637 # [mwords/sec]
   Debug_Time(0):    8.119 # [msec]
   Debug_Time(1):    3.968 # [msec]
   Debug_Time(2):    2.273 # [msec]
   Debug_Time(3):    1.877 # [msec]
-
   Version      : 1.6
   Ways         : 32
   Words        : 1
   Feedback     : 1
   WordBits     : 32
   IndexBits    : 32
   Sort Order   : 0
   Sign Compare : 0
   Max Size     : 268435455
   Debug Enable : 1
   size         : 470000
   average_time :    8.647 # [msec]
   throughput   :   54.355 # [mwords/sec]
   Debug_Time(0):    8.194 # [msec]
   Debug_Time(1):    3.987 # [msec]
   Debug_Time(2):    2.309 # [msec]
   Debug_Time(3):    1.898 # [msec]
-
   Version      : 1.6
   Ways         : 32
   Words        : 1
   Feedback     : 1
   WordBits     : 32
   IndexBits    : 32
   Sort Order   : 0
   Sign Compare : 0
   Max Size     : 268435455
   Debug Enable : 1
   size         : 475000
   average_time :    8.529 # [msec]
   throughput   :   55.693 # [mwords/sec]
   Debug_Time(0):    8.268 # [msec]
   Debug_Time(1):    4.024 # [msec]
   Debug_Time(2):    2.326 # [msec]
   Debug_Time(3):    1.918 # [msec]
-
   Version      : 1.6
   Ways         : 32
   Words        : 1
   Feedback     : 1
   WordBits     : 32
   IndexBits    : 32
   Sort Order   : 0
   Sign Compare : 0
   Max Size     : 268435455
   Debug Enable : 1
   size         : 480000
   average_time :    8.595 # [msec]
   throughput   :   55.847 # [mwords/sec]
   Debug_Time(0):    8.369 # [msec]
   Debug_Time(1):    4.082 # [msec]
   Debug_Time(2):    2.350 # [msec]
   Debug_Time(3):    1.937 # [msec]
-
   Version      : 1.6
   Ways         : 32
   Words        : 1
   Feedback     : 1
   WordBits     : 32
   IndexBits    : 32
   Sort Order   : 0
   Sign Compare : 0
   Max Size     : 268435455
   Debug Enable : 1
   size         : 485000
   average_time :    8.699 # [msec]
   throughput   :   55.756 # [mwords/sec]
   Debug_Time(0):    8.462 # [msec]
   Debug_Time(1):    4.120 # [msec]
   Debug_Time(2):    2.385 # [msec]
   Debug_Time(3):    1.957 # [msec]
-
   Version      : 1.6
   Ways         : 32
   Words        : 1
   Feedback     : 1
   WordBits     : 32
   IndexBits    : 32
   Sort Order   : 0
   Sign Compare : 0
   Max Size     : 268435455
   Debug Enable : 1
   size         : 490000
   average_time :    8.802 # [msec]
   throughput   :   55.669 # [mwords/sec]
   Debug_Time(0):    8.528 # [msec]
   Debug_Time(1):    4.144 # [msec]
   Debug_Time(2):    2.406 # [msec]
   Debug_Time(3):    1.977 # [msec]
-
   Version      : 1.6
   Ways         : 32
   Words        : 1
   Feedback     : 1
   WordBits     : 32
   IndexBits    : 32
   Sort Order   : 0
   Sign Compare : 0
   Max Size     : 268435455
   Debug Enable : 1
   size         : 495000
   average_time :    8.850 # [msec]
   throughput   :   55.934 # [mwords/sec]
   Debug_Time(0):    8.631 # [msec]
   Debug_Time(1):    4.210 # [msec]
   Debug_Time(2):    2.423 # [msec]
   Debug_Time(3):    1.998 # [msec]
-
   Version      : 1.6
   Ways         : 32
   Words        : 1
   Feedback     : 1
   WordBits     : 32
   IndexBits    : 32
   Sort Order   : 0
   Sign Compare : 0
   Max Size     : 268435455
   Debug Enable : 1
   size         : 500000
   average_time :    8.955 # [msec]
   throughput   :   55.838 # [mwords/sec]
   Debug_Time(0):    8.650 # [msec]
   Debug_Time(1):    4.199 # [msec]
   Debug_Time(2):    2.432 # [msec]
   Debug_Time(3):    2.018 # [msec]
-
   Version      : 1.6
   Ways         : 32
   Words        : 1
   Feedback     : 1
   WordBits     : 32
   IndexBits    : 32
   Sort Order   : 0
   Sign Compare : 0
   Max Size     : 268435455
   Debug Enable : 1
   size         : 505000
   average_time :    9.046 # [msec]
   throughput   :   55.824 # [mwords/sec]
   Debug_Time(0):    8.718 # [msec]
   Debug_Time(1):    4.207 # [msec]
   Debug_Time(2):    2.472 # [msec]
   Debug_Time(3):    2.038 # [msec]
-
   Version      : 1.6
   Ways         : 32
   Words        : 1
   Feedback     : 1
   WordBits     : 32
   IndexBits    : 32
   Sort Order   : 0
   Sign Compare : 0
   Max Size     : 268435455
   Debug Enable : 1
   size         : 510000
   average_time :    9.155 # [msec]
   throughput   :   55.710 # [mwords/sec]
   Debug_Time(0):    8.907 # [msec]
   Debug_Time(1):    4.342 # [msec]
   Debug_Time(2):    2.506 # [msec]
   Debug_Time(3):    2.059 # [msec]
-
   Version      : 1.6
   Ways         : 32
   Words        : 1
   Feedback     : 1
   WordBits     : 32
   IndexBits    : 32
   Sort Order   : 0
   Sign Compare : 0
   Max Size     : 268435455
   Debug Enable : 1
   size         : 515000
   average_time :    9.208 # [msec]
   throughput   :   55.928 # [mwords/sec]
   Debug_Time(0):    8.941 # [msec]
   Debug_Time(1):    4.347 # [msec]
   Debug_Time(2):    2.515 # [msec]
   Debug_Time(3):    2.079 # [msec]
-
   Version      : 1.6
   Ways         : 32
   Words        : 1
   Feedback     : 1
   WordBits     : 32
   IndexBits    : 32
   Sort Order   : 0
   Sign Compare : 0
   Max Size     : 268435455
   Debug Enable : 1
   size         : 520000
   average_time :    9.306 # [msec]
   throughput   :   55.879 # [mwords/sec]
   Debug_Time(0):    9.057 # [msec]
   Debug_Time(1):    4.417 # [msec]
   Debug_Time(2):    2.542 # [msec]
   Debug_Time(3):    2.098 # [msec]
-
   Version      : 1.6
   Ways         : 32
   Words        : 1
   Feedback     : 1
   WordBits     : 32
   IndexBits    : 32
   Sort Order   : 0
   Sign Compare : 0
   Max Size     : 268435455
   Debug Enable : 1
   size         : 525000
   average_time :    9.384 # [msec]
   throughput   :   55.948 # [mwords/sec]
   Debug_Time(0):    9.130 # [msec]
   Debug_Time(1):    4.443 # [msec]
   Debug_Time(2):    2.568 # [msec]
   Debug_Time(3):    2.119 # [msec]
-
   Version      : 1.6
   Ways         : 32
   Words        : 1
   Feedback     : 1
   WordBits     : 32
   IndexBits    : 32
   Sort Order   : 0
   Sign Compare : 0
   Max Size     : 268435455
   Debug Enable : 1
   size         : 530000
   average_time :    9.468 # [msec]
   throughput   :   55.980 # [mwords/sec]
   Debug_Time(0):    9.226 # [msec]
   Debug_Time(1):    4.495 # [msec]
   Debug_Time(2):    2.593 # [msec]
   Debug_Time(3):    2.139 # [msec]
-
   Version      : 1.6
   Ways         : 32
   Words        : 1
   Feedback     : 1
   WordBits     : 32
   IndexBits    : 32
   Sort Order   : 0
   Sign Compare : 0
   Max Size     : 268435455
   Debug Enable : 1
   size         : 535000
   average_time :    9.559 # [msec]
   throughput   :   55.965 # [mwords/sec]
   Debug_Time(0):    9.305 # [msec]
   Debug_Time(1):    4.532 # [msec]
   Debug_Time(2):    2.614 # [msec]
   Debug_Time(3):    2.159 # [msec]
-
   Version      : 1.6
   Ways         : 32
   Words        : 1
   Feedback     : 1
   WordBits     : 32
   IndexBits    : 32
   Sort Order   : 0
   Sign Compare : 0
   Max Size     : 268435455
   Debug Enable : 1
   size         : 540000
   average_time :    9.653 # [msec]
   throughput   :   55.943 # [mwords/sec]
   Debug_Time(0):    9.407 # [msec]
   Debug_Time(1):    4.575 # [msec]
   Debug_Time(2):    2.652 # [msec]
   Debug_Time(3):    2.180 # [msec]
-
   Version      : 1.6
   Ways         : 32
   Words        : 1
   Feedback     : 1
   WordBits     : 32
   IndexBits    : 32
   Sort Order   : 0
   Sign Compare : 0
   Max Size     : 268435455
   Debug Enable : 1
   size         : 545000
   average_time :    9.700 # [msec]
   throughput   :   56.187 # [mwords/sec]
   Debug_Time(0):    9.454 # [msec]
   Debug_Time(1):    4.595 # [msec]
   Debug_Time(2):    2.660 # [msec]
   Debug_Time(3):    2.200 # [msec]
-
   Version      : 1.6
   Ways         : 32
   Words        : 1
   Feedback     : 1
   WordBits     : 32
   IndexBits    : 32
   Sort Order   : 0
   Sign Compare : 0
   Max Size     : 268435455
   Debug Enable : 1
   size         : 550000
   average_time :    9.819 # [msec]
   throughput   :   56.013 # [mwords/sec]
   Debug_Time(0):    9.552 # [msec]
   Debug_Time(1):    4.637 # [msec]
   Debug_Time(2):    2.695 # [msec]
   Debug_Time(3):    2.220 # [msec]
-
   Version      : 1.6
   Ways         : 32
   Words        : 1
   Feedback     : 1
   WordBits     : 32
   IndexBits    : 32
   Sort Order   : 0
   Sign Compare : 0
   Max Size     : 268435455
   Debug Enable : 1
   size         : 555000
   average_time :    9.893 # [msec]
   throughput   :   56.099 # [mwords/sec]
   Debug_Time(0):    9.640 # [msec]
   Debug_Time(1):    4.686 # [msec]
   Debug_Time(2):    2.714 # [msec]
   Debug_Time(3):    2.240 # [msec]
-
   Version      : 1.6
   Ways         : 32
   Words        : 1
   Feedback     : 1
   WordBits     : 32
   IndexBits    : 32
   Sort Order   : 0
   Sign Compare : 0
   Max Size     : 268435455
   Debug Enable : 1
   size         : 560000
   average_time :    9.978 # [msec]
   throughput   :   56.122 # [mwords/sec]
   Debug_Time(0):    9.752 # [msec]
   Debug_Time(1):    4.741 # [msec]
   Debug_Time(2):    2.750 # [msec]
   Debug_Time(3):    2.261 # [msec]
-
   Version      : 1.6
   Ways         : 32
   Words        : 1
   Feedback     : 1
   WordBits     : 32
   IndexBits    : 32
   Sort Order   : 0
   Sign Compare : 0
   Max Size     : 268435455
   Debug Enable : 1
   size         : 565000
   average_time :   10.058 # [msec]
   throughput   :   56.173 # [mwords/sec]
   Debug_Time(0):    9.816 # [msec]
   Debug_Time(1):    4.777 # [msec]
   Debug_Time(2):    2.758 # [msec]
   Debug_Time(3):    2.281 # [msec]
-
   Version      : 1.6
   Ways         : 32
   Words        : 1
   Feedback     : 1
   WordBits     : 32
   IndexBits    : 32
   Sort Order   : 0
   Sign Compare : 0
   Max Size     : 268435455
   Debug Enable : 1
   size         : 570000
   average_time :   10.143 # [msec]
   throughput   :   56.195 # [mwords/sec]
   Debug_Time(0):    9.878 # [msec]
   Debug_Time(1):    4.784 # [msec]
   Debug_Time(2):    2.795 # [msec]
   Debug_Time(3):    2.300 # [msec]
-
   Version      : 1.6
   Ways         : 32
   Words        : 1
   Feedback     : 1
   WordBits     : 32
   IndexBits    : 32
   Sort Order   : 0
   Sign Compare : 0
   Max Size     : 268435455
   Debug Enable : 1
   size         : 575000
   average_time :   10.224 # [msec]
   throughput   :   56.239 # [mwords/sec]
   Debug_Time(0):   10.003 # [msec]
   Debug_Time(1):    4.864 # [msec]
   Debug_Time(2):    2.819 # [msec]
   Debug_Time(3):    2.320 # [msec]
-
   Version      : 1.6
   Ways         : 32
   Words        : 1
   Feedback     : 1
   WordBits     : 32
   IndexBits    : 32
   Sort Order   : 0
   Sign Compare : 0
   Max Size     : 268435455
   Debug Enable : 1
   size         : 580000
   average_time :   10.319 # [msec]
   throughput   :   56.204 # [mwords/sec]
   Debug_Time(0):   10.075 # [msec]
   Debug_Time(1):    4.887 # [msec]
   Debug_Time(2):    2.848 # [msec]
   Debug_Time(3):    2.340 # [msec]
-
   Version      : 1.6
   Ways         : 32
   Words        : 1
   Feedback     : 1
   WordBits     : 32
   IndexBits    : 32
   Sort Order   : 0
   Sign Compare : 0
   Max Size     : 268435455
   Debug Enable : 1
   size         : 585000
   average_time :   10.416 # [msec]
   throughput   :   56.163 # [mwords/sec]
   Debug_Time(0):   10.167 # [msec]
   Debug_Time(1):    4.935 # [msec]
   Debug_Time(2):    2.871 # [msec]
   Debug_Time(3):    2.361 # [msec]
-
   Version      : 1.6
   Ways         : 32
   Words        : 1
   Feedback     : 1
   WordBits     : 32
   IndexBits    : 32
   Sort Order   : 0
   Sign Compare : 0
   Max Size     : 268435455
   Debug Enable : 1
   size         : 590000
   average_time :   10.480 # [msec]
   throughput   :   56.299 # [mwords/sec]
   Debug_Time(0):   10.222 # [msec]
   Debug_Time(1):    4.953 # [msec]
   Debug_Time(2):    2.887 # [msec]
   Debug_Time(3):    2.382 # [msec]
-
   Version      : 1.6
   Ways         : 32
   Words        : 1
   Feedback     : 1
   WordBits     : 32
   IndexBits    : 32
   Sort Order   : 0
   Sign Compare : 0
   Max Size     : 268435455
   Debug Enable : 1
   size         : 595000
   average_time :   10.577 # [msec]
   throughput   :   56.254 # [mwords/sec]
   Debug_Time(0):   10.314 # [msec]
   Debug_Time(1):    5.011 # [msec]
   Debug_Time(2):    2.901 # [msec]
   Debug_Time(3):    2.402 # [msec]
-
   Version      : 1.6
   Ways         : 32
   Words        : 1
   Feedback     : 1
   WordBits     : 32
   IndexBits    : 32
   Sort Order   : 0
   Sign Compare : 0
   Max Size     : 268435455
   Debug Enable : 1
   size         : 600000
   average_time :   10.659 # [msec]
   throughput   :   56.293 # [mwords/sec]
   Debug_Time(0):   10.384 # [msec]
   Debug_Time(1):    5.015 # [msec]
   Debug_Time(2):    2.947 # [msec]
   Debug_Time(3):    2.422 # [msec]
-
   Version      : 1.6
   Ways         : 32
   Words        : 1
   Feedback     : 1
   WordBits     : 32
   IndexBits    : 32
   Sort Order   : 0
   Sign Compare : 0
   Max Size     : 268435455
   Debug Enable : 1
   size         : 605000
   average_time :   10.738 # [msec]
   throughput   :   56.341 # [mwords/sec]
   Debug_Time(0):   10.480 # [msec]
   Debug_Time(1):    5.083 # [msec]
   Debug_Time(2):    2.955 # [msec]
   Debug_Time(3):    2.442 # [msec]
-
   Version      : 1.6
   Ways         : 32
   Words        : 1
   Feedback     : 1
   WordBits     : 32
   IndexBits    : 32
   Sort Order   : 0
   Sign Compare : 0
   Max Size     : 268435455
   Debug Enable : 1
   size         : 610000
   average_time :   10.822 # [msec]
   throughput   :   56.367 # [mwords/sec]
   Debug_Time(0):   10.571 # [msec]
   Debug_Time(1):    5.128 # [msec]
   Debug_Time(2):    2.982 # [msec]
   Debug_Time(3):    2.461 # [msec]
-
   Version      : 1.6
   Ways         : 32
   Words        : 1
   Feedback     : 1
   WordBits     : 32
   IndexBits    : 32
   Sort Order   : 0
   Sign Compare : 0
   Max Size     : 268435455
   Debug Enable : 1
   size         : 615000
   average_time :   10.916 # [msec]
   throughput   :   56.337 # [mwords/sec]
   Debug_Time(0):   10.643 # [msec]
   Debug_Time(1):    5.145 # [msec]
   Debug_Time(2):    3.018 # [msec]
   Debug_Time(3):    2.481 # [msec]
-
   Version      : 1.6
   Ways         : 32
   Words        : 1
   Feedback     : 1
   WordBits     : 32
   IndexBits    : 32
   Sort Order   : 0
   Sign Compare : 0
   Max Size     : 268435455
   Debug Enable : 1
   size         : 620000
   average_time :   10.996 # [msec]
   throughput   :   56.385 # [mwords/sec]
   Debug_Time(0):   10.691 # [msec]
   Debug_Time(1):    5.146 # [msec]
   Debug_Time(2):    3.044 # [msec]
   Debug_Time(3):    2.501 # [msec]
-
   Version      : 1.6
   Ways         : 32
   Words        : 1
   Feedback     : 1
   WordBits     : 32
   IndexBits    : 32
   Sort Order   : 0
   Sign Compare : 0
   Max Size     : 268435455
   Debug Enable : 1
   size         : 625000
   average_time :   11.080 # [msec]
   throughput   :   56.410 # [mwords/sec]
   Debug_Time(0):   10.761 # [msec]
   Debug_Time(1):    5.167 # [msec]
   Debug_Time(2):    3.071 # [msec]
   Debug_Time(3):    2.523 # [msec]
-
   Version      : 1.6
   Ways         : 32
   Words        : 1
   Feedback     : 1
   WordBits     : 32
   IndexBits    : 32
   Sort Order   : 0
   Sign Compare : 0
   Max Size     : 268435455
   Debug Enable : 1
   size         : 630000
   average_time :   11.196 # [msec]
   throughput   :   56.271 # [mwords/sec]
   Debug_Time(0):   10.914 # [msec]
   Debug_Time(1):    5.277 # [msec]
   Debug_Time(2):    3.094 # [msec]
   Debug_Time(3):    2.542 # [msec]
-
   Version      : 1.6
   Ways         : 32
   Words        : 1
   Feedback     : 1
   WordBits     : 32
   IndexBits    : 32
   Sort Order   : 0
   Sign Compare : 0
   Max Size     : 268435455
   Debug Enable : 1
   size         : 635000
   average_time :   11.278 # [msec]
   throughput   :   56.302 # [mwords/sec]
   Debug_Time(0):   11.009 # [msec]
   Debug_Time(1):    5.337 # [msec]
   Debug_Time(2):    3.109 # [msec]
   Debug_Time(3):    2.563 # [msec]
-
   Version      : 1.6
   Ways         : 32
   Words        : 1
   Feedback     : 1
   WordBits     : 32
   IndexBits    : 32
   Sort Order   : 0
   Sign Compare : 0
   Max Size     : 268435455
   Debug Enable : 1
   size         : 640000
   average_time :   11.274 # [msec]
   throughput   :   56.767 # [mwords/sec]
   Debug_Time(0):   10.856 # [msec]
   Debug_Time(1):    5.160 # [msec]
   Debug_Time(2):    3.113 # [msec]
   Debug_Time(3):    2.583 # [msec]
-
   Version      : 1.6
   Ways         : 32
   Words        : 1
   Feedback     : 1
   WordBits     : 32
   IndexBits    : 32
   Sort Order   : 0
   Sign Compare : 0
   Max Size     : 268435455
   Debug Enable : 1
   size         : 645000
   average_time :   11.422 # [msec]
   throughput   :   56.468 # [mwords/sec]
   Debug_Time(0):   11.110 # [msec]
   Debug_Time(1):    5.351 # [msec]
   Debug_Time(2):    3.156 # [msec]
   Debug_Time(3):    2.604 # [msec]
-
   Version      : 1.6
   Ways         : 32
   Words        : 1
   Feedback     : 1
   WordBits     : 32
   IndexBits    : 32
   Sort Order   : 0
   Sign Compare : 0
   Max Size     : 268435455
   Debug Enable : 1
   size         : 650000
   average_time :   11.510 # [msec]
   throughput   :   56.471 # [mwords/sec]
   Debug_Time(0):   11.254 # [msec]
   Debug_Time(1):    5.439 # [msec]
   Debug_Time(2):    3.193 # [msec]
   Debug_Time(3):    2.622 # [msec]
-
   Version      : 1.6
   Ways         : 32
   Words        : 1
   Feedback     : 1
   WordBits     : 32
   IndexBits    : 32
   Sort Order   : 0
   Sign Compare : 0
   Max Size     : 268435455
   Debug Enable : 1
   size         : 655000
   average_time :   11.602 # [msec]
   throughput   :   56.455 # [mwords/sec]
   Debug_Time(0):   11.330 # [msec]
   Debug_Time(1):    5.478 # [msec]
   Debug_Time(2):    3.209 # [msec]
   Debug_Time(3):    2.642 # [msec]
-
   Version      : 1.6
   Ways         : 32
   Words        : 1
   Feedback     : 1
   WordBits     : 32
   IndexBits    : 32
   Sort Order   : 0
   Sign Compare : 0
   Max Size     : 268435455
   Debug Enable : 1
   size         : 660000
   average_time :   11.684 # [msec]
   throughput   :   56.487 # [mwords/sec]
   Debug_Time(0):   11.420 # [msec]
   Debug_Time(1):    5.528 # [msec]
   Debug_Time(2):    3.228 # [msec]
   Debug_Time(3):    2.663 # [msec]
-
   Version      : 1.6
   Ways         : 32
   Words        : 1
   Feedback     : 1
   WordBits     : 32
   IndexBits    : 32
   Sort Order   : 0
   Sign Compare : 0
   Max Size     : 268435455
   Debug Enable : 1
   size         : 665000
   average_time :   11.766 # [msec]
   throughput   :   56.519 # [mwords/sec]
   Debug_Time(0):   11.519 # [msec]
   Debug_Time(1):    5.583 # [msec]
   Debug_Time(2):    3.252 # [msec]
   Debug_Time(3):    2.683 # [msec]
-
   Version      : 1.6
   Ways         : 32
   Words        : 1
   Feedback     : 1
   WordBits     : 32
   IndexBits    : 32
   Sort Order   : 0
   Sign Compare : 0
   Max Size     : 268435455
   Debug Enable : 1
   size         : 670000
   average_time :   11.876 # [msec]
   throughput   :   56.414 # [mwords/sec]
   Debug_Time(0):   11.617 # [msec]
   Debug_Time(1):    5.626 # [msec]
   Debug_Time(2):    3.288 # [msec]
   Debug_Time(3):    2.703 # [msec]
-
   Version      : 1.6
   Ways         : 32
   Words        : 1
   Feedback     : 1
   WordBits     : 32
   IndexBits    : 32
   Sort Order   : 0
   Sign Compare : 0
   Max Size     : 268435455
   Debug Enable : 1
   size         : 675000
   average_time :   11.943 # [msec]
   throughput   :   56.518 # [mwords/sec]
   Debug_Time(0):   11.702 # [msec]
   Debug_Time(1):    5.676 # [msec]
   Debug_Time(2):    3.303 # [msec]
   Debug_Time(3):    2.724 # [msec]
-
   Version      : 1.6
   Ways         : 32
   Words        : 1
   Feedback     : 1
   WordBits     : 32
   IndexBits    : 32
   Sort Order   : 0
   Sign Compare : 0
   Max Size     : 268435455
   Debug Enable : 1
   size         : 680000
   average_time :   12.038 # [msec]
   throughput   :   56.486 # [mwords/sec]
   Debug_Time(0):   11.779 # [msec]
   Debug_Time(1):    5.702 # [msec]
   Debug_Time(2):    3.333 # [msec]
   Debug_Time(3):    2.744 # [msec]
-
   Version      : 1.6
   Ways         : 32
   Words        : 1
   Feedback     : 1
   WordBits     : 32
   IndexBits    : 32
   Sort Order   : 0
   Sign Compare : 0
   Max Size     : 268435455
   Debug Enable : 1
   size         : 685000
   average_time :   12.137 # [msec]
   throughput   :   56.438 # [mwords/sec]
   Debug_Time(0):   11.872 # [msec]
   Debug_Time(1):    5.739 # [msec]
   Debug_Time(2):    3.368 # [msec]
   Debug_Time(3):    2.764 # [msec]
-
   Version      : 1.6
   Ways         : 32
   Words        : 1
   Feedback     : 1
   WordBits     : 32
   IndexBits    : 32
   Sort Order   : 0
   Sign Compare : 0
   Max Size     : 268435455
   Debug Enable : 1
   size         : 690000
   average_time :   12.185 # [msec]
   throughput   :   56.629 # [mwords/sec]
   Debug_Time(0):   11.945 # [msec]
   Debug_Time(1):    5.797 # [msec]
   Debug_Time(2):    3.364 # [msec]
   Debug_Time(3):    2.784 # [msec]
-
   Version      : 1.6
   Ways         : 32
   Words        : 1
   Feedback     : 1
   WordBits     : 32
   IndexBits    : 32
   Sort Order   : 0
   Sign Compare : 0
   Max Size     : 268435455
   Debug Enable : 1
   size         : 695000
   average_time :   12.293 # [msec]
   throughput   :   56.536 # [mwords/sec]
   Debug_Time(0):   12.013 # [msec]
   Debug_Time(1):    5.799 # [msec]
   Debug_Time(2):    3.410 # [msec]
   Debug_Time(3):    2.804 # [msec]
-
   Version      : 1.6
   Ways         : 32
   Words        : 1
   Feedback     : 1
   WordBits     : 32
   IndexBits    : 32
   Sort Order   : 0
   Sign Compare : 0
   Max Size     : 268435455
   Debug Enable : 1
   size         : 700000
   average_time :   12.362 # [msec]
   throughput   :   56.627 # [mwords/sec]
   Debug_Time(0):   12.108 # [msec]
   Debug_Time(1):    5.859 # [msec]
   Debug_Time(2):    3.424 # [msec]
   Debug_Time(3):    2.824 # [msec]
-
   Version      : 1.6
   Ways         : 32
   Words        : 1
   Feedback     : 1
   WordBits     : 32
   IndexBits    : 32
   Sort Order   : 0
   Sign Compare : 0
   Max Size     : 268435455
   Debug Enable : 1
   size         : 705000
   average_time :   12.434 # [msec]
   throughput   :   56.698 # [mwords/sec]
   Debug_Time(0):   12.121 # [msec]
   Debug_Time(1):    5.825 # [msec]
   Debug_Time(2):    3.451 # [msec]
   Debug_Time(3):    2.845 # [msec]
-
   Version      : 1.6
   Ways         : 32
   Words        : 1
   Feedback     : 1
   WordBits     : 32
   IndexBits    : 32
   Sort Order   : 0
   Sign Compare : 0
   Max Size     : 268435455
   Debug Enable : 1
   size         : 710000
   average_time :   12.518 # [msec]
   throughput   :   56.718 # [mwords/sec]
   Debug_Time(0):   12.143 # [msec]
   Debug_Time(1):    5.803 # [msec]
   Debug_Time(2):    3.476 # [msec]
   Debug_Time(3):    2.864 # [msec]
-
   Version      : 1.6
   Ways         : 32
   Words        : 1
   Feedback     : 1
   WordBits     : 32
   IndexBits    : 32
   Sort Order   : 0
   Sign Compare : 0
   Max Size     : 268435455
   Debug Enable : 1
   size         : 715000
   average_time :   12.618 # [msec]
   throughput   :   56.665 # [mwords/sec]
   Debug_Time(0):   12.230 # [msec]
   Debug_Time(1):    5.833 # [msec]
   Debug_Time(2):    3.512 # [msec]
   Debug_Time(3):    2.885 # [msec]
-
   Version      : 1.6
   Ways         : 32
   Words        : 1
   Feedback     : 1
   WordBits     : 32
   IndexBits    : 32
   Sort Order   : 0
   Sign Compare : 0
   Max Size     : 268435455
   Debug Enable : 1
   size         : 720000
   average_time :   12.689 # [msec]
   throughput   :   56.741 # [mwords/sec]
   Debug_Time(0):   12.322 # [msec]
   Debug_Time(1):    5.896 # [msec]
   Debug_Time(2):    3.521 # [msec]
   Debug_Time(3):    2.905 # [msec]
-
   Version      : 1.6
   Ways         : 32
   Words        : 1
   Feedback     : 1
   WordBits     : 32
   IndexBits    : 32
   Sort Order   : 0
   Sign Compare : 0
   Max Size     : 268435455
   Debug Enable : 1
   size         : 725000
   average_time :   12.805 # [msec]
   throughput   :   56.617 # [mwords/sec]
   Debug_Time(0):   12.419 # [msec]
   Debug_Time(1):    5.931 # [msec]
   Debug_Time(2):    3.561 # [msec]
   Debug_Time(3):    2.926 # [msec]
-
   Version      : 1.6
   Ways         : 32
   Words        : 1
   Feedback     : 1
   WordBits     : 32
   IndexBits    : 32
   Sort Order   : 0
   Sign Compare : 0
   Max Size     : 268435455
   Debug Enable : 1
   size         : 730000
   average_time :   12.865 # [msec]
   throughput   :   56.741 # [mwords/sec]
   Debug_Time(0):   12.508 # [msec]
   Debug_Time(1):    5.995 # [msec]
   Debug_Time(2):    3.567 # [msec]
   Debug_Time(3):    2.946 # [msec]
-
   Version      : 1.6
   Ways         : 32
   Words        : 1
   Feedback     : 1
   WordBits     : 32
   IndexBits    : 32
   Sort Order   : 0
   Sign Compare : 0
   Max Size     : 268435455
   Debug Enable : 1
   size         : 735000
   average_time :   12.938 # [msec]
   throughput   :   56.810 # [mwords/sec]
   Debug_Time(0):   12.604 # [msec]
   Debug_Time(1):    6.044 # [msec]
   Debug_Time(2):    3.595 # [msec]
   Debug_Time(3):    2.966 # [msec]
-
   Version      : 1.6
   Ways         : 32
   Words        : 1
   Feedback     : 1
   WordBits     : 32
   IndexBits    : 32
   Sort Order   : 0
   Sign Compare : 0
   Max Size     : 268435455
   Debug Enable : 1
   size         : 740000
   average_time :   13.126 # [msec]
   throughput   :   56.379 # [mwords/sec]
   Debug_Time(0):   12.564 # [msec]
   Debug_Time(1):    5.950 # [msec]
   Debug_Time(2):    3.629 # [msec]
   Debug_Time(3):    2.985 # [msec]
-
   Version      : 1.6
   Ways         : 32
   Words        : 1
   Feedback     : 1
   WordBits     : 32
   IndexBits    : 32
   Sort Order   : 0
   Sign Compare : 0
   Max Size     : 268435455
   Debug Enable : 1
   size         : 745000
   average_time :   13.126 # [msec]
   throughput   :   56.756 # [mwords/sec]
   Debug_Time(0):   12.785 # [msec]
   Debug_Time(1):    6.122 # [msec]
   Debug_Time(2):    3.658 # [msec]
   Debug_Time(3):    3.005 # [msec]
-
   Version      : 1.6
   Ways         : 32
   Words        : 1
   Feedback     : 1
   WordBits     : 32
   IndexBits    : 32
   Sort Order   : 0
   Sign Compare : 0
   Max Size     : 268435455
   Debug Enable : 1
   size         : 750000
   average_time :   13.212 # [msec]
   throughput   :   56.764 # [mwords/sec]
   Debug_Time(0):   12.864 # [msec]
   Debug_Time(1):    6.161 # [msec]
   Debug_Time(2):    3.678 # [msec]
   Debug_Time(3):    3.025 # [msec]
-
   Version      : 1.6
   Ways         : 32
   Words        : 1
   Feedback     : 1
   WordBits     : 32
   IndexBits    : 32
   Sort Order   : 0
   Sign Compare : 0
   Max Size     : 268435455
   Debug Enable : 1
   size         : 755000
   average_time :   13.267 # [msec]
   throughput   :   56.909 # [mwords/sec]
   Debug_Time(0):   12.938 # [msec]
   Debug_Time(1):    6.199 # [msec]
   Debug_Time(2):    3.692 # [msec]
   Debug_Time(3):    3.047 # [msec]
-
   Version      : 1.6
   Ways         : 32
   Words        : 1
   Feedback     : 1
   WordBits     : 32
   IndexBits    : 32
   Sort Order   : 0
   Sign Compare : 0
   Max Size     : 268435455
   Debug Enable : 1
   size         : 760000
   average_time :   13.390 # [msec]
   throughput   :   56.758 # [mwords/sec]
   Debug_Time(0):   13.104 # [msec]
   Debug_Time(1):    6.313 # [msec]
   Debug_Time(2):    3.724 # [msec]
   Debug_Time(3):    3.067 # [msec]
-
   Version      : 1.6
   Ways         : 32
   Words        : 1
   Feedback     : 1
   WordBits     : 32
   IndexBits    : 32
   Sort Order   : 0
   Sign Compare : 0
   Max Size     : 268435455
   Debug Enable : 1
   size         : 765000
   average_time :   13.472 # [msec]
   throughput   :   56.786 # [mwords/sec]
   Debug_Time(0):   13.187 # [msec]
   Debug_Time(1):    6.350 # [msec]
   Debug_Time(2):    3.749 # [msec]
   Debug_Time(3):    3.087 # [msec]
-
   Version      : 1.6
   Ways         : 32
   Words        : 1
   Feedback     : 1
   WordBits     : 32
   IndexBits    : 32
   Sort Order   : 0
   Sign Compare : 0
   Max Size     : 268435455
   Debug Enable : 1
   size         : 770000
   average_time :   13.530 # [msec]
   throughput   :   56.911 # [mwords/sec]
   Debug_Time(0):   13.307 # [msec]
   Debug_Time(1):    6.440 # [msec]
   Debug_Time(2):    3.760 # [msec]
   Debug_Time(3):    3.107 # [msec]
-
   Version      : 1.6
   Ways         : 32
   Words        : 1
   Feedback     : 1
   WordBits     : 32
   IndexBits    : 32
   Sort Order   : 0
   Sign Compare : 0
   Max Size     : 268435455
   Debug Enable : 1
   size         : 775000
   average_time :   13.637 # [msec]
   throughput   :   56.830 # [mwords/sec]
   Debug_Time(0):   13.432 # [msec]
   Debug_Time(1):    6.506 # [msec]
   Debug_Time(2):    3.799 # [msec]
   Debug_Time(3):    3.127 # [msec]
-
   Version      : 1.6
   Ways         : 32
   Words        : 1
   Feedback     : 1
   WordBits     : 32
   IndexBits    : 32
   Sort Order   : 0
   Sign Compare : 0
   Max Size     : 268435455
   Debug Enable : 1
   size         : 780000
   average_time :   13.714 # [msec]
   throughput   :   56.875 # [mwords/sec]
   Debug_Time(0):   13.459 # [msec]
   Debug_Time(1):    6.477 # [msec]
   Debug_Time(2):    3.835 # [msec]
   Debug_Time(3):    3.146 # [msec]
-
   Version      : 1.6
   Ways         : 32
   Words        : 1
   Feedback     : 1
   WordBits     : 32
   IndexBits    : 32
   Sort Order   : 0
   Sign Compare : 0
   Max Size     : 268435455
   Debug Enable : 1
   size         : 785000
   average_time :   13.795 # [msec]
   throughput   :   56.903 # [mwords/sec]
   Debug_Time(0):   13.554 # [msec]
   Debug_Time(1):    6.541 # [msec]
   Debug_Time(2):    3.846 # [msec]
   Debug_Time(3):    3.166 # [msec]
-
   Version      : 1.6
   Ways         : 32
   Words        : 1
   Feedback     : 1
   WordBits     : 32
   IndexBits    : 32
   Sort Order   : 0
   Sign Compare : 0
   Max Size     : 268435455
   Debug Enable : 1
   size         : 790000
   average_time :   13.907 # [msec]
   throughput   :   56.807 # [mwords/sec]
   Debug_Time(0):   13.549 # [msec]
   Debug_Time(1):    6.497 # [msec]
   Debug_Time(2):    3.864 # [msec]
   Debug_Time(3):    3.187 # [msec]
-
   Version      : 1.6
   Ways         : 32
   Words        : 1
   Feedback     : 1
   WordBits     : 32
   IndexBits    : 32
   Sort Order   : 0
   Sign Compare : 0
   Max Size     : 268435455
   Debug Enable : 1
   size         : 795000
   average_time :   13.936 # [msec]
   throughput   :   57.047 # [mwords/sec]
   Debug_Time(0):   13.612 # [msec]
   Debug_Time(1):    6.534 # [msec]
   Debug_Time(2):    3.870 # [msec]
   Debug_Time(3):    3.208 # [msec]
-
   Version      : 1.6
   Ways         : 32
   Words        : 1
   Feedback     : 1
   WordBits     : 32
   IndexBits    : 32
   Sort Order   : 0
   Sign Compare : 0
   Max Size     : 268435455
   Debug Enable : 1
   size         : 800000
   average_time :   14.008 # [msec]
   throughput   :   57.110 # [mwords/sec]
   Debug_Time(0):   13.738 # [msec]
   Debug_Time(1):    6.589 # [msec]
   Debug_Time(2):    3.921 # [msec]
   Debug_Time(3):    3.228 # [msec]
-
   Version      : 1.6
   Ways         : 32
   Words        : 1
   Feedback     : 1
   WordBits     : 32
   IndexBits    : 32
   Sort Order   : 0
   Sign Compare : 0
   Max Size     : 268435455
   Debug Enable : 1
   size         : 805000
   average_time :   14.127 # [msec]
   throughput   :   56.983 # [mwords/sec]
   Debug_Time(0):   13.797 # [msec]
   Debug_Time(1):    6.614 # [msec]
   Debug_Time(2):    3.935 # [msec]
   Debug_Time(3):    3.248 # [msec]
-
   Version      : 1.6
   Ways         : 32
   Words        : 1
   Feedback     : 1
   WordBits     : 32
   IndexBits    : 32
   Sort Order   : 0
   Sign Compare : 0
   Max Size     : 268435455
   Debug Enable : 1
   size         : 810000
   average_time :   14.214 # [msec]
   throughput   :   56.986 # [mwords/sec]
   Debug_Time(0):   13.890 # [msec]
   Debug_Time(1):    6.644 # [msec]
   Debug_Time(2):    3.978 # [msec]
   Debug_Time(3):    3.268 # [msec]
-
   Version      : 1.6
   Ways         : 32
   Words        : 1
   Feedback     : 1
   WordBits     : 32
   IndexBits    : 32
   Sort Order   : 0
   Sign Compare : 0
   Max Size     : 268435455
   Debug Enable : 1
   size         : 815000
   average_time :   14.328 # [msec]
   throughput   :   56.881 # [mwords/sec]
   Debug_Time(0):   14.097 # [msec]
   Debug_Time(1):    6.816 # [msec]
   Debug_Time(2):    3.993 # [msec]
   Debug_Time(3):    3.288 # [msec]
-
   Version      : 1.6
   Ways         : 32
   Words        : 1
   Feedback     : 1
   WordBits     : 32
   IndexBits    : 32
   Sort Order   : 0
   Sign Compare : 0
   Max Size     : 268435455
   Debug Enable : 1
   size         : 820000
   average_time :   14.363 # [msec]
   throughput   :   57.090 # [mwords/sec]
   Debug_Time(0):   14.042 # [msec]
   Debug_Time(1):    6.729 # [msec]
   Debug_Time(2):    4.005 # [msec]
   Debug_Time(3):    3.309 # [msec]
-
   Version      : 1.6
   Ways         : 32
   Words        : 1
   Feedback     : 1
   WordBits     : 32
   IndexBits    : 32
   Sort Order   : 0
   Sign Compare : 0
   Max Size     : 268435455
   Debug Enable : 1
   size         : 825000
   average_time :   14.469 # [msec]
   throughput   :   57.017 # [mwords/sec]
   Debug_Time(0):   14.132 # [msec]
   Debug_Time(1):    6.757 # [msec]
   Debug_Time(2):    4.047 # [msec]
   Debug_Time(3):    3.328 # [msec]
-
   Version      : 1.6
   Ways         : 32
   Words        : 1
   Feedback     : 1
   WordBits     : 32
   IndexBits    : 32
   Sort Order   : 0
   Sign Compare : 0
   Max Size     : 268435455
   Debug Enable : 1
   size         : 830000
   average_time :   14.553 # [msec]
   throughput   :   57.034 # [mwords/sec]
   Debug_Time(0):   14.152 # [msec]
   Debug_Time(1):    6.739 # [msec]
   Debug_Time(2):    4.065 # [msec]
   Debug_Time(3):    3.348 # [msec]
-
   Version      : 1.6
   Ways         : 32
   Words        : 1
   Feedback     : 1
   WordBits     : 32
   IndexBits    : 32
   Sort Order   : 0
   Sign Compare : 0
   Max Size     : 268435455
   Debug Enable : 1
   size         : 835000
   average_time :   14.617 # [msec]
   throughput   :   57.127 # [mwords/sec]
   Debug_Time(0):   14.265 # [msec]
   Debug_Time(1):    6.807 # [msec]
   Debug_Time(2):    4.089 # [msec]
   Debug_Time(3):    3.369 # [msec]
-
   Version      : 1.6
   Ways         : 32
   Words        : 1
   Feedback     : 1
   WordBits     : 32
   IndexBits    : 32
   Sort Order   : 0
   Sign Compare : 0
   Max Size     : 268435455
   Debug Enable : 1
   size         : 840000
   average_time :   14.728 # [msec]
   throughput   :   57.035 # [mwords/sec]
   Debug_Time(0):   14.395 # [msec]
   Debug_Time(1):    6.881 # [msec]
   Debug_Time(2):    4.125 # [msec]
   Debug_Time(3):    3.389 # [msec]
-
   Version      : 1.6
   Ways         : 32
   Words        : 1
   Feedback     : 1
   WordBits     : 32
   IndexBits    : 32
   Sort Order   : 0
   Sign Compare : 0
   Max Size     : 268435455
   Debug Enable : 1
   size         : 845000
   average_time :   14.823 # [msec]
   throughput   :   57.005 # [mwords/sec]
   Debug_Time(0):   14.469 # [msec]
   Debug_Time(1):    6.916 # [msec]
   Debug_Time(2):    4.144 # [msec]
   Debug_Time(3):    3.409 # [msec]
-
   Version      : 1.6
   Ways         : 32
   Words        : 1
   Feedback     : 1
   WordBits     : 32
   IndexBits    : 32
   Sort Order   : 0
   Sign Compare : 0
   Max Size     : 268435455
   Debug Enable : 1
   size         : 850000
   average_time :   14.879 # [msec]
   throughput   :   57.127 # [mwords/sec]
   Debug_Time(0):   14.566 # [msec]
   Debug_Time(1):    6.988 # [msec]
   Debug_Time(2):    4.149 # [msec]
   Debug_Time(3):    3.429 # [msec]
-
   Version      : 1.6
   Ways         : 32
   Words        : 1
   Feedback     : 1
   WordBits     : 32
   IndexBits    : 32
   Sort Order   : 0
   Sign Compare : 0
   Max Size     : 268435455
   Debug Enable : 1
   size         : 855000
   average_time :   14.986 # [msec]
   throughput   :   57.054 # [mwords/sec]
   Debug_Time(0):   14.647 # [msec]
   Debug_Time(1):    7.022 # [msec]
   Debug_Time(2):    4.175 # [msec]
   Debug_Time(3):    3.450 # [msec]
-
   Version      : 1.6
   Ways         : 32
   Words        : 1
   Feedback     : 1
   WordBits     : 32
   IndexBits    : 32
   Sort Order   : 0
   Sign Compare : 0
   Max Size     : 268435455
   Debug Enable : 1
   size         : 860000
   average_time :   15.096 # [msec]
   throughput   :   56.969 # [mwords/sec]
   Debug_Time(0):   14.732 # [msec]
   Debug_Time(1):    7.048 # [msec]
   Debug_Time(2):    4.215 # [msec]
   Debug_Time(3):    3.470 # [msec]
-
   Version      : 1.6
   Ways         : 32
   Words        : 1
   Feedback     : 1
   WordBits     : 32
   IndexBits    : 32
   Sort Order   : 0
   Sign Compare : 0
   Max Size     : 268435455
   Debug Enable : 1
   size         : 865000
   average_time :   15.139 # [msec]
   throughput   :   57.138 # [mwords/sec]
   Debug_Time(0):   14.830 # [msec]
   Debug_Time(1):    7.104 # [msec]
   Debug_Time(2):    4.237 # [msec]
   Debug_Time(3):    3.490 # [msec]
-
   Version      : 1.6
   Ways         : 32
   Words        : 1
   Feedback     : 1
   WordBits     : 32
   IndexBits    : 32
   Sort Order   : 0
   Sign Compare : 0
   Max Size     : 268435455
   Debug Enable : 1
   size         : 870000
   average_time :   15.239 # [msec]
   throughput   :   57.092 # [mwords/sec]
   Debug_Time(0):   14.841 # [msec]
   Debug_Time(1):    7.067 # [msec]
   Debug_Time(2):    4.265 # [msec]
   Debug_Time(3):    3.509 # [msec]
-
   Version      : 1.6
   Ways         : 32
   Words        : 1
   Feedback     : 1
   WordBits     : 32
   IndexBits    : 32
   Sort Order   : 0
   Sign Compare : 0
   Max Size     : 268435455
   Debug Enable : 1
   size         : 875000
   average_time :   15.346 # [msec]
   throughput   :   57.018 # [mwords/sec]
   Debug_Time(0):   15.034 # [msec]
   Debug_Time(1):    7.217 # [msec]
   Debug_Time(2):    4.288 # [msec]
   Debug_Time(3):    3.529 # [msec]
-
   Version      : 1.6
   Ways         : 32
   Words        : 1
   Feedback     : 1
   WordBits     : 32
   IndexBits    : 32
   Sort Order   : 0
   Sign Compare : 0
   Max Size     : 268435455
   Debug Enable : 1
   size         : 880000
   average_time :   15.427 # [msec]
   throughput   :   57.042 # [mwords/sec]
   Debug_Time(0):   15.113 # [msec]
   Debug_Time(1):    7.262 # [msec]
   Debug_Time(2):    4.302 # [msec]
   Debug_Time(3):    3.549 # [msec]
-
   Version      : 1.6
   Ways         : 32
   Words        : 1
   Feedback     : 1
   WordBits     : 32
   IndexBits    : 32
   Sort Order   : 0
   Sign Compare : 0
   Max Size     : 268435455
   Debug Enable : 1
   size         : 885000
   average_time :   15.522 # [msec]
   throughput   :   57.014 # [mwords/sec]
   Debug_Time(0):   15.230 # [msec]
   Debug_Time(1):    7.310 # [msec]
   Debug_Time(2):    4.348 # [msec]
   Debug_Time(3):    3.571 # [msec]
-
   Version      : 1.6
   Ways         : 32
   Words        : 1
   Feedback     : 1
   WordBits     : 32
   IndexBits    : 32
   Sort Order   : 0
   Sign Compare : 0
   Max Size     : 268435455
   Debug Enable : 1
   size         : 890000
   average_time :   15.574 # [msec]
   throughput   :   57.148 # [mwords/sec]
   Debug_Time(0):   15.276 # [msec]
   Debug_Time(1):    7.329 # [msec]
   Debug_Time(2):    4.356 # [msec]
   Debug_Time(3):    3.591 # [msec]
-
   Version      : 1.6
   Ways         : 32
   Words        : 1
   Feedback     : 1
   WordBits     : 32
   IndexBits    : 32
   Sort Order   : 0
   Sign Compare : 0
   Max Size     : 268435455
   Debug Enable : 1
   size         : 895000
   average_time :   15.636 # [msec]
   throughput   :   57.240 # [mwords/sec]
   Debug_Time(0):   15.325 # [msec]
   Debug_Time(1):    7.337 # [msec]
   Debug_Time(2):    4.376 # [msec]
   Debug_Time(3):    3.612 # [msec]
-
   Version      : 1.6
   Ways         : 32
   Words        : 1
   Feedback     : 1
   WordBits     : 32
   IndexBits    : 32
   Sort Order   : 0
   Sign Compare : 0
   Max Size     : 268435455
   Debug Enable : 1
   size         : 900000
   average_time :   15.723 # [msec]
   throughput   :   57.239 # [mwords/sec]
   Debug_Time(0):   15.340 # [msec]
   Debug_Time(1):    7.302 # [msec]
   Debug_Time(2):    4.407 # [msec]
   Debug_Time(3):    3.631 # [msec]
-
   Version      : 1.6
   Ways         : 32
   Words        : 1
   Feedback     : 1
   WordBits     : 32
   IndexBits    : 32
   Sort Order   : 0
   Sign Compare : 0
   Max Size     : 268435455
   Debug Enable : 1
   size         : 905000
   average_time :   15.832 # [msec]
   throughput   :   57.163 # [mwords/sec]
   Debug_Time(0):   15.557 # [msec]
   Debug_Time(1):    7.478 # [msec]
   Debug_Time(2):    4.428 # [msec]
   Debug_Time(3):    3.651 # [msec]
-
   Version      : 1.6
   Ways         : 32
   Words        : 1
   Feedback     : 1
   WordBits     : 32
   IndexBits    : 32
   Sort Order   : 0
   Sign Compare : 0
   Max Size     : 268435455
   Debug Enable : 1
   size         : 910000
   average_time :   15.952 # [msec]
   throughput   :   57.047 # [mwords/sec]
   Debug_Time(0):   15.574 # [msec]
   Debug_Time(1):    7.426 # [msec]
   Debug_Time(2):    4.477 # [msec]
   Debug_Time(3):    3.670 # [msec]
-
   Version      : 1.6
   Ways         : 32
   Words        : 1
   Feedback     : 1
   WordBits     : 32
   IndexBits    : 32
   Sort Order   : 0
   Sign Compare : 0
   Max Size     : 268435455
   Debug Enable : 1
   size         : 915000
   average_time :   16.024 # [msec]
   throughput   :   57.100 # [mwords/sec]
   Debug_Time(0):   15.722 # [msec]
   Debug_Time(1):    7.550 # [msec]
   Debug_Time(2):    4.481 # [msec]
   Debug_Time(3):    3.691 # [msec]
-
   Version      : 1.6
   Ways         : 32
   Words        : 1
   Feedback     : 1
   WordBits     : 32
   IndexBits    : 32
   Sort Order   : 0
   Sign Compare : 0
   Max Size     : 268435455
   Debug Enable : 1
   size         : 920000
   average_time :   16.118 # [msec]
   throughput   :   57.079 # [mwords/sec]
   Debug_Time(0):   15.838 # [msec]
   Debug_Time(1):    7.620 # [msec]
   Debug_Time(2):    4.507 # [msec]
   Debug_Time(3):    3.712 # [msec]
-
   Version      : 1.6
   Ways         : 32
   Words        : 1
   Feedback     : 1
   WordBits     : 32
   IndexBits    : 32
   Sort Order   : 0
   Sign Compare : 0
   Max Size     : 268435455
   Debug Enable : 1
   size         : 925000
   average_time :   16.215 # [msec]
   throughput   :   57.045 # [mwords/sec]
   Debug_Time(0):   15.917 # [msec]
   Debug_Time(1):    7.655 # [msec]
   Debug_Time(2):    4.530 # [msec]
   Debug_Time(3):    3.732 # [msec]
-
   Version      : 1.6
   Ways         : 32
   Words        : 1
   Feedback     : 1
   WordBits     : 32
   IndexBits    : 32
   Sort Order   : 0
   Sign Compare : 0
   Max Size     : 268435455
   Debug Enable : 1
   size         : 930000
   average_time :   16.280 # [msec]
   throughput   :   57.125 # [mwords/sec]
   Debug_Time(0):   15.987 # [msec]
   Debug_Time(1):    7.684 # [msec]
   Debug_Time(2):    4.551 # [msec]
   Debug_Time(3):    3.752 # [msec]
-
   Version      : 1.6
   Ways         : 32
   Words        : 1
   Feedback     : 1
   WordBits     : 32
   IndexBits    : 32
   Sort Order   : 0
   Sign Compare : 0
   Max Size     : 268435455
   Debug Enable : 1
   size         : 935000
   average_time :   16.373 # [msec]
   throughput   :   57.108 # [mwords/sec]
   Debug_Time(0):   16.053 # [msec]
   Debug_Time(1):    7.701 # [msec]
   Debug_Time(2):    4.580 # [msec]
   Debug_Time(3):    3.772 # [msec]
-
   Version      : 1.6
   Ways         : 32
   Words        : 1
   Feedback     : 1
   WordBits     : 32
   IndexBits    : 32
   Sort Order   : 0
   Sign Compare : 0
   Max Size     : 268435455
   Debug Enable : 1
   size         : 940000
   average_time :   16.447 # [msec]
   throughput   :   57.153 # [mwords/sec]
   Debug_Time(0):   16.128 # [msec]
   Debug_Time(1):    7.738 # [msec]
   Debug_Time(2):    4.598 # [msec]
   Debug_Time(3):    3.792 # [msec]
-
   Version      : 1.6
   Ways         : 32
   Words        : 1
   Feedback     : 1
   WordBits     : 32
   IndexBits    : 32
   Sort Order   : 0
   Sign Compare : 0
   Max Size     : 268435455
   Debug Enable : 1
   size         : 945000
   average_time :   16.507 # [msec]
   throughput   :   57.249 # [mwords/sec]
   Debug_Time(0):   16.231 # [msec]
   Debug_Time(1):    7.807 # [msec]
   Debug_Time(2):    4.612 # [msec]
   Debug_Time(3):    3.812 # [msec]
-
   Version      : 1.6
   Ways         : 32
   Words        : 1
   Feedback     : 1
   WordBits     : 32
   IndexBits    : 32
   Sort Order   : 0
   Sign Compare : 0
   Max Size     : 268435455
   Debug Enable : 1
   size         : 950000
   average_time :   16.584 # [msec]
   throughput   :   57.285 # [mwords/sec]
   Debug_Time(0):   16.130 # [msec]
   Debug_Time(1):    7.644 # [msec]
   Debug_Time(2):    4.654 # [msec]
   Debug_Time(3):    3.832 # [msec]
-
   Version      : 1.6
   Ways         : 32
   Words        : 1
   Feedback     : 1
   WordBits     : 32
   IndexBits    : 32
   Sort Order   : 0
   Sign Compare : 0
   Max Size     : 268435455
   Debug Enable : 1
   size         : 955000
   average_time :   16.687 # [msec]
   throughput   :   57.232 # [mwords/sec]
   Debug_Time(0):   16.369 # [msec]
   Debug_Time(1):    7.832 # [msec]
   Debug_Time(2):    4.684 # [msec]
   Debug_Time(3):    3.853 # [msec]
-
   Version      : 1.6
   Ways         : 32
   Words        : 1
   Feedback     : 1
   WordBits     : 32
   IndexBits    : 32
   Sort Order   : 0
   Sign Compare : 0
   Max Size     : 268435455
   Debug Enable : 1
   size         : 960000
   average_time :   16.715 # [msec]
   throughput   :   57.432 # [mwords/sec]
   Debug_Time(0):   16.495 # [msec]
   Debug_Time(1):    7.940 # [msec]
   Debug_Time(2):    4.682 # [msec]
   Debug_Time(3):    3.873 # [msec]
-
   Version      : 1.6
   Ways         : 32
   Words        : 1
   Feedback     : 1
   WordBits     : 32
   IndexBits    : 32
   Sort Order   : 0
   Sign Compare : 0
   Max Size     : 268435455
   Debug Enable : 1
   size         : 965000
   average_time :   16.876 # [msec]
   throughput   :   57.182 # [mwords/sec]
   Debug_Time(0):   16.585 # [msec]
   Debug_Time(1):    7.977 # [msec]
   Debug_Time(2):    4.715 # [msec]
   Debug_Time(3):    3.893 # [msec]
-
   Version      : 1.6
   Ways         : 32
   Words        : 1
   Feedback     : 1
   WordBits     : 32
   IndexBits    : 32
   Sort Order   : 0
   Sign Compare : 0
   Max Size     : 268435455
   Debug Enable : 1
   size         : 970000
   average_time :   16.971 # [msec]
   throughput   :   57.156 # [mwords/sec]
   Debug_Time(0):   16.676 # [msec]
   Debug_Time(1):    8.013 # [msec]
   Debug_Time(2):    4.749 # [msec]
   Debug_Time(3):    3.913 # [msec]
-
   Version      : 1.6
   Ways         : 32
   Words        : 1
   Feedback     : 1
   WordBits     : 32
   IndexBits    : 32
   Sort Order   : 0
   Sign Compare : 0
   Max Size     : 268435455
   Debug Enable : 1
   size         : 975000
   average_time :   17.082 # [msec]
   throughput   :   57.079 # [mwords/sec]
   Debug_Time(0):   16.768 # [msec]
   Debug_Time(1):    8.054 # [msec]
   Debug_Time(2):    4.780 # [msec]
   Debug_Time(3):    3.933 # [msec]
-
   Version      : 1.6
   Ways         : 32
   Words        : 1
   Feedback     : 1
   WordBits     : 32
   IndexBits    : 32
   Sort Order   : 0
   Sign Compare : 0
   Max Size     : 268435455
   Debug Enable : 1
   size         : 980000
   average_time :   17.127 # [msec]
   throughput   :   57.221 # [mwords/sec]
   Debug_Time(0):   16.772 # [msec]
   Debug_Time(1):    8.028 # [msec]
   Debug_Time(2):    4.790 # [msec]
   Debug_Time(3):    3.953 # [msec]
-
   Version      : 1.6
   Ways         : 32
   Words        : 1
   Feedback     : 1
   WordBits     : 32
   IndexBits    : 32
   Sort Order   : 0
   Sign Compare : 0
   Max Size     : 268435455
   Debug Enable : 1
   size         : 985000
   average_time :   17.207 # [msec]
   throughput   :   57.244 # [mwords/sec]
   Debug_Time(0):   16.911 # [msec]
   Debug_Time(1):    8.113 # [msec]
   Debug_Time(2):    4.824 # [msec]
   Debug_Time(3):    3.974 # [msec]
-
   Version      : 1.6
   Ways         : 32
   Words        : 1
   Feedback     : 1
   WordBits     : 32
   IndexBits    : 32
   Sort Order   : 0
   Sign Compare : 0
   Max Size     : 268435455
   Debug Enable : 1
   size         : 990000
   average_time :   17.280 # [msec]
   throughput   :   57.293 # [mwords/sec]
   Debug_Time(0):   16.995 # [msec]
   Debug_Time(1):    8.166 # [msec]
   Debug_Time(2):    4.835 # [msec]
   Debug_Time(3):    3.994 # [msec]
-
   Version      : 1.6
   Ways         : 32
   Words        : 1
   Feedback     : 1
   WordBits     : 32
   IndexBits    : 32
   Sort Order   : 0
   Sign Compare : 0
   Max Size     : 268435455
   Debug Enable : 1
   size         : 995000
   average_time :   17.376 # [msec]
   throughput   :   57.264 # [mwords/sec]
   Debug_Time(0):   17.103 # [msec]
   Debug_Time(1):    8.202 # [msec]
   Debug_Time(2):    4.888 # [msec]
   Debug_Time(3):    4.014 # [msec]
-
   Version      : 1.6
   Ways         : 32
   Words        : 1
   Feedback     : 1
   WordBits     : 32
   IndexBits    : 32
   Sort Order   : 0
   Sign Compare : 0
   Max Size     : 268435455
   Debug Enable : 1
   size         : 1000000
   average_time :   17.446 # [msec]
   throughput   :   57.320 # [mwords/sec]
   Debug_Time(0):   17.192 # [msec]
   Debug_Time(1):    8.262 # [msec]
   Debug_Time(2):    4.897 # [msec]
   Debug_Time(3):    4.034 # [msec]
