---
-
   Version      : 1.2
   Ways         : 16
   Words        : 1
   Feedback     : 1
   WordBits     : 32
   IndexBits    : 32
   Sort Order   : 0
   Sign Compare : 0
   Max Size     : 268435455
   Debug Enable : 1
   size         : 5000
   average_time :    0.258 # [msec]
   throughput   :   19.364 # [mwords/sec]
   Debug_Time(0):    0.096 # [msec]
   Debug_Time(1):    0.042 # [msec]
   Debug_Time(2):    0.031 # [msec]
   Debug_Time(3):    0.023 # [msec]
-
   Version      : 1.2
   Ways         : 16
   Words        : 1
   Feedback     : 1
   WordBits     : 32
   IndexBits    : 32
   Sort Order   : 0
   Sign Compare : 0
   Max Size     : 268435455
   Debug Enable : 1
   size         : 10000
   average_time :    0.347 # [msec]
   throughput   :   28.779 # [mwords/sec]
   Debug_Time(0):    0.182 # [msec]
   Debug_Time(1):    0.081 # [msec]
   Debug_Time(2):    0.057 # [msec]
   Debug_Time(3):    0.043 # [msec]
-
   Version      : 1.2
   Ways         : 16
   Words        : 1
   Feedback     : 1
   WordBits     : 32
   IndexBits    : 32
   Sort Order   : 0
   Sign Compare : 0
   Max Size     : 268435455
   Debug Enable : 1
   size         : 15000
   average_time :    0.434 # [msec]
   throughput   :   34.587 # [mwords/sec]
   Debug_Time(0):    0.271 # [msec]
   Debug_Time(1):    0.121 # [msec]
   Debug_Time(2):    0.085 # [msec]
   Debug_Time(3):    0.065 # [msec]
-
   Version      : 1.2
   Ways         : 16
   Words        : 1
   Feedback     : 1
   WordBits     : 32
   IndexBits    : 32
   Sort Order   : 0
   Sign Compare : 0
   Max Size     : 268435455
   Debug Enable : 1
   size         : 20000
   average_time :    0.527 # [msec]
   throughput   :   37.978 # [mwords/sec]
   Debug_Time(0):    0.362 # [msec]
   Debug_Time(1):    0.162 # [msec]
   Debug_Time(2):    0.115 # [msec]
   Debug_Time(3):    0.085 # [msec]
-
   Version      : 1.2
   Ways         : 16
   Words        : 1
   Feedback     : 1
   WordBits     : 32
   IndexBits    : 32
   Sort Order   : 0
   Sign Compare : 0
   Max Size     : 268435455
   Debug Enable : 1
   size         : 25000
   average_time :    0.612 # [msec]
   throughput   :   40.829 # [mwords/sec]
   Debug_Time(0):    0.447 # [msec]
   Debug_Time(1):    0.202 # [msec]
   Debug_Time(2):    0.138 # [msec]
   Debug_Time(3):    0.107 # [msec]
-
   Version      : 1.2
   Ways         : 16
   Words        : 1
   Feedback     : 1
   WordBits     : 32
   IndexBits    : 32
   Sort Order   : 0
   Sign Compare : 0
   Max Size     : 268435455
   Debug Enable : 1
   size         : 30000
   average_time :    0.698 # [msec]
   throughput   :   42.980 # [mwords/sec]
   Debug_Time(0):    0.535 # [msec]
   Debug_Time(1):    0.243 # [msec]
   Debug_Time(2):    0.164 # [msec]
   Debug_Time(3):    0.128 # [msec]
-
   Version      : 1.2
   Ways         : 16
   Words        : 1
   Feedback     : 1
   WordBits     : 32
   IndexBits    : 32
   Sort Order   : 0
   Sign Compare : 0
   Max Size     : 268435455
   Debug Enable : 1
   size         : 35000
   average_time :    0.799 # [msec]
   throughput   :   43.803 # [mwords/sec]
   Debug_Time(0):    0.621 # [msec]
   Debug_Time(1):    0.281 # [msec]
   Debug_Time(2):    0.190 # [msec]
   Debug_Time(3):    0.149 # [msec]
-
   Version      : 1.2
   Ways         : 16
   Words        : 1
   Feedback     : 1
   WordBits     : 32
   IndexBits    : 32
   Sort Order   : 0
   Sign Compare : 0
   Max Size     : 268435455
   Debug Enable : 1
   size         : 40000
   average_time :    0.890 # [msec]
   throughput   :   44.951 # [mwords/sec]
   Debug_Time(0):    0.713 # [msec]
   Debug_Time(1):    0.322 # [msec]
   Debug_Time(2):    0.220 # [msec]
   Debug_Time(3):    0.171 # [msec]
-
   Version      : 1.2
   Ways         : 16
   Words        : 1
   Feedback     : 1
   WordBits     : 32
   IndexBits    : 32
   Sort Order   : 0
   Sign Compare : 0
   Max Size     : 268435455
   Debug Enable : 1
   size         : 45000
   average_time :    0.986 # [msec]
   throughput   :   45.652 # [mwords/sec]
   Debug_Time(0):    0.800 # [msec]
   Debug_Time(1):    0.362 # [msec]
   Debug_Time(2):    0.247 # [msec]
   Debug_Time(3):    0.192 # [msec]
-
   Version      : 1.2
   Ways         : 16
   Words        : 1
   Feedback     : 1
   WordBits     : 32
   IndexBits    : 32
   Sort Order   : 0
   Sign Compare : 0
   Max Size     : 268435455
   Debug Enable : 1
   size         : 50000
   average_time :    1.068 # [msec]
   throughput   :   46.824 # [mwords/sec]
   Debug_Time(0):    0.887 # [msec]
   Debug_Time(1):    0.402 # [msec]
   Debug_Time(2):    0.270 # [msec]
   Debug_Time(3):    0.214 # [msec]
-
   Version      : 1.2
   Ways         : 16
   Words        : 1
   Feedback     : 1
   WordBits     : 32
   IndexBits    : 32
   Sort Order   : 0
   Sign Compare : 0
   Max Size     : 268435455
   Debug Enable : 1
   size         : 55000
   average_time :    1.160 # [msec]
   throughput   :   47.416 # [mwords/sec]
   Debug_Time(0):    0.974 # [msec]
   Debug_Time(1):    0.441 # [msec]
   Debug_Time(2):    0.298 # [msec]
   Debug_Time(3):    0.235 # [msec]
-
   Version      : 1.2
   Ways         : 16
   Words        : 1
   Feedback     : 1
   WordBits     : 32
   IndexBits    : 32
   Sort Order   : 0
   Sign Compare : 0
   Max Size     : 268435455
   Debug Enable : 1
   size         : 60000
   average_time :    1.247 # [msec]
   throughput   :   48.098 # [mwords/sec]
   Debug_Time(0):    1.062 # [msec]
   Debug_Time(1):    0.482 # [msec]
   Debug_Time(2):    0.325 # [msec]
   Debug_Time(3):    0.256 # [msec]
-
   Version      : 1.2
   Ways         : 16
   Words        : 1
   Feedback     : 1
   WordBits     : 32
   IndexBits    : 32
   Sort Order   : 0
   Sign Compare : 0
   Max Size     : 268435455
   Debug Enable : 1
   size         : 65000
   average_time :    1.337 # [msec]
   throughput   :   48.603 # [mwords/sec]
   Debug_Time(0):    1.149 # [msec]
   Debug_Time(1):    0.521 # [msec]
   Debug_Time(2):    0.351 # [msec]
   Debug_Time(3):    0.277 # [msec]
-
   Version      : 1.2
   Ways         : 16
   Words        : 1
   Feedback     : 1
   WordBits     : 32
   IndexBits    : 32
   Sort Order   : 0
   Sign Compare : 0
   Max Size     : 268435455
   Debug Enable : 1
   size         : 70000
   average_time :    1.711 # [msec]
   throughput   :   40.918 # [mwords/sec]
   Debug_Time(0):    1.520 # [msec]
   Debug_Time(1):    0.562 # [msec]
   Debug_Time(2):    0.379 # [msec]
   Debug_Time(3):    0.297 # [msec]
   Debug_Time(4):    0.282 # [msec]
-
   Version      : 1.2
   Ways         : 16
   Words        : 1
   Feedback     : 1
   WordBits     : 32
   IndexBits    : 32
   Sort Order   : 0
   Sign Compare : 0
   Max Size     : 268435455
   Debug Enable : 1
   size         : 75000
   average_time :    1.814 # [msec]
   throughput   :   41.343 # [mwords/sec]
   Debug_Time(0):    1.625 # [msec]
   Debug_Time(1):    0.601 # [msec]
   Debug_Time(2):    0.405 # [msec]
   Debug_Time(3):    0.317 # [msec]
   Debug_Time(4):    0.302 # [msec]
-
   Version      : 1.2
   Ways         : 16
   Words        : 1
   Feedback     : 1
   WordBits     : 32
   IndexBits    : 32
   Sort Order   : 0
   Sign Compare : 0
   Max Size     : 268435455
   Debug Enable : 1
   size         : 80000
   average_time :    1.935 # [msec]
   throughput   :   41.343 # [mwords/sec]
   Debug_Time(0):    1.736 # [msec]
   Debug_Time(1):    0.642 # [msec]
   Debug_Time(2):    0.433 # [msec]
   Debug_Time(3):    0.339 # [msec]
   Debug_Time(4):    0.322 # [msec]
-
   Version      : 1.2
   Ways         : 16
   Words        : 1
   Feedback     : 1
   WordBits     : 32
   IndexBits    : 32
   Sort Order   : 0
   Sign Compare : 0
   Max Size     : 268435455
   Debug Enable : 1
   size         : 85000
   average_time :    2.038 # [msec]
   throughput   :   41.716 # [mwords/sec]
   Debug_Time(0):    1.841 # [msec]
   Debug_Time(1):    0.681 # [msec]
   Debug_Time(2):    0.457 # [msec]
   Debug_Time(3):    0.360 # [msec]
   Debug_Time(4):    0.343 # [msec]
-
   Version      : 1.2
   Ways         : 16
   Words        : 1
   Feedback     : 1
   WordBits     : 32
   IndexBits    : 32
   Sort Order   : 0
   Sign Compare : 0
   Max Size     : 268435455
   Debug Enable : 1
   size         : 90000
   average_time :    2.156 # [msec]
   throughput   :   41.735 # [mwords/sec]
   Debug_Time(0):    1.950 # [msec]
   Debug_Time(1):    0.722 # [msec]
   Debug_Time(2):    0.485 # [msec]
   Debug_Time(3):    0.380 # [msec]
   Debug_Time(4):    0.363 # [msec]
-
   Version      : 1.2
   Ways         : 16
   Words        : 1
   Feedback     : 1
   WordBits     : 32
   IndexBits    : 32
   Sort Order   : 0
   Sign Compare : 0
   Max Size     : 268435455
   Debug Enable : 1
   size         : 95000
   average_time :    2.256 # [msec]
   throughput   :   42.101 # [mwords/sec]
   Debug_Time(0):    2.062 # [msec]
   Debug_Time(1):    0.763 # [msec]
   Debug_Time(2):    0.513 # [msec]
   Debug_Time(3):    0.403 # [msec]
   Debug_Time(4):    0.383 # [msec]
-
   Version      : 1.2
   Ways         : 16
   Words        : 1
   Feedback     : 1
   WordBits     : 32
   IndexBits    : 32
   Sort Order   : 0
   Sign Compare : 0
   Max Size     : 268435455
   Debug Enable : 1
   size         : 100000
   average_time :    2.364 # [msec]
   throughput   :   42.300 # [mwords/sec]
   Debug_Time(0):    2.165 # [msec]
   Debug_Time(1):    0.802 # [msec]
   Debug_Time(2):    0.537 # [msec]
   Debug_Time(3):    0.423 # [msec]
   Debug_Time(4):    0.403 # [msec]
-
   Version      : 1.2
   Ways         : 16
   Words        : 1
   Feedback     : 1
   WordBits     : 32
   IndexBits    : 32
   Sort Order   : 0
   Sign Compare : 0
   Max Size     : 268435455
   Debug Enable : 1
   size         : 105000
   average_time :    2.481 # [msec]
   throughput   :   42.321 # [mwords/sec]
   Debug_Time(0):    2.278 # [msec]
   Debug_Time(1):    0.842 # [msec]
   Debug_Time(2):    0.567 # [msec]
   Debug_Time(3):    0.446 # [msec]
   Debug_Time(4):    0.422 # [msec]
-
   Version      : 1.2
   Ways         : 16
   Words        : 1
   Feedback     : 1
   WordBits     : 32
   IndexBits    : 32
   Sort Order   : 0
   Sign Compare : 0
   Max Size     : 268435455
   Debug Enable : 1
   size         : 110000
   average_time :    2.593 # [msec]
   throughput   :   42.422 # [mwords/sec]
   Debug_Time(0):    2.386 # [msec]
   Debug_Time(1):    0.882 # [msec]
   Debug_Time(2):    0.593 # [msec]
   Debug_Time(3):    0.468 # [msec]
   Debug_Time(4):    0.442 # [msec]
-
   Version      : 1.2
   Ways         : 16
   Words        : 1
   Feedback     : 1
   WordBits     : 32
   IndexBits    : 32
   Sort Order   : 0
   Sign Compare : 0
   Max Size     : 268435455
   Debug Enable : 1
   size         : 115000
   average_time :    2.701 # [msec]
   throughput   :   42.569 # [mwords/sec]
   Debug_Time(0):    2.494 # [msec]
   Debug_Time(1):    0.923 # [msec]
   Debug_Time(2):    0.619 # [msec]
   Debug_Time(3):    0.489 # [msec]
   Debug_Time(4):    0.462 # [msec]
-
   Version      : 1.2
   Ways         : 16
   Words        : 1
   Feedback     : 1
   WordBits     : 32
   IndexBits    : 32
   Sort Order   : 0
   Sign Compare : 0
   Max Size     : 268435455
   Debug Enable : 1
   size         : 120000
   average_time :    2.817 # [msec]
   throughput   :   42.597 # [mwords/sec]
   Debug_Time(0):    2.601 # [msec]
   Debug_Time(1):    0.963 # [msec]
   Debug_Time(2):    0.644 # [msec]
   Debug_Time(3):    0.511 # [msec]
   Debug_Time(4):    0.483 # [msec]
-
   Version      : 1.2
   Ways         : 16
   Words        : 1
   Feedback     : 1
   WordBits     : 32
   IndexBits    : 32
   Sort Order   : 0
   Sign Compare : 0
   Max Size     : 268435455
   Debug Enable : 1
   size         : 125000
   average_time :    2.935 # [msec]
   throughput   :   42.596 # [mwords/sec]
   Debug_Time(0):    2.709 # [msec]
   Debug_Time(1):    1.002 # [msec]
   Debug_Time(2):    0.672 # [msec]
   Debug_Time(3):    0.531 # [msec]
   Debug_Time(4):    0.503 # [msec]
-
   Version      : 1.2
   Ways         : 16
   Words        : 1
   Feedback     : 1
   WordBits     : 32
   IndexBits    : 32
   Sort Order   : 0
   Sign Compare : 0
   Max Size     : 268435455
   Debug Enable : 1
   size         : 130000
   average_time :    3.033 # [msec]
   throughput   :   42.865 # [mwords/sec]
   Debug_Time(0):    2.814 # [msec]
   Debug_Time(1):    1.042 # [msec]
   Debug_Time(2):    0.697 # [msec]
   Debug_Time(3):    0.553 # [msec]
   Debug_Time(4):    0.523 # [msec]
-
   Version      : 1.2
   Ways         : 16
   Words        : 1
   Feedback     : 1
   WordBits     : 32
   IndexBits    : 32
   Sort Order   : 0
   Sign Compare : 0
   Max Size     : 268435455
   Debug Enable : 1
   size         : 135000
   average_time :    3.156 # [msec]
   throughput   :   42.781 # [mwords/sec]
   Debug_Time(0):    2.925 # [msec]
   Debug_Time(1):    1.083 # [msec]
   Debug_Time(2):    0.725 # [msec]
   Debug_Time(3):    0.572 # [msec]
   Debug_Time(4):    0.544 # [msec]
-
   Version      : 1.2
   Ways         : 16
   Words        : 1
   Feedback     : 1
   WordBits     : 32
   IndexBits    : 32
   Sort Order   : 0
   Sign Compare : 0
   Max Size     : 268435455
   Debug Enable : 1
   size         : 140000
   average_time :    3.263 # [msec]
   throughput   :   42.903 # [mwords/sec]
   Debug_Time(0):    3.029 # [msec]
   Debug_Time(1):    1.122 # [msec]
   Debug_Time(2):    0.751 # [msec]
   Debug_Time(3):    0.591 # [msec]
   Debug_Time(4):    0.564 # [msec]
-
   Version      : 1.2
   Ways         : 16
   Words        : 1
   Feedback     : 1
   WordBits     : 32
   IndexBits    : 32
   Sort Order   : 0
   Sign Compare : 0
   Max Size     : 268435455
   Debug Enable : 1
   size         : 145000
   average_time :    3.366 # [msec]
   throughput   :   43.079 # [mwords/sec]
   Debug_Time(0):    3.137 # [msec]
   Debug_Time(1):    1.162 # [msec]
   Debug_Time(2):    0.777 # [msec]
   Debug_Time(3):    0.614 # [msec]
   Debug_Time(4):    0.584 # [msec]
-
   Version      : 1.2
   Ways         : 16
   Words        : 1
   Feedback     : 1
   WordBits     : 32
   IndexBits    : 32
   Sort Order   : 0
   Sign Compare : 0
   Max Size     : 268435455
   Debug Enable : 1
   size         : 150000
   average_time :    3.481 # [msec]
   throughput   :   43.096 # [mwords/sec]
   Debug_Time(0):    3.245 # [msec]
   Debug_Time(1):    1.202 # [msec]
   Debug_Time(2):    0.804 # [msec]
   Debug_Time(3):    0.635 # [msec]
   Debug_Time(4):    0.604 # [msec]
-
   Version      : 1.2
   Ways         : 16
   Words        : 1
   Feedback     : 1
   WordBits     : 32
   IndexBits    : 32
   Sort Order   : 0
   Sign Compare : 0
   Max Size     : 268435455
   Debug Enable : 1
   size         : 155000
   average_time :    3.586 # [msec]
   throughput   :   43.227 # [mwords/sec]
   Debug_Time(0):    3.353 # [msec]
   Debug_Time(1):    1.243 # [msec]
   Debug_Time(2):    0.832 # [msec]
   Debug_Time(3):    0.654 # [msec]
   Debug_Time(4):    0.624 # [msec]
-
   Version      : 1.2
   Ways         : 16
   Words        : 1
   Feedback     : 1
   WordBits     : 32
   IndexBits    : 32
   Sort Order   : 0
   Sign Compare : 0
   Max Size     : 268435455
   Debug Enable : 1
   size         : 160000
   average_time :    3.698 # [msec]
   throughput   :   43.272 # [mwords/sec]
   Debug_Time(0):    3.463 # [msec]
   Debug_Time(1):    1.282 # [msec]
   Debug_Time(2):    0.860 # [msec]
   Debug_Time(3):    0.677 # [msec]
   Debug_Time(4):    0.644 # [msec]
-
   Version      : 1.2
   Ways         : 16
   Words        : 1
   Feedback     : 1
   WordBits     : 32
   IndexBits    : 32
   Sort Order   : 0
   Sign Compare : 0
   Max Size     : 268435455
   Debug Enable : 1
   size         : 165000
   average_time :    3.814 # [msec]
   throughput   :   43.263 # [mwords/sec]
   Debug_Time(0):    3.574 # [msec]
   Debug_Time(1):    1.323 # [msec]
   Debug_Time(2):    0.884 # [msec]
   Debug_Time(3):    0.702 # [msec]
   Debug_Time(4):    0.665 # [msec]
-
   Version      : 1.2
   Ways         : 16
   Words        : 1
   Feedback     : 1
   WordBits     : 32
   IndexBits    : 32
   Sort Order   : 0
   Sign Compare : 0
   Max Size     : 268435455
   Debug Enable : 1
   size         : 170000
   average_time :    3.928 # [msec]
   throughput   :   43.281 # [mwords/sec]
   Debug_Time(0):    3.683 # [msec]
   Debug_Time(1):    1.363 # [msec]
   Debug_Time(2):    0.914 # [msec]
   Debug_Time(3):    0.722 # [msec]
   Debug_Time(4):    0.685 # [msec]
-
   Version      : 1.2
   Ways         : 16
   Words        : 1
   Feedback     : 1
   WordBits     : 32
   IndexBits    : 32
   Sort Order   : 0
   Sign Compare : 0
   Max Size     : 268435455
   Debug Enable : 1
   size         : 175000
   average_time :    4.036 # [msec]
   throughput   :   43.365 # [mwords/sec]
   Debug_Time(0):    3.791 # [msec]
   Debug_Time(1):    1.403 # [msec]
   Debug_Time(2):    0.942 # [msec]
   Debug_Time(3):    0.741 # [msec]
   Debug_Time(4):    0.705 # [msec]
-
   Version      : 1.2
   Ways         : 16
   Words        : 1
   Feedback     : 1
   WordBits     : 32
   IndexBits    : 32
   Sort Order   : 0
   Sign Compare : 0
   Max Size     : 268435455
   Debug Enable : 1
   size         : 180000
   average_time :    4.155 # [msec]
   throughput   :   43.324 # [mwords/sec]
   Debug_Time(0):    3.896 # [msec]
   Debug_Time(1):    1.446 # [msec]
   Debug_Time(2):    0.962 # [msec]
   Debug_Time(3):    0.764 # [msec]
   Debug_Time(4):    0.724 # [msec]
-
   Version      : 1.2
   Ways         : 16
   Words        : 1
   Feedback     : 1
   WordBits     : 32
   IndexBits    : 32
   Sort Order   : 0
   Sign Compare : 0
   Max Size     : 268435455
   Debug Enable : 1
   size         : 185000
   average_time :    4.259 # [msec]
   throughput   :   43.438 # [mwords/sec]
   Debug_Time(0):    4.005 # [msec]
   Debug_Time(1):    1.483 # [msec]
   Debug_Time(2):    0.990 # [msec]
   Debug_Time(3):    0.788 # [msec]
   Debug_Time(4):    0.744 # [msec]
-
   Version      : 1.2
   Ways         : 16
   Words        : 1
   Feedback     : 1
   WordBits     : 32
   IndexBits    : 32
   Sort Order   : 0
   Sign Compare : 0
   Max Size     : 268435455
   Debug Enable : 1
   size         : 190000
   average_time :    4.390 # [msec]
   throughput   :   43.278 # [mwords/sec]
   Debug_Time(0):    4.128 # [msec]
   Debug_Time(1):    1.537 # [msec]
   Debug_Time(2):    1.018 # [msec]
   Debug_Time(3):    0.810 # [msec]
   Debug_Time(4):    0.764 # [msec]
-
   Version      : 1.2
   Ways         : 16
   Words        : 1
   Feedback     : 1
   WordBits     : 32
   IndexBits    : 32
   Sort Order   : 0
   Sign Compare : 0
   Max Size     : 268435455
   Debug Enable : 1
   size         : 195000
   average_time :    4.530 # [msec]
   throughput   :   43.047 # [mwords/sec]
   Debug_Time(0):    4.265 # [msec]
   Debug_Time(1):    1.609 # [msec]
   Debug_Time(2):    1.044 # [msec]
   Debug_Time(3):    0.828 # [msec]
   Debug_Time(4):    0.784 # [msec]
-
   Version      : 1.2
   Ways         : 16
   Words        : 1
   Feedback     : 1
   WordBits     : 32
   IndexBits    : 32
   Sort Order   : 0
   Sign Compare : 0
   Max Size     : 268435455
   Debug Enable : 1
   size         : 200000
   average_time :    4.627 # [msec]
   throughput   :   43.224 # [mwords/sec]
   Debug_Time(0):    4.373 # [msec]
   Debug_Time(1):    1.650 # [msec]
   Debug_Time(2):    1.072 # [msec]
   Debug_Time(3):    0.846 # [msec]
   Debug_Time(4):    0.805 # [msec]
-
   Version      : 1.2
   Ways         : 16
   Words        : 1
   Feedback     : 1
   WordBits     : 32
   IndexBits    : 32
   Sort Order   : 0
   Sign Compare : 0
   Max Size     : 268435455
   Debug Enable : 1
   size         : 205000
   average_time :    4.717 # [msec]
   throughput   :   43.457 # [mwords/sec]
   Debug_Time(0):    4.493 # [msec]
   Debug_Time(1):    1.703 # [msec]
   Debug_Time(2):    1.097 # [msec]
   Debug_Time(3):    0.867 # [msec]
   Debug_Time(4):    0.826 # [msec]
-
   Version      : 1.2
   Ways         : 16
   Words        : 1
   Feedback     : 1
   WordBits     : 32
   IndexBits    : 32
   Sort Order   : 0
   Sign Compare : 0
   Max Size     : 268435455
   Debug Enable : 1
   size         : 210000
   average_time :    4.868 # [msec]
   throughput   :   43.135 # [mwords/sec]
   Debug_Time(0):    4.639 # [msec]
   Debug_Time(1):    1.776 # [msec]
   Debug_Time(2):    1.128 # [msec]
   Debug_Time(3):    0.889 # [msec]
   Debug_Time(4):    0.846 # [msec]
-
   Version      : 1.2
   Ways         : 16
   Words        : 1
   Feedback     : 1
   WordBits     : 32
   IndexBits    : 32
   Sort Order   : 0
   Sign Compare : 0
   Max Size     : 268435455
   Debug Enable : 1
   size         : 215000
   average_time :    4.987 # [msec]
   throughput   :   43.111 # [mwords/sec]
   Debug_Time(0):    4.761 # [msec]
   Debug_Time(1):    1.835 # [msec]
   Debug_Time(2):    1.149 # [msec]
   Debug_Time(3):    0.911 # [msec]
   Debug_Time(4):    0.866 # [msec]
-
   Version      : 1.2
   Ways         : 16
   Words        : 1
   Feedback     : 1
   WordBits     : 32
   IndexBits    : 32
   Sort Order   : 0
   Sign Compare : 0
   Max Size     : 268435455
   Debug Enable : 1
   size         : 220000
   average_time :    5.111 # [msec]
   throughput   :   43.048 # [mwords/sec]
   Debug_Time(0):    4.888 # [msec]
   Debug_Time(1):    1.889 # [msec]
   Debug_Time(2):    1.179 # [msec]
   Debug_Time(3):    0.935 # [msec]
   Debug_Time(4):    0.886 # [msec]
-
   Version      : 1.2
   Ways         : 16
   Words        : 1
   Feedback     : 1
   WordBits     : 32
   IndexBits    : 32
   Sort Order   : 0
   Sign Compare : 0
   Max Size     : 268435455
   Debug Enable : 1
   size         : 225000
   average_time :    5.296 # [msec]
   throughput   :   42.486 # [mwords/sec]
   Debug_Time(0):    5.051 # [msec]
   Debug_Time(1):    1.986 # [msec]
   Debug_Time(2):    1.206 # [msec]
   Debug_Time(3):    0.954 # [msec]
   Debug_Time(4):    0.905 # [msec]
-
   Version      : 1.2
   Ways         : 16
   Words        : 1
   Feedback     : 1
   WordBits     : 32
   IndexBits    : 32
   Sort Order   : 0
   Sign Compare : 0
   Max Size     : 268435455
   Debug Enable : 1
   size         : 230000
   average_time :    5.364 # [msec]
   throughput   :   42.881 # [mwords/sec]
   Debug_Time(0):    5.160 # [msec]
   Debug_Time(1):    2.023 # [msec]
   Debug_Time(2):    1.232 # [msec]
   Debug_Time(3):    0.979 # [msec]
   Debug_Time(4):    0.926 # [msec]
-
   Version      : 1.2
   Ways         : 16
   Words        : 1
   Feedback     : 1
   WordBits     : 32
   IndexBits    : 32
   Sort Order   : 0
   Sign Compare : 0
   Max Size     : 268435455
   Debug Enable : 1
   size         : 235000
   average_time :    5.499 # [msec]
   throughput   :   42.732 # [mwords/sec]
   Debug_Time(0):    5.288 # [msec]
   Debug_Time(1):    2.084 # [msec]
   Debug_Time(2):    1.258 # [msec]
   Debug_Time(3):    1.000 # [msec]
   Debug_Time(4):    0.946 # [msec]
-
   Version      : 1.2
   Ways         : 16
   Words        : 1
   Feedback     : 1
   WordBits     : 32
   IndexBits    : 32
   Sort Order   : 0
   Sign Compare : 0
   Max Size     : 268435455
   Debug Enable : 1
   size         : 240000
   average_time :    5.593 # [msec]
   throughput   :   42.912 # [mwords/sec]
   Debug_Time(0):    5.383 # [msec]
   Debug_Time(1):    2.110 # [msec]
   Debug_Time(2):    1.290 # [msec]
   Debug_Time(3):    1.017 # [msec]
   Debug_Time(4):    0.965 # [msec]
-
   Version      : 1.2
   Ways         : 16
   Words        : 1
   Feedback     : 1
   WordBits     : 32
   IndexBits    : 32
   Sort Order   : 0
   Sign Compare : 0
   Max Size     : 268435455
   Debug Enable : 1
   size         : 245000
   average_time :    5.727 # [msec]
   throughput   :   42.777 # [mwords/sec]
   Debug_Time(0):    5.513 # [msec]
   Debug_Time(1):    2.169 # [msec]
   Debug_Time(2):    1.320 # [msec]
   Debug_Time(3):    1.039 # [msec]
   Debug_Time(4):    0.986 # [msec]
-
   Version      : 1.2
   Ways         : 16
   Words        : 1
   Feedback     : 1
   WordBits     : 32
   IndexBits    : 32
   Sort Order   : 0
   Sign Compare : 0
   Max Size     : 268435455
   Debug Enable : 1
   size         : 250000
   average_time :    5.849 # [msec]
   throughput   :   42.745 # [mwords/sec]
   Debug_Time(0):    5.659 # [msec]
   Debug_Time(1):    2.247 # [msec]
   Debug_Time(2):    1.346 # [msec]
   Debug_Time(3):    1.060 # [msec]
   Debug_Time(4):    1.006 # [msec]
-
   Version      : 1.2
   Ways         : 16
   Words        : 1
   Feedback     : 1
   WordBits     : 32
   IndexBits    : 32
   Sort Order   : 0
   Sign Compare : 0
   Max Size     : 268435455
   Debug Enable : 1
   size         : 255000
   average_time :    5.940 # [msec]
   throughput   :   42.932 # [mwords/sec]
   Debug_Time(0):    5.733 # [msec]
   Debug_Time(1):    2.265 # [msec]
   Debug_Time(2):    1.360 # [msec]
   Debug_Time(3):    1.081 # [msec]
   Debug_Time(4):    1.026 # [msec]
-
   Version      : 1.2
   Ways         : 16
   Words        : 1
   Feedback     : 1
   WordBits     : 32
   IndexBits    : 32
   Sort Order   : 0
   Sign Compare : 0
   Max Size     : 268435455
   Debug Enable : 1
   size         : 260000
   average_time :    6.050 # [msec]
   throughput   :   42.978 # [mwords/sec]
   Debug_Time(0):    5.771 # [msec]
   Debug_Time(1):    2.231 # [msec]
   Debug_Time(2):    1.392 # [msec]
   Debug_Time(3):    1.102 # [msec]
   Debug_Time(4):    1.046 # [msec]
-
   Version      : 1.2
   Ways         : 16
   Words        : 1
   Feedback     : 1
   WordBits     : 32
   IndexBits    : 32
   Sort Order   : 0
   Sign Compare : 0
   Max Size     : 268435455
   Debug Enable : 1
   size         : 265000
   average_time :    6.170 # [msec]
   throughput   :   42.953 # [mwords/sec]
   Debug_Time(0):    5.865 # [msec]
   Debug_Time(1):    2.250 # [msec]
   Debug_Time(2):    1.425 # [msec]
   Debug_Time(3):    1.123 # [msec]
   Debug_Time(4):    1.067 # [msec]
-
   Version      : 1.2
   Ways         : 16
   Words        : 1
   Feedback     : 1
   WordBits     : 32
   IndexBits    : 32
   Sort Order   : 0
   Sign Compare : 0
   Max Size     : 268435455
   Debug Enable : 1
   size         : 270000
   average_time :    6.287 # [msec]
   throughput   :   42.948 # [mwords/sec]
   Debug_Time(0):    5.978 # [msec]
   Debug_Time(1):    2.304 # [msec]
   Debug_Time(2):    1.445 # [msec]
   Debug_Time(3):    1.143 # [msec]
   Debug_Time(4):    1.086 # [msec]
-
   Version      : 1.2
   Ways         : 16
   Words        : 1
   Feedback     : 1
   WordBits     : 32
   IndexBits    : 32
   Sort Order   : 0
   Sign Compare : 0
   Max Size     : 268435455
   Debug Enable : 1
   size         : 275000
   average_time :    6.398 # [msec]
   throughput   :   42.980 # [mwords/sec]
   Debug_Time(0):    6.093 # [msec]
   Debug_Time(1):    2.347 # [msec]
   Debug_Time(2):    1.477 # [msec]
   Debug_Time(3):    1.162 # [msec]
   Debug_Time(4):    1.107 # [msec]
-
   Version      : 1.2
   Ways         : 16
   Words        : 1
   Feedback     : 1
   WordBits     : 32
   IndexBits    : 32
   Sort Order   : 0
   Sign Compare : 0
   Max Size     : 268435455
   Debug Enable : 1
   size         : 280000
   average_time :    6.497 # [msec]
   throughput   :   43.098 # [mwords/sec]
   Debug_Time(0):    6.207 # [msec]
   Debug_Time(1):    2.395 # [msec]
   Debug_Time(2):    1.501 # [msec]
   Debug_Time(3):    1.185 # [msec]
   Debug_Time(4):    1.127 # [msec]
-
   Version      : 1.2
   Ways         : 16
   Words        : 1
   Feedback     : 1
   WordBits     : 32
   IndexBits    : 32
   Sort Order   : 0
   Sign Compare : 0
   Max Size     : 268435455
   Debug Enable : 1
   size         : 285000
   average_time :    6.606 # [msec]
   throughput   :   43.140 # [mwords/sec]
   Debug_Time(0):    6.330 # [msec]
   Debug_Time(1):    2.449 # [msec]
   Debug_Time(2):    1.528 # [msec]
   Debug_Time(3):    1.206 # [msec]
   Debug_Time(4):    1.147 # [msec]
-
   Version      : 1.2
   Ways         : 16
   Words        : 1
   Feedback     : 1
   WordBits     : 32
   IndexBits    : 32
   Sort Order   : 0
   Sign Compare : 0
   Max Size     : 268435455
   Debug Enable : 1
   size         : 290000
   average_time :    6.716 # [msec]
   throughput   :   43.183 # [mwords/sec]
   Debug_Time(0):    6.432 # [msec]
   Debug_Time(1):    2.488 # [msec]
   Debug_Time(2):    1.553 # [msec]
   Debug_Time(3):    1.224 # [msec]
   Debug_Time(4):    1.167 # [msec]
-
   Version      : 1.2
   Ways         : 16
   Words        : 1
   Feedback     : 1
   WordBits     : 32
   IndexBits    : 32
   Sort Order   : 0
   Sign Compare : 0
   Max Size     : 268435455
   Debug Enable : 1
   size         : 295000
   average_time :    6.826 # [msec]
   throughput   :   43.216 # [mwords/sec]
   Debug_Time(0):    6.544 # [msec]
   Debug_Time(1):    2.532 # [msec]
   Debug_Time(2):    1.575 # [msec]
   Debug_Time(3):    1.250 # [msec]
   Debug_Time(4):    1.187 # [msec]
-
   Version      : 1.2
   Ways         : 16
   Words        : 1
   Feedback     : 1
   WordBits     : 32
   IndexBits    : 32
   Sort Order   : 0
   Sign Compare : 0
   Max Size     : 268435455
   Debug Enable : 1
   size         : 300000
   average_time :    6.926 # [msec]
   throughput   :   43.316 # [mwords/sec]
   Debug_Time(0):    6.672 # [msec]
   Debug_Time(1):    2.582 # [msec]
   Debug_Time(2):    1.611 # [msec]
   Debug_Time(3):    1.272 # [msec]
   Debug_Time(4):    1.207 # [msec]
-
   Version      : 1.2
   Ways         : 16
   Words        : 1
   Feedback     : 1
   WordBits     : 32
   IndexBits    : 32
   Sort Order   : 0
   Sign Compare : 0
   Max Size     : 268435455
   Debug Enable : 1
   size         : 305000
   average_time :    7.058 # [msec]
   throughput   :   43.213 # [mwords/sec]
   Debug_Time(0):    6.823 # [msec]
   Debug_Time(1):    2.669 # [msec]
   Debug_Time(2):    1.634 # [msec]
   Debug_Time(3):    1.293 # [msec]
   Debug_Time(4):    1.227 # [msec]
-
   Version      : 1.2
   Ways         : 16
   Words        : 1
   Feedback     : 1
   WordBits     : 32
   IndexBits    : 32
   Sort Order   : 0
   Sign Compare : 0
   Max Size     : 268435455
   Debug Enable : 1
   size         : 310000
   average_time :    7.156 # [msec]
   throughput   :   43.319 # [mwords/sec]
   Debug_Time(0):    6.926 # [msec]
   Debug_Time(1):    2.708 # [msec]
   Debug_Time(2):    1.660 # [msec]
   Debug_Time(3):    1.311 # [msec]
   Debug_Time(4):    1.247 # [msec]
-
   Version      : 1.2
   Ways         : 16
   Words        : 1
   Feedback     : 1
   WordBits     : 32
   IndexBits    : 32
   Sort Order   : 0
   Sign Compare : 0
   Max Size     : 268435455
   Debug Enable : 1
   size         : 315000
   average_time :    7.279 # [msec]
   throughput   :   43.275 # [mwords/sec]
   Debug_Time(0):    6.968 # [msec]
   Debug_Time(1):    2.681 # [msec]
   Debug_Time(2):    1.686 # [msec]
   Debug_Time(3):    1.335 # [msec]
   Debug_Time(4):    1.266 # [msec]
-
   Version      : 1.2
   Ways         : 16
   Words        : 1
   Feedback     : 1
   WordBits     : 32
   IndexBits    : 32
   Sort Order   : 0
   Sign Compare : 0
   Max Size     : 268435455
   Debug Enable : 1
   size         : 320000
   average_time :    7.384 # [msec]
   throughput   :   43.335 # [mwords/sec]
   Debug_Time(0):    7.089 # [msec]
   Debug_Time(1):    2.730 # [msec]
   Debug_Time(2):    1.715 # [msec]
   Debug_Time(3):    1.357 # [msec]
   Debug_Time(4):    1.286 # [msec]
-
   Version      : 1.2
   Ways         : 16
   Words        : 1
   Feedback     : 1
   WordBits     : 32
   IndexBits    : 32
   Sort Order   : 0
   Sign Compare : 0
   Max Size     : 268435455
   Debug Enable : 1
   size         : 325000
   average_time :    7.544 # [msec]
   throughput   :   43.079 # [mwords/sec]
   Debug_Time(0):    7.235 # [msec]
   Debug_Time(1):    2.802 # [msec]
   Debug_Time(2):    1.749 # [msec]
   Debug_Time(3):    1.377 # [msec]
   Debug_Time(4):    1.307 # [msec]
-
   Version      : 1.2
   Ways         : 16
   Words        : 1
   Feedback     : 1
   WordBits     : 32
   IndexBits    : 32
   Sort Order   : 0
   Sign Compare : 0
   Max Size     : 268435455
   Debug Enable : 1
   size         : 330000
   average_time :    7.590 # [msec]
   throughput   :   43.481 # [mwords/sec]
   Debug_Time(0):    7.315 # [msec]
   Debug_Time(1):    2.826 # [msec]
   Debug_Time(2):    1.762 # [msec]
   Debug_Time(3):    1.399 # [msec]
   Debug_Time(4):    1.328 # [msec]
-
   Version      : 1.2
   Ways         : 16
   Words        : 1
   Feedback     : 1
   WordBits     : 32
   IndexBits    : 32
   Sort Order   : 0
   Sign Compare : 0
   Max Size     : 268435455
   Debug Enable : 1
   size         : 335000
   average_time :    7.709 # [msec]
   throughput   :   43.454 # [mwords/sec]
   Debug_Time(0):    7.431 # [msec]
   Debug_Time(1):    2.867 # [msec]
   Debug_Time(2):    1.796 # [msec]
   Debug_Time(3):    1.419 # [msec]
   Debug_Time(4):    1.349 # [msec]
-
   Version      : 1.2
   Ways         : 16
   Words        : 1
   Feedback     : 1
   WordBits     : 32
   IndexBits    : 32
   Sort Order   : 0
   Sign Compare : 0
   Max Size     : 268435455
   Debug Enable : 1
   size         : 340000
   average_time :    7.824 # [msec]
   throughput   :   43.457 # [mwords/sec]
   Debug_Time(0):    7.541 # [msec]
   Debug_Time(1):    2.906 # [msec]
   Debug_Time(2):    1.828 # [msec]
   Debug_Time(3):    1.439 # [msec]
   Debug_Time(4):    1.368 # [msec]
-
   Version      : 1.2
   Ways         : 16
   Words        : 1
   Feedback     : 1
   WordBits     : 32
   IndexBits    : 32
   Sort Order   : 0
   Sign Compare : 0
   Max Size     : 268435455
   Debug Enable : 1
   size         : 345000
   average_time :    7.927 # [msec]
   throughput   :   43.525 # [mwords/sec]
   Debug_Time(0):    7.663 # [msec]
   Debug_Time(1):    2.961 # [msec]
   Debug_Time(2):    1.856 # [msec]
   Debug_Time(3):    1.458 # [msec]
   Debug_Time(4):    1.388 # [msec]
-
   Version      : 1.2
   Ways         : 16
   Words        : 1
   Feedback     : 1
   WordBits     : 32
   IndexBits    : 32
   Sort Order   : 0
   Sign Compare : 0
   Max Size     : 268435455
   Debug Enable : 1
   size         : 350000
   average_time :    8.040 # [msec]
   throughput   :   43.530 # [mwords/sec]
   Debug_Time(0):    7.780 # [msec]
   Debug_Time(1):    3.019 # [msec]
   Debug_Time(2):    1.870 # [msec]
   Debug_Time(3):    1.483 # [msec]
   Debug_Time(4):    1.408 # [msec]
-
   Version      : 1.2
   Ways         : 16
   Words        : 1
   Feedback     : 1
   WordBits     : 32
   IndexBits    : 32
   Sort Order   : 0
   Sign Compare : 0
   Max Size     : 268435455
   Debug Enable : 1
   size         : 355000
   average_time :    8.150 # [msec]
   throughput   :   43.556 # [mwords/sec]
   Debug_Time(0):    7.879 # [msec]
   Debug_Time(1):    3.050 # [msec]
   Debug_Time(2):    1.897 # [msec]
   Debug_Time(3):    1.504 # [msec]
   Debug_Time(4):    1.428 # [msec]
-
   Version      : 1.2
   Ways         : 16
   Words        : 1
   Feedback     : 1
   WordBits     : 32
   IndexBits    : 32
   Sort Order   : 0
   Sign Compare : 0
   Max Size     : 268435455
   Debug Enable : 1
   size         : 360000
   average_time :    8.249 # [msec]
   throughput   :   43.640 # [mwords/sec]
   Debug_Time(0):    7.990 # [msec]
   Debug_Time(1):    3.081 # [msec]
   Debug_Time(2):    1.936 # [msec]
   Debug_Time(3):    1.525 # [msec]
   Debug_Time(4):    1.447 # [msec]
-
   Version      : 1.2
   Ways         : 16
   Words        : 1
   Feedback     : 1
   WordBits     : 32
   IndexBits    : 32
   Sort Order   : 0
   Sign Compare : 0
   Max Size     : 268435455
   Debug Enable : 1
   size         : 365000
   average_time :    8.384 # [msec]
   throughput   :   43.537 # [mwords/sec]
   Debug_Time(0):    8.068 # [msec]
   Debug_Time(1):    3.095 # [msec]
   Debug_Time(2):    1.960 # [msec]
   Debug_Time(3):    1.546 # [msec]
   Debug_Time(4):    1.468 # [msec]
-
   Version      : 1.2
   Ways         : 16
   Words        : 1
   Feedback     : 1
   WordBits     : 32
   IndexBits    : 32
   Sort Order   : 0
   Sign Compare : 0
   Max Size     : 268435455
   Debug Enable : 1
   size         : 370000
   average_time :    8.497 # [msec]
   throughput   :   43.547 # [mwords/sec]
   Debug_Time(0):    8.214 # [msec]
   Debug_Time(1):    3.168 # [msec]
   Debug_Time(2):    1.991 # [msec]
   Debug_Time(3):    1.566 # [msec]
   Debug_Time(4):    1.488 # [msec]
-
   Version      : 1.2
   Ways         : 16
   Words        : 1
   Feedback     : 1
   WordBits     : 32
   IndexBits    : 32
   Sort Order   : 0
   Sign Compare : 0
   Max Size     : 268435455
   Debug Enable : 1
   size         : 375000
   average_time :    8.599 # [msec]
   throughput   :   43.608 # [mwords/sec]
   Debug_Time(0):    8.367 # [msec]
   Debug_Time(1):    3.252 # [msec]
   Debug_Time(2):    2.015 # [msec]
   Debug_Time(3):    1.592 # [msec]
   Debug_Time(4):    1.508 # [msec]
-
   Version      : 1.2
   Ways         : 16
   Words        : 1
   Feedback     : 1
   WordBits     : 32
   IndexBits    : 32
   Sort Order   : 0
   Sign Compare : 0
   Max Size     : 268435455
   Debug Enable : 1
   size         : 380000
   average_time :    8.692 # [msec]
   throughput   :   43.720 # [mwords/sec]
   Debug_Time(0):    8.448 # [msec]
   Debug_Time(1):    3.272 # [msec]
   Debug_Time(2):    2.041 # [msec]
   Debug_Time(3):    1.607 # [msec]
   Debug_Time(4):    1.528 # [msec]
-
   Version      : 1.2
   Ways         : 16
   Words        : 1
   Feedback     : 1
   WordBits     : 32
   IndexBits    : 32
   Sort Order   : 0
   Sign Compare : 0
   Max Size     : 268435455
   Debug Enable : 1
   size         : 385000
   average_time :    8.802 # [msec]
   throughput   :   43.739 # [mwords/sec]
   Debug_Time(0):    8.456 # [msec]
   Debug_Time(1):    3.209 # [msec]
   Debug_Time(2):    2.068 # [msec]
   Debug_Time(3):    1.631 # [msec]
   Debug_Time(4):    1.548 # [msec]
-
   Version      : 1.2
   Ways         : 16
   Words        : 1
   Feedback     : 1
   WordBits     : 32
   IndexBits    : 32
   Sort Order   : 0
   Sign Compare : 0
   Max Size     : 268435455
   Debug Enable : 1
   size         : 390000
   average_time :    8.907 # [msec]
   throughput   :   43.788 # [mwords/sec]
   Debug_Time(0):    8.666 # [msec]
   Debug_Time(1):    3.347 # [msec]
   Debug_Time(2):    2.098 # [msec]
   Debug_Time(3):    1.654 # [msec]
   Debug_Time(4):    1.568 # [msec]
-
   Version      : 1.2
   Ways         : 16
   Words        : 1
   Feedback     : 1
   WordBits     : 32
   IndexBits    : 32
   Sort Order   : 0
   Sign Compare : 0
   Max Size     : 268435455
   Debug Enable : 1
   size         : 395000
   average_time :    9.016 # [msec]
   throughput   :   43.812 # [mwords/sec]
   Debug_Time(0):    8.799 # [msec]
   Debug_Time(1):    3.417 # [msec]
   Debug_Time(2):    2.120 # [msec]
   Debug_Time(3):    1.674 # [msec]
   Debug_Time(4):    1.589 # [msec]
-
   Version      : 1.2
   Ways         : 16
   Words        : 1
   Feedback     : 1
   WordBits     : 32
   IndexBits    : 32
   Sort Order   : 0
   Sign Compare : 0
   Max Size     : 268435455
   Debug Enable : 1
   size         : 400000
   average_time :    9.143 # [msec]
   throughput   :   43.751 # [mwords/sec]
   Debug_Time(0):    8.889 # [msec]
   Debug_Time(1):    3.437 # [msec]
   Debug_Time(2):    2.151 # [msec]
   Debug_Time(3):    1.693 # [msec]
   Debug_Time(4):    1.608 # [msec]
-
   Version      : 1.2
   Ways         : 16
   Words        : 1
   Feedback     : 1
   WordBits     : 32
   IndexBits    : 32
   Sort Order   : 0
   Sign Compare : 0
   Max Size     : 268435455
   Debug Enable : 1
   size         : 405000
   average_time :    9.239 # [msec]
   throughput   :   43.837 # [mwords/sec]
   Debug_Time(0):    8.972 # [msec]
   Debug_Time(1):    3.457 # [msec]
   Debug_Time(2):    2.174 # [msec]
   Debug_Time(3):    1.713 # [msec]
   Debug_Time(4):    1.629 # [msec]
-
   Version      : 1.2
   Ways         : 16
   Words        : 1
   Feedback     : 1
   WordBits     : 32
   IndexBits    : 32
   Sort Order   : 0
   Sign Compare : 0
   Max Size     : 268435455
   Debug Enable : 1
   size         : 410000
   average_time :    9.348 # [msec]
   throughput   :   43.860 # [mwords/sec]
   Debug_Time(0):    9.038 # [msec]
   Debug_Time(1):    3.452 # [msec]
   Debug_Time(2):    2.203 # [msec]
   Debug_Time(3):    1.734 # [msec]
   Debug_Time(4):    1.649 # [msec]
-
   Version      : 1.2
   Ways         : 16
   Words        : 1
   Feedback     : 1
   WordBits     : 32
   IndexBits    : 32
   Sort Order   : 0
   Sign Compare : 0
   Max Size     : 268435455
   Debug Enable : 1
   size         : 415000
   average_time :    9.469 # [msec]
   throughput   :   43.828 # [mwords/sec]
   Debug_Time(0):    9.157 # [msec]
   Debug_Time(1):    3.511 # [msec]
   Debug_Time(2):    2.221 # [msec]
   Debug_Time(3):    1.756 # [msec]
   Debug_Time(4):    1.669 # [msec]
-
   Version      : 1.2
   Ways         : 16
   Words        : 1
   Feedback     : 1
   WordBits     : 32
   IndexBits    : 32
   Sort Order   : 0
   Sign Compare : 0
   Max Size     : 268435455
   Debug Enable : 1
   size         : 420000
   average_time :    9.558 # [msec]
   throughput   :   43.944 # [mwords/sec]
   Debug_Time(0):    9.217 # [msec]
   Debug_Time(1):    3.509 # [msec]
   Debug_Time(2):    2.241 # [msec]
   Debug_Time(3):    1.777 # [msec]
   Debug_Time(4):    1.689 # [msec]
-
   Version      : 1.2
   Ways         : 16
   Words        : 1
   Feedback     : 1
   WordBits     : 32
   IndexBits    : 32
   Sort Order   : 0
   Sign Compare : 0
   Max Size     : 268435455
   Debug Enable : 1
   size         : 425000
   average_time :    9.678 # [msec]
   throughput   :   43.915 # [mwords/sec]
   Debug_Time(0):    9.330 # [msec]
   Debug_Time(1):    3.547 # [msec]
   Debug_Time(2):    2.272 # [msec]
   Debug_Time(3):    1.801 # [msec]
   Debug_Time(4):    1.709 # [msec]
-
   Version      : 1.2
   Ways         : 16
   Words        : 1
   Feedback     : 1
   WordBits     : 32
   IndexBits    : 32
   Sort Order   : 0
   Sign Compare : 0
   Max Size     : 268435455
   Debug Enable : 1
   size         : 430000
   average_time :    9.782 # [msec]
   throughput   :   43.957 # [mwords/sec]
   Debug_Time(0):    9.430 # [msec]
   Debug_Time(1):    3.581 # [msec]
   Debug_Time(2):    2.297 # [msec]
   Debug_Time(3):    1.823 # [msec]
   Debug_Time(4):    1.729 # [msec]
-
   Version      : 1.2
   Ways         : 16
   Words        : 1
   Feedback     : 1
   WordBits     : 32
   IndexBits    : 32
   Sort Order   : 0
   Sign Compare : 0
   Max Size     : 268435455
   Debug Enable : 1
   size         : 435000
   average_time :    9.901 # [msec]
   throughput   :   43.934 # [mwords/sec]
   Debug_Time(0):    9.565 # [msec]
   Debug_Time(1):    3.651 # [msec]
   Debug_Time(2):    2.327 # [msec]
   Debug_Time(3):    1.838 # [msec]
   Debug_Time(4):    1.749 # [msec]
-
   Version      : 1.2
   Ways         : 16
   Words        : 1
   Feedback     : 1
   WordBits     : 32
   IndexBits    : 32
   Sort Order   : 0
   Sign Compare : 0
   Max Size     : 268435455
   Debug Enable : 1
   size         : 440000
   average_time :   10.017 # [msec]
   throughput   :   43.925 # [mwords/sec]
   Debug_Time(0):    9.680 # [msec]
   Debug_Time(1):    3.692 # [msec]
   Debug_Time(2):    2.353 # [msec]
   Debug_Time(3):    1.866 # [msec]
   Debug_Time(4):    1.769 # [msec]
-
   Version      : 1.2
   Ways         : 16
   Words        : 1
   Feedback     : 1
   WordBits     : 32
   IndexBits    : 32
   Sort Order   : 0
   Sign Compare : 0
   Max Size     : 268435455
   Debug Enable : 1
   size         : 445000
   average_time :   10.104 # [msec]
   throughput   :   44.042 # [mwords/sec]
   Debug_Time(0):    9.789 # [msec]
   Debug_Time(1):    3.738 # [msec]
   Debug_Time(2):    2.376 # [msec]
   Debug_Time(3):    1.886 # [msec]
   Debug_Time(4):    1.789 # [msec]
-
   Version      : 1.2
   Ways         : 16
   Words        : 1
   Feedback     : 1
   WordBits     : 32
   IndexBits    : 32
   Sort Order   : 0
   Sign Compare : 0
   Max Size     : 268435455
   Debug Enable : 1
   size         : 450000
   average_time :   10.220 # [msec]
   throughput   :   44.031 # [mwords/sec]
   Debug_Time(0):    9.917 # [msec]
   Debug_Time(1):    3.797 # [msec]
   Debug_Time(2):    2.407 # [msec]
   Debug_Time(3):    1.905 # [msec]
   Debug_Time(4):    1.809 # [msec]
-
   Version      : 1.2
   Ways         : 16
   Words        : 1
   Feedback     : 1
   WordBits     : 32
   IndexBits    : 32
   Sort Order   : 0
   Sign Compare : 0
   Max Size     : 268435455
   Debug Enable : 1
   size         : 455000
   average_time :   10.344 # [msec]
   throughput   :   43.987 # [mwords/sec]
   Debug_Time(0):   10.043 # [msec]
   Debug_Time(1):    3.850 # [msec]
   Debug_Time(2):    2.436 # [msec]
   Debug_Time(3):    1.928 # [msec]
   Debug_Time(4):    1.829 # [msec]
-
   Version      : 1.2
   Ways         : 16
   Words        : 1
   Feedback     : 1
   WordBits     : 32
   IndexBits    : 32
   Sort Order   : 0
   Sign Compare : 0
   Max Size     : 268435455
   Debug Enable : 1
   size         : 460000
   average_time :   10.431 # [msec]
   throughput   :   44.100 # [mwords/sec]
   Debug_Time(0):   10.189 # [msec]
   Debug_Time(1):    3.930 # [msec]
   Debug_Time(2):    2.460 # [msec]
   Debug_Time(3):    1.949 # [msec]
   Debug_Time(4):    1.850 # [msec]
-
   Version      : 1.2
   Ways         : 16
   Words        : 1
   Feedback     : 1
   WordBits     : 32
   IndexBits    : 32
   Sort Order   : 0
   Sign Compare : 0
   Max Size     : 268435455
   Debug Enable : 1
   size         : 465000
   average_time :   10.541 # [msec]
   throughput   :   44.113 # [mwords/sec]
   Debug_Time(0):   10.285 # [msec]
   Debug_Time(1):    3.958 # [msec]
   Debug_Time(2):    2.487 # [msec]
   Debug_Time(3):    1.969 # [msec]
   Debug_Time(4):    1.870 # [msec]
-
   Version      : 1.2
   Ways         : 16
   Words        : 1
   Feedback     : 1
   WordBits     : 32
   IndexBits    : 32
   Sort Order   : 0
   Sign Compare : 0
   Max Size     : 268435455
   Debug Enable : 1
   size         : 470000
   average_time :   10.621 # [msec]
   throughput   :   44.252 # [mwords/sec]
   Debug_Time(0):   10.414 # [msec]
   Debug_Time(1):    4.021 # [msec]
   Debug_Time(2):    2.515 # [msec]
   Debug_Time(3):    1.987 # [msec]
   Debug_Time(4):    1.890 # [msec]
-
   Version      : 1.2
   Ways         : 16
   Words        : 1
   Feedback     : 1
   WordBits     : 32
   IndexBits    : 32
   Sort Order   : 0
   Sign Compare : 0
   Max Size     : 268435455
   Debug Enable : 1
   size         : 475000
   average_time :   10.767 # [msec]
   throughput   :   44.117 # [mwords/sec]
   Debug_Time(0):   10.531 # [msec]
   Debug_Time(1):    4.068 # [msec]
   Debug_Time(2):    2.546 # [msec]
   Debug_Time(3):    2.007 # [msec]
   Debug_Time(4):    1.910 # [msec]
-
   Version      : 1.2
   Ways         : 16
   Words        : 1
   Feedback     : 1
   WordBits     : 32
   IndexBits    : 32
   Sort Order   : 0
   Sign Compare : 0
   Max Size     : 268435455
   Debug Enable : 1
   size         : 480000
   average_time :   10.873 # [msec]
   throughput   :   44.146 # [mwords/sec]
   Debug_Time(0):   10.639 # [msec]
   Debug_Time(1):    4.110 # [msec]
   Debug_Time(2):    2.567 # [msec]
   Debug_Time(3):    2.031 # [msec]
   Debug_Time(4):    1.930 # [msec]
-
   Version      : 1.2
   Ways         : 16
   Words        : 1
   Feedback     : 1
   WordBits     : 32
   IndexBits    : 32
   Sort Order   : 0
   Sign Compare : 0
   Max Size     : 268435455
   Debug Enable : 1
   size         : 485000
   average_time :   10.985 # [msec]
   throughput   :   44.150 # [mwords/sec]
   Debug_Time(0):   10.719 # [msec]
   Debug_Time(1):    4.117 # [msec]
   Debug_Time(2):    2.593 # [msec]
   Debug_Time(3):    2.060 # [msec]
   Debug_Time(4):    1.950 # [msec]
-
   Version      : 1.2
   Ways         : 16
   Words        : 1
   Feedback     : 1
   WordBits     : 32
   IndexBits    : 32
   Sort Order   : 0
   Sign Compare : 0
   Max Size     : 268435455
   Debug Enable : 1
   size         : 490000
   average_time :   11.080 # [msec]
   throughput   :   44.223 # [mwords/sec]
   Debug_Time(0):   10.745 # [msec]
   Debug_Time(1):    4.075 # [msec]
   Debug_Time(2):    2.626 # [msec]
   Debug_Time(3):    2.075 # [msec]
   Debug_Time(4):    1.970 # [msec]
-
   Version      : 1.2
   Ways         : 16
   Words        : 1
   Feedback     : 1
   WordBits     : 32
   IndexBits    : 32
   Sort Order   : 0
   Sign Compare : 0
   Max Size     : 268435455
   Debug Enable : 1
   size         : 495000
   average_time :   11.206 # [msec]
   throughput   :   44.171 # [mwords/sec]
   Debug_Time(0):   10.891 # [msec]
   Debug_Time(1):    4.153 # [msec]
   Debug_Time(2):    2.655 # [msec]
   Debug_Time(3):    2.092 # [msec]
   Debug_Time(4):    1.990 # [msec]
-
   Version      : 1.2
   Ways         : 16
   Words        : 1
   Feedback     : 1
   WordBits     : 32
   IndexBits    : 32
   Sort Order   : 0
   Sign Compare : 0
   Max Size     : 268435455
   Debug Enable : 1
   size         : 500000
   average_time :   11.328 # [msec]
   throughput   :   44.137 # [mwords/sec]
   Debug_Time(0):   11.082 # [msec]
   Debug_Time(1):    4.273 # [msec]
   Debug_Time(2):    2.676 # [msec]
   Debug_Time(3):    2.122 # [msec]
   Debug_Time(4):    2.010 # [msec]
-
   Version      : 1.2
   Ways         : 16
   Words        : 1
   Feedback     : 1
   WordBits     : 32
   IndexBits    : 32
   Sort Order   : 0
   Sign Compare : 0
   Max Size     : 268435455
   Debug Enable : 1
   size         : 505000
   average_time :   11.429 # [msec]
   throughput   :   44.186 # [mwords/sec]
   Debug_Time(0):   11.188 # [msec]
   Debug_Time(1):    4.316 # [msec]
   Debug_Time(2):    2.701 # [msec]
   Debug_Time(3):    2.141 # [msec]
   Debug_Time(4):    2.030 # [msec]
-
   Version      : 1.2
   Ways         : 16
   Words        : 1
   Feedback     : 1
   WordBits     : 32
   IndexBits    : 32
   Sort Order   : 0
   Sign Compare : 0
   Max Size     : 268435455
   Debug Enable : 1
   size         : 510000
   average_time :   11.517 # [msec]
   throughput   :   44.281 # [mwords/sec]
   Debug_Time(0):   11.153 # [msec]
   Debug_Time(1):    4.221 # [msec]
   Debug_Time(2):    2.724 # [msec]
   Debug_Time(3):    2.157 # [msec]
   Debug_Time(4):    2.050 # [msec]
-
   Version      : 1.2
   Ways         : 16
   Words        : 1
   Feedback     : 1
   WordBits     : 32
   IndexBits    : 32
   Sort Order   : 0
   Sign Compare : 0
   Max Size     : 268435455
   Debug Enable : 1
   size         : 515000
   average_time :   11.608 # [msec]
   throughput   :   44.366 # [mwords/sec]
   Debug_Time(0):   11.375 # [msec]
   Debug_Time(1):    4.370 # [msec]
   Debug_Time(2):    2.752 # [msec]
   Debug_Time(3):    2.183 # [msec]
   Debug_Time(4):    2.070 # [msec]
-
   Version      : 1.2
   Ways         : 16
   Words        : 1
   Feedback     : 1
   WordBits     : 32
   IndexBits    : 32
   Sort Order   : 0
   Sign Compare : 0
   Max Size     : 268435455
   Debug Enable : 1
   size         : 520000
   average_time :   11.770 # [msec]
   throughput   :   44.178 # [mwords/sec]
   Debug_Time(0):   11.496 # [msec]
   Debug_Time(1):    4.418 # [msec]
   Debug_Time(2):    2.783 # [msec]
   Debug_Time(3):    2.204 # [msec]
   Debug_Time(4):    2.090 # [msec]
-
   Version      : 1.2
   Ways         : 16
   Words        : 1
   Feedback     : 1
   WordBits     : 32
   IndexBits    : 32
   Sort Order   : 0
   Sign Compare : 0
   Max Size     : 268435455
   Debug Enable : 1
   size         : 525000
   average_time :   11.859 # [msec]
   throughput   :   44.271 # [mwords/sec]
   Debug_Time(0):   11.625 # [msec]
   Debug_Time(1):    4.484 # [msec]
   Debug_Time(2):    2.806 # [msec]
   Debug_Time(3):    2.224 # [msec]
   Debug_Time(4):    2.111 # [msec]
-
   Version      : 1.2
   Ways         : 16
   Words        : 1
   Feedback     : 1
   WordBits     : 32
   IndexBits    : 32
   Sort Order   : 0
   Sign Compare : 0
   Max Size     : 268435455
   Debug Enable : 1
   size         : 530000
   average_time :   11.946 # [msec]
   throughput   :   44.367 # [mwords/sec]
   Debug_Time(0):   11.694 # [msec]
   Debug_Time(1):    4.487 # [msec]
   Debug_Time(2):    2.836 # [msec]
   Debug_Time(3):    2.240 # [msec]
   Debug_Time(4):    2.131 # [msec]
-
   Version      : 1.2
   Ways         : 16
   Words        : 1
   Feedback     : 1
   WordBits     : 32
   IndexBits    : 32
   Sort Order   : 0
   Sign Compare : 0
   Max Size     : 268435455
   Debug Enable : 1
   size         : 535000
   average_time :   12.079 # [msec]
   throughput   :   44.293 # [mwords/sec]
   Debug_Time(0):   11.858 # [msec]
   Debug_Time(1):    4.578 # [msec]
   Debug_Time(2):    2.869 # [msec]
   Debug_Time(3):    2.260 # [msec]
   Debug_Time(4):    2.151 # [msec]
-
   Version      : 1.2
   Ways         : 16
   Words        : 1
   Feedback     : 1
   WordBits     : 32
   IndexBits    : 32
   Sort Order   : 0
   Sign Compare : 0
   Max Size     : 268435455
   Debug Enable : 1
   size         : 540000
   average_time :   12.154 # [msec]
   throughput   :   44.431 # [mwords/sec]
   Debug_Time(0):   11.885 # [msec]
   Debug_Time(1):    4.548 # [msec]
   Debug_Time(2):    2.881 # [msec]
   Debug_Time(3):    2.284 # [msec]
   Debug_Time(4):    2.171 # [msec]
-
   Version      : 1.2
   Ways         : 16
   Words        : 1
   Feedback     : 1
   WordBits     : 32
   IndexBits    : 32
   Sort Order   : 0
   Sign Compare : 0
   Max Size     : 268435455
   Debug Enable : 1
   size         : 545000
   average_time :   12.276 # [msec]
   throughput   :   44.394 # [mwords/sec]
   Debug_Time(0):   12.051 # [msec]
   Debug_Time(1):    4.631 # [msec]
   Debug_Time(2):    2.919 # [msec]
   Debug_Time(3):    2.310 # [msec]
   Debug_Time(4):    2.191 # [msec]
-
   Version      : 1.2
   Ways         : 16
   Words        : 1
   Feedback     : 1
   WordBits     : 32
   IndexBits    : 32
   Sort Order   : 0
   Sign Compare : 0
   Max Size     : 268435455
   Debug Enable : 1
   size         : 550000
   average_time :   12.377 # [msec]
   throughput   :   44.437 # [mwords/sec]
   Debug_Time(0):   12.090 # [msec]
   Debug_Time(1):    4.615 # [msec]
   Debug_Time(2):    2.940 # [msec]
   Debug_Time(3):    2.323 # [msec]
   Debug_Time(4):    2.211 # [msec]
-
   Version      : 1.2
   Ways         : 16
   Words        : 1
   Feedback     : 1
   WordBits     : 32
   IndexBits    : 32
   Sort Order   : 0
   Sign Compare : 0
   Max Size     : 268435455
   Debug Enable : 1
   size         : 555000
   average_time :   12.512 # [msec]
   throughput   :   44.357 # [mwords/sec]
   Debug_Time(0):   12.263 # [msec]
   Debug_Time(1):    4.710 # [msec]
   Debug_Time(2):    2.971 # [msec]
   Debug_Time(3):    2.351 # [msec]
   Debug_Time(4):    2.232 # [msec]
-
   Version      : 1.2
   Ways         : 16
   Words        : 1
   Feedback     : 1
   WordBits     : 32
   IndexBits    : 32
   Sort Order   : 0
   Sign Compare : 0
   Max Size     : 268435455
   Debug Enable : 1
   size         : 560000
   average_time :   12.609 # [msec]
   throughput   :   44.411 # [mwords/sec]
   Debug_Time(0):   12.369 # [msec]
   Debug_Time(1):    4.756 # [msec]
   Debug_Time(2):    2.994 # [msec]
   Debug_Time(3):    2.368 # [msec]
   Debug_Time(4):    2.251 # [msec]
-
   Version      : 1.2
   Ways         : 16
   Words        : 1
   Feedback     : 1
   WordBits     : 32
   IndexBits    : 32
   Sort Order   : 0
   Sign Compare : 0
   Max Size     : 268435455
   Debug Enable : 1
   size         : 565000
   average_time :   12.725 # [msec]
   throughput   :   44.401 # [mwords/sec]
   Debug_Time(0):   12.448 # [msec]
   Debug_Time(1):    4.761 # [msec]
   Debug_Time(2):    3.024 # [msec]
   Debug_Time(3):    2.393 # [msec]
   Debug_Time(4):    2.271 # [msec]
-
   Version      : 1.2
   Ways         : 16
   Words        : 1
   Feedback     : 1
   WordBits     : 32
   IndexBits    : 32
   Sort Order   : 0
   Sign Compare : 0
   Max Size     : 268435455
   Debug Enable : 1
   size         : 570000
   average_time :   12.846 # [msec]
   throughput   :   44.372 # [mwords/sec]
   Debug_Time(0):   12.614 # [msec]
   Debug_Time(1):    4.855 # [msec]
   Debug_Time(2):    3.050 # [msec]
   Debug_Time(3):    2.417 # [msec]
   Debug_Time(4):    2.292 # [msec]
-
   Version      : 1.2
   Ways         : 16
   Words        : 1
   Feedback     : 1
   WordBits     : 32
   IndexBits    : 32
   Sort Order   : 0
   Sign Compare : 0
   Max Size     : 268435455
   Debug Enable : 1
   size         : 575000
   average_time :   12.928 # [msec]
   throughput   :   44.477 # [mwords/sec]
   Debug_Time(0):   12.672 # [msec]
   Debug_Time(1):    4.853 # [msec]
   Debug_Time(2):    3.071 # [msec]
   Debug_Time(3):    2.438 # [msec]
   Debug_Time(4):    2.311 # [msec]
-
   Version      : 1.2
   Ways         : 16
   Words        : 1
   Feedback     : 1
   WordBits     : 32
   IndexBits    : 32
   Sort Order   : 0
   Sign Compare : 0
   Max Size     : 268435455
   Debug Enable : 1
   size         : 580000
   average_time :   13.020 # [msec]
   throughput   :   44.546 # [mwords/sec]
   Debug_Time(0):   12.802 # [msec]
   Debug_Time(1):    4.920 # [msec]
   Debug_Time(2):    3.094 # [msec]
   Debug_Time(3):    2.457 # [msec]
   Debug_Time(4):    2.331 # [msec]
-
   Version      : 1.2
   Ways         : 16
   Words        : 1
   Feedback     : 1
   WordBits     : 32
   IndexBits    : 32
   Sort Order   : 0
   Sign Compare : 0
   Max Size     : 268435455
   Debug Enable : 1
   size         : 585000
   average_time :   13.145 # [msec]
   throughput   :   44.505 # [mwords/sec]
   Debug_Time(0):   12.860 # [msec]
   Debug_Time(1):    4.904 # [msec]
   Debug_Time(2):    3.133 # [msec]
   Debug_Time(3):    2.472 # [msec]
   Debug_Time(4):    2.351 # [msec]
-
   Version      : 1.2
   Ways         : 16
   Words        : 1
   Feedback     : 1
   WordBits     : 32
   IndexBits    : 32
   Sort Order   : 0
   Sign Compare : 0
   Max Size     : 268435455
   Debug Enable : 1
   size         : 590000
   average_time :   13.248 # [msec]
   throughput   :   44.536 # [mwords/sec]
   Debug_Time(0):   12.950 # [msec]
   Debug_Time(1):    4.916 # [msec]
   Debug_Time(2):    3.159 # [msec]
   Debug_Time(3):    2.501 # [msec]
   Debug_Time(4):    2.372 # [msec]
-
   Version      : 1.2
   Ways         : 16
   Words        : 1
   Feedback     : 1
   WordBits     : 32
   IndexBits    : 32
   Sort Order   : 0
   Sign Compare : 0
   Max Size     : 268435455
   Debug Enable : 1
   size         : 595000
   average_time :   13.375 # [msec]
   throughput   :   44.485 # [mwords/sec]
   Debug_Time(0):   13.129 # [msec]
   Debug_Time(1):    5.044 # [msec]
   Debug_Time(2):    3.174 # [msec]
   Debug_Time(3):    2.518 # [msec]
   Debug_Time(4):    2.393 # [msec]
-
   Version      : 1.2
   Ways         : 16
   Words        : 1
   Feedback     : 1
   WordBits     : 32
   IndexBits    : 32
   Sort Order   : 0
   Sign Compare : 0
   Max Size     : 268435455
   Debug Enable : 1
   size         : 600000
   average_time :   13.476 # [msec]
   throughput   :   44.525 # [mwords/sec]
   Debug_Time(0):   13.219 # [msec]
   Debug_Time(1):    5.055 # [msec]
   Debug_Time(2):    3.209 # [msec]
   Debug_Time(3):    2.543 # [msec]
   Debug_Time(4):    2.412 # [msec]
-
   Version      : 1.2
   Ways         : 16
   Words        : 1
   Feedback     : 1
   WordBits     : 32
   IndexBits    : 32
   Sort Order   : 0
   Sign Compare : 0
   Max Size     : 268435455
   Debug Enable : 1
   size         : 605000
   average_time :   13.575 # [msec]
   throughput   :   44.567 # [mwords/sec]
   Debug_Time(0):   13.330 # [msec]
   Debug_Time(1):    5.106 # [msec]
   Debug_Time(2):    3.233 # [msec]
   Debug_Time(3):    2.559 # [msec]
   Debug_Time(4):    2.432 # [msec]
-
   Version      : 1.2
   Ways         : 16
   Words        : 1
   Feedback     : 1
   WordBits     : 32
   IndexBits    : 32
   Sort Order   : 0
   Sign Compare : 0
   Max Size     : 268435455
   Debug Enable : 1
   size         : 610000
   average_time :   13.712 # [msec]
   throughput   :   44.487 # [mwords/sec]
   Debug_Time(0):   13.460 # [msec]
   Debug_Time(1):    5.165 # [msec]
   Debug_Time(2):    3.261 # [msec]
   Debug_Time(3):    2.583 # [msec]
   Debug_Time(4):    2.452 # [msec]
-
   Version      : 1.2
   Ways         : 16
   Words        : 1
   Feedback     : 1
   WordBits     : 32
   IndexBits    : 32
   Sort Order   : 0
   Sign Compare : 0
   Max Size     : 268435455
   Debug Enable : 1
   size         : 615000
   average_time :   13.807 # [msec]
   throughput   :   44.542 # [mwords/sec]
   Debug_Time(0):   13.558 # [msec]
   Debug_Time(1):    5.187 # [msec]
   Debug_Time(2):    3.290 # [msec]
   Debug_Time(3):    2.609 # [msec]
   Debug_Time(4):    2.472 # [msec]
-
   Version      : 1.2
   Ways         : 16
   Words        : 1
   Feedback     : 1
   WordBits     : 32
   IndexBits    : 32
   Sort Order   : 0
   Sign Compare : 0
   Max Size     : 268435455
   Debug Enable : 1
   size         : 620000
   average_time :   13.882 # [msec]
   throughput   :   44.661 # [mwords/sec]
   Debug_Time(0):   13.543 # [msec]
   Debug_Time(1):    5.112 # [msec]
   Debug_Time(2):    3.319 # [msec]
   Debug_Time(3):    2.619 # [msec]
   Debug_Time(4):    2.492 # [msec]
-
   Version      : 1.2
   Ways         : 16
   Words        : 1
   Feedback     : 1
   WordBits     : 32
   IndexBits    : 32
   Sort Order   : 0
   Sign Compare : 0
   Max Size     : 268435455
   Debug Enable : 1
   size         : 625000
   average_time :   14.010 # [msec]
   throughput   :   44.612 # [mwords/sec]
   Debug_Time(0):   13.617 # [msec]
   Debug_Time(1):    5.107 # [msec]
   Debug_Time(2):    3.348 # [msec]
   Debug_Time(3):    2.650 # [msec]
   Debug_Time(4):    2.512 # [msec]
-
   Version      : 1.2
   Ways         : 16
   Words        : 1
   Feedback     : 1
   WordBits     : 32
   IndexBits    : 32
   Sort Order   : 0
   Sign Compare : 0
   Max Size     : 268435455
   Debug Enable : 1
   size         : 630000
   average_time :   14.129 # [msec]
   throughput   :   44.590 # [mwords/sec]
   Debug_Time(0):   13.846 # [msec]
   Debug_Time(1):    5.265 # [msec]
   Debug_Time(2):    3.382 # [msec]
   Debug_Time(3):    2.668 # [msec]
   Debug_Time(4):    2.532 # [msec]
-
   Version      : 1.2
   Ways         : 16
   Words        : 1
   Feedback     : 1
   WordBits     : 32
   IndexBits    : 32
   Sort Order   : 0
   Sign Compare : 0
   Max Size     : 268435455
   Debug Enable : 1
   size         : 635000
   average_time :   14.234 # [msec]
   throughput   :   44.611 # [mwords/sec]
   Debug_Time(0):   14.021 # [msec]
   Debug_Time(1):    5.377 # [msec]
   Debug_Time(2):    3.403 # [msec]
   Debug_Time(3):    2.689 # [msec]
   Debug_Time(4):    2.553 # [msec]
-
   Version      : 1.2
   Ways         : 16
   Words        : 1
   Feedback     : 1
   WordBits     : 32
   IndexBits    : 32
   Sort Order   : 0
   Sign Compare : 0
   Max Size     : 268435455
   Debug Enable : 1
   size         : 640000
   average_time :   14.332 # [msec]
   throughput   :   44.655 # [mwords/sec]
   Debug_Time(0):   14.054 # [msec]
   Debug_Time(1):    5.342 # [msec]
   Debug_Time(2):    3.425 # [msec]
   Debug_Time(3):    2.714 # [msec]
   Debug_Time(4):    2.572 # [msec]
-
   Version      : 1.2
   Ways         : 16
   Words        : 1
   Feedback     : 1
   WordBits     : 32
   IndexBits    : 32
   Sort Order   : 0
   Sign Compare : 0
   Max Size     : 268435455
   Debug Enable : 1
   size         : 645000
   average_time :   14.466 # [msec]
   throughput   :   44.588 # [mwords/sec]
   Debug_Time(0):   14.202 # [msec]
   Debug_Time(1):    5.434 # [msec]
   Debug_Time(2):    3.445 # [msec]
   Debug_Time(3):    2.730 # [msec]
   Debug_Time(4):    2.592 # [msec]
-
   Version      : 1.2
   Ways         : 16
   Words        : 1
   Feedback     : 1
   WordBits     : 32
   IndexBits    : 32
   Sort Order   : 0
   Sign Compare : 0
   Max Size     : 268435455
   Debug Enable : 1
   size         : 650000
   average_time :   14.569 # [msec]
   throughput   :   44.614 # [mwords/sec]
   Debug_Time(0):   14.339 # [msec]
   Debug_Time(1):    5.497 # [msec]
   Debug_Time(2):    3.475 # [msec]
   Debug_Time(3):    2.755 # [msec]
   Debug_Time(4):    2.612 # [msec]
-
   Version      : 1.2
   Ways         : 16
   Words        : 1
   Feedback     : 1
   WordBits     : 32
   IndexBits    : 32
   Sort Order   : 0
   Sign Compare : 0
   Max Size     : 268435455
   Debug Enable : 1
   size         : 655000
   average_time :   14.683 # [msec]
   throughput   :   44.610 # [mwords/sec]
   Debug_Time(0):   14.439 # [msec]
   Debug_Time(1):    5.527 # [msec]
   Debug_Time(2):    3.503 # [msec]
   Debug_Time(3):    2.777 # [msec]
   Debug_Time(4):    2.632 # [msec]
-
   Version      : 1.2
   Ways         : 16
   Words        : 1
   Feedback     : 1
   WordBits     : 32
   IndexBits    : 32
   Sort Order   : 0
   Sign Compare : 0
   Max Size     : 268435455
   Debug Enable : 1
   size         : 660000
   average_time :   14.785 # [msec]
   throughput   :   44.639 # [mwords/sec]
   Debug_Time(0):   14.529 # [msec]
   Debug_Time(1):    5.551 # [msec]
   Debug_Time(2):    3.528 # [msec]
   Debug_Time(3):    2.797 # [msec]
   Debug_Time(4):    2.653 # [msec]
-
   Version      : 1.2
   Ways         : 16
   Words        : 1
   Feedback     : 1
   WordBits     : 32
   IndexBits    : 32
   Sort Order   : 0
   Sign Compare : 0
   Max Size     : 268435455
   Debug Enable : 1
   size         : 665000
   average_time :   14.885 # [msec]
   throughput   :   44.675 # [mwords/sec]
   Debug_Time(0):   14.515 # [msec]
   Debug_Time(1):    5.463 # [msec]
   Debug_Time(2):    3.556 # [msec]
   Debug_Time(3):    2.823 # [msec]
   Debug_Time(4):    2.673 # [msec]
-
   Version      : 1.2
   Ways         : 16
   Words        : 1
   Feedback     : 1
   WordBits     : 32
   IndexBits    : 32
   Sort Order   : 0
   Sign Compare : 0
   Max Size     : 268435455
   Debug Enable : 1
   size         : 670000
   average_time :   14.992 # [msec]
   throughput   :   44.689 # [mwords/sec]
   Debug_Time(0):   14.619 # [msec]
   Debug_Time(1):    5.505 # [msec]
   Debug_Time(2):    3.585 # [msec]
   Debug_Time(3):    2.836 # [msec]
   Debug_Time(4):    2.693 # [msec]
-
   Version      : 1.2
   Ways         : 16
   Words        : 1
   Feedback     : 1
   WordBits     : 32
   IndexBits    : 32
   Sort Order   : 0
   Sign Compare : 0
   Max Size     : 268435455
   Debug Enable : 1
   size         : 675000
   average_time :   15.118 # [msec]
   throughput   :   44.650 # [mwords/sec]
   Debug_Time(0):   14.765 # [msec]
   Debug_Time(1):    5.575 # [msec]
   Debug_Time(2):    3.619 # [msec]
   Debug_Time(3):    2.857 # [msec]
   Debug_Time(4):    2.714 # [msec]
-
   Version      : 1.2
   Ways         : 16
   Words        : 1
   Feedback     : 1
   WordBits     : 32
   IndexBits    : 32
   Sort Order   : 0
   Sign Compare : 0
   Max Size     : 268435455
   Debug Enable : 1
   size         : 680000
   average_time :   15.245 # [msec]
   throughput   :   44.606 # [mwords/sec]
   Debug_Time(0):   14.922 # [msec]
   Debug_Time(1):    5.660 # [msec]
   Debug_Time(2):    3.644 # [msec]
   Debug_Time(3):    2.884 # [msec]
   Debug_Time(4):    2.733 # [msec]
-
   Version      : 1.2
   Ways         : 16
   Words        : 1
   Feedback     : 1
   WordBits     : 32
   IndexBits    : 32
   Sort Order   : 0
   Sign Compare : 0
   Max Size     : 268435455
   Debug Enable : 1
   size         : 685000
   average_time :   15.329 # [msec]
   throughput   :   44.688 # [mwords/sec]
   Debug_Time(0):   15.014 # [msec]
   Debug_Time(1):    5.697 # [msec]
   Debug_Time(2):    3.659 # [msec]
   Debug_Time(3):    2.905 # [msec]
   Debug_Time(4):    2.754 # [msec]
-
   Version      : 1.2
   Ways         : 16
   Words        : 1
   Feedback     : 1
   WordBits     : 32
   IndexBits    : 32
   Sort Order   : 0
   Sign Compare : 0
   Max Size     : 268435455
   Debug Enable : 1
   size         : 690000
   average_time :   15.415 # [msec]
   throughput   :   44.762 # [mwords/sec]
   Debug_Time(0):   15.101 # [msec]
   Debug_Time(1):    5.714 # [msec]
   Debug_Time(2):    3.686 # [msec]
   Debug_Time(3):    2.928 # [msec]
   Debug_Time(4):    2.773 # [msec]
-
   Version      : 1.2
   Ways         : 16
   Words        : 1
   Feedback     : 1
   WordBits     : 32
   IndexBits    : 32
   Sort Order   : 0
   Sign Compare : 0
   Max Size     : 268435455
   Debug Enable : 1
   size         : 695000
   average_time :   15.526 # [msec]
   throughput   :   44.762 # [mwords/sec]
   Debug_Time(0):   15.170 # [msec]
   Debug_Time(1):    5.720 # [msec]
   Debug_Time(2):    3.716 # [msec]
   Debug_Time(3):    2.942 # [msec]
   Debug_Time(4):    2.793 # [msec]
-
   Version      : 1.2
   Ways         : 16
   Words        : 1
   Feedback     : 1
   WordBits     : 32
   IndexBits    : 32
   Sort Order   : 0
   Sign Compare : 0
   Max Size     : 268435455
   Debug Enable : 1
   size         : 700000
   average_time :   15.640 # [msec]
   throughput   :   44.758 # [mwords/sec]
   Debug_Time(0):   15.327 # [msec]
   Debug_Time(1):    5.806 # [msec]
   Debug_Time(2):    3.746 # [msec]
   Debug_Time(3):    2.962 # [msec]
   Debug_Time(4):    2.813 # [msec]
-
   Version      : 1.2
   Ways         : 16
   Words        : 1
   Feedback     : 1
   WordBits     : 32
   IndexBits    : 32
   Sort Order   : 0
   Sign Compare : 0
   Max Size     : 268435455
   Debug Enable : 1
   size         : 705000
   average_time :   15.762 # [msec]
   throughput   :   44.728 # [mwords/sec]
   Debug_Time(0):   15.403 # [msec]
   Debug_Time(1):    5.814 # [msec]
   Debug_Time(2):    3.769 # [msec]
   Debug_Time(3):    2.988 # [msec]
   Debug_Time(4):    2.833 # [msec]
-
   Version      : 1.2
   Ways         : 16
   Words        : 1
   Feedback     : 1
   WordBits     : 32
   IndexBits    : 32
   Sort Order   : 0
   Sign Compare : 0
   Max Size     : 268435455
   Debug Enable : 1
   size         : 710000
   average_time :   15.865 # [msec]
   throughput   :   44.754 # [mwords/sec]
   Debug_Time(0):   15.512 # [msec]
   Debug_Time(1):    5.854 # [msec]
   Debug_Time(2):    3.798 # [msec]
   Debug_Time(3):    3.006 # [msec]
   Debug_Time(4):    2.853 # [msec]
-
   Version      : 1.2
   Ways         : 16
   Words        : 1
   Feedback     : 1
   WordBits     : 32
   IndexBits    : 32
   Sort Order   : 0
   Sign Compare : 0
   Max Size     : 268435455
   Debug Enable : 1
   size         : 715000
   average_time :   15.950 # [msec]
   throughput   :   44.828 # [mwords/sec]
   Debug_Time(0):   15.613 # [msec]
   Debug_Time(1):    5.892 # [msec]
   Debug_Time(2):    3.821 # [msec]
   Debug_Time(3):    3.027 # [msec]
   Debug_Time(4):    2.873 # [msec]
-
   Version      : 1.2
   Ways         : 16
   Words        : 1
   Feedback     : 1
   WordBits     : 32
   IndexBits    : 32
   Sort Order   : 0
   Sign Compare : 0
   Max Size     : 268435455
   Debug Enable : 1
   size         : 720000
   average_time :   16.069 # [msec]
   throughput   :   44.806 # [mwords/sec]
   Debug_Time(0):   15.783 # [msec]
   Debug_Time(1):    5.992 # [msec]
   Debug_Time(2):    3.849 # [msec]
   Debug_Time(3):    3.048 # [msec]
   Debug_Time(4):    2.893 # [msec]
-
   Version      : 1.2
   Ways         : 16
   Words        : 1
   Feedback     : 1
   WordBits     : 32
   IndexBits    : 32
   Sort Order   : 0
   Sign Compare : 0
   Max Size     : 268435455
   Debug Enable : 1
   size         : 725000
   average_time :   16.190 # [msec]
   throughput   :   44.782 # [mwords/sec]
   Debug_Time(0):   15.871 # [msec]
   Debug_Time(1):    6.017 # [msec]
   Debug_Time(2):    3.874 # [msec]
   Debug_Time(3):    3.065 # [msec]
   Debug_Time(4):    2.915 # [msec]
-
   Version      : 1.2
   Ways         : 16
   Words        : 1
   Feedback     : 1
   WordBits     : 32
   IndexBits    : 32
   Sort Order   : 0
   Sign Compare : 0
   Max Size     : 268435455
   Debug Enable : 1
   size         : 730000
   average_time :   16.251 # [msec]
   throughput   :   44.921 # [mwords/sec]
   Debug_Time(0):   15.987 # [msec]
   Debug_Time(1):    6.064 # [msec]
   Debug_Time(2):    3.901 # [msec]
   Debug_Time(3):    3.088 # [msec]
   Debug_Time(4):    2.934 # [msec]
-
   Version      : 1.2
   Ways         : 16
   Words        : 1
   Feedback     : 1
   WordBits     : 32
   IndexBits    : 32
   Sort Order   : 0
   Sign Compare : 0
   Max Size     : 268435455
   Debug Enable : 1
   size         : 735000
   average_time :   16.389 # [msec]
   throughput   :   44.847 # [mwords/sec]
   Debug_Time(0):   16.090 # [msec]
   Debug_Time(1):    6.089 # [msec]
   Debug_Time(2):    3.935 # [msec]
   Debug_Time(3):    3.112 # [msec]
   Debug_Time(4):    2.954 # [msec]
-
   Version      : 1.2
   Ways         : 16
   Words        : 1
   Feedback     : 1
   WordBits     : 32
   IndexBits    : 32
   Sort Order   : 0
   Sign Compare : 0
   Max Size     : 268435455
   Debug Enable : 1
   size         : 740000
   average_time :   16.475 # [msec]
   throughput   :   44.917 # [mwords/sec]
   Debug_Time(0):   16.200 # [msec]
   Debug_Time(1):    6.132 # [msec]
   Debug_Time(2):    3.965 # [msec]
   Debug_Time(3):    3.130 # [msec]
   Debug_Time(4):    2.974 # [msec]
-
   Version      : 1.2
   Ways         : 16
   Words        : 1
   Feedback     : 1
   WordBits     : 32
   IndexBits    : 32
   Sort Order   : 0
   Sign Compare : 0
   Max Size     : 268435455
   Debug Enable : 1
   size         : 745000
   average_time :   16.567 # [msec]
   throughput   :   44.968 # [mwords/sec]
   Debug_Time(0):   16.328 # [msec]
   Debug_Time(1):    6.179 # [msec]
   Debug_Time(2):    4.000 # [msec]
   Debug_Time(3):    3.155 # [msec]
   Debug_Time(4):    2.994 # [msec]
-
   Version      : 1.2
   Ways         : 16
   Words        : 1
   Feedback     : 1
   WordBits     : 32
   IndexBits    : 32
   Sort Order   : 0
   Sign Compare : 0
   Max Size     : 268435455
   Debug Enable : 1
   size         : 750000
   average_time :   16.713 # [msec]
   throughput   :   44.874 # [mwords/sec]
   Debug_Time(0):   16.447 # [msec]
   Debug_Time(1):    6.224 # [msec]
   Debug_Time(2):    4.030 # [msec]
   Debug_Time(3):    3.178 # [msec]
   Debug_Time(4):    3.014 # [msec]
-
   Version      : 1.2
   Ways         : 16
   Words        : 1
   Feedback     : 1
   WordBits     : 32
   IndexBits    : 32
   Sort Order   : 0
   Sign Compare : 0
   Max Size     : 268435455
   Debug Enable : 1
   size         : 755000
   average_time :   16.808 # [msec]
   throughput   :   44.920 # [mwords/sec]
   Debug_Time(0):   16.562 # [msec]
   Debug_Time(1):    6.288 # [msec]
   Debug_Time(2):    4.044 # [msec]
   Debug_Time(3):    3.196 # [msec]
   Debug_Time(4):    3.034 # [msec]
-
   Version      : 1.2
   Ways         : 16
   Words        : 1
   Feedback     : 1
   WordBits     : 32
   IndexBits    : 32
   Sort Order   : 0
   Sign Compare : 0
   Max Size     : 268435455
   Debug Enable : 1
   size         : 760000
   average_time :   16.939 # [msec]
   throughput   :   44.866 # [mwords/sec]
   Debug_Time(0):   16.675 # [msec]
   Debug_Time(1):    6.334 # [msec]
   Debug_Time(2):    4.062 # [msec]
   Debug_Time(3):    3.226 # [msec]
   Debug_Time(4):    3.054 # [msec]
-
   Version      : 1.2
   Ways         : 16
   Words        : 1
   Feedback     : 1
   WordBits     : 32
   IndexBits    : 32
   Sort Order   : 0
   Sign Compare : 0
   Max Size     : 268435455
   Debug Enable : 1
   size         : 765000
   average_time :   17.044 # [msec]
   throughput   :   44.883 # [mwords/sec]
   Debug_Time(0):   16.801 # [msec]
   Debug_Time(1):    6.395 # [msec]
   Debug_Time(2):    4.089 # [msec]
   Debug_Time(3):    3.243 # [msec]
   Debug_Time(4):    3.075 # [msec]
-
   Version      : 1.2
   Ways         : 16
   Words        : 1
   Feedback     : 1
   WordBits     : 32
   IndexBits    : 32
   Sort Order   : 0
   Sign Compare : 0
   Max Size     : 268435455
   Debug Enable : 1
   size         : 770000
   average_time :   17.156 # [msec]
   throughput   :   44.881 # [mwords/sec]
   Debug_Time(0):   16.932 # [msec]
   Debug_Time(1):    6.467 # [msec]
   Debug_Time(2):    4.113 # [msec]
   Debug_Time(3):    3.257 # [msec]
   Debug_Time(4):    3.094 # [msec]
-
   Version      : 1.2
   Ways         : 16
   Words        : 1
   Feedback     : 1
   WordBits     : 32
   IndexBits    : 32
   Sort Order   : 0
   Sign Compare : 0
   Max Size     : 268435455
   Debug Enable : 1
   size         : 775000
   average_time :   17.277 # [msec]
   throughput   :   44.857 # [mwords/sec]
   Debug_Time(0):   17.024 # [msec]
   Debug_Time(1):    6.478 # [msec]
   Debug_Time(2):    4.146 # [msec]
   Debug_Time(3):    3.285 # [msec]
   Debug_Time(4):    3.114 # [msec]
-
   Version      : 1.2
   Ways         : 16
   Words        : 1
   Feedback     : 1
   WordBits     : 32
   IndexBits    : 32
   Sort Order   : 0
   Sign Compare : 0
   Max Size     : 268435455
   Debug Enable : 1
   size         : 780000
   average_time :   17.356 # [msec]
   throughput   :   44.942 # [mwords/sec]
   Debug_Time(0):   17.077 # [msec]
   Debug_Time(1):    6.470 # [msec]
   Debug_Time(2):    4.172 # [msec]
   Debug_Time(3):    3.301 # [msec]
   Debug_Time(4):    3.134 # [msec]
-
   Version      : 1.2
   Ways         : 16
   Words        : 1
   Feedback     : 1
   WordBits     : 32
   IndexBits    : 32
   Sort Order   : 0
   Sign Compare : 0
   Max Size     : 268435455
   Debug Enable : 1
   size         : 785000
   average_time :   17.483 # [msec]
   throughput   :   44.902 # [mwords/sec]
   Debug_Time(0):   17.113 # [msec]
   Debug_Time(1):    6.428 # [msec]
   Debug_Time(2):    4.200 # [msec]
   Debug_Time(3):    3.331 # [msec]
   Debug_Time(4):    3.154 # [msec]
-
   Version      : 1.2
   Ways         : 16
   Words        : 1
   Feedback     : 1
   WordBits     : 32
   IndexBits    : 32
   Sort Order   : 0
   Sign Compare : 0
   Max Size     : 268435455
   Debug Enable : 1
   size         : 790000
   average_time :   17.602 # [msec]
   throughput   :   44.882 # [mwords/sec]
   Debug_Time(0):   17.238 # [msec]
   Debug_Time(1):    6.490 # [msec]
   Debug_Time(2):    4.224 # [msec]
   Debug_Time(3):    3.349 # [msec]
   Debug_Time(4):    3.175 # [msec]
-
   Version      : 1.2
   Ways         : 16
   Words        : 1
   Feedback     : 1
   WordBits     : 32
   IndexBits    : 32
   Sort Order   : 0
   Sign Compare : 0
   Max Size     : 268435455
   Debug Enable : 1
   size         : 795000
   average_time :   17.679 # [msec]
   throughput   :   44.969 # [mwords/sec]
   Debug_Time(0):   17.302 # [msec]
   Debug_Time(1):    6.497 # [msec]
   Debug_Time(2):    4.247 # [msec]
   Debug_Time(3):    3.363 # [msec]
   Debug_Time(4):    3.195 # [msec]
-
   Version      : 1.2
   Ways         : 16
   Words        : 1
   Feedback     : 1
   WordBits     : 32
   IndexBits    : 32
   Sort Order   : 0
   Sign Compare : 0
   Max Size     : 268435455
   Debug Enable : 1
   size         : 800000
   average_time :   17.791 # [msec]
   throughput   :   44.966 # [mwords/sec]
   Debug_Time(0):   17.387 # [msec]
   Debug_Time(1):    6.516 # [msec]
   Debug_Time(2):    4.275 # [msec]
   Debug_Time(3):    3.381 # [msec]
   Debug_Time(4):    3.215 # [msec]
-
   Version      : 1.2
   Ways         : 16
   Words        : 1
   Feedback     : 1
   WordBits     : 32
   IndexBits    : 32
   Sort Order   : 0
   Sign Compare : 0
   Max Size     : 268435455
   Debug Enable : 1
   size         : 805000
   average_time :   17.917 # [msec]
   throughput   :   44.930 # [mwords/sec]
   Debug_Time(0):   17.573 # [msec]
   Debug_Time(1):    6.635 # [msec]
   Debug_Time(2):    4.295 # [msec]
   Debug_Time(3):    3.407 # [msec]
   Debug_Time(4):    3.236 # [msec]
-
   Version      : 1.2
   Ways         : 16
   Words        : 1
   Feedback     : 1
   WordBits     : 32
   IndexBits    : 32
   Sort Order   : 0
   Sign Compare : 0
   Max Size     : 268435455
   Debug Enable : 1
   size         : 810000
   average_time :   18.019 # [msec]
   throughput   :   44.952 # [mwords/sec]
   Debug_Time(0):   17.685 # [msec]
   Debug_Time(1):    6.673 # [msec]
   Debug_Time(2):    4.326 # [msec]
   Debug_Time(3):    3.430 # [msec]
   Debug_Time(4):    3.256 # [msec]
-
   Version      : 1.2
   Ways         : 16
   Words        : 1
   Feedback     : 1
   WordBits     : 32
   IndexBits    : 32
   Sort Order   : 0
   Sign Compare : 0
   Max Size     : 268435455
   Debug Enable : 1
   size         : 815000
   average_time :   18.123 # [msec]
   throughput   :   44.969 # [mwords/sec]
   Debug_Time(0):   17.802 # [msec]
   Debug_Time(1):    6.716 # [msec]
   Debug_Time(2):    4.360 # [msec]
   Debug_Time(3):    3.450 # [msec]
   Debug_Time(4):    3.276 # [msec]
-
   Version      : 1.2
   Ways         : 16
   Words        : 1
   Feedback     : 1
   WordBits     : 32
   IndexBits    : 32
   Sort Order   : 0
   Sign Compare : 0
   Max Size     : 268435455
   Debug Enable : 1
   size         : 820000
   average_time :   18.227 # [msec]
   throughput   :   44.989 # [mwords/sec]
   Debug_Time(0):   17.923 # [msec]
   Debug_Time(1):    6.777 # [msec]
   Debug_Time(2):    4.386 # [msec]
   Debug_Time(3):    3.464 # [msec]
   Debug_Time(4):    3.295 # [msec]
-
   Version      : 1.2
   Ways         : 16
   Words        : 1
   Feedback     : 1
   WordBits     : 32
   IndexBits    : 32
   Sort Order   : 0
   Sign Compare : 0
   Max Size     : 268435455
   Debug Enable : 1
   size         : 825000
   average_time :   18.346 # [msec]
   throughput   :   44.970 # [mwords/sec]
   Debug_Time(0):   18.050 # [msec]
   Debug_Time(1):    6.834 # [msec]
   Debug_Time(2):    4.414 # [msec]
   Debug_Time(3):    3.487 # [msec]
   Debug_Time(4):    3.315 # [msec]
-
   Version      : 1.2
   Ways         : 16
   Words        : 1
   Feedback     : 1
   WordBits     : 32
   IndexBits    : 32
   Sort Order   : 0
   Sign Compare : 0
   Max Size     : 268435455
   Debug Enable : 1
   size         : 830000
   average_time :   18.471 # [msec]
   throughput   :   44.935 # [mwords/sec]
   Debug_Time(0):   18.175 # [msec]
   Debug_Time(1):    6.895 # [msec]
   Debug_Time(2):    4.432 # [msec]
   Debug_Time(3):    3.514 # [msec]
   Debug_Time(4):    3.335 # [msec]
-
   Version      : 1.2
   Ways         : 16
   Words        : 1
   Feedback     : 1
   WordBits     : 32
   IndexBits    : 32
   Sort Order   : 0
   Sign Compare : 0
   Max Size     : 268435455
   Debug Enable : 1
   size         : 835000
   average_time :   18.554 # [msec]
   throughput   :   45.003 # [mwords/sec]
   Debug_Time(0):   18.293 # [msec]
   Debug_Time(1):    6.944 # [msec]
   Debug_Time(2):    4.464 # [msec]
   Debug_Time(3):    3.529 # [msec]
   Debug_Time(4):    3.355 # [msec]
-
   Version      : 1.2
   Ways         : 16
   Words        : 1
   Feedback     : 1
   WordBits     : 32
   IndexBits    : 32
   Sort Order   : 0
   Sign Compare : 0
   Max Size     : 268435455
   Debug Enable : 1
   size         : 840000
   average_time :   18.705 # [msec]
   throughput   :   44.908 # [mwords/sec]
   Debug_Time(0):   18.419 # [msec]
   Debug_Time(1):    6.995 # [msec]
   Debug_Time(2):    4.490 # [msec]
   Debug_Time(3):    3.559 # [msec]
   Debug_Time(4):    3.375 # [msec]
-
   Version      : 1.2
   Ways         : 16
   Words        : 1
   Feedback     : 1
   WordBits     : 32
   IndexBits    : 32
   Sort Order   : 0
   Sign Compare : 0
   Max Size     : 268435455
   Debug Enable : 1
   size         : 845000
   average_time :   18.785 # [msec]
   throughput   :   44.983 # [mwords/sec]
   Debug_Time(0):   18.519 # [msec]
   Debug_Time(1):    7.027 # [msec]
   Debug_Time(2):    4.515 # [msec]
   Debug_Time(3):    3.581 # [msec]
   Debug_Time(4):    3.395 # [msec]
-
   Version      : 1.2
   Ways         : 16
   Words        : 1
   Feedback     : 1
   WordBits     : 32
   IndexBits    : 32
   Sort Order   : 0
   Sign Compare : 0
   Max Size     : 268435455
   Debug Enable : 1
   size         : 850000
   average_time :   18.891 # [msec]
   throughput   :   44.994 # [mwords/sec]
   Debug_Time(0):   18.613 # [msec]
   Debug_Time(1):    7.067 # [msec]
   Debug_Time(2):    4.537 # [msec]
   Debug_Time(3):    3.594 # [msec]
   Debug_Time(4):    3.415 # [msec]
-
   Version      : 1.2
   Ways         : 16
   Words        : 1
   Feedback     : 1
   WordBits     : 32
   IndexBits    : 32
   Sort Order   : 0
   Sign Compare : 0
   Max Size     : 268435455
   Debug Enable : 1
   size         : 855000
   average_time :   18.971 # [msec]
   throughput   :   45.069 # [mwords/sec]
   Debug_Time(0):   18.716 # [msec]
   Debug_Time(1):    7.088 # [msec]
   Debug_Time(2):    4.567 # [msec]
   Debug_Time(3):    3.625 # [msec]
   Debug_Time(4):    3.437 # [msec]
-
   Version      : 1.2
   Ways         : 16
   Words        : 1
   Feedback     : 1
   WordBits     : 32
   IndexBits    : 32
   Sort Order   : 0
   Sign Compare : 0
   Max Size     : 268435455
   Debug Enable : 1
   size         : 860000
   average_time :   19.085 # [msec]
   throughput   :   45.061 # [mwords/sec]
   Debug_Time(0):   18.791 # [msec]
   Debug_Time(1):    7.092 # [msec]
   Debug_Time(2):    4.605 # [msec]
   Debug_Time(3):    3.638 # [msec]
   Debug_Time(4):    3.456 # [msec]
-
   Version      : 1.2
   Ways         : 16
   Words        : 1
   Feedback     : 1
   WordBits     : 32
   IndexBits    : 32
   Sort Order   : 0
   Sign Compare : 0
   Max Size     : 268435455
   Debug Enable : 1
   size         : 865000
   average_time :   19.207 # [msec]
   throughput   :   45.036 # [mwords/sec]
   Debug_Time(0):   18.919 # [msec]
   Debug_Time(1):    7.167 # [msec]
   Debug_Time(2):    4.621 # [msec]
   Debug_Time(3):    3.655 # [msec]
   Debug_Time(4):    3.476 # [msec]
-
   Version      : 1.2
   Ways         : 16
   Words        : 1
   Feedback     : 1
   WordBits     : 32
   IndexBits    : 32
   Sort Order   : 0
   Sign Compare : 0
   Max Size     : 268435455
   Debug Enable : 1
   size         : 870000
   average_time :   19.332 # [msec]
   throughput   :   45.004 # [mwords/sec]
   Debug_Time(0):   19.040 # [msec]
   Debug_Time(1):    7.196 # [msec]
   Debug_Time(2):    4.656 # [msec]
   Debug_Time(3):    3.692 # [msec]
   Debug_Time(4):    3.496 # [msec]
-
   Version      : 1.2
   Ways         : 16
   Words        : 1
   Feedback     : 1
   WordBits     : 32
   IndexBits    : 32
   Sort Order   : 0
   Sign Compare : 0
   Max Size     : 268435455
   Debug Enable : 1
   size         : 875000
   average_time :   19.417 # [msec]
   throughput   :   45.063 # [mwords/sec]
   Debug_Time(0):   19.131 # [msec]
   Debug_Time(1):    7.232 # [msec]
   Debug_Time(2):    4.680 # [msec]
   Debug_Time(3):    3.704 # [msec]
   Debug_Time(4):    3.516 # [msec]
-
   Version      : 1.2
   Ways         : 16
   Words        : 1
   Feedback     : 1
   WordBits     : 32
   IndexBits    : 32
   Sort Order   : 0
   Sign Compare : 0
   Max Size     : 268435455
   Debug Enable : 1
   size         : 880000
   average_time :   19.496 # [msec]
   throughput   :   45.136 # [mwords/sec]
   Debug_Time(0):   19.223 # [msec]
   Debug_Time(1):    7.256 # [msec]
   Debug_Time(2):    4.713 # [msec]
   Debug_Time(3):    3.718 # [msec]
   Debug_Time(4):    3.536 # [msec]
-
   Version      : 1.2
   Ways         : 16
   Words        : 1
   Feedback     : 1
   WordBits     : 32
   IndexBits    : 32
   Sort Order   : 0
   Sign Compare : 0
   Max Size     : 268435455
   Debug Enable : 1
   size         : 885000
   average_time :   19.635 # [msec]
   throughput   :   45.072 # [mwords/sec]
   Debug_Time(0):   19.391 # [msec]
   Debug_Time(1):    7.367 # [msec]
   Debug_Time(2):    4.725 # [msec]
   Debug_Time(3):    3.743 # [msec]
   Debug_Time(4):    3.556 # [msec]
-
   Version      : 1.2
   Ways         : 16
   Words        : 1
   Feedback     : 1
   WordBits     : 32
   IndexBits    : 32
   Sort Order   : 0
   Sign Compare : 0
   Max Size     : 268435455
   Debug Enable : 1
   size         : 890000
   average_time :   19.747 # [msec]
   throughput   :   45.071 # [mwords/sec]
   Debug_Time(0):   19.476 # [msec]
   Debug_Time(1):    7.378 # [msec]
   Debug_Time(2):    4.759 # [msec]
   Debug_Time(3):    3.763 # [msec]
   Debug_Time(4):    3.576 # [msec]
-
   Version      : 1.2
   Ways         : 16
   Words        : 1
   Feedback     : 1
   WordBits     : 32
   IndexBits    : 32
   Sort Order   : 0
   Sign Compare : 0
   Max Size     : 268435455
   Debug Enable : 1
   size         : 895000
   average_time :   19.865 # [msec]
   throughput   :   45.055 # [mwords/sec]
   Debug_Time(0):   19.619 # [msec]
   Debug_Time(1):    7.449 # [msec]
   Debug_Time(2):    4.786 # [msec]
   Debug_Time(3):    3.787 # [msec]
   Debug_Time(4):    3.597 # [msec]
-
   Version      : 1.2
   Ways         : 16
   Words        : 1
   Feedback     : 1
   WordBits     : 32
   IndexBits    : 32
   Sort Order   : 0
   Sign Compare : 0
   Max Size     : 268435455
   Debug Enable : 1
   size         : 900000
   average_time :   19.932 # [msec]
   throughput   :   45.153 # [mwords/sec]
   Debug_Time(0):   19.713 # [msec]
   Debug_Time(1):    7.482 # [msec]
   Debug_Time(2):    4.804 # [msec]
   Debug_Time(3):    3.810 # [msec]
   Debug_Time(4):    3.616 # [msec]
-
   Version      : 1.2
   Ways         : 16
   Words        : 1
   Feedback     : 1
   WordBits     : 32
   IndexBits    : 32
   Sort Order   : 0
   Sign Compare : 0
   Max Size     : 268435455
   Debug Enable : 1
   size         : 905000
   average_time :   20.048 # [msec]
   throughput   :   45.142 # [mwords/sec]
   Debug_Time(0):   19.740 # [msec]
   Debug_Time(1):    7.436 # [msec]
   Debug_Time(2):    4.835 # [msec]
   Debug_Time(3):    3.833 # [msec]
   Debug_Time(4):    3.636 # [msec]
-
   Version      : 1.2
   Ways         : 16
   Words        : 1
   Feedback     : 1
   WordBits     : 32
   IndexBits    : 32
   Sort Order   : 0
   Sign Compare : 0
   Max Size     : 268435455
   Debug Enable : 1
   size         : 910000
   average_time :   20.164 # [msec]
   throughput   :   45.129 # [mwords/sec]
   Debug_Time(0):   19.950 # [msec]
   Debug_Time(1):    7.571 # [msec]
   Debug_Time(2):    4.868 # [msec]
   Debug_Time(3):    3.855 # [msec]
   Debug_Time(4):    3.656 # [msec]
-
   Version      : 1.2
   Ways         : 16
   Words        : 1
   Feedback     : 1
   WordBits     : 32
   IndexBits    : 32
   Sort Order   : 0
   Sign Compare : 0
   Max Size     : 268435455
   Debug Enable : 1
   size         : 915000
   average_time :   20.277 # [msec]
   throughput   :   45.125 # [mwords/sec]
   Debug_Time(0):   20.058 # [msec]
   Debug_Time(1):    7.610 # [msec]
   Debug_Time(2):    4.895 # [msec]
   Debug_Time(3):    3.877 # [msec]
   Debug_Time(4):    3.676 # [msec]
-
   Version      : 1.2
   Ways         : 16
   Words        : 1
   Feedback     : 1
   WordBits     : 32
   IndexBits    : 32
   Sort Order   : 0
   Sign Compare : 0
   Max Size     : 268435455
   Debug Enable : 1
   size         : 920000
   average_time :   20.390 # [msec]
   throughput   :   45.121 # [mwords/sec]
   Debug_Time(0):   20.150 # [msec]
   Debug_Time(1):    7.639 # [msec]
   Debug_Time(2):    4.914 # [msec]
   Debug_Time(3):    3.899 # [msec]
   Debug_Time(4):    3.697 # [msec]
-
   Version      : 1.2
   Ways         : 16
   Words        : 1
   Feedback     : 1
   WordBits     : 32
   IndexBits    : 32
   Sort Order   : 0
   Sign Compare : 0
   Max Size     : 268435455
   Debug Enable : 1
   size         : 925000
   average_time :   20.499 # [msec]
   throughput   :   45.124 # [mwords/sec]
   Debug_Time(0):   20.228 # [msec]
   Debug_Time(1):    7.623 # [msec]
   Debug_Time(2):    4.967 # [msec]
   Debug_Time(3):    3.920 # [msec]
   Debug_Time(4):    3.717 # [msec]
-
   Version      : 1.2
   Ways         : 16
   Words        : 1
   Feedback     : 1
   WordBits     : 32
   IndexBits    : 32
   Sort Order   : 0
   Sign Compare : 0
   Max Size     : 268435455
   Debug Enable : 1
   size         : 930000
   average_time :   20.601 # [msec]
   throughput   :   45.144 # [mwords/sec]
   Debug_Time(0):   20.349 # [msec]
   Debug_Time(1):    7.701 # [msec]
   Debug_Time(2):    4.975 # [msec]
   Debug_Time(3):    3.935 # [msec]
   Debug_Time(4):    3.737 # [msec]
-
   Version      : 1.2
   Ways         : 16
   Words        : 1
   Feedback     : 1
   WordBits     : 32
   IndexBits    : 32
   Sort Order   : 0
   Sign Compare : 0
   Max Size     : 268435455
   Debug Enable : 1
   size         : 935000
   average_time :   20.733 # [msec]
   throughput   :   45.097 # [mwords/sec]
   Debug_Time(0):   20.372 # [msec]
   Debug_Time(1):    7.653 # [msec]
   Debug_Time(2):    5.000 # [msec]
   Debug_Time(3):    3.961 # [msec]
   Debug_Time(4):    3.758 # [msec]
-
   Version      : 1.2
   Ways         : 16
   Words        : 1
   Feedback     : 1
   WordBits     : 32
   IndexBits    : 32
   Sort Order   : 0
   Sign Compare : 0
   Max Size     : 268435455
   Debug Enable : 1
   size         : 940000
   average_time :   20.839 # [msec]
   throughput   :   45.107 # [mwords/sec]
   Debug_Time(0):   20.585 # [msec]
   Debug_Time(1):    7.815 # [msec]
   Debug_Time(2):    5.021 # [msec]
   Debug_Time(3):    3.972 # [msec]
   Debug_Time(4):    3.778 # [msec]
-
   Version      : 1.2
   Ways         : 16
   Words        : 1
   Feedback     : 1
   WordBits     : 32
   IndexBits    : 32
   Sort Order   : 0
   Sign Compare : 0
   Max Size     : 268435455
   Debug Enable : 1
   size         : 945000
   average_time :   20.975 # [msec]
   throughput   :   45.054 # [mwords/sec]
   Debug_Time(0):   20.712 # [msec]
   Debug_Time(1):    7.852 # [msec]
   Debug_Time(2):    5.059 # [msec]
   Debug_Time(3):    4.003 # [msec]
   Debug_Time(4):    3.797 # [msec]
-
   Version      : 1.2
   Ways         : 16
   Words        : 1
   Feedback     : 1
   WordBits     : 32
   IndexBits    : 32
   Sort Order   : 0
   Sign Compare : 0
   Max Size     : 268435455
   Debug Enable : 1
   size         : 950000
   average_time :   21.065 # [msec]
   throughput   :   45.098 # [mwords/sec]
   Debug_Time(0):   20.753 # [msec]
   Debug_Time(1):    7.825 # [msec]
   Debug_Time(2):    5.086 # [msec]
   Debug_Time(3):    4.025 # [msec]
   Debug_Time(4):    3.817 # [msec]
-
   Version      : 1.2
   Ways         : 16
   Words        : 1
   Feedback     : 1
   WordBits     : 32
   IndexBits    : 32
   Sort Order   : 0
   Sign Compare : 0
   Max Size     : 268435455
   Debug Enable : 1
   size         : 955000
   average_time :   21.194 # [msec]
   throughput   :   45.059 # [mwords/sec]
   Debug_Time(0):   20.911 # [msec]
   Debug_Time(1):    7.925 # [msec]
   Debug_Time(2):    5.105 # [msec]
   Debug_Time(3):    4.044 # [msec]
   Debug_Time(4):    3.837 # [msec]
-
   Version      : 1.2
   Ways         : 16
   Words        : 1
   Feedback     : 1
   WordBits     : 32
   IndexBits    : 32
   Sort Order   : 0
   Sign Compare : 0
   Max Size     : 268435455
   Debug Enable : 1
   size         : 960000
   average_time :   21.266 # [msec]
   throughput   :   45.142 # [mwords/sec]
   Debug_Time(0):   20.992 # [msec]
   Debug_Time(1):    7.939 # [msec]
   Debug_Time(2):    5.129 # [msec]
   Debug_Time(3):    4.068 # [msec]
   Debug_Time(4):    3.857 # [msec]
-
   Version      : 1.2
   Ways         : 16
   Words        : 1
   Feedback     : 1
   WordBits     : 32
   IndexBits    : 32
   Sort Order   : 0
   Sign Compare : 0
   Max Size     : 268435455
   Debug Enable : 1
   size         : 965000
   average_time :   21.371 # [msec]
   throughput   :   45.156 # [mwords/sec]
   Debug_Time(0):   21.098 # [msec]
   Debug_Time(1):    7.986 # [msec]
   Debug_Time(2):    5.153 # [msec]
   Debug_Time(3):    4.082 # [msec]
   Debug_Time(4):    3.877 # [msec]
-
   Version      : 1.2
   Ways         : 16
   Words        : 1
   Feedback     : 1
   WordBits     : 32
   IndexBits    : 32
   Sort Order   : 0
   Sign Compare : 0
   Max Size     : 268435455
   Debug Enable : 1
   size         : 970000
   average_time :   21.506 # [msec]
   throughput   :   45.103 # [mwords/sec]
   Debug_Time(0):   21.224 # [msec]
   Debug_Time(1):    8.026 # [msec]
   Debug_Time(2):    5.189 # [msec]
   Debug_Time(3):    4.111 # [msec]
   Debug_Time(4):    3.898 # [msec]
-
   Version      : 1.2
   Ways         : 16
   Words        : 1
   Feedback     : 1
   WordBits     : 32
   IndexBits    : 32
   Sort Order   : 0
   Sign Compare : 0
   Max Size     : 268435455
   Debug Enable : 1
   size         : 975000
   average_time :   21.621 # [msec]
   throughput   :   45.095 # [mwords/sec]
   Debug_Time(0):   21.330 # [msec]
   Debug_Time(1):    8.060 # [msec]
   Debug_Time(2):    5.221 # [msec]
   Debug_Time(3):    4.131 # [msec]
   Debug_Time(4):    3.918 # [msec]
-
   Version      : 1.2
   Ways         : 16
   Words        : 1
   Feedback     : 1
   WordBits     : 32
   IndexBits    : 32
   Sort Order   : 0
   Sign Compare : 0
   Max Size     : 268435455
   Debug Enable : 1
   size         : 980000
   average_time :   21.699 # [msec]
   throughput   :   45.164 # [mwords/sec]
   Debug_Time(0):   21.361 # [msec]
   Debug_Time(1):    8.026 # [msec]
   Debug_Time(2):    5.243 # [msec]
   Debug_Time(3):    4.153 # [msec]
   Debug_Time(4):    3.938 # [msec]
-
   Version      : 1.2
   Ways         : 16
   Words        : 1
   Feedback     : 1
   WordBits     : 32
   IndexBits    : 32
   Sort Order   : 0
   Sign Compare : 0
   Max Size     : 268435455
   Debug Enable : 1
   size         : 985000
   average_time :   21.838 # [msec]
   throughput   :   45.105 # [mwords/sec]
   Debug_Time(0):   21.536 # [msec]
   Debug_Time(1):    8.128 # [msec]
   Debug_Time(2):    5.278 # [msec]
   Debug_Time(3):    4.171 # [msec]
   Debug_Time(4):    3.959 # [msec]
-
   Version      : 1.2
   Ways         : 16
   Words        : 1
   Feedback     : 1
   WordBits     : 32
   IndexBits    : 32
   Sort Order   : 0
   Sign Compare : 0
   Max Size     : 268435455
   Debug Enable : 1
   size         : 990000
   average_time :   21.922 # [msec]
   throughput   :   45.161 # [mwords/sec]
   Debug_Time(0):   21.608 # [msec]
   Debug_Time(1):    8.142 # [msec]
   Debug_Time(2):    5.297 # [msec]
   Debug_Time(3):    4.190 # [msec]
   Debug_Time(4):    3.978 # [msec]
-
   Version      : 1.2
   Ways         : 16
   Words        : 1
   Feedback     : 1
   WordBits     : 32
   IndexBits    : 32
   Sort Order   : 0
   Sign Compare : 0
   Max Size     : 268435455
   Debug Enable : 1
   size         : 995000
   average_time :   22.018 # [msec]
   throughput   :   45.190 # [mwords/sec]
   Debug_Time(0):   21.758 # [msec]
   Debug_Time(1):    8.234 # [msec]
   Debug_Time(2):    5.316 # [msec]
   Debug_Time(3):    4.210 # [msec]
   Debug_Time(4):    3.998 # [msec]
-
   Version      : 1.2
   Ways         : 16
   Words        : 1
   Feedback     : 1
   WordBits     : 32
   IndexBits    : 32
   Sort Order   : 0
   Sign Compare : 0
   Max Size     : 268435455
   Debug Enable : 1
   size         : 1000000
   average_time :   22.136 # [msec]
   throughput   :   45.176 # [mwords/sec]
   Debug_Time(0):   21.865 # [msec]
   Debug_Time(1):    8.261 # [msec]
   Debug_Time(2):    5.354 # [msec]
   Debug_Time(3):    4.232 # [msec]
   Debug_Time(4):    4.018 # [msec]
