---
-
   Version      : 1.2
   Ways         : 16
   Words        : 2
   Feedback     : 1
   WordBits     : 32
   IndexBits    : 32
   Sort Order   : 0
   Sign Compare : 0
   Max Size     : 268435455
   Debug Enable : 1
   size         : 5000
   average_time :    0.207 # [msec]
   throughput   :   24.102 # [mwords/sec]
   Debug_Time(0):    0.045 # [msec]
   Debug_Time(1):    0.023 # [msec]
   Debug_Time(2):    0.023 # [msec]
-
   Version      : 1.2
   Ways         : 16
   Words        : 2
   Feedback     : 1
   WordBits     : 32
   IndexBits    : 32
   Sort Order   : 0
   Sign Compare : 0
   Max Size     : 268435455
   Debug Enable : 1
   size         : 10000
   average_time :    0.274 # [msec]
   throughput   :   36.482 # [mwords/sec]
   Debug_Time(0):    0.108 # [msec]
   Debug_Time(1):    0.044 # [msec]
   Debug_Time(2):    0.041 # [msec]
   Debug_Time(3):    0.024 # [msec]
-
   Version      : 1.2
   Ways         : 16
   Words        : 2
   Feedback     : 1
   WordBits     : 32
   IndexBits    : 32
   Sort Order   : 0
   Sign Compare : 0
   Max Size     : 268435455
   Debug Enable : 1
   size         : 15000
   average_time :    0.324 # [msec]
   throughput   :   46.322 # [mwords/sec]
   Debug_Time(0):    0.159 # [msec]
   Debug_Time(1):    0.066 # [msec]
   Debug_Time(2):    0.061 # [msec]
   Debug_Time(3):    0.033 # [msec]
-
   Version      : 1.2
   Ways         : 16
   Words        : 2
   Feedback     : 1
   WordBits     : 32
   IndexBits    : 32
   Sort Order   : 0
   Sign Compare : 0
   Max Size     : 268435455
   Debug Enable : 1
   size         : 20000
   average_time :    0.370 # [msec]
   throughput   :   54.019 # [mwords/sec]
   Debug_Time(0):    0.208 # [msec]
   Debug_Time(1):    0.086 # [msec]
   Debug_Time(2):    0.077 # [msec]
   Debug_Time(3):    0.044 # [msec]
-
   Version      : 1.2
   Ways         : 16
   Words        : 2
   Feedback     : 1
   WordBits     : 32
   IndexBits    : 32
   Sort Order   : 0
   Sign Compare : 0
   Max Size     : 268435455
   Debug Enable : 1
   size         : 25000
   average_time :    0.420 # [msec]
   throughput   :   59.473 # [mwords/sec]
   Debug_Time(0):    0.262 # [msec]
   Debug_Time(1):    0.107 # [msec]
   Debug_Time(2):    0.099 # [msec]
   Debug_Time(3):    0.055 # [msec]
-
   Version      : 1.2
   Ways         : 16
   Words        : 2
   Feedback     : 1
   WordBits     : 32
   IndexBits    : 32
   Sort Order   : 0
   Sign Compare : 0
   Max Size     : 268435455
   Debug Enable : 1
   size         : 30000
   average_time :    0.472 # [msec]
   throughput   :   63.556 # [mwords/sec]
   Debug_Time(0):    0.310 # [msec]
   Debug_Time(1):    0.128 # [msec]
   Debug_Time(2):    0.116 # [msec]
   Debug_Time(3):    0.066 # [msec]
-
   Version      : 1.2
   Ways         : 16
   Words        : 2
   Feedback     : 1
   WordBits     : 32
   IndexBits    : 32
   Sort Order   : 0
   Sign Compare : 0
   Max Size     : 268435455
   Debug Enable : 1
   size         : 35000
   average_time :    0.525 # [msec]
   throughput   :   66.725 # [mwords/sec]
   Debug_Time(0):    0.359 # [msec]
   Debug_Time(1):    0.150 # [msec]
   Debug_Time(2):    0.132 # [msec]
   Debug_Time(3):    0.077 # [msec]
-
   Version      : 1.2
   Ways         : 16
   Words        : 2
   Feedback     : 1
   WordBits     : 32
   IndexBits    : 32
   Sort Order   : 0
   Sign Compare : 0
   Max Size     : 268435455
   Debug Enable : 1
   size         : 40000
   average_time :    0.581 # [msec]
   throughput   :   68.852 # [mwords/sec]
   Debug_Time(0):    0.413 # [msec]
   Debug_Time(1):    0.171 # [msec]
   Debug_Time(2):    0.154 # [msec]
   Debug_Time(3):    0.087 # [msec]
-
   Version      : 1.2
   Ways         : 16
   Words        : 2
   Feedback     : 1
   WordBits     : 32
   IndexBits    : 32
   Sort Order   : 0
   Sign Compare : 0
   Max Size     : 268435455
   Debug Enable : 1
   size         : 45000
   average_time :    0.624 # [msec]
   throughput   :   72.130 # [mwords/sec]
   Debug_Time(0):    0.460 # [msec]
   Debug_Time(1):    0.191 # [msec]
   Debug_Time(2):    0.170 # [msec]
   Debug_Time(3):    0.099 # [msec]
-
   Version      : 1.2
   Ways         : 16
   Words        : 2
   Feedback     : 1
   WordBits     : 32
   IndexBits    : 32
   Sort Order   : 0
   Sign Compare : 0
   Max Size     : 268435455
   Debug Enable : 1
   size         : 50000
   average_time :    0.686 # [msec]
   throughput   :   72.927 # [mwords/sec]
   Debug_Time(0):    0.513 # [msec]
   Debug_Time(1):    0.213 # [msec]
   Debug_Time(2):    0.191 # [msec]
   Debug_Time(3):    0.109 # [msec]
-
   Version      : 1.2
   Ways         : 16
   Words        : 2
   Feedback     : 1
   WordBits     : 32
   IndexBits    : 32
   Sort Order   : 0
   Sign Compare : 0
   Max Size     : 268435455
   Debug Enable : 1
   size         : 55000
   average_time :    0.732 # [msec]
   throughput   :   75.184 # [mwords/sec]
   Debug_Time(0):    0.565 # [msec]
   Debug_Time(1):    0.234 # [msec]
   Debug_Time(2):    0.210 # [msec]
   Debug_Time(3):    0.120 # [msec]
-
   Version      : 1.2
   Ways         : 16
   Words        : 2
   Feedback     : 1
   WordBits     : 32
   IndexBits    : 32
   Sort Order   : 0
   Sign Compare : 0
   Max Size     : 268435455
   Debug Enable : 1
   size         : 60000
   average_time :    0.783 # [msec]
   throughput   :   76.639 # [mwords/sec]
   Debug_Time(0):    0.611 # [msec]
   Debug_Time(1):    0.255 # [msec]
   Debug_Time(2):    0.224 # [msec]
   Debug_Time(3):    0.131 # [msec]
-
   Version      : 1.2
   Ways         : 16
   Words        : 2
   Feedback     : 1
   WordBits     : 32
   IndexBits    : 32
   Sort Order   : 0
   Sign Compare : 0
   Max Size     : 268435455
   Debug Enable : 1
   size         : 65000
   average_time :    0.833 # [msec]
   throughput   :   78.075 # [mwords/sec]
   Debug_Time(0):    0.666 # [msec]
   Debug_Time(1):    0.276 # [msec]
   Debug_Time(2):    0.249 # [msec]
   Debug_Time(3):    0.142 # [msec]
-
   Version      : 1.2
   Ways         : 16
   Words        : 2
   Feedback     : 1
   WordBits     : 32
   IndexBits    : 32
   Sort Order   : 0
   Sign Compare : 0
   Max Size     : 268435455
   Debug Enable : 1
   size         : 70000
   average_time :    0.882 # [msec]
   throughput   :   79.403 # [mwords/sec]
   Debug_Time(0):    0.712 # [msec]
   Debug_Time(1):    0.297 # [msec]
   Debug_Time(2):    0.263 # [msec]
   Debug_Time(3):    0.152 # [msec]
-
   Version      : 1.2
   Ways         : 16
   Words        : 2
   Feedback     : 1
   WordBits     : 32
   IndexBits    : 32
   Sort Order   : 0
   Sign Compare : 0
   Max Size     : 268435455
   Debug Enable : 1
   size         : 75000
   average_time :    0.938 # [msec]
   throughput   :   79.961 # [mwords/sec]
   Debug_Time(0):    0.764 # [msec]
   Debug_Time(1):    0.318 # [msec]
   Debug_Time(2):    0.282 # [msec]
   Debug_Time(3):    0.164 # [msec]
-
   Version      : 1.2
   Ways         : 16
   Words        : 2
   Feedback     : 1
   WordBits     : 32
   IndexBits    : 32
   Sort Order   : 0
   Sign Compare : 0
   Max Size     : 268435455
   Debug Enable : 1
   size         : 80000
   average_time :    0.992 # [msec]
   throughput   :   80.671 # [mwords/sec]
   Debug_Time(0):    0.818 # [msec]
   Debug_Time(1):    0.340 # [msec]
   Debug_Time(2):    0.303 # [msec]
   Debug_Time(3):    0.175 # [msec]
-
   Version      : 1.2
   Ways         : 16
   Words        : 2
   Feedback     : 1
   WordBits     : 32
   IndexBits    : 32
   Sort Order   : 0
   Sign Compare : 0
   Max Size     : 268435455
   Debug Enable : 1
   size         : 85000
   average_time :    1.045 # [msec]
   throughput   :   81.318 # [mwords/sec]
   Debug_Time(0):    0.867 # [msec]
   Debug_Time(1):    0.360 # [msec]
   Debug_Time(2):    0.320 # [msec]
   Debug_Time(3):    0.187 # [msec]
-
   Version      : 1.2
   Ways         : 16
   Words        : 2
   Feedback     : 1
   WordBits     : 32
   IndexBits    : 32
   Sort Order   : 0
   Sign Compare : 0
   Max Size     : 268435455
   Debug Enable : 1
   size         : 90000
   average_time :    1.099 # [msec]
   throughput   :   81.865 # [mwords/sec]
   Debug_Time(0):    0.919 # [msec]
   Debug_Time(1):    0.382 # [msec]
   Debug_Time(2):    0.341 # [msec]
   Debug_Time(3):    0.196 # [msec]
-
   Version      : 1.2
   Ways         : 16
   Words        : 2
   Feedback     : 1
   WordBits     : 32
   IndexBits    : 32
   Sort Order   : 0
   Sign Compare : 0
   Max Size     : 268435455
   Debug Enable : 1
   size         : 95000
   average_time :    1.149 # [msec]
   throughput   :   82.702 # [mwords/sec]
   Debug_Time(0):    0.969 # [msec]
   Debug_Time(1):    0.403 # [msec]
   Debug_Time(2):    0.357 # [msec]
   Debug_Time(3):    0.209 # [msec]
-
   Version      : 1.2
   Ways         : 16
   Words        : 2
   Feedback     : 1
   WordBits     : 32
   IndexBits    : 32
   Sort Order   : 0
   Sign Compare : 0
   Max Size     : 268435455
   Debug Enable : 1
   size         : 100000
   average_time :    1.214 # [msec]
   throughput   :   82.375 # [mwords/sec]
   Debug_Time(0):    1.020 # [msec]
   Debug_Time(1):    0.425 # [msec]
   Debug_Time(2):    0.376 # [msec]
   Debug_Time(3):    0.220 # [msec]
-
   Version      : 1.2
   Ways         : 16
   Words        : 2
   Feedback     : 1
   WordBits     : 32
   IndexBits    : 32
   Sort Order   : 0
   Sign Compare : 0
   Max Size     : 268435455
   Debug Enable : 1
   size         : 105000
   average_time :    1.269 # [msec]
   throughput   :   82.717 # [mwords/sec]
   Debug_Time(0):    1.072 # [msec]
   Debug_Time(1):    0.446 # [msec]
   Debug_Time(2):    0.395 # [msec]
   Debug_Time(3):    0.231 # [msec]
-
   Version      : 1.2
   Ways         : 16
   Words        : 2
   Feedback     : 1
   WordBits     : 32
   IndexBits    : 32
   Sort Order   : 0
   Sign Compare : 0
   Max Size     : 268435455
   Debug Enable : 1
   size         : 110000
   average_time :    1.337 # [msec]
   throughput   :   82.262 # [mwords/sec]
   Debug_Time(0):    1.128 # [msec]
   Debug_Time(1):    0.470 # [msec]
   Debug_Time(2):    0.413 # [msec]
   Debug_Time(3):    0.245 # [msec]
-
   Version      : 1.2
   Ways         : 16
   Words        : 2
   Feedback     : 1
   WordBits     : 32
   IndexBits    : 32
   Sort Order   : 0
   Sign Compare : 0
   Max Size     : 268435455
   Debug Enable : 1
   size         : 115000
   average_time :    1.378 # [msec]
   throughput   :   83.428 # [mwords/sec]
   Debug_Time(0):    1.177 # [msec]
   Debug_Time(1):    0.488 # [msec]
   Debug_Time(2):    0.434 # [msec]
   Debug_Time(3):    0.255 # [msec]
-
   Version      : 1.2
   Ways         : 16
   Words        : 2
   Feedback     : 1
   WordBits     : 32
   IndexBits    : 32
   Sort Order   : 0
   Sign Compare : 0
   Max Size     : 268435455
   Debug Enable : 1
   size         : 120000
   average_time :    1.430 # [msec]
   throughput   :   83.900 # [mwords/sec]
   Debug_Time(0):    1.231 # [msec]
   Debug_Time(1):    0.514 # [msec]
   Debug_Time(2):    0.450 # [msec]
   Debug_Time(3):    0.267 # [msec]
-
   Version      : 1.2
   Ways         : 16
   Words        : 2
   Feedback     : 1
   WordBits     : 32
   IndexBits    : 32
   Sort Order   : 0
   Sign Compare : 0
   Max Size     : 268435455
   Debug Enable : 1
   size         : 125000
   average_time :    1.480 # [msec]
   throughput   :   84.435 # [mwords/sec]
   Debug_Time(0):    1.278 # [msec]
   Debug_Time(1):    0.530 # [msec]
   Debug_Time(2):    0.468 # [msec]
   Debug_Time(3):    0.280 # [msec]
-
   Version      : 1.2
   Ways         : 16
   Words        : 2
   Feedback     : 1
   WordBits     : 32
   IndexBits    : 32
   Sort Order   : 0
   Sign Compare : 0
   Max Size     : 268435455
   Debug Enable : 1
   size         : 130000
   average_time :    1.539 # [msec]
   throughput   :   84.491 # [mwords/sec]
   Debug_Time(0):    1.333 # [msec]
   Debug_Time(1):    0.552 # [msec]
   Debug_Time(2):    0.489 # [msec]
   Debug_Time(3):    0.292 # [msec]
-
   Version      : 1.2
   Ways         : 16
   Words        : 2
   Feedback     : 1
   WordBits     : 32
   IndexBits    : 32
   Sort Order   : 0
   Sign Compare : 0
   Max Size     : 268435455
   Debug Enable : 1
   size         : 135000
   average_time :    1.900 # [msec]
   throughput   :   71.036 # [mwords/sec]
   Debug_Time(0):    1.693 # [msec]
   Debug_Time(1):    0.586 # [msec]
   Debug_Time(2):    0.505 # [msec]
   Debug_Time(3):    0.305 # [msec]
   Debug_Time(4):    0.298 # [msec]
-
   Version      : 1.2
   Ways         : 16
   Words        : 2
   Feedback     : 1
   WordBits     : 32
   IndexBits    : 32
   Sort Order   : 0
   Sign Compare : 0
   Max Size     : 268435455
   Debug Enable : 1
   size         : 140000
   average_time :    1.991 # [msec]
   throughput   :   70.314 # [mwords/sec]
   Debug_Time(0):    1.774 # [msec]
   Debug_Time(1):    0.622 # [msec]
   Debug_Time(2):    0.524 # [msec]
   Debug_Time(3):    0.315 # [msec]
   Debug_Time(4):    0.312 # [msec]
-
   Version      : 1.2
   Ways         : 16
   Words        : 2
   Feedback     : 1
   WordBits     : 32
   IndexBits    : 32
   Sort Order   : 0
   Sign Compare : 0
   Max Size     : 268435455
   Debug Enable : 1
   size         : 145000
   average_time :    2.066 # [msec]
   throughput   :   70.178 # [mwords/sec]
   Debug_Time(0):    1.848 # [msec]
   Debug_Time(1):    0.651 # [msec]
   Debug_Time(2):    0.542 # [msec]
   Debug_Time(3):    0.328 # [msec]
   Debug_Time(4):    0.327 # [msec]
-
   Version      : 1.2
   Ways         : 16
   Words        : 2
   Feedback     : 1
   WordBits     : 32
   IndexBits    : 32
   Sort Order   : 0
   Sign Compare : 0
   Max Size     : 268435455
   Debug Enable : 1
   size         : 150000
   average_time :    2.149 # [msec]
   throughput   :   69.786 # [mwords/sec]
   Debug_Time(0):    1.944 # [msec]
   Debug_Time(1):    0.702 # [msec]
   Debug_Time(2):    0.559 # [msec]
   Debug_Time(3):    0.336 # [msec]
   Debug_Time(4):    0.345 # [msec]
-
   Version      : 1.2
   Ways         : 16
   Words        : 2
   Feedback     : 1
   WordBits     : 32
   IndexBits    : 32
   Sort Order   : 0
   Sign Compare : 0
   Max Size     : 268435455
   Debug Enable : 1
   size         : 155000
   average_time :    2.261 # [msec]
   throughput   :   68.557 # [mwords/sec]
   Debug_Time(0):    2.092 # [msec]
   Debug_Time(1):    0.799 # [msec]
   Debug_Time(2):    0.582 # [msec]
   Debug_Time(3):    0.347 # [msec]
   Debug_Time(4):    0.365 # [msec]
-
   Version      : 1.2
   Ways         : 16
   Words        : 2
   Feedback     : 1
   WordBits     : 32
   IndexBits    : 32
   Sort Order   : 0
   Sign Compare : 0
   Max Size     : 268435455
   Debug Enable : 1
   size         : 160000
   average_time :    2.341 # [msec]
   throughput   :   68.356 # [mwords/sec]
   Debug_Time(0):    2.140 # [msec]
   Debug_Time(1):    0.814 # [msec]
   Debug_Time(2):    0.599 # [msec]
   Debug_Time(3):    0.359 # [msec]
   Debug_Time(4):    0.367 # [msec]
-
   Version      : 1.2
   Ways         : 16
   Words        : 2
   Feedback     : 1
   WordBits     : 32
   IndexBits    : 32
   Sort Order   : 0
   Sign Compare : 0
   Max Size     : 268435455
   Debug Enable : 1
   size         : 165000
   average_time :    2.451 # [msec]
   throughput   :   67.313 # [mwords/sec]
   Debug_Time(0):    2.317 # [msec]
   Debug_Time(1):    0.929 # [msec]
   Debug_Time(2):    0.619 # [msec]
   Debug_Time(3):    0.370 # [msec]
   Debug_Time(4):    0.398 # [msec]
-
   Version      : 1.2
   Ways         : 16
   Words        : 2
   Feedback     : 1
   WordBits     : 32
   IndexBits    : 32
   Sort Order   : 0
   Sign Compare : 0
   Max Size     : 268435455
   Debug Enable : 1
   size         : 170000
   average_time :    2.562 # [msec]
   throughput   :   66.351 # [mwords/sec]
   Debug_Time(0):    2.526 # [msec]
   Debug_Time(1):    1.085 # [msec]
   Debug_Time(2):    0.640 # [msec]
   Debug_Time(3):    0.382 # [msec]
   Debug_Time(4):    0.419 # [msec]
-
   Version      : 1.2
   Ways         : 16
   Words        : 2
   Feedback     : 1
   WordBits     : 32
   IndexBits    : 32
   Sort Order   : 0
   Sign Compare : 0
   Max Size     : 268435455
   Debug Enable : 1
   size         : 175000
   average_time :    2.748 # [msec]
   throughput   :   63.676 # [mwords/sec]
   Debug_Time(0):    2.973 # [msec]
   Debug_Time(1):    1.497 # [msec]
   Debug_Time(2):    0.655 # [msec]
   Debug_Time(3):    0.393 # [msec]
   Debug_Time(4):    0.428 # [msec]
-
   Version      : 1.2
   Ways         : 16
   Words        : 2
   Feedback     : 1
   WordBits     : 32
   IndexBits    : 32
   Sort Order   : 0
   Sign Compare : 0
   Max Size     : 268435455
   Debug Enable : 1
   size         : 180000
   average_time :    2.887 # [msec]
   throughput   :   62.359 # [mwords/sec]
   Debug_Time(0):    3.058 # [msec]
   Debug_Time(1):    1.534 # [msec]
   Debug_Time(2):    0.675 # [msec]
   Debug_Time(3):    0.403 # [msec]
   Debug_Time(4):    0.446 # [msec]
-
   Version      : 1.2
   Ways         : 16
   Words        : 2
   Feedback     : 1
   WordBits     : 32
   IndexBits    : 32
   Sort Order   : 0
   Sign Compare : 0
   Max Size     : 268435455
   Debug Enable : 1
   size         : 185000
   average_time :    3.012 # [msec]
   throughput   :   61.413 # [mwords/sec]
   Debug_Time(0):    3.184 # [msec]
   Debug_Time(1):    1.616 # [msec]
   Debug_Time(2):    0.691 # [msec]
   Debug_Time(3):    0.415 # [msec]
   Debug_Time(4):    0.462 # [msec]
-
   Version      : 1.2
   Ways         : 16
   Words        : 2
   Feedback     : 1
   WordBits     : 32
   IndexBits    : 32
   Sort Order   : 0
   Sign Compare : 0
   Max Size     : 268435455
   Debug Enable : 1
   size         : 190000
   average_time :    3.142 # [msec]
   throughput   :   60.467 # [mwords/sec]
   Debug_Time(0):    3.257 # [msec]
   Debug_Time(1):    1.646 # [msec]
   Debug_Time(2):    0.710 # [msec]
   Debug_Time(3):    0.427 # [msec]
   Debug_Time(4):    0.474 # [msec]
-
   Version      : 1.2
   Ways         : 16
   Words        : 2
   Feedback     : 1
   WordBits     : 32
   IndexBits    : 32
   Sort Order   : 0
   Sign Compare : 0
   Max Size     : 268435455
   Debug Enable : 1
   size         : 195000
   average_time :    3.290 # [msec]
   throughput   :   59.267 # [mwords/sec]
   Debug_Time(0):    3.382 # [msec]
   Debug_Time(1):    1.727 # [msec]
   Debug_Time(2):    0.734 # [msec]
   Debug_Time(3):    0.438 # [msec]
   Debug_Time(4):    0.483 # [msec]
-
   Version      : 1.2
   Ways         : 16
   Words        : 2
   Feedback     : 1
   WordBits     : 32
   IndexBits    : 32
   Sort Order   : 0
   Sign Compare : 0
   Max Size     : 268435455
   Debug Enable : 1
   size         : 200000
   average_time :    3.420 # [msec]
   throughput   :   58.474 # [mwords/sec]
   Debug_Time(0):    3.475 # [msec]
   Debug_Time(1):    1.783 # [msec]
   Debug_Time(2):    0.747 # [msec]
   Debug_Time(3):    0.450 # [msec]
   Debug_Time(4):    0.495 # [msec]
-
   Version      : 1.2
   Ways         : 16
   Words        : 2
   Feedback     : 1
   WordBits     : 32
   IndexBits    : 32
   Sort Order   : 0
   Sign Compare : 0
   Max Size     : 268435455
   Debug Enable : 1
   size         : 205000
   average_time :    3.521 # [msec]
   throughput   :   58.229 # [mwords/sec]
   Debug_Time(0):    3.522 # [msec]
   Debug_Time(1):    1.784 # [msec]
   Debug_Time(2):    0.767 # [msec]
   Debug_Time(3):    0.462 # [msec]
   Debug_Time(4):    0.508 # [msec]
-
   Version      : 1.2
   Ways         : 16
   Words        : 2
   Feedback     : 1
   WordBits     : 32
   IndexBits    : 32
   Sort Order   : 0
   Sign Compare : 0
   Max Size     : 268435455
   Debug Enable : 1
   size         : 210000
   average_time :    3.637 # [msec]
   throughput   :   57.733 # [mwords/sec]
   Debug_Time(0):    3.627 # [msec]
   Debug_Time(1):    1.851 # [msec]
   Debug_Time(2):    0.785 # [msec]
   Debug_Time(3):    0.472 # [msec]
   Debug_Time(4):    0.518 # [msec]
-
   Version      : 1.2
   Ways         : 16
   Words        : 2
   Feedback     : 1
   WordBits     : 32
   IndexBits    : 32
   Sort Order   : 0
   Sign Compare : 0
   Max Size     : 268435455
   Debug Enable : 1
   size         : 215000
   average_time :    3.764 # [msec]
   throughput   :   57.124 # [mwords/sec]
   Debug_Time(0):    3.718 # [msec]
   Debug_Time(1):    1.895 # [msec]
   Debug_Time(2):    0.804 # [msec]
   Debug_Time(3):    0.485 # [msec]
   Debug_Time(4):    0.534 # [msec]
-
   Version      : 1.2
   Ways         : 16
   Words        : 2
   Feedback     : 1
   WordBits     : 32
   IndexBits    : 32
   Sort Order   : 0
   Sign Compare : 0
   Max Size     : 268435455
   Debug Enable : 1
   size         : 220000
   average_time :    3.867 # [msec]
   throughput   :   56.893 # [mwords/sec]
   Debug_Time(0):    3.809 # [msec]
   Debug_Time(1):    1.945 # [msec]
   Debug_Time(2):    0.825 # [msec]
   Debug_Time(3):    0.494 # [msec]
   Debug_Time(4):    0.545 # [msec]
-
   Version      : 1.2
   Ways         : 16
   Words        : 2
   Feedback     : 1
   WordBits     : 32
   IndexBits    : 32
   Sort Order   : 0
   Sign Compare : 0
   Max Size     : 268435455
   Debug Enable : 1
   size         : 225000
   average_time :    3.972 # [msec]
   throughput   :   56.644 # [mwords/sec]
   Debug_Time(0):    3.898 # [msec]
   Debug_Time(1):    1.992 # [msec]
   Debug_Time(2):    0.840 # [msec]
   Debug_Time(3):    0.508 # [msec]
   Debug_Time(4):    0.559 # [msec]
-
   Version      : 1.2
   Ways         : 16
   Words        : 2
   Feedback     : 1
   WordBits     : 32
   IndexBits    : 32
   Sort Order   : 0
   Sign Compare : 0
   Max Size     : 268435455
   Debug Enable : 1
   size         : 230000
   average_time :    4.062 # [msec]
   throughput   :   56.624 # [mwords/sec]
   Debug_Time(0):    3.978 # [msec]
   Debug_Time(1):    2.026 # [msec]
   Debug_Time(2):    0.861 # [msec]
   Debug_Time(3):    0.521 # [msec]
   Debug_Time(4):    0.570 # [msec]
-
   Version      : 1.2
   Ways         : 16
   Words        : 2
   Feedback     : 1
   WordBits     : 32
   IndexBits    : 32
   Sort Order   : 0
   Sign Compare : 0
   Max Size     : 268435455
   Debug Enable : 1
   size         : 235000
   average_time :    4.197 # [msec]
   throughput   :   55.989 # [mwords/sec]
   Debug_Time(0):    4.073 # [msec]
   Debug_Time(1):    2.090 # [msec]
   Debug_Time(2):    0.879 # [msec]
   Debug_Time(3):    0.530 # [msec]
   Debug_Time(4):    0.575 # [msec]
-
   Version      : 1.2
   Ways         : 16
   Words        : 2
   Feedback     : 1
   WordBits     : 32
   IndexBits    : 32
   Sort Order   : 0
   Sign Compare : 0
   Max Size     : 268435455
   Debug Enable : 1
   size         : 240000
   average_time :    4.281 # [msec]
   throughput   :   56.065 # [mwords/sec]
   Debug_Time(0):    4.163 # [msec]
   Debug_Time(1):    2.135 # [msec]
   Debug_Time(2):    0.897 # [msec]
   Debug_Time(3):    0.542 # [msec]
   Debug_Time(4):    0.590 # [msec]
-
   Version      : 1.2
   Ways         : 16
   Words        : 2
   Feedback     : 1
   WordBits     : 32
   IndexBits    : 32
   Sort Order   : 0
   Sign Compare : 0
   Max Size     : 268435455
   Debug Enable : 1
   size         : 245000
   average_time :    4.364 # [msec]
   throughput   :   56.138 # [mwords/sec]
   Debug_Time(0):    4.225 # [msec]
   Debug_Time(1):    2.128 # [msec]
   Debug_Time(2):    0.918 # [msec]
   Debug_Time(3):    0.551 # [msec]
   Debug_Time(4):    0.628 # [msec]
-
   Version      : 1.2
   Ways         : 16
   Words        : 2
   Feedback     : 1
   WordBits     : 32
   IndexBits    : 32
   Sort Order   : 0
   Sign Compare : 0
   Max Size     : 268435455
   Debug Enable : 1
   size         : 250000
   average_time :    4.447 # [msec]
   throughput   :   56.216 # [mwords/sec]
   Debug_Time(0):    4.266 # [msec]
   Debug_Time(1):    2.130 # [msec]
   Debug_Time(2):    0.932 # [msec]
   Debug_Time(3):    0.563 # [msec]
   Debug_Time(4):    0.642 # [msec]
-
   Version      : 1.2
   Ways         : 16
   Words        : 2
   Feedback     : 1
   WordBits     : 32
   IndexBits    : 32
   Sort Order   : 0
   Sign Compare : 0
   Max Size     : 268435455
   Debug Enable : 1
   size         : 255000
   average_time :    4.543 # [msec]
   throughput   :   56.136 # [mwords/sec]
   Debug_Time(0):    4.271 # [msec]
   Debug_Time(1):    2.099 # [msec]
   Debug_Time(2):    0.952 # [msec]
   Debug_Time(3):    0.575 # [msec]
   Debug_Time(4):    0.644 # [msec]
-
   Version      : 1.2
   Ways         : 16
   Words        : 2
   Feedback     : 1
   WordBits     : 32
   IndexBits    : 32
   Sort Order   : 0
   Sign Compare : 0
   Max Size     : 268435455
   Debug Enable : 1
   size         : 260000
   average_time :    4.672 # [msec]
   throughput   :   55.648 # [mwords/sec]
   Debug_Time(0):    4.527 # [msec]
   Debug_Time(1):    2.313 # [msec]
   Debug_Time(2):    0.971 # [msec]
   Debug_Time(3):    0.586 # [msec]
   Debug_Time(4):    0.657 # [msec]
-
   Version      : 1.2
   Ways         : 16
   Words        : 2
   Feedback     : 1
   WordBits     : 32
   IndexBits    : 32
   Sort Order   : 0
   Sign Compare : 0
   Max Size     : 268435455
   Debug Enable : 1
   size         : 265000
   average_time :    4.740 # [msec]
   throughput   :   55.911 # [mwords/sec]
   Debug_Time(0):    4.542 # [msec]
   Debug_Time(1):    2.289 # [msec]
   Debug_Time(2):    0.988 # [msec]
   Debug_Time(3):    0.597 # [msec]
   Debug_Time(4):    0.669 # [msec]
-
   Version      : 1.2
   Ways         : 16
   Words        : 2
   Feedback     : 1
   WordBits     : 32
   IndexBits    : 32
   Sort Order   : 0
   Sign Compare : 0
   Max Size     : 268435455
   Debug Enable : 1
   size         : 270000
   average_time :    4.841 # [msec]
   throughput   :   55.778 # [mwords/sec]
   Debug_Time(0):    4.626 # [msec]
   Debug_Time(1):    2.328 # [msec]
   Debug_Time(2):    1.012 # [msec]
   Debug_Time(3):    0.608 # [msec]
   Debug_Time(4):    0.679 # [msec]
-
   Version      : 1.2
   Ways         : 16
   Words        : 2
   Feedback     : 1
   WordBits     : 32
   IndexBits    : 32
   Sort Order   : 0
   Sign Compare : 0
   Max Size     : 268435455
   Debug Enable : 1
   size         : 275000
   average_time :    4.951 # [msec]
   throughput   :   55.546 # [mwords/sec]
   Debug_Time(0):    4.760 # [msec]
   Debug_Time(1):    2.418 # [msec]
   Debug_Time(2):    1.028 # [msec]
   Debug_Time(3):    0.617 # [msec]
   Debug_Time(4):    0.698 # [msec]
-
   Version      : 1.2
   Ways         : 16
   Words        : 2
   Feedback     : 1
   WordBits     : 32
   IndexBits    : 32
   Sort Order   : 0
   Sign Compare : 0
   Max Size     : 268435455
   Debug Enable : 1
   size         : 280000
   average_time :    5.026 # [msec]
   throughput   :   55.708 # [mwords/sec]
   Debug_Time(0):    4.836 # [msec]
   Debug_Time(1):    2.455 # [msec]
   Debug_Time(2):    1.045 # [msec]
   Debug_Time(3):    0.629 # [msec]
   Debug_Time(4):    0.707 # [msec]
-
   Version      : 1.2
   Ways         : 16
   Words        : 2
   Feedback     : 1
   WordBits     : 32
   IndexBits    : 32
   Sort Order   : 0
   Sign Compare : 0
   Max Size     : 268435455
   Debug Enable : 1
   size         : 285000
   average_time :    5.095 # [msec]
   throughput   :   55.942 # [mwords/sec]
   Debug_Time(0):    4.886 # [msec]
   Debug_Time(1):    2.454 # [msec]
   Debug_Time(2):    1.065 # [msec]
   Debug_Time(3):    0.639 # [msec]
   Debug_Time(4):    0.727 # [msec]
-
   Version      : 1.2
   Ways         : 16
   Words        : 2
   Feedback     : 1
   WordBits     : 32
   IndexBits    : 32
   Sort Order   : 0
   Sign Compare : 0
   Max Size     : 268435455
   Debug Enable : 1
   size         : 290000
   average_time :    5.191 # [msec]
   throughput   :   55.867 # [mwords/sec]
   Debug_Time(0):    5.000 # [msec]
   Debug_Time(1):    2.532 # [msec]
   Debug_Time(2):    1.081 # [msec]
   Debug_Time(3):    0.652 # [msec]
   Debug_Time(4):    0.735 # [msec]
-
   Version      : 1.2
   Ways         : 16
   Words        : 2
   Feedback     : 1
   WordBits     : 32
   IndexBits    : 32
   Sort Order   : 0
   Sign Compare : 0
   Max Size     : 268435455
   Debug Enable : 1
   size         : 295000
   average_time :    5.313 # [msec]
   throughput   :   55.524 # [mwords/sec]
   Debug_Time(0):    5.114 # [msec]
   Debug_Time(1):    2.607 # [msec]
   Debug_Time(2):    1.100 # [msec]
   Debug_Time(3):    0.662 # [msec]
   Debug_Time(4):    0.745 # [msec]
-
   Version      : 1.2
   Ways         : 16
   Words        : 2
   Feedback     : 1
   WordBits     : 32
   IndexBits    : 32
   Sort Order   : 0
   Sign Compare : 0
   Max Size     : 268435455
   Debug Enable : 1
   size         : 300000
   average_time :    5.383 # [msec]
   throughput   :   55.733 # [mwords/sec]
   Debug_Time(0):    5.102 # [msec]
   Debug_Time(1):    2.547 # [msec]
   Debug_Time(2):    1.119 # [msec]
   Debug_Time(3):    0.672 # [msec]
   Debug_Time(4):    0.763 # [msec]
-
   Version      : 1.2
   Ways         : 16
   Words        : 2
   Feedback     : 1
   WordBits     : 32
   IndexBits    : 32
   Sort Order   : 0
   Sign Compare : 0
   Max Size     : 268435455
   Debug Enable : 1
   size         : 305000
   average_time :    5.486 # [msec]
   throughput   :   55.599 # [mwords/sec]
   Debug_Time(0):    5.293 # [msec]
   Debug_Time(1):    2.693 # [msec]
   Debug_Time(2):    1.137 # [msec]
   Debug_Time(3):    0.686 # [msec]
   Debug_Time(4):    0.777 # [msec]
-
   Version      : 1.2
   Ways         : 16
   Words        : 2
   Feedback     : 1
   WordBits     : 32
   IndexBits    : 32
   Sort Order   : 0
   Sign Compare : 0
   Max Size     : 268435455
   Debug Enable : 1
   size         : 310000
   average_time :    5.580 # [msec]
   throughput   :   55.557 # [mwords/sec]
   Debug_Time(0):    5.319 # [msec]
   Debug_Time(1):    2.676 # [msec]
   Debug_Time(2):    1.158 # [msec]
   Debug_Time(3):    0.695 # [msec]
   Debug_Time(4):    0.790 # [msec]
-
   Version      : 1.2
   Ways         : 16
   Words        : 2
   Feedback     : 1
   WordBits     : 32
   IndexBits    : 32
   Sort Order   : 0
   Sign Compare : 0
   Max Size     : 268435455
   Debug Enable : 1
   size         : 315000
   average_time :    5.655 # [msec]
   throughput   :   55.699 # [mwords/sec]
   Debug_Time(0):    5.422 # [msec]
   Debug_Time(1):    2.734 # [msec]
   Debug_Time(2):    1.172 # [msec]
   Debug_Time(3):    0.708 # [msec]
   Debug_Time(4):    0.808 # [msec]
-
   Version      : 1.2
   Ways         : 16
   Words        : 2
   Feedback     : 1
   WordBits     : 32
   IndexBits    : 32
   Sort Order   : 0
   Sign Compare : 0
   Max Size     : 268435455
   Debug Enable : 1
   size         : 320000
   average_time :    5.726 # [msec]
   throughput   :   55.888 # [mwords/sec]
   Debug_Time(0):    5.461 # [msec]
   Debug_Time(1):    2.739 # [msec]
   Debug_Time(2):    1.195 # [msec]
   Debug_Time(3):    0.718 # [msec]
   Debug_Time(4):    0.808 # [msec]
-
   Version      : 1.2
   Ways         : 16
   Words        : 2
   Feedback     : 1
   WordBits     : 32
   IndexBits    : 32
   Sort Order   : 0
   Sign Compare : 0
   Max Size     : 268435455
   Debug Enable : 1
   size         : 325000
   average_time :    5.804 # [msec]
   throughput   :   55.992 # [mwords/sec]
   Debug_Time(0):    5.613 # [msec]
   Debug_Time(1):    2.845 # [msec]
   Debug_Time(2):    1.212 # [msec]
   Debug_Time(3):    0.730 # [msec]
   Debug_Time(4):    0.826 # [msec]
-
   Version      : 1.2
   Ways         : 16
   Words        : 2
   Feedback     : 1
   WordBits     : 32
   IndexBits    : 32
   Sort Order   : 0
   Sign Compare : 0
   Max Size     : 268435455
   Debug Enable : 1
   size         : 330000
   average_time :    5.881 # [msec]
   throughput   :   56.113 # [mwords/sec]
   Debug_Time(0):    5.561 # [msec]
   Debug_Time(1):    2.753 # [msec]
   Debug_Time(2):    1.228 # [msec]
   Debug_Time(3):    0.743 # [msec]
   Debug_Time(4):    0.837 # [msec]
-
   Version      : 1.2
   Ways         : 16
   Words        : 2
   Feedback     : 1
   WordBits     : 32
   IndexBits    : 32
   Sort Order   : 0
   Sign Compare : 0
   Max Size     : 268435455
   Debug Enable : 1
   size         : 335000
   average_time :    5.979 # [msec]
   throughput   :   56.027 # [mwords/sec]
   Debug_Time(0):    5.801 # [msec]
   Debug_Time(1):    2.951 # [msec]
   Debug_Time(2):    1.247 # [msec]
   Debug_Time(3):    0.753 # [msec]
   Debug_Time(4):    0.850 # [msec]
-
   Version      : 1.2
   Ways         : 16
   Words        : 2
   Feedback     : 1
   WordBits     : 32
   IndexBits    : 32
   Sort Order   : 0
   Sign Compare : 0
   Max Size     : 268435455
   Debug Enable : 1
   size         : 340000
   average_time :    6.052 # [msec]
   throughput   :   56.182 # [mwords/sec]
   Debug_Time(0):    5.746 # [msec]
   Debug_Time(1):    2.847 # [msec]
   Debug_Time(2):    1.267 # [msec]
   Debug_Time(3):    0.765 # [msec]
   Debug_Time(4):    0.867 # [msec]
-
   Version      : 1.2
   Ways         : 16
   Words        : 2
   Feedback     : 1
   WordBits     : 32
   IndexBits    : 32
   Sort Order   : 0
   Sign Compare : 0
   Max Size     : 268435455
   Debug Enable : 1
   size         : 345000
   average_time :    6.144 # [msec]
   throughput   :   56.148 # [mwords/sec]
   Debug_Time(0):    5.924 # [msec]
   Debug_Time(1):    2.984 # [msec]
   Debug_Time(2):    1.290 # [msec]
   Debug_Time(3):    0.773 # [msec]
   Debug_Time(4):    0.878 # [msec]
-
   Version      : 1.2
   Ways         : 16
   Words        : 2
   Feedback     : 1
   WordBits     : 32
   IndexBits    : 32
   Sort Order   : 0
   Sign Compare : 0
   Max Size     : 268435455
   Debug Enable : 1
   size         : 350000
   average_time :    6.235 # [msec]
   throughput   :   56.133 # [mwords/sec]
   Debug_Time(0):    5.978 # [msec]
   Debug_Time(1):    2.997 # [msec]
   Debug_Time(2):    1.301 # [msec]
   Debug_Time(3):    0.786 # [msec]
   Debug_Time(4):    0.894 # [msec]
-
   Version      : 1.2
   Ways         : 16
   Words        : 2
   Feedback     : 1
   WordBits     : 32
   IndexBits    : 32
   Sort Order   : 0
   Sign Compare : 0
   Max Size     : 268435455
   Debug Enable : 1
   size         : 355000
   average_time :    6.313 # [msec]
   throughput   :   56.234 # [mwords/sec]
   Debug_Time(0):    6.095 # [msec]
   Debug_Time(1):    3.071 # [msec]
   Debug_Time(2):    1.320 # [msec]
   Debug_Time(3):    0.798 # [msec]
   Debug_Time(4):    0.907 # [msec]
-
   Version      : 1.2
   Ways         : 16
   Words        : 2
   Feedback     : 1
   WordBits     : 32
   IndexBits    : 32
   Sort Order   : 0
   Sign Compare : 0
   Max Size     : 268435455
   Debug Enable : 1
   size         : 360000
   average_time :    6.406 # [msec]
   throughput   :   56.193 # [mwords/sec]
   Debug_Time(0):    6.192 # [msec]
   Debug_Time(1):    3.122 # [msec]
   Debug_Time(2):    1.342 # [msec]
   Debug_Time(3):    0.808 # [msec]
   Debug_Time(4):    0.920 # [msec]
-
   Version      : 1.2
   Ways         : 16
   Words        : 2
   Feedback     : 1
   WordBits     : 32
   IndexBits    : 32
   Sort Order   : 0
   Sign Compare : 0
   Max Size     : 268435455
   Debug Enable : 1
   size         : 365000
   average_time :    6.509 # [msec]
   throughput   :   56.080 # [mwords/sec]
   Debug_Time(0):    6.258 # [msec]
   Debug_Time(1):    3.150 # [msec]
   Debug_Time(2):    1.357 # [msec]
   Debug_Time(3):    0.822 # [msec]
   Debug_Time(4):    0.929 # [msec]
-
   Version      : 1.2
   Ways         : 16
   Words        : 2
   Feedback     : 1
   WordBits     : 32
   IndexBits    : 32
   Sort Order   : 0
   Sign Compare : 0
   Max Size     : 268435455
   Debug Enable : 1
   size         : 370000
   average_time :    6.586 # [msec]
   throughput   :   56.180 # [mwords/sec]
   Debug_Time(0):    6.351 # [msec]
   Debug_Time(1):    3.193 # [msec]
   Debug_Time(2):    1.378 # [msec]
   Debug_Time(3):    0.833 # [msec]
   Debug_Time(4):    0.947 # [msec]
-
   Version      : 1.2
   Ways         : 16
   Words        : 2
   Feedback     : 1
   WordBits     : 32
   IndexBits    : 32
   Sort Order   : 0
   Sign Compare : 0
   Max Size     : 268435455
   Debug Enable : 1
   size         : 375000
   average_time :    6.663 # [msec]
   throughput   :   56.280 # [mwords/sec]
   Debug_Time(0):    6.450 # [msec]
   Debug_Time(1):    3.247 # [msec]
   Debug_Time(2):    1.400 # [msec]
   Debug_Time(3):    0.844 # [msec]
   Debug_Time(4):    0.959 # [msec]
-
   Version      : 1.2
   Ways         : 16
   Words        : 2
   Feedback     : 1
   WordBits     : 32
   IndexBits    : 32
   Sort Order   : 0
   Sign Compare : 0
   Max Size     : 268435455
   Debug Enable : 1
   size         : 380000
   average_time :    6.729 # [msec]
   throughput   :   56.470 # [mwords/sec]
   Debug_Time(0):    6.543 # [msec]
   Debug_Time(1):    3.295 # [msec]
   Debug_Time(2):    1.416 # [msec]
   Debug_Time(3):    0.855 # [msec]
   Debug_Time(4):    0.977 # [msec]
-
   Version      : 1.2
   Ways         : 16
   Words        : 2
   Feedback     : 1
   WordBits     : 32
   IndexBits    : 32
   Sort Order   : 0
   Sign Compare : 0
   Max Size     : 268435455
   Debug Enable : 1
   size         : 385000
   average_time :    6.799 # [msec]
   throughput   :   56.624 # [mwords/sec]
   Debug_Time(0):    6.446 # [msec]
   Debug_Time(1):    3.154 # [msec]
   Debug_Time(2):    1.437 # [msec]
   Debug_Time(3):    0.868 # [msec]
   Debug_Time(4):    0.986 # [msec]
-
   Version      : 1.2
   Ways         : 16
   Words        : 2
   Feedback     : 1
   WordBits     : 32
   IndexBits    : 32
   Sort Order   : 0
   Sign Compare : 0
   Max Size     : 268435455
   Debug Enable : 1
   size         : 390000
   average_time :    6.879 # [msec]
   throughput   :   56.693 # [mwords/sec]
   Debug_Time(0):    6.675 # [msec]
   Debug_Time(1):    3.343 # [msec]
   Debug_Time(2):    1.456 # [msec]
   Debug_Time(3):    0.876 # [msec]
   Debug_Time(4):    1.000 # [msec]
-
   Version      : 1.2
   Ways         : 16
   Words        : 2
   Feedback     : 1
   WordBits     : 32
   IndexBits    : 32
   Sort Order   : 0
   Sign Compare : 0
   Max Size     : 268435455
   Debug Enable : 1
   size         : 395000
   average_time :    6.994 # [msec]
   throughput   :   56.474 # [mwords/sec]
   Debug_Time(0):    6.763 # [msec]
   Debug_Time(1):    3.395 # [msec]
   Debug_Time(2):    1.479 # [msec]
   Debug_Time(3):    0.887 # [msec]
   Debug_Time(4):    1.002 # [msec]
-
   Version      : 1.2
   Ways         : 16
   Words        : 2
   Feedback     : 1
   WordBits     : 32
   IndexBits    : 32
   Sort Order   : 0
   Sign Compare : 0
   Max Size     : 268435455
   Debug Enable : 1
   size         : 400000
   average_time :    7.086 # [msec]
   throughput   :   56.450 # [mwords/sec]
   Debug_Time(0):    6.899 # [msec]
   Debug_Time(1):    3.482 # [msec]
   Debug_Time(2):    1.504 # [msec]
   Debug_Time(3):    0.897 # [msec]
   Debug_Time(4):    1.017 # [msec]
-
   Version      : 1.2
   Ways         : 16
   Words        : 2
   Feedback     : 1
   WordBits     : 32
   IndexBits    : 32
   Sort Order   : 0
   Sign Compare : 0
   Max Size     : 268435455
   Debug Enable : 1
   size         : 405000
   average_time :    7.132 # [msec]
   throughput   :   56.788 # [mwords/sec]
   Debug_Time(0):    6.956 # [msec]
   Debug_Time(1):    3.510 # [msec]
   Debug_Time(2):    1.510 # [msec]
   Debug_Time(3):    0.908 # [msec]
   Debug_Time(4):    1.028 # [msec]
-
   Version      : 1.2
   Ways         : 16
   Words        : 2
   Feedback     : 1
   WordBits     : 32
   IndexBits    : 32
   Sort Order   : 0
   Sign Compare : 0
   Max Size     : 268435455
   Debug Enable : 1
   size         : 410000
   average_time :    7.230 # [msec]
   throughput   :   56.705 # [mwords/sec]
   Debug_Time(0):    7.022 # [msec]
   Debug_Time(1):    3.526 # [msec]
   Debug_Time(2):    1.531 # [msec]
   Debug_Time(3):    0.921 # [msec]
   Debug_Time(4):    1.043 # [msec]
-
   Version      : 1.2
   Ways         : 16
   Words        : 2
   Feedback     : 1
   WordBits     : 32
   IndexBits    : 32
   Sort Order   : 0
   Sign Compare : 0
   Max Size     : 268435455
   Debug Enable : 1
   size         : 415000
   average_time :    7.300 # [msec]
   throughput   :   56.846 # [mwords/sec]
   Debug_Time(0):    7.025 # [msec]
   Debug_Time(1):    3.491 # [msec]
   Debug_Time(2):    1.546 # [msec]
   Debug_Time(3):    0.929 # [msec]
   Debug_Time(4):    1.059 # [msec]
-
   Version      : 1.2
   Ways         : 16
   Words        : 2
   Feedback     : 1
   WordBits     : 32
   IndexBits    : 32
   Sort Order   : 0
   Sign Compare : 0
   Max Size     : 268435455
   Debug Enable : 1
   size         : 420000
   average_time :    7.381 # [msec]
   throughput   :   56.905 # [mwords/sec]
   Debug_Time(0):    7.063 # [msec]
   Debug_Time(1):    3.485 # [msec]
   Debug_Time(2):    1.561 # [msec]
   Debug_Time(3):    0.940 # [msec]
   Debug_Time(4):    1.077 # [msec]
-
   Version      : 1.2
   Ways         : 16
   Words        : 2
   Feedback     : 1
   WordBits     : 32
   IndexBits    : 32
   Sort Order   : 0
   Sign Compare : 0
   Max Size     : 268435455
   Debug Enable : 1
   size         : 425000
   average_time :    7.497 # [msec]
   throughput   :   56.688 # [mwords/sec]
   Debug_Time(0):    7.183 # [msec]
   Debug_Time(1):    3.555 # [msec]
   Debug_Time(2):    1.587 # [msec]
   Debug_Time(3):    0.953 # [msec]
   Debug_Time(4):    1.088 # [msec]
-
   Version      : 1.2
   Ways         : 16
   Words        : 2
   Feedback     : 1
   WordBits     : 32
   IndexBits    : 32
   Sort Order   : 0
   Sign Compare : 0
   Max Size     : 268435455
   Debug Enable : 1
   size         : 430000
   average_time :    7.588 # [msec]
   throughput   :   56.672 # [mwords/sec]
   Debug_Time(0):    7.258 # [msec]
   Debug_Time(1):    3.597 # [msec]
   Debug_Time(2):    1.599 # [msec]
   Debug_Time(3):    0.965 # [msec]
   Debug_Time(4):    1.097 # [msec]
-
   Version      : 1.2
   Ways         : 16
   Words        : 2
   Feedback     : 1
   WordBits     : 32
   IndexBits    : 32
   Sort Order   : 0
   Sign Compare : 0
   Max Size     : 268435455
   Debug Enable : 1
   size         : 435000
   average_time :    7.662 # [msec]
   throughput   :   56.772 # [mwords/sec]
   Debug_Time(0):    7.378 # [msec]
   Debug_Time(1):    3.679 # [msec]
   Debug_Time(2):    1.621 # [msec]
   Debug_Time(3):    0.974 # [msec]
   Debug_Time(4):    1.104 # [msec]
-
   Version      : 1.2
   Ways         : 16
   Words        : 2
   Feedback     : 1
   WordBits     : 32
   IndexBits    : 32
   Sort Order   : 0
   Sign Compare : 0
   Max Size     : 268435455
   Debug Enable : 1
   size         : 440000
   average_time :    7.747 # [msec]
   throughput   :   56.794 # [mwords/sec]
   Debug_Time(0):    7.483 # [msec]
   Debug_Time(1):    3.742 # [msec]
   Debug_Time(2):    1.639 # [msec]
   Debug_Time(3):    0.985 # [msec]
   Debug_Time(4):    1.117 # [msec]
-
   Version      : 1.2
   Ways         : 16
   Words        : 2
   Feedback     : 1
   WordBits     : 32
   IndexBits    : 32
   Sort Order   : 0
   Sign Compare : 0
   Max Size     : 268435455
   Debug Enable : 1
   size         : 445000
   average_time :    7.817 # [msec]
   throughput   :   56.928 # [mwords/sec]
   Debug_Time(0):    7.557 # [msec]
   Debug_Time(1):    3.769 # [msec]
   Debug_Time(2):    1.657 # [msec]
   Debug_Time(3):    0.999 # [msec]
   Debug_Time(4):    1.131 # [msec]
-
   Version      : 1.2
   Ways         : 16
   Words        : 2
   Feedback     : 1
   WordBits     : 32
   IndexBits    : 32
   Sort Order   : 0
   Sign Compare : 0
   Max Size     : 268435455
   Debug Enable : 1
   size         : 450000
   average_time :    7.906 # [msec]
   throughput   :   56.918 # [mwords/sec]
   Debug_Time(0):    7.554 # [msec]
   Debug_Time(1):    3.715 # [msec]
   Debug_Time(2):    1.684 # [msec]
   Debug_Time(3):    1.008 # [msec]
   Debug_Time(4):    1.146 # [msec]
-
   Version      : 1.2
   Ways         : 16
   Words        : 2
   Feedback     : 1
   WordBits     : 32
   IndexBits    : 32
   Sort Order   : 0
   Sign Compare : 0
   Max Size     : 268435455
   Debug Enable : 1
   size         : 455000
   average_time :    8.001 # [msec]
   throughput   :   56.866 # [mwords/sec]
   Debug_Time(0):    7.690 # [msec]
   Debug_Time(1):    3.813 # [msec]
   Debug_Time(2):    1.700 # [msec]
   Debug_Time(3):    1.022 # [msec]
   Debug_Time(4):    1.155 # [msec]
-
   Version      : 1.2
   Ways         : 16
   Words        : 2
   Feedback     : 1
   WordBits     : 32
   IndexBits    : 32
   Sort Order   : 0
   Sign Compare : 0
   Max Size     : 268435455
   Debug Enable : 1
   size         : 460000
   average_time :    8.064 # [msec]
   throughput   :   57.046 # [mwords/sec]
   Debug_Time(0):    7.777 # [msec]
   Debug_Time(1):    3.850 # [msec]
   Debug_Time(2):    1.718 # [msec]
   Debug_Time(3):    1.035 # [msec]
   Debug_Time(4):    1.174 # [msec]
-
   Version      : 1.2
   Ways         : 16
   Words        : 2
   Feedback     : 1
   WordBits     : 32
   IndexBits    : 32
   Sort Order   : 0
   Sign Compare : 0
   Max Size     : 268435455
   Debug Enable : 1
   size         : 465000
   average_time :    8.160 # [msec]
   throughput   :   56.983 # [mwords/sec]
   Debug_Time(0):    7.851 # [msec]
   Debug_Time(1):    3.887 # [msec]
   Debug_Time(2):    1.734 # [msec]
   Debug_Time(3):    1.045 # [msec]
   Debug_Time(4):    1.184 # [msec]
-
   Version      : 1.2
   Ways         : 16
   Words        : 2
   Feedback     : 1
   WordBits     : 32
   IndexBits    : 32
   Sort Order   : 0
   Sign Compare : 0
   Max Size     : 268435455
   Debug Enable : 1
   size         : 470000
   average_time :    8.224 # [msec]
   throughput   :   57.151 # [mwords/sec]
   Debug_Time(0):    7.945 # [msec]
   Debug_Time(1):    3.947 # [msec]
   Debug_Time(2):    1.747 # [msec]
   Debug_Time(3):    1.052 # [msec]
   Debug_Time(4):    1.199 # [msec]
-
   Version      : 1.2
   Ways         : 16
   Words        : 2
   Feedback     : 1
   WordBits     : 32
   IndexBits    : 32
   Sort Order   : 0
   Sign Compare : 0
   Max Size     : 268435455
   Debug Enable : 1
   size         : 475000
   average_time :    8.357 # [msec]
   throughput   :   56.838 # [mwords/sec]
   Debug_Time(0):    8.070 # [msec]
   Debug_Time(1):    4.019 # [msec]
   Debug_Time(2):    1.775 # [msec]
   Debug_Time(3):    1.070 # [msec]
   Debug_Time(4):    1.206 # [msec]
-
   Version      : 1.2
   Ways         : 16
   Words        : 2
   Feedback     : 1
   WordBits     : 32
   IndexBits    : 32
   Sort Order   : 0
   Sign Compare : 0
   Max Size     : 268435455
   Debug Enable : 1
   size         : 480000
   average_time :    8.424 # [msec]
   throughput   :   56.982 # [mwords/sec]
   Debug_Time(0):    8.216 # [msec]
   Debug_Time(1):    4.090 # [msec]
   Debug_Time(2):    1.795 # [msec]
   Debug_Time(3):    1.079 # [msec]
   Debug_Time(4):    1.252 # [msec]
-
   Version      : 1.2
   Ways         : 16
   Words        : 2
   Feedback     : 1
   WordBits     : 32
   IndexBits    : 32
   Sort Order   : 0
   Sign Compare : 0
   Max Size     : 268435455
   Debug Enable : 1
   size         : 485000
   average_time :    8.527 # [msec]
   throughput   :   56.875 # [mwords/sec]
   Debug_Time(0):    8.283 # [msec]
   Debug_Time(1):    4.124 # [msec]
   Debug_Time(2):    1.804 # [msec]
   Debug_Time(3):    1.087 # [msec]
   Debug_Time(4):    1.267 # [msec]
-
   Version      : 1.2
   Ways         : 16
   Words        : 2
   Feedback     : 1
   WordBits     : 32
   IndexBits    : 32
   Sort Order   : 0
   Sign Compare : 0
   Max Size     : 268435455
   Debug Enable : 1
   size         : 490000
   average_time :    8.577 # [msec]
   throughput   :   57.126 # [mwords/sec]
   Debug_Time(0):    8.254 # [msec]
   Debug_Time(1):    4.054 # [msec]
   Debug_Time(2):    1.827 # [msec]
   Debug_Time(3):    1.100 # [msec]
   Debug_Time(4):    1.273 # [msec]
-
   Version      : 1.2
   Ways         : 16
   Words        : 2
   Feedback     : 1
   WordBits     : 32
   IndexBits    : 32
   Sort Order   : 0
   Sign Compare : 0
   Max Size     : 268435455
   Debug Enable : 1
   size         : 495000
   average_time :    8.671 # [msec]
   throughput   :   57.087 # [mwords/sec]
   Debug_Time(0):    8.440 # [msec]
   Debug_Time(1):    4.182 # [msec]
   Debug_Time(2):    1.853 # [msec]
   Debug_Time(3):    1.114 # [msec]
   Debug_Time(4):    1.290 # [msec]
-
   Version      : 1.2
   Ways         : 16
   Words        : 2
   Feedback     : 1
   WordBits     : 32
   IndexBits    : 32
   Sort Order   : 0
   Sign Compare : 0
   Max Size     : 268435455
   Debug Enable : 1
   size         : 500000
   average_time :    8.754 # [msec]
   throughput   :   57.116 # [mwords/sec]
   Debug_Time(0):    8.534 # [msec]
   Debug_Time(1):    4.235 # [msec]
   Debug_Time(2):    1.868 # [msec]
   Debug_Time(3):    1.127 # [msec]
   Debug_Time(4):    1.304 # [msec]
-
   Version      : 1.2
   Ways         : 16
   Words        : 2
   Feedback     : 1
   WordBits     : 32
   IndexBits    : 32
   Sort Order   : 0
   Sign Compare : 0
   Max Size     : 268435455
   Debug Enable : 1
   size         : 505000
   average_time :    8.818 # [msec]
   throughput   :   57.268 # [mwords/sec]
   Debug_Time(0):    8.493 # [msec]
   Debug_Time(1):    4.162 # [msec]
   Debug_Time(2):    1.880 # [msec]
   Debug_Time(3):    1.136 # [msec]
   Debug_Time(4):    1.314 # [msec]
-
   Version      : 1.2
   Ways         : 16
   Words        : 2
   Feedback     : 1
   WordBits     : 32
   IndexBits    : 32
   Sort Order   : 0
   Sign Compare : 0
   Max Size     : 268435455
   Debug Enable : 1
   size         : 510000
   average_time :    8.882 # [msec]
   throughput   :   57.421 # [mwords/sec]
   Debug_Time(0):    8.616 # [msec]
   Debug_Time(1):    4.242 # [msec]
   Debug_Time(2):    1.896 # [msec]
   Debug_Time(3):    1.149 # [msec]
   Debug_Time(4):    1.329 # [msec]
-
   Version      : 1.2
   Ways         : 16
   Words        : 2
   Feedback     : 1
   WordBits     : 32
   IndexBits    : 32
   Sort Order   : 0
   Sign Compare : 0
   Max Size     : 268435455
   Debug Enable : 1
   size         : 515000
   average_time :    8.954 # [msec]
   throughput   :   57.517 # [mwords/sec]
   Debug_Time(0):    8.607 # [msec]
   Debug_Time(1):    4.194 # [msec]
   Debug_Time(2):    1.919 # [msec]
   Debug_Time(3):    1.157 # [msec]
   Debug_Time(4):    1.336 # [msec]
-
   Version      : 1.2
   Ways         : 16
   Words        : 2
   Feedback     : 1
   WordBits     : 32
   IndexBits    : 32
   Sort Order   : 0
   Sign Compare : 0
   Max Size     : 268435455
   Debug Enable : 1
   size         : 520000
   average_time :    9.080 # [msec]
   throughput   :   57.267 # [mwords/sec]
   Debug_Time(0):    8.762 # [msec]
   Debug_Time(1):    4.308 # [msec]
   Debug_Time(2):    1.935 # [msec]
   Debug_Time(3):    1.169 # [msec]
   Debug_Time(4):    1.351 # [msec]
-
   Version      : 1.2
   Ways         : 16
   Words        : 2
   Feedback     : 1
   WordBits     : 32
   IndexBits    : 32
   Sort Order   : 0
   Sign Compare : 0
   Max Size     : 268435455
   Debug Enable : 1
   size         : 525000
   average_time :    9.157 # [msec]
   throughput   :   57.334 # [mwords/sec]
   Debug_Time(0):    8.905 # [msec]
   Debug_Time(1):    4.413 # [msec]
   Debug_Time(2):    1.956 # [msec]
   Debug_Time(3):    1.179 # [msec]
   Debug_Time(4):    1.357 # [msec]
-
   Version      : 1.2
   Ways         : 16
   Words        : 2
   Feedback     : 1
   WordBits     : 32
   IndexBits    : 32
   Sort Order   : 0
   Sign Compare : 0
   Max Size     : 268435455
   Debug Enable : 1
   size         : 530000
   average_time :    9.224 # [msec]
   throughput   :   57.457 # [mwords/sec]
   Debug_Time(0):    8.999 # [msec]
   Debug_Time(1):    4.467 # [msec]
   Debug_Time(2):    1.970 # [msec]
   Debug_Time(3):    1.190 # [msec]
   Debug_Time(4):    1.371 # [msec]
-
   Version      : 1.2
   Ways         : 16
   Words        : 2
   Feedback     : 1
   WordBits     : 32
   IndexBits    : 32
   Sort Order   : 0
   Sign Compare : 0
   Max Size     : 268435455
   Debug Enable : 1
   size         : 535000
   average_time :    9.290 # [msec]
   throughput   :   57.591 # [mwords/sec]
   Debug_Time(0):    9.052 # [msec]
   Debug_Time(1):    4.478 # [msec]
   Debug_Time(2):    1.988 # [msec]
   Debug_Time(3):    1.199 # [msec]
   Debug_Time(4):    1.388 # [msec]
-
   Version      : 1.2
   Ways         : 16
   Words        : 2
   Feedback     : 1
   WordBits     : 32
   IndexBits    : 32
   Sort Order   : 0
   Sign Compare : 0
   Max Size     : 268435455
   Debug Enable : 1
   size         : 540000
   average_time :    9.363 # [msec]
   throughput   :   57.677 # [mwords/sec]
   Debug_Time(0):    9.138 # [msec]
   Debug_Time(1):    4.521 # [msec]
   Debug_Time(2):    2.008 # [msec]
   Debug_Time(3):    1.211 # [msec]
   Debug_Time(4):    1.398 # [msec]
-
   Version      : 1.2
   Ways         : 16
   Words        : 2
   Feedback     : 1
   WordBits     : 32
   IndexBits    : 32
   Sort Order   : 0
   Sign Compare : 0
   Max Size     : 268435455
   Debug Enable : 1
   size         : 545000
   average_time :    9.476 # [msec]
   throughput   :   57.515 # [mwords/sec]
   Debug_Time(0):    9.256 # [msec]
   Debug_Time(1):    4.591 # [msec]
   Debug_Time(2):    2.027 # [msec]
   Debug_Time(3):    1.224 # [msec]
   Debug_Time(4):    1.415 # [msec]
-
   Version      : 1.2
   Ways         : 16
   Words        : 2
   Feedback     : 1
   WordBits     : 32
   IndexBits    : 32
   Sort Order   : 0
   Sign Compare : 0
   Max Size     : 268435455
   Debug Enable : 1
   size         : 550000
   average_time :    9.572 # [msec]
   throughput   :   57.457 # [mwords/sec]
   Debug_Time(0):    9.328 # [msec]
   Debug_Time(1):    4.627 # [msec]
   Debug_Time(2):    2.044 # [msec]
   Debug_Time(3):    1.232 # [msec]
   Debug_Time(4):    1.425 # [msec]
-
   Version      : 1.2
   Ways         : 16
   Words        : 2
   Feedback     : 1
   WordBits     : 32
   IndexBits    : 32
   Sort Order   : 0
   Sign Compare : 0
   Max Size     : 268435455
   Debug Enable : 1
   size         : 555000
   average_time :    9.656 # [msec]
   throughput   :   57.476 # [mwords/sec]
   Debug_Time(0):    9.327 # [msec]
   Debug_Time(1):    4.572 # [msec]
   Debug_Time(2):    2.070 # [msec]
   Debug_Time(3):    1.245 # [msec]
   Debug_Time(4):    1.441 # [msec]
-
   Version      : 1.2
   Ways         : 16
   Words        : 2
   Feedback     : 1
   WordBits     : 32
   IndexBits    : 32
   Sort Order   : 0
   Sign Compare : 0
   Max Size     : 268435455
   Debug Enable : 1
   size         : 560000
   average_time :    9.693 # [msec]
   throughput   :   57.771 # [mwords/sec]
   Debug_Time(0):    9.528 # [msec]
   Debug_Time(1):    4.724 # [msec]
   Debug_Time(2):    2.084 # [msec]
   Debug_Time(3):    1.258 # [msec]
   Debug_Time(4):    1.462 # [msec]
-
   Version      : 1.2
   Ways         : 16
   Words        : 2
   Feedback     : 1
   WordBits     : 32
   IndexBits    : 32
   Sort Order   : 0
   Sign Compare : 0
   Max Size     : 268435455
   Debug Enable : 1
   size         : 565000
   average_time :    9.791 # [msec]
   throughput   :   57.705 # [mwords/sec]
   Debug_Time(0):    9.576 # [msec]
   Debug_Time(1):    4.734 # [msec]
   Debug_Time(2):    2.109 # [msec]
   Debug_Time(3):    1.264 # [msec]
   Debug_Time(4):    1.469 # [msec]
-
   Version      : 1.2
   Ways         : 16
   Words        : 2
   Feedback     : 1
   WordBits     : 32
   IndexBits    : 32
   Sort Order   : 0
   Sign Compare : 0
   Max Size     : 268435455
   Debug Enable : 1
   size         : 570000
   average_time :    9.848 # [msec]
   throughput   :   57.878 # [mwords/sec]
   Debug_Time(0):    9.650 # [msec]
   Debug_Time(1):    4.779 # [msec]
   Debug_Time(2):    2.120 # [msec]
   Debug_Time(3):    1.278 # [msec]
   Debug_Time(4):    1.474 # [msec]
-
   Version      : 1.2
   Ways         : 16
   Words        : 2
   Feedback     : 1
   WordBits     : 32
   IndexBits    : 32
   Sort Order   : 0
   Sign Compare : 0
   Max Size     : 268435455
   Debug Enable : 1
   size         : 575000
   average_time :    9.927 # [msec]
   throughput   :   57.925 # [mwords/sec]
   Debug_Time(0):    9.713 # [msec]
   Debug_Time(1):    4.802 # [msec]
   Debug_Time(2):    2.139 # [msec]
   Debug_Time(3):    1.288 # [msec]
   Debug_Time(4):    1.483 # [msec]
-
   Version      : 1.2
   Ways         : 16
   Words        : 2
   Feedback     : 1
   WordBits     : 32
   IndexBits    : 32
   Sort Order   : 0
   Sign Compare : 0
   Max Size     : 268435455
   Debug Enable : 1
   size         : 580000
   average_time :   10.075 # [msec]
   throughput   :   57.570 # [mwords/sec]
   Debug_Time(0):    9.766 # [msec]
   Debug_Time(1):    4.800 # [msec]
   Debug_Time(2):    2.160 # [msec]
   Debug_Time(3):    1.302 # [msec]
   Debug_Time(4):    1.504 # [msec]
-
   Version      : 1.2
   Ways         : 16
   Words        : 2
   Feedback     : 1
   WordBits     : 32
   IndexBits    : 32
   Sort Order   : 0
   Sign Compare : 0
   Max Size     : 268435455
   Debug Enable : 1
   size         : 585000
   average_time :   10.147 # [msec]
   throughput   :   57.654 # [mwords/sec]
   Debug_Time(0):    9.881 # [msec]
   Debug_Time(1):    4.868 # [msec]
   Debug_Time(2):    2.177 # [msec]
   Debug_Time(3):    1.314 # [msec]
   Debug_Time(4):    1.521 # [msec]
-
   Version      : 1.2
   Ways         : 16
   Words        : 2
   Feedback     : 1
   WordBits     : 32
   IndexBits    : 32
   Sort Order   : 0
   Sign Compare : 0
   Max Size     : 268435455
   Debug Enable : 1
   size         : 590000
   average_time :   10.237 # [msec]
   throughput   :   57.632 # [mwords/sec]
   Debug_Time(0):    9.949 # [msec]
   Debug_Time(1):    4.892 # [msec]
   Debug_Time(2):    2.195 # [msec]
   Debug_Time(3):    1.325 # [msec]
   Debug_Time(4):    1.537 # [msec]
-
   Version      : 1.2
   Ways         : 16
   Words        : 2
   Feedback     : 1
   WordBits     : 32
   IndexBits    : 32
   Sort Order   : 0
   Sign Compare : 0
   Max Size     : 268435455
   Debug Enable : 1
   size         : 595000
   average_time :   10.340 # [msec]
   throughput   :   57.542 # [mwords/sec]
   Debug_Time(0):   10.064 # [msec]
   Debug_Time(1):    4.972 # [msec]
   Debug_Time(2):    2.219 # [msec]
   Debug_Time(3):    1.336 # [msec]
   Debug_Time(4):    1.537 # [msec]
-
   Version      : 1.2
   Ways         : 16
   Words        : 2
   Feedback     : 1
   WordBits     : 32
   IndexBits    : 32
   Sort Order   : 0
   Sign Compare : 0
   Max Size     : 268435455
   Debug Enable : 1
   size         : 600000
   average_time :   10.364 # [msec]
   throughput   :   57.894 # [mwords/sec]
   Debug_Time(0):   10.033 # [msec]
   Debug_Time(1):    4.889 # [msec]
   Debug_Time(2):    2.234 # [msec]
   Debug_Time(3):    1.348 # [msec]
   Debug_Time(4):    1.562 # [msec]
-
   Version      : 1.2
   Ways         : 16
   Words        : 2
   Feedback     : 1
   WordBits     : 32
   IndexBits    : 32
   Sort Order   : 0
   Sign Compare : 0
   Max Size     : 268435455
   Debug Enable : 1
   size         : 605000
   average_time :   10.438 # [msec]
   throughput   :   57.962 # [mwords/sec]
   Debug_Time(0):   10.229 # [msec]
   Debug_Time(1):    5.045 # [msec]
   Debug_Time(2):    2.252 # [msec]
   Debug_Time(3):    1.355 # [msec]
   Debug_Time(4):    1.577 # [msec]
-
   Version      : 1.2
   Ways         : 16
   Words        : 2
   Feedback     : 1
   WordBits     : 32
   IndexBits    : 32
   Sort Order   : 0
   Sign Compare : 0
   Max Size     : 268435455
   Debug Enable : 1
   size         : 610000
   average_time :   10.532 # [msec]
   throughput   :   57.920 # [mwords/sec]
   Debug_Time(0):   10.282 # [msec]
   Debug_Time(1):    5.066 # [msec]
   Debug_Time(2):    2.265 # [msec]
   Debug_Time(3):    1.370 # [msec]
   Debug_Time(4):    1.581 # [msec]
-
   Version      : 1.2
   Ways         : 16
   Words        : 2
   Feedback     : 1
   WordBits     : 32
   IndexBits    : 32
   Sort Order   : 0
   Sign Compare : 0
   Max Size     : 268435455
   Debug Enable : 1
   size         : 615000
   average_time :   10.626 # [msec]
   throughput   :   57.875 # [mwords/sec]
   Debug_Time(0):   10.383 # [msec]
   Debug_Time(1):    5.111 # [msec]
   Debug_Time(2):    2.288 # [msec]
   Debug_Time(3):    1.382 # [msec]
   Debug_Time(4):    1.602 # [msec]
-
   Version      : 1.2
   Ways         : 16
   Words        : 2
   Feedback     : 1
   WordBits     : 32
   IndexBits    : 32
   Sort Order   : 0
   Sign Compare : 0
   Max Size     : 268435455
   Debug Enable : 1
   size         : 620000
   average_time :   11.031 # [msec]
   throughput   :   56.207 # [mwords/sec]
   Debug_Time(0):   10.446 # [msec]
   Debug_Time(1):    5.138 # [msec]
   Debug_Time(2):    2.305 # [msec]
   Debug_Time(3):    1.393 # [msec]
   Debug_Time(4):    1.609 # [msec]
-
   Version      : 1.2
   Ways         : 16
   Words        : 2
   Feedback     : 1
   WordBits     : 32
   IndexBits    : 32
   Sort Order   : 0
   Sign Compare : 0
   Max Size     : 268435455
   Debug Enable : 1
   size         : 625000
   average_time :   10.801 # [msec]
   throughput   :   57.868 # [mwords/sec]
   Debug_Time(0):   10.500 # [msec]
   Debug_Time(1):    5.139 # [msec]
   Debug_Time(2):    2.327 # [msec]
   Debug_Time(3):    1.404 # [msec]
   Debug_Time(4):    1.630 # [msec]
-
   Version      : 1.2
   Ways         : 16
   Words        : 2
   Feedback     : 1
   WordBits     : 32
   IndexBits    : 32
   Sort Order   : 0
   Sign Compare : 0
   Max Size     : 268435455
   Debug Enable : 1
   size         : 630000
   average_time :   10.888 # [msec]
   throughput   :   57.864 # [mwords/sec]
   Debug_Time(0):   10.614 # [msec]
   Debug_Time(1):    5.223 # [msec]
   Debug_Time(2):    2.345 # [msec]
   Debug_Time(3):    1.413 # [msec]
   Debug_Time(4):    1.633 # [msec]
-
   Version      : 1.2
   Ways         : 16
   Words        : 2
   Feedback     : 1
   WordBits     : 32
   IndexBits    : 32
   Sort Order   : 0
   Sign Compare : 0
   Max Size     : 268435455
   Debug Enable : 1
   size         : 635000
   average_time :   11.049 # [msec]
   throughput   :   57.474 # [mwords/sec]
   Debug_Time(0):   10.724 # [msec]
   Debug_Time(1):    5.290 # [msec]
   Debug_Time(2):    2.374 # [msec]
   Debug_Time(3):    1.427 # [msec]
   Debug_Time(4):    1.632 # [msec]
-
   Version      : 1.2
   Ways         : 16
   Words        : 2
   Feedback     : 1
   WordBits     : 32
   IndexBits    : 32
   Sort Order   : 0
   Sign Compare : 0
   Max Size     : 268435455
   Debug Enable : 1
   size         : 640000
   average_time :   11.026 # [msec]
   throughput   :   58.046 # [mwords/sec]
   Debug_Time(0):   10.798 # [msec]
   Debug_Time(1):    5.320 # [msec]
   Debug_Time(2):    2.392 # [msec]
   Debug_Time(3):    1.440 # [msec]
   Debug_Time(4):    1.646 # [msec]
-
   Version      : 1.2
   Ways         : 16
   Words        : 2
   Feedback     : 1
   WordBits     : 32
   IndexBits    : 32
   Sort Order   : 0
   Sign Compare : 0
   Max Size     : 268435455
   Debug Enable : 1
   size         : 645000
   average_time :   11.111 # [msec]
   throughput   :   58.050 # [mwords/sec]
   Debug_Time(0):   10.865 # [msec]
   Debug_Time(1):    5.334 # [msec]
   Debug_Time(2):    2.416 # [msec]
   Debug_Time(3):    1.451 # [msec]
   Debug_Time(4):    1.664 # [msec]
-
   Version      : 1.2
   Ways         : 16
   Words        : 2
   Feedback     : 1
   WordBits     : 32
   IndexBits    : 32
   Sort Order   : 0
   Sign Compare : 0
   Max Size     : 268435455
   Debug Enable : 1
   size         : 650000
   average_time :   11.218 # [msec]
   throughput   :   57.942 # [mwords/sec]
   Debug_Time(0):   10.990 # [msec]
   Debug_Time(1):    5.421 # [msec]
   Debug_Time(2):    2.428 # [msec]
   Debug_Time(3):    1.462 # [msec]
   Debug_Time(4):    1.678 # [msec]
-
   Version      : 1.2
   Ways         : 16
   Words        : 2
   Feedback     : 1
   WordBits     : 32
   IndexBits    : 32
   Sort Order   : 0
   Sign Compare : 0
   Max Size     : 268435455
   Debug Enable : 1
   size         : 655000
   average_time :   11.300 # [msec]
   throughput   :   57.963 # [mwords/sec]
   Debug_Time(0):   11.123 # [msec]
   Debug_Time(1):    5.510 # [msec]
   Debug_Time(2):    2.445 # [msec]
   Debug_Time(3):    1.469 # [msec]
   Debug_Time(4):    1.698 # [msec]
-
   Version      : 1.2
   Ways         : 16
   Words        : 2
   Feedback     : 1
   WordBits     : 32
   IndexBits    : 32
   Sort Order   : 0
   Sign Compare : 0
   Max Size     : 268435455
   Debug Enable : 1
   size         : 660000
   average_time :   11.402 # [msec]
   throughput   :   57.883 # [mwords/sec]
   Debug_Time(0):   11.180 # [msec]
   Debug_Time(1):    5.527 # [msec]
   Debug_Time(2):    2.459 # [msec]
   Debug_Time(3):    1.483 # [msec]
   Debug_Time(4):    1.711 # [msec]
-
   Version      : 1.2
   Ways         : 16
   Words        : 2
   Feedback     : 1
   WordBits     : 32
   IndexBits    : 32
   Sort Order   : 0
   Sign Compare : 0
   Max Size     : 268435455
   Debug Enable : 1
   size         : 665000
   average_time :   11.459 # [msec]
   throughput   :   58.034 # [mwords/sec]
   Debug_Time(0):   11.184 # [msec]
   Debug_Time(1):    5.498 # [msec]
   Debug_Time(2):    2.478 # [msec]
   Debug_Time(3):    1.490 # [msec]
   Debug_Time(4):    1.717 # [msec]
-
   Version      : 1.2
   Ways         : 16
   Words        : 2
   Feedback     : 1
   WordBits     : 32
   IndexBits    : 32
   Sort Order   : 0
   Sign Compare : 0
   Max Size     : 268435455
   Debug Enable : 1
   size         : 670000
   average_time :   11.555 # [msec]
   throughput   :   57.982 # [mwords/sec]
   Debug_Time(0):   11.185 # [msec]
   Debug_Time(1):    5.456 # [msec]
   Debug_Time(2):    2.494 # [msec]
   Debug_Time(3):    1.504 # [msec]
   Debug_Time(4):    1.731 # [msec]
-
   Version      : 1.2
   Ways         : 16
   Words        : 2
   Feedback     : 1
   WordBits     : 32
   IndexBits    : 32
   Sort Order   : 0
   Sign Compare : 0
   Max Size     : 268435455
   Debug Enable : 1
   size         : 675000
   average_time :   11.623 # [msec]
   throughput   :   58.075 # [mwords/sec]
   Debug_Time(0):   11.317 # [msec]
   Debug_Time(1):    5.547 # [msec]
   Debug_Time(2):    2.518 # [msec]
   Debug_Time(3):    1.513 # [msec]
   Debug_Time(4):    1.738 # [msec]
-
   Version      : 1.2
   Ways         : 16
   Words        : 2
   Feedback     : 1
   WordBits     : 32
   IndexBits    : 32
   Sort Order   : 0
   Sign Compare : 0
   Max Size     : 268435455
   Debug Enable : 1
   size         : 680000
   average_time :   11.710 # [msec]
   throughput   :   58.068 # [mwords/sec]
   Debug_Time(0):   11.414 # [msec]
   Debug_Time(1):    5.600 # [msec]
   Debug_Time(2):    2.538 # [msec]
   Debug_Time(3):    1.529 # [msec]
   Debug_Time(4):    1.748 # [msec]
-
   Version      : 1.2
   Ways         : 16
   Words        : 2
   Feedback     : 1
   WordBits     : 32
   IndexBits    : 32
   Sort Order   : 0
   Sign Compare : 0
   Max Size     : 268435455
   Debug Enable : 1
   size         : 685000
   average_time :   11.809 # [msec]
   throughput   :   58.006 # [mwords/sec]
   Debug_Time(0):   11.509 # [msec]
   Debug_Time(1):    5.654 # [msec]
   Debug_Time(2):    2.552 # [msec]
   Debug_Time(3):    1.536 # [msec]
   Debug_Time(4):    1.767 # [msec]
-
   Version      : 1.2
   Ways         : 16
   Words        : 2
   Feedback     : 1
   WordBits     : 32
   IndexBits    : 32
   Sort Order   : 0
   Sign Compare : 0
   Max Size     : 268435455
   Debug Enable : 1
   size         : 690000
   average_time :   11.854 # [msec]
   throughput   :   58.209 # [mwords/sec]
   Debug_Time(0):   11.593 # [msec]
   Debug_Time(1):    5.700 # [msec]
   Debug_Time(2):    2.567 # [msec]
   Debug_Time(3):    1.547 # [msec]
   Debug_Time(4):    1.780 # [msec]
-
   Version      : 1.2
   Ways         : 16
   Words        : 2
   Feedback     : 1
   WordBits     : 32
   IndexBits    : 32
   Sort Order   : 0
   Sign Compare : 0
   Max Size     : 268435455
   Debug Enable : 1
   size         : 695000
   average_time :   11.955 # [msec]
   throughput   :   58.135 # [mwords/sec]
   Debug_Time(0):   11.673 # [msec]
   Debug_Time(1):    5.730 # [msec]
   Debug_Time(2):    2.587 # [msec]
   Debug_Time(3):    1.557 # [msec]
   Debug_Time(4):    1.799 # [msec]
-
   Version      : 1.2
   Ways         : 16
   Words        : 2
   Feedback     : 1
   WordBits     : 32
   IndexBits    : 32
   Sort Order   : 0
   Sign Compare : 0
   Max Size     : 268435455
   Debug Enable : 1
   size         : 700000
   average_time :   12.028 # [msec]
   throughput   :   58.199 # [mwords/sec]
   Debug_Time(0):   11.667 # [msec]
   Debug_Time(1):    5.679 # [msec]
   Debug_Time(2):    2.609 # [msec]
   Debug_Time(3):    1.568 # [msec]
   Debug_Time(4):    1.810 # [msec]
-
   Version      : 1.2
   Ways         : 16
   Words        : 2
   Feedback     : 1
   WordBits     : 32
   IndexBits    : 32
   Sort Order   : 0
   Sign Compare : 0
   Max Size     : 268435455
   Debug Enable : 1
   size         : 705000
   average_time :   12.088 # [msec]
   throughput   :   58.320 # [mwords/sec]
   Debug_Time(0):   11.851 # [msec]
   Debug_Time(1):    5.821 # [msec]
   Debug_Time(2):    2.626 # [msec]
   Debug_Time(3):    1.579 # [msec]
   Debug_Time(4):    1.825 # [msec]
-
   Version      : 1.2
   Ways         : 16
   Words        : 2
   Feedback     : 1
   WordBits     : 32
   IndexBits    : 32
   Sort Order   : 0
   Sign Compare : 0
   Max Size     : 268435455
   Debug Enable : 1
   size         : 710000
   average_time :   12.183 # [msec]
   throughput   :   58.280 # [mwords/sec]
   Debug_Time(0):   11.916 # [msec]
   Debug_Time(1):    5.857 # [msec]
   Debug_Time(2):    2.643 # [msec]
   Debug_Time(3):    1.592 # [msec]
   Debug_Time(4):    1.824 # [msec]
-
   Version      : 1.2
   Ways         : 16
   Words        : 2
   Feedback     : 1
   WordBits     : 32
   IndexBits    : 32
   Sort Order   : 0
   Sign Compare : 0
   Max Size     : 268435455
   Debug Enable : 1
   size         : 715000
   average_time :   12.283 # [msec]
   throughput   :   58.212 # [mwords/sec]
   Debug_Time(0):   11.978 # [msec]
   Debug_Time(1):    5.878 # [msec]
   Debug_Time(2):    2.669 # [msec]
   Debug_Time(3):    1.605 # [msec]
   Debug_Time(4):    1.826 # [msec]
-
   Version      : 1.2
   Ways         : 16
   Words        : 2
   Feedback     : 1
   WordBits     : 32
   IndexBits    : 32
   Sort Order   : 0
   Sign Compare : 0
   Max Size     : 268435455
   Debug Enable : 1
   size         : 720000
   average_time :   12.353 # [msec]
   throughput   :   58.286 # [mwords/sec]
   Debug_Time(0):   12.135 # [msec]
   Debug_Time(1):    5.934 # [msec]
   Debug_Time(2):    2.694 # [msec]
   Debug_Time(3):    1.614 # [msec]
   Debug_Time(4):    1.893 # [msec]
-
   Version      : 1.2
   Ways         : 16
   Words        : 2
   Feedback     : 1
   WordBits     : 32
   IndexBits    : 32
   Sort Order   : 0
   Sign Compare : 0
   Max Size     : 268435455
   Debug Enable : 1
   size         : 725000
   average_time :   12.471 # [msec]
   throughput   :   58.137 # [mwords/sec]
   Debug_Time(0):   12.213 # [msec]
   Debug_Time(1):    5.965 # [msec]
   Debug_Time(2):    2.712 # [msec]
   Debug_Time(3):    1.628 # [msec]
   Debug_Time(4):    1.908 # [msec]
-
   Version      : 1.2
   Ways         : 16
   Words        : 2
   Feedback     : 1
   WordBits     : 32
   IndexBits    : 32
   Sort Order   : 0
   Sign Compare : 0
   Max Size     : 268435455
   Debug Enable : 1
   size         : 730000
   average_time :   12.525 # [msec]
   throughput   :   58.284 # [mwords/sec]
   Debug_Time(0):   12.288 # [msec]
   Debug_Time(1):    5.999 # [msec]
   Debug_Time(2):    2.731 # [msec]
   Debug_Time(3):    1.637 # [msec]
   Debug_Time(4):    1.921 # [msec]
-
   Version      : 1.2
   Ways         : 16
   Words        : 2
   Feedback     : 1
   WordBits     : 32
   IndexBits    : 32
   Sort Order   : 0
   Sign Compare : 0
   Max Size     : 268435455
   Debug Enable : 1
   size         : 735000
   average_time :   12.634 # [msec]
   throughput   :   58.177 # [mwords/sec]
   Debug_Time(0):   12.434 # [msec]
   Debug_Time(1):    6.109 # [msec]
   Debug_Time(2):    2.740 # [msec]
   Debug_Time(3):    1.651 # [msec]
   Debug_Time(4):    1.933 # [msec]
-
   Version      : 1.2
   Ways         : 16
   Words        : 2
   Feedback     : 1
   WordBits     : 32
   IndexBits    : 32
   Sort Order   : 0
   Sign Compare : 0
   Max Size     : 268435455
   Debug Enable : 1
   size         : 740000
   average_time :   12.719 # [msec]
   throughput   :   58.181 # [mwords/sec]
   Debug_Time(0):   12.559 # [msec]
   Debug_Time(1):    6.198 # [msec]
   Debug_Time(2):    2.759 # [msec]
   Debug_Time(3):    1.660 # [msec]
   Debug_Time(4):    1.943 # [msec]
-
   Version      : 1.2
   Ways         : 16
   Words        : 2
   Feedback     : 1
   WordBits     : 32
   IndexBits    : 32
   Sort Order   : 0
   Sign Compare : 0
   Max Size     : 268435455
   Debug Enable : 1
   size         : 745000
   average_time :   12.781 # [msec]
   throughput   :   58.291 # [mwords/sec]
   Debug_Time(0):   12.457 # [msec]
   Debug_Time(1):    6.058 # [msec]
   Debug_Time(2):    2.775 # [msec]
   Debug_Time(3):    1.671 # [msec]
   Debug_Time(4):    1.953 # [msec]
-
   Version      : 1.2
   Ways         : 16
   Words        : 2
   Feedback     : 1
   WordBits     : 32
   IndexBits    : 32
   Sort Order   : 0
   Sign Compare : 0
   Max Size     : 268435455
   Debug Enable : 1
   size         : 750000
   average_time :   12.844 # [msec]
   throughput   :   58.393 # [mwords/sec]
   Debug_Time(0):   12.545 # [msec]
   Debug_Time(1):    6.104 # [msec]
   Debug_Time(2):    2.795 # [msec]
   Debug_Time(3):    1.681 # [msec]
   Debug_Time(4):    1.964 # [msec]
-
   Version      : 1.2
   Ways         : 16
   Words        : 2
   Feedback     : 1
   WordBits     : 32
   IndexBits    : 32
   Sort Order   : 0
   Sign Compare : 0
   Max Size     : 268435455
   Debug Enable : 1
   size         : 755000
   average_time :   12.945 # [msec]
   throughput   :   58.324 # [mwords/sec]
   Debug_Time(0):   12.599 # [msec]
   Debug_Time(1):    6.109 # [msec]
   Debug_Time(2):    2.814 # [msec]
   Debug_Time(3):    1.701 # [msec]
   Debug_Time(4):    1.976 # [msec]
-
   Version      : 1.2
   Ways         : 16
   Words        : 2
   Feedback     : 1
   WordBits     : 32
   IndexBits    : 32
   Sort Order   : 0
   Sign Compare : 0
   Max Size     : 268435455
   Debug Enable : 1
   size         : 760000
   average_time :   13.041 # [msec]
   throughput   :   58.276 # [mwords/sec]
   Debug_Time(0):   12.724 # [msec]
   Debug_Time(1):    6.207 # [msec]
   Debug_Time(2):    2.829 # [msec]
   Debug_Time(3):    1.705 # [msec]
   Debug_Time(4):    1.983 # [msec]
-
   Version      : 1.2
   Ways         : 16
   Words        : 2
   Feedback     : 1
   WordBits     : 32
   IndexBits    : 32
   Sort Order   : 0
   Sign Compare : 0
   Max Size     : 268435455
   Debug Enable : 1
   size         : 765000
   average_time :   13.122 # [msec]
   throughput   :   58.298 # [mwords/sec]
   Debug_Time(0):   12.781 # [msec]
   Debug_Time(1):    6.217 # [msec]
   Debug_Time(2):    2.844 # [msec]
   Debug_Time(3):    1.719 # [msec]
   Debug_Time(4):    2.000 # [msec]
-
   Version      : 1.2
   Ways         : 16
   Words        : 2
   Feedback     : 1
   WordBits     : 32
   IndexBits    : 32
   Sort Order   : 0
   Sign Compare : 0
   Max Size     : 268435455
   Debug Enable : 1
   size         : 770000
   average_time :   13.221 # [msec]
   throughput   :   58.242 # [mwords/sec]
   Debug_Time(0):   12.921 # [msec]
   Debug_Time(1):    6.318 # [msec]
   Debug_Time(2):    2.868 # [msec]
   Debug_Time(3):    1.726 # [msec]
   Debug_Time(4):    2.009 # [msec]
-
   Version      : 1.2
   Ways         : 16
   Words        : 2
   Feedback     : 1
   WordBits     : 32
   IndexBits    : 32
   Sort Order   : 0
   Sign Compare : 0
   Max Size     : 268435455
   Debug Enable : 1
   size         : 775000
   average_time :   13.307 # [msec]
   throughput   :   58.238 # [mwords/sec]
   Debug_Time(0):   13.006 # [msec]
   Debug_Time(1):    6.359 # [msec]
   Debug_Time(2):    2.886 # [msec]
   Debug_Time(3):    1.741 # [msec]
   Debug_Time(4):    2.021 # [msec]
-
   Version      : 1.2
   Ways         : 16
   Words        : 2
   Feedback     : 1
   WordBits     : 32
   IndexBits    : 32
   Sort Order   : 0
   Sign Compare : 0
   Max Size     : 268435455
   Debug Enable : 1
   size         : 780000
   average_time :   13.384 # [msec]
   throughput   :   58.279 # [mwords/sec]
   Debug_Time(0):   13.049 # [msec]
   Debug_Time(1):    6.363 # [msec]
   Debug_Time(2):    2.899 # [msec]
   Debug_Time(3):    1.748 # [msec]
   Debug_Time(4):    2.039 # [msec]
-
   Version      : 1.2
   Ways         : 16
   Words        : 2
   Feedback     : 1
   WordBits     : 32
   IndexBits    : 32
   Sort Order   : 0
   Sign Compare : 0
   Max Size     : 268435455
   Debug Enable : 1
   size         : 785000
   average_time :   13.470 # [msec]
   throughput   :   58.276 # [mwords/sec]
   Debug_Time(0):   13.202 # [msec]
   Debug_Time(1):    6.441 # [msec]
   Debug_Time(2):    2.925 # [msec]
   Debug_Time(3):    1.763 # [msec]
   Debug_Time(4):    2.074 # [msec]
-
   Version      : 1.2
   Ways         : 16
   Words        : 2
   Feedback     : 1
   WordBits     : 32
   IndexBits    : 32
   Sort Order   : 0
   Sign Compare : 0
   Max Size     : 268435455
   Debug Enable : 1
   size         : 790000
   average_time :   13.543 # [msec]
   throughput   :   58.332 # [mwords/sec]
   Debug_Time(0):   13.273 # [msec]
   Debug_Time(1):    6.491 # [msec]
   Debug_Time(2):    2.944 # [msec]
   Debug_Time(3):    1.771 # [msec]
   Debug_Time(4):    2.067 # [msec]
-
   Version      : 1.2
   Ways         : 16
   Words        : 2
   Feedback     : 1
   WordBits     : 32
   IndexBits    : 32
   Sort Order   : 0
   Sign Compare : 0
   Max Size     : 268435455
   Debug Enable : 1
   size         : 795000
   average_time :   13.622 # [msec]
   throughput   :   58.363 # [mwords/sec]
   Debug_Time(0):   13.382 # [msec]
   Debug_Time(1):    6.536 # [msec]
   Debug_Time(2):    2.959 # [msec]
   Debug_Time(3):    1.784 # [msec]
   Debug_Time(4):    2.103 # [msec]
-
   Version      : 1.2
   Ways         : 16
   Words        : 2
   Feedback     : 1
   WordBits     : 32
   IndexBits    : 32
   Sort Order   : 0
   Sign Compare : 0
   Max Size     : 268435455
   Debug Enable : 1
   size         : 800000
   average_time :   13.706 # [msec]
   throughput   :   58.369 # [mwords/sec]
   Debug_Time(0):   13.442 # [msec]
   Debug_Time(1):    6.569 # [msec]
   Debug_Time(2):    2.976 # [msec]
   Debug_Time(3):    1.795 # [msec]
   Debug_Time(4):    2.103 # [msec]
-
   Version      : 1.2
   Ways         : 16
   Words        : 2
   Feedback     : 1
   WordBits     : 32
   IndexBits    : 32
   Sort Order   : 0
   Sign Compare : 0
   Max Size     : 268435455
   Debug Enable : 1
   size         : 805000
   average_time :   13.777 # [msec]
   throughput   :   58.432 # [mwords/sec]
   Debug_Time(0):   13.513 # [msec]
   Debug_Time(1):    6.606 # [msec]
   Debug_Time(2):    2.991 # [msec]
   Debug_Time(3):    1.808 # [msec]
   Debug_Time(4):    2.107 # [msec]
-
   Version      : 1.2
   Ways         : 16
   Words        : 2
   Feedback     : 1
   WordBits     : 32
   IndexBits    : 32
   Sort Order   : 0
   Sign Compare : 0
   Max Size     : 268435455
   Debug Enable : 1
   size         : 810000
   average_time :   13.839 # [msec]
   throughput   :   58.529 # [mwords/sec]
   Debug_Time(0):   13.555 # [msec]
   Debug_Time(1):    6.596 # [msec]
   Debug_Time(2):    3.018 # [msec]
   Debug_Time(3):    1.815 # [msec]
   Debug_Time(4):    2.127 # [msec]
-
   Version      : 1.2
   Ways         : 16
   Words        : 2
   Feedback     : 1
   WordBits     : 32
   IndexBits    : 32
   Sort Order   : 0
   Sign Compare : 0
   Max Size     : 268435455
   Debug Enable : 1
   size         : 815000
   average_time :   13.887 # [msec]
   throughput   :   58.687 # [mwords/sec]
   Debug_Time(0):   13.690 # [msec]
   Debug_Time(1):    6.697 # [msec]
   Debug_Time(2):    3.035 # [msec]
   Debug_Time(3):    1.827 # [msec]
   Debug_Time(4):    2.131 # [msec]
-
   Version      : 1.2
   Ways         : 16
   Words        : 2
   Feedback     : 1
   WordBits     : 32
   IndexBits    : 32
   Sort Order   : 0
   Sign Compare : 0
   Max Size     : 268435455
   Debug Enable : 1
   size         : 820000
   average_time :   13.996 # [msec]
   throughput   :   58.587 # [mwords/sec]
   Debug_Time(0):   13.708 # [msec]
   Debug_Time(1):    6.669 # [msec]
   Debug_Time(2):    3.052 # [msec]
   Debug_Time(3):    1.838 # [msec]
   Debug_Time(4):    2.148 # [msec]
-
   Version      : 1.2
   Ways         : 16
   Words        : 2
   Feedback     : 1
   WordBits     : 32
   IndexBits    : 32
   Sort Order   : 0
   Sign Compare : 0
   Max Size     : 268435455
   Debug Enable : 1
   size         : 825000
   average_time :   14.091 # [msec]
   throughput   :   58.548 # [mwords/sec]
   Debug_Time(0):   13.880 # [msec]
   Debug_Time(1):    6.788 # [msec]
   Debug_Time(2):    3.071 # [msec]
   Debug_Time(3):    1.850 # [msec]
   Debug_Time(4):    2.171 # [msec]
-
   Version      : 1.2
   Ways         : 16
   Words        : 2
   Feedback     : 1
   WordBits     : 32
   IndexBits    : 32
   Sort Order   : 0
   Sign Compare : 0
   Max Size     : 268435455
   Debug Enable : 1
   size         : 830000
   average_time :   14.177 # [msec]
   throughput   :   58.548 # [mwords/sec]
   Debug_Time(0):   13.913 # [msec]
   Debug_Time(1):    6.796 # [msec]
   Debug_Time(2):    3.090 # [msec]
   Debug_Time(3):    1.857 # [msec]
   Debug_Time(4):    2.170 # [msec]
-
   Version      : 1.2
   Ways         : 16
   Words        : 2
   Feedback     : 1
   WordBits     : 32
   IndexBits    : 32
   Sort Order   : 0
   Sign Compare : 0
   Max Size     : 268435455
   Debug Enable : 1
   size         : 835000
   average_time :   14.254 # [msec]
   throughput   :   58.578 # [mwords/sec]
   Debug_Time(0):   14.015 # [msec]
   Debug_Time(1):    6.854 # [msec]
   Debug_Time(2):    3.106 # [msec]
   Debug_Time(3):    1.868 # [msec]
   Debug_Time(4):    2.188 # [msec]
-
   Version      : 1.2
   Ways         : 16
   Words        : 2
   Feedback     : 1
   WordBits     : 32
   IndexBits    : 32
   Sort Order   : 0
   Sign Compare : 0
   Max Size     : 268435455
   Debug Enable : 1
   size         : 840000
   average_time :   14.341 # [msec]
   throughput   :   58.573 # [mwords/sec]
   Debug_Time(0):   14.106 # [msec]
   Debug_Time(1):    6.905 # [msec]
   Debug_Time(2):    3.127 # [msec]
   Debug_Time(3):    1.881 # [msec]
   Debug_Time(4):    2.193 # [msec]
-
   Version      : 1.2
   Ways         : 16
   Words        : 2
   Feedback     : 1
   WordBits     : 32
   IndexBits    : 32
   Sort Order   : 0
   Sign Compare : 0
   Max Size     : 268435455
   Debug Enable : 1
   size         : 845000
   average_time :   14.426 # [msec]
   throughput   :   58.573 # [mwords/sec]
   Debug_Time(0):   14.196 # [msec]
   Debug_Time(1):    6.926 # [msec]
   Debug_Time(2):    3.142 # [msec]
   Debug_Time(3):    1.894 # [msec]
   Debug_Time(4):    2.234 # [msec]
-
   Version      : 1.2
   Ways         : 16
   Words        : 2
   Feedback     : 1
   WordBits     : 32
   IndexBits    : 32
   Sort Order   : 0
   Sign Compare : 0
   Max Size     : 268435455
   Debug Enable : 1
   size         : 850000
   average_time :   14.524 # [msec]
   throughput   :   58.525 # [mwords/sec]
   Debug_Time(0):   14.250 # [msec]
   Debug_Time(1):    6.949 # [msec]
   Debug_Time(2):    3.166 # [msec]
   Debug_Time(3):    1.910 # [msec]
   Debug_Time(4):    2.225 # [msec]
-
   Version      : 1.2
   Ways         : 16
   Words        : 2
   Feedback     : 1
   WordBits     : 32
   IndexBits    : 32
   Sort Order   : 0
   Sign Compare : 0
   Max Size     : 268435455
   Debug Enable : 1
   size         : 855000
   average_time :   14.589 # [msec]
   throughput   :   58.605 # [mwords/sec]
   Debug_Time(0):   14.350 # [msec]
   Debug_Time(1):    7.003 # [msec]
   Debug_Time(2):    3.178 # [msec]
   Debug_Time(3):    1.919 # [msec]
   Debug_Time(4):    2.250 # [msec]
-
   Version      : 1.2
   Ways         : 16
   Words        : 2
   Feedback     : 1
   WordBits     : 32
   IndexBits    : 32
   Sort Order   : 0
   Sign Compare : 0
   Max Size     : 268435455
   Debug Enable : 1
   size         : 860000
   average_time :   14.691 # [msec]
   throughput   :   58.538 # [mwords/sec]
   Debug_Time(0):   14.426 # [msec]
   Debug_Time(1):    7.045 # [msec]
   Debug_Time(2):    3.203 # [msec]
   Debug_Time(3):    1.926 # [msec]
   Debug_Time(4):    2.253 # [msec]
-
   Version      : 1.2
   Ways         : 16
   Words        : 2
   Feedback     : 1
   WordBits     : 32
   IndexBits    : 32
   Sort Order   : 0
   Sign Compare : 0
   Max Size     : 268435455
   Debug Enable : 1
   size         : 865000
   average_time :   14.731 # [msec]
   throughput   :   58.722 # [mwords/sec]
   Debug_Time(0):   14.484 # [msec]
   Debug_Time(1):    7.075 # [msec]
   Debug_Time(2):    3.212 # [msec]
   Debug_Time(3):    1.939 # [msec]
   Debug_Time(4):    2.259 # [msec]
-
   Version      : 1.2
   Ways         : 16
   Words        : 2
   Feedback     : 1
   WordBits     : 32
   IndexBits    : 32
   Sort Order   : 0
   Sign Compare : 0
   Max Size     : 268435455
   Debug Enable : 1
   size         : 870000
   average_time :   14.863 # [msec]
   throughput   :   58.535 # [mwords/sec]
   Debug_Time(0):   14.590 # [msec]
   Debug_Time(1):    7.123 # [msec]
   Debug_Time(2):    3.235 # [msec]
   Debug_Time(3):    1.954 # [msec]
   Debug_Time(4):    2.277 # [msec]
-
   Version      : 1.2
   Ways         : 16
   Words        : 2
   Feedback     : 1
   WordBits     : 32
   IndexBits    : 32
   Sort Order   : 0
   Sign Compare : 0
   Max Size     : 268435455
   Debug Enable : 1
   size         : 875000
   average_time :   14.953 # [msec]
   throughput   :   58.518 # [mwords/sec]
   Debug_Time(0):   14.664 # [msec]
   Debug_Time(1):    7.155 # [msec]
   Debug_Time(2):    3.253 # [msec]
   Debug_Time(3):    1.966 # [msec]
   Debug_Time(4):    2.290 # [msec]
-
   Version      : 1.2
   Ways         : 16
   Words        : 2
   Feedback     : 1
   WordBits     : 32
   IndexBits    : 32
   Sort Order   : 0
   Sign Compare : 0
   Max Size     : 268435455
   Debug Enable : 1
   size         : 880000
   average_time :   15.016 # [msec]
   throughput   :   58.605 # [mwords/sec]
   Debug_Time(0):   14.665 # [msec]
   Debug_Time(1):    7.119 # [msec]
   Debug_Time(2):    3.271 # [msec]
   Debug_Time(3):    1.975 # [msec]
   Debug_Time(4):    2.301 # [msec]
-
   Version      : 1.2
   Ways         : 16
   Words        : 2
   Feedback     : 1
   WordBits     : 32
   IndexBits    : 32
   Sort Order   : 0
   Sign Compare : 0
   Max Size     : 268435455
   Debug Enable : 1
   size         : 885000
   average_time :   15.110 # [msec]
   throughput   :   58.570 # [mwords/sec]
   Debug_Time(0):   14.825 # [msec]
   Debug_Time(1):    7.231 # [msec]
   Debug_Time(2):    3.293 # [msec]
   Debug_Time(3):    1.985 # [msec]
   Debug_Time(4):    2.316 # [msec]
-
   Version      : 1.2
   Ways         : 16
   Words        : 2
   Feedback     : 1
   WordBits     : 32
   IndexBits    : 32
   Sort Order   : 0
   Sign Compare : 0
   Max Size     : 268435455
   Debug Enable : 1
   size         : 890000
   average_time :   15.135 # [msec]
   throughput   :   58.806 # [mwords/sec]
   Debug_Time(0):   14.696 # [msec]
   Debug_Time(1):    7.055 # [msec]
   Debug_Time(2):    3.310 # [msec]
   Debug_Time(3):    1.995 # [msec]
   Debug_Time(4):    2.336 # [msec]
-
   Version      : 1.2
   Ways         : 16
   Words        : 2
   Feedback     : 1
   WordBits     : 32
   IndexBits    : 32
   Sort Order   : 0
   Sign Compare : 0
   Max Size     : 268435455
   Debug Enable : 1
   size         : 895000
   average_time :   15.252 # [msec]
   throughput   :   58.681 # [mwords/sec]
   Debug_Time(0):   15.011 # [msec]
   Debug_Time(1):    7.303 # [msec]
   Debug_Time(2):    3.331 # [msec]
   Debug_Time(3):    2.003 # [msec]
   Debug_Time(4):    2.374 # [msec]
-
   Version      : 1.2
   Ways         : 16
   Words        : 2
   Feedback     : 1
   WordBits     : 32
   IndexBits    : 32
   Sort Order   : 0
   Sign Compare : 0
   Max Size     : 268435455
   Debug Enable : 1
   size         : 900000
   average_time :   15.353 # [msec]
   throughput   :   58.622 # [mwords/sec]
   Debug_Time(0):   15.101 # [msec]
   Debug_Time(1):    7.355 # [msec]
   Debug_Time(2):    3.348 # [msec]
   Debug_Time(3):    2.020 # [msec]
   Debug_Time(4):    2.378 # [msec]
-
   Version      : 1.2
   Ways         : 16
   Words        : 2
   Feedback     : 1
   WordBits     : 32
   IndexBits    : 32
   Sort Order   : 0
   Sign Compare : 0
   Max Size     : 268435455
   Debug Enable : 1
   size         : 905000
   average_time :   15.423 # [msec]
   throughput   :   58.679 # [mwords/sec]
   Debug_Time(0):   15.164 # [msec]
   Debug_Time(1):    7.405 # [msec]
   Debug_Time(2):    3.363 # [msec]
   Debug_Time(3):    2.029 # [msec]
   Debug_Time(4):    2.366 # [msec]
-
   Version      : 1.2
   Ways         : 16
   Words        : 2
   Feedback     : 1
   WordBits     : 32
   IndexBits    : 32
   Sort Order   : 0
   Sign Compare : 0
   Max Size     : 268435455
   Debug Enable : 1
   size         : 910000
   average_time :   15.486 # [msec]
   throughput   :   58.764 # [mwords/sec]
   Debug_Time(0):   15.249 # [msec]
   Debug_Time(1):    7.430 # [msec]
   Debug_Time(2):    3.384 # [msec]
   Debug_Time(3):    2.042 # [msec]
   Debug_Time(4):    2.393 # [msec]
-
   Version      : 1.2
   Ways         : 16
   Words        : 2
   Feedback     : 1
   WordBits     : 32
   IndexBits    : 32
   Sort Order   : 0
   Sign Compare : 0
   Max Size     : 268435455
   Debug Enable : 1
   size         : 915000
   average_time :   15.568 # [msec]
   throughput   :   58.774 # [mwords/sec]
   Debug_Time(0):   15.344 # [msec]
   Debug_Time(1):    7.486 # [msec]
   Debug_Time(2):    3.409 # [msec]
   Debug_Time(3):    2.052 # [msec]
   Debug_Time(4):    2.396 # [msec]
-
   Version      : 1.2
   Ways         : 16
   Words        : 2
   Feedback     : 1
   WordBits     : 32
   IndexBits    : 32
   Sort Order   : 0
   Sign Compare : 0
   Max Size     : 268435455
   Debug Enable : 1
   size         : 920000
   average_time :   15.660 # [msec]
   throughput   :   58.748 # [mwords/sec]
   Debug_Time(0):   15.326 # [msec]
   Debug_Time(1):    7.423 # [msec]
   Debug_Time(2):    3.422 # [msec]
   Debug_Time(3):    2.065 # [msec]
   Debug_Time(4):    2.415 # [msec]
-
   Version      : 1.2
   Ways         : 16
   Words        : 2
   Feedback     : 1
   WordBits     : 32
   IndexBits    : 32
   Sort Order   : 0
   Sign Compare : 0
   Max Size     : 268435455
   Debug Enable : 1
   size         : 925000
   average_time :   15.745 # [msec]
   throughput   :   58.749 # [mwords/sec]
   Debug_Time(0):   15.480 # [msec]
   Debug_Time(1):    7.531 # [msec]
   Debug_Time(2):    3.446 # [msec]
   Debug_Time(3):    2.075 # [msec]
   Debug_Time(4):    2.428 # [msec]
-
   Version      : 1.2
   Ways         : 16
   Words        : 2
   Feedback     : 1
   WordBits     : 32
   IndexBits    : 32
   Sort Order   : 0
   Sign Compare : 0
   Max Size     : 268435455
   Debug Enable : 1
   size         : 930000
   average_time :   15.817 # [msec]
   throughput   :   58.797 # [mwords/sec]
   Debug_Time(0):   15.553 # [msec]
   Debug_Time(1):    7.562 # [msec]
   Debug_Time(2):    3.456 # [msec]
   Debug_Time(3):    2.087 # [msec]
   Debug_Time(4):    2.447 # [msec]
-
   Version      : 1.2
   Ways         : 16
   Words        : 2
   Feedback     : 1
   WordBits     : 32
   IndexBits    : 32
   Sort Order   : 0
   Sign Compare : 0
   Max Size     : 268435455
   Debug Enable : 1
   size         : 935000
   average_time :   15.913 # [msec]
   throughput   :   58.756 # [mwords/sec]
   Debug_Time(0):   15.644 # [msec]
   Debug_Time(1):    7.615 # [msec]
   Debug_Time(2):    3.480 # [msec]
   Debug_Time(3):    2.098 # [msec]
   Debug_Time(4):    2.452 # [msec]
-
   Version      : 1.2
   Ways         : 16
   Words        : 2
   Feedback     : 1
   WordBits     : 32
   IndexBits    : 32
   Sort Order   : 0
   Sign Compare : 0
   Max Size     : 268435455
   Debug Enable : 1
   size         : 940000
   average_time :   15.977 # [msec]
   throughput   :   58.835 # [mwords/sec]
   Debug_Time(0):   15.713 # [msec]
   Debug_Time(1):    7.650 # [msec]
   Debug_Time(2):    3.497 # [msec]
   Debug_Time(3):    2.105 # [msec]
   Debug_Time(4):    2.461 # [msec]
-
   Version      : 1.2
   Ways         : 16
   Words        : 2
   Feedback     : 1
   WordBits     : 32
   IndexBits    : 32
   Sort Order   : 0
   Sign Compare : 0
   Max Size     : 268435455
   Debug Enable : 1
   size         : 945000
   average_time :   16.077 # [msec]
   throughput   :   58.779 # [mwords/sec]
   Debug_Time(0):   15.761 # [msec]
   Debug_Time(1):    7.669 # [msec]
   Debug_Time(2):    3.512 # [msec]
   Debug_Time(3):    2.119 # [msec]
   Debug_Time(4):    2.461 # [msec]
-
   Version      : 1.2
   Ways         : 16
   Words        : 2
   Feedback     : 1
   WordBits     : 32
   IndexBits    : 32
   Sort Order   : 0
   Sign Compare : 0
   Max Size     : 268435455
   Debug Enable : 1
   size         : 950000
   average_time :   16.177 # [msec]
   throughput   :   58.725 # [mwords/sec]
   Debug_Time(0):   15.804 # [msec]
   Debug_Time(1):    7.668 # [msec]
   Debug_Time(2):    3.539 # [msec]
   Debug_Time(3):    2.136 # [msec]
   Debug_Time(4):    2.462 # [msec]
-
   Version      : 1.2
   Ways         : 16
   Words        : 2
   Feedback     : 1
   WordBits     : 32
   IndexBits    : 32
   Sort Order   : 0
   Sign Compare : 0
   Max Size     : 268435455
   Debug Enable : 1
   size         : 955000
   average_time :   16.237 # [msec]
   throughput   :   58.816 # [mwords/sec]
   Debug_Time(0):   15.914 # [msec]
   Debug_Time(1):    7.748 # [msec]
   Debug_Time(2):    3.553 # [msec]
   Debug_Time(3):    2.140 # [msec]
   Debug_Time(4):    2.473 # [msec]
-
   Version      : 1.2
   Ways         : 16
   Words        : 2
   Feedback     : 1
   WordBits     : 32
   IndexBits    : 32
   Sort Order   : 0
   Sign Compare : 0
   Max Size     : 268435455
   Debug Enable : 1
   size         : 960000
   average_time :   16.266 # [msec]
   throughput   :   59.019 # [mwords/sec]
   Debug_Time(0):   16.012 # [msec]
   Debug_Time(1):    7.803 # [msec]
   Debug_Time(2):    3.567 # [msec]
   Debug_Time(3):    2.153 # [msec]
   Debug_Time(4):    2.490 # [msec]
-
   Version      : 1.2
   Ways         : 16
   Words        : 2
   Feedback     : 1
   WordBits     : 32
   IndexBits    : 32
   Sort Order   : 0
   Sign Compare : 0
   Max Size     : 268435455
   Debug Enable : 1
   size         : 965000
   average_time :   16.428 # [msec]
   throughput   :   58.742 # [mwords/sec]
   Debug_Time(0):   16.144 # [msec]
   Debug_Time(1):    7.864 # [msec]
   Debug_Time(2):    3.603 # [msec]
   Debug_Time(3):    2.161 # [msec]
   Debug_Time(4):    2.516 # [msec]
-
   Version      : 1.2
   Ways         : 16
   Words        : 2
   Feedback     : 1
   WordBits     : 32
   IndexBits    : 32
   Sort Order   : 0
   Sign Compare : 0
   Max Size     : 268435455
   Debug Enable : 1
   size         : 970000
   average_time :   16.514 # [msec]
   throughput   :   58.738 # [mwords/sec]
   Debug_Time(0):   16.201 # [msec]
   Debug_Time(1):    7.874 # [msec]
   Debug_Time(2):    3.624 # [msec]
   Debug_Time(3):    2.175 # [msec]
   Debug_Time(4):    2.529 # [msec]
-
   Version      : 1.2
   Ways         : 16
   Words        : 2
   Feedback     : 1
   WordBits     : 32
   IndexBits    : 32
   Sort Order   : 0
   Sign Compare : 0
   Max Size     : 268435455
   Debug Enable : 1
   size         : 975000
   average_time :   16.591 # [msec]
   throughput   :   58.767 # [mwords/sec]
   Debug_Time(0):   16.203 # [msec]
   Debug_Time(1):    7.835 # [msec]
   Debug_Time(2):    3.646 # [msec]
   Debug_Time(3):    2.190 # [msec]
   Debug_Time(4):    2.533 # [msec]
-
   Version      : 1.2
   Ways         : 16
   Words        : 2
   Feedback     : 1
   WordBits     : 32
   IndexBits    : 32
   Sort Order   : 0
   Sign Compare : 0
   Max Size     : 268435455
   Debug Enable : 1
   size         : 980000
   average_time :   16.692 # [msec]
   throughput   :   58.709 # [mwords/sec]
   Debug_Time(0):   16.329 # [msec]
   Debug_Time(1):    7.922 # [msec]
   Debug_Time(2):    3.668 # [msec]
   Debug_Time(3):    2.198 # [msec]
   Debug_Time(4):    2.542 # [msec]
-
   Version      : 1.2
   Ways         : 16
   Words        : 2
   Feedback     : 1
   WordBits     : 32
   IndexBits    : 32
   Sort Order   : 0
   Sign Compare : 0
   Max Size     : 268435455
   Debug Enable : 1
   size         : 985000
   average_time :   16.759 # [msec]
   throughput   :   58.776 # [mwords/sec]
   Debug_Time(0):   16.517 # [msec]
   Debug_Time(1):    8.062 # [msec]
   Debug_Time(2):    3.673 # [msec]
   Debug_Time(3):    2.211 # [msec]
   Debug_Time(4):    2.571 # [msec]
-
   Version      : 1.2
   Ways         : 16
   Words        : 2
   Feedback     : 1
   WordBits     : 32
   IndexBits    : 32
   Sort Order   : 0
   Sign Compare : 0
   Max Size     : 268435455
   Debug Enable : 1
   size         : 990000
   average_time :   16.839 # [msec]
   throughput   :   58.791 # [mwords/sec]
   Debug_Time(0):   16.587 # [msec]
   Debug_Time(1):    8.087 # [msec]
   Debug_Time(2):    3.689 # [msec]
   Debug_Time(3):    2.222 # [msec]
   Debug_Time(4):    2.589 # [msec]
-
   Version      : 1.2
   Ways         : 16
   Words        : 2
   Feedback     : 1
   WordBits     : 32
   IndexBits    : 32
   Sort Order   : 0
   Sign Compare : 0
   Max Size     : 268435455
   Debug Enable : 1
   size         : 995000
   average_time :   16.935 # [msec]
   throughput   :   58.754 # [mwords/sec]
   Debug_Time(0):   16.717 # [msec]
   Debug_Time(1):    8.182 # [msec]
   Debug_Time(2):    3.699 # [msec]
   Debug_Time(3):    2.236 # [msec]
   Debug_Time(4):    2.601 # [msec]
-
   Version      : 1.2
   Ways         : 16
   Words        : 2
   Feedback     : 1
   WordBits     : 32
   IndexBits    : 32
   Sort Order   : 0
   Sign Compare : 0
   Max Size     : 268435455
   Debug Enable : 1
   size         : 1000000
   average_time :   17.030 # [msec]
   throughput   :   58.721 # [mwords/sec]
   Debug_Time(0):   16.766 # [msec]
   Debug_Time(1):    8.218 # [msec]
   Debug_Time(2):    3.721 # [msec]
   Debug_Time(3):    2.247 # [msec]
   Debug_Time(4):    2.580 # [msec]
