---
-
   Version      : 1.6
   Ways         : 32
   Words        : 2
   Feedback     : 1
   WordBits     : 32
   IndexBits    : 32
   Sort Order   : 0
   Sign Compare : 0
   Max Size     : 268435455
   Debug Enable : 1
   size         : 5000
   average_time :    0.198 # [msec]
   throughput   :   25.270 # [mwords/sec]
   Debug_Time(0):    0.040 # [msec]
   Debug_Time(1):    0.027 # [msec]
   Debug_Time(2):    0.014 # [msec]
-
   Version      : 1.6
   Ways         : 32
   Words        : 2
   Feedback     : 1
   WordBits     : 32
   IndexBits    : 32
   Sort Order   : 0
   Sign Compare : 0
   Max Size     : 268435455
   Debug Enable : 1
   size         : 10000
   average_time :    0.231 # [msec]
   throughput   :   43.330 # [mwords/sec]
   Debug_Time(0):    0.069 # [msec]
   Debug_Time(1):    0.043 # [msec]
   Debug_Time(2):    0.026 # [msec]
-
   Version      : 1.6
   Ways         : 32
   Words        : 2
   Feedback     : 1
   WordBits     : 32
   IndexBits    : 32
   Sort Order   : 0
   Sign Compare : 0
   Max Size     : 268435455
   Debug Enable : 1
   size         : 15000
   average_time :    0.283 # [msec]
   throughput   :   53.007 # [mwords/sec]
   Debug_Time(0):    0.108 # [msec]
   Debug_Time(1):    0.068 # [msec]
   Debug_Time(2):    0.039 # [msec]
-
   Version      : 1.6
   Ways         : 32
   Words        : 2
   Feedback     : 1
   WordBits     : 32
   IndexBits    : 32
   Sort Order   : 0
   Sign Compare : 0
   Max Size     : 268435455
   Debug Enable : 1
   size         : 20000
   average_time :    0.310 # [msec]
   throughput   :   64.458 # [mwords/sec]
   Debug_Time(0):    0.137 # [msec]
   Debug_Time(1):    0.085 # [msec]
   Debug_Time(2):    0.052 # [msec]
-
   Version      : 1.6
   Ways         : 32
   Words        : 2
   Feedback     : 1
   WordBits     : 32
   IndexBits    : 32
   Sort Order   : 0
   Sign Compare : 0
   Max Size     : 268435455
   Debug Enable : 1
   size         : 25000
   average_time :    0.354 # [msec]
   throughput   :   70.587 # [mwords/sec]
   Debug_Time(0):    0.176 # [msec]
   Debug_Time(1):    0.111 # [msec]
   Debug_Time(2):    0.064 # [msec]
-
   Version      : 1.6
   Ways         : 32
   Words        : 2
   Feedback     : 1
   WordBits     : 32
   IndexBits    : 32
   Sort Order   : 0
   Sign Compare : 0
   Max Size     : 268435455
   Debug Enable : 1
   size         : 30000
   average_time :    0.386 # [msec]
   throughput   :   77.754 # [mwords/sec]
   Debug_Time(0):    0.206 # [msec]
   Debug_Time(1):    0.128 # [msec]
   Debug_Time(2):    0.078 # [msec]
-
   Version      : 1.6
   Ways         : 32
   Words        : 2
   Feedback     : 1
   WordBits     : 32
   IndexBits    : 32
   Sort Order   : 0
   Sign Compare : 0
   Max Size     : 268435455
   Debug Enable : 1
   size         : 35000
   average_time :    0.436 # [msec]
   throughput   :   80.329 # [mwords/sec]
   Debug_Time(0):    0.245 # [msec]
   Debug_Time(1):    0.153 # [msec]
   Debug_Time(2):    0.092 # [msec]
-
   Version      : 1.6
   Ways         : 32
   Words        : 2
   Feedback     : 1
   WordBits     : 32
   IndexBits    : 32
   Sort Order   : 0
   Sign Compare : 0
   Max Size     : 268435455
   Debug Enable : 1
   size         : 40000
   average_time :    0.472 # [msec]
   throughput   :   84.789 # [mwords/sec]
   Debug_Time(0):    0.274 # [msec]
   Debug_Time(1):    0.170 # [msec]
   Debug_Time(2):    0.104 # [msec]
-
   Version      : 1.6
   Ways         : 32
   Words        : 2
   Feedback     : 1
   WordBits     : 32
   IndexBits    : 32
   Sort Order   : 0
   Sign Compare : 0
   Max Size     : 268435455
   Debug Enable : 1
   size         : 45000
   average_time :    0.506 # [msec]
   throughput   :   89.013 # [mwords/sec]
   Debug_Time(0):    0.305 # [msec]
   Debug_Time(1):    0.188 # [msec]
   Debug_Time(2):    0.118 # [msec]
-
   Version      : 1.6
   Ways         : 32
   Words        : 2
   Feedback     : 1
   WordBits     : 32
   IndexBits    : 32
   Sort Order   : 0
   Sign Compare : 0
   Max Size     : 268435455
   Debug Enable : 1
   size         : 50000
   average_time :    0.602 # [msec]
   throughput   :   83.105 # [mwords/sec]
   Debug_Time(0):    0.342 # [msec]
   Debug_Time(1):    0.213 # [msec]
   Debug_Time(2):    0.130 # [msec]
-
   Version      : 1.6
   Ways         : 32
   Words        : 2
   Feedback     : 1
   WordBits     : 32
   IndexBits    : 32
   Sort Order   : 0
   Sign Compare : 0
   Max Size     : 268435455
   Debug Enable : 1
   size         : 55000
   average_time :    0.621 # [msec]
   throughput   :   88.508 # [mwords/sec]
   Debug_Time(0):    0.372 # [msec]
   Debug_Time(1):    0.229 # [msec]
   Debug_Time(2):    0.143 # [msec]
-
   Version      : 1.6
   Ways         : 32
   Words        : 2
   Feedback     : 1
   WordBits     : 32
   IndexBits    : 32
   Sort Order   : 0
   Sign Compare : 0
   Max Size     : 268435455
   Debug Enable : 1
   size         : 60000
   average_time :    0.666 # [msec]
   throughput   :   90.026 # [mwords/sec]
   Debug_Time(0):    0.410 # [msec]
   Debug_Time(1):    0.254 # [msec]
   Debug_Time(2):    0.155 # [msec]
-
   Version      : 1.6
   Ways         : 32
   Words        : 2
   Feedback     : 1
   WordBits     : 32
   IndexBits    : 32
   Sort Order   : 0
   Sign Compare : 0
   Max Size     : 268435455
   Debug Enable : 1
   size         : 65000
   average_time :    0.720 # [msec]
   throughput   :   90.320 # [mwords/sec]
   Debug_Time(0):    0.441 # [msec]
   Debug_Time(1):    0.272 # [msec]
   Debug_Time(2):    0.169 # [msec]
-
   Version      : 1.6
   Ways         : 32
   Words        : 2
   Feedback     : 1
   WordBits     : 32
   IndexBits    : 32
   Sort Order   : 0
   Sign Compare : 0
   Max Size     : 268435455
   Debug Enable : 1
   size         : 70000
   average_time :    0.940 # [msec]
   throughput   :   74.471 # [mwords/sec]
   Debug_Time(0):    0.625 # [msec]
   Debug_Time(1):    0.297 # [msec]
   Debug_Time(2):    0.183 # [msec]
   Debug_Time(3):    0.145 # [msec]
-
   Version      : 1.6
   Ways         : 32
   Words        : 2
   Feedback     : 1
   WordBits     : 32
   IndexBits    : 32
   Sort Order   : 0
   Sign Compare : 0
   Max Size     : 268435455
   Debug Enable : 1
   size         : 75000
   average_time :    0.960 # [msec]
   throughput   :   78.129 # [mwords/sec]
   Debug_Time(0):    0.664 # [msec]
   Debug_Time(1):    0.314 # [msec]
   Debug_Time(2):    0.194 # [msec]
   Debug_Time(3):    0.156 # [msec]
-
   Version      : 1.6
   Ways         : 32
   Words        : 2
   Feedback     : 1
   WordBits     : 32
   IndexBits    : 32
   Sort Order   : 0
   Sign Compare : 0
   Max Size     : 268435455
   Debug Enable : 1
   size         : 80000
   average_time :    0.968 # [msec]
   throughput   :   82.665 # [mwords/sec]
   Debug_Time(0):    0.709 # [msec]
   Debug_Time(1):    0.339 # [msec]
   Debug_Time(2):    0.205 # [msec]
   Debug_Time(3):    0.165 # [msec]
-
   Version      : 1.6
   Ways         : 32
   Words        : 2
   Feedback     : 1
   WordBits     : 32
   IndexBits    : 32
   Sort Order   : 0
   Sign Compare : 0
   Max Size     : 268435455
   Debug Enable : 1
   size         : 85000
   average_time :    1.041 # [msec]
   throughput   :   81.635 # [mwords/sec]
   Debug_Time(0):    0.754 # [msec]
   Debug_Time(1):    0.356 # [msec]
   Debug_Time(2):    0.222 # [msec]
   Debug_Time(3):    0.176 # [msec]
-
   Version      : 1.6
   Ways         : 32
   Words        : 2
   Feedback     : 1
   WordBits     : 32
   IndexBits    : 32
   Sort Order   : 0
   Sign Compare : 0
   Max Size     : 268435455
   Debug Enable : 1
   size         : 90000
   average_time :    1.068 # [msec]
   throughput   :   84.246 # [mwords/sec]
   Debug_Time(0):    0.791 # [msec]
   Debug_Time(1):    0.374 # [msec]
   Debug_Time(2):    0.232 # [msec]
   Debug_Time(3):    0.186 # [msec]
-
   Version      : 1.6
   Ways         : 32
   Words        : 2
   Feedback     : 1
   WordBits     : 32
   IndexBits    : 32
   Sort Order   : 0
   Sign Compare : 0
   Max Size     : 268435455
   Debug Enable : 1
   size         : 95000
   average_time :    1.143 # [msec]
   throughput   :   83.097 # [mwords/sec]
   Debug_Time(0):    0.840 # [msec]
   Debug_Time(1):    0.399 # [msec]
   Debug_Time(2):    0.245 # [msec]
   Debug_Time(3):    0.196 # [msec]
-
   Version      : 1.6
   Ways         : 32
   Words        : 2
   Feedback     : 1
   WordBits     : 32
   IndexBits    : 32
   Sort Order   : 0
   Sign Compare : 0
   Max Size     : 268435455
   Debug Enable : 1
   size         : 100000
   average_time :    1.332 # [msec]
   throughput   :   75.094 # [mwords/sec]
   Debug_Time(0):    0.882 # [msec]
   Debug_Time(1):    0.417 # [msec]
   Debug_Time(2):    0.259 # [msec]
   Debug_Time(3):    0.206 # [msec]
-
   Version      : 1.6
   Ways         : 32
   Words        : 2
   Feedback     : 1
   WordBits     : 32
   IndexBits    : 32
   Sort Order   : 0
   Sign Compare : 0
   Max Size     : 268435455
   Debug Enable : 1
   size         : 105000
   average_time :    1.303 # [msec]
   throughput   :   80.611 # [mwords/sec]
   Debug_Time(0):    0.938 # [msec]
   Debug_Time(1):    0.448 # [msec]
   Debug_Time(2):    0.273 # [msec]
   Debug_Time(3):    0.217 # [msec]
-
   Version      : 1.6
   Ways         : 32
   Words        : 2
   Feedback     : 1
   WordBits     : 32
   IndexBits    : 32
   Sort Order   : 0
   Sign Compare : 0
   Max Size     : 268435455
   Debug Enable : 1
   size         : 110000
   average_time :    1.289 # [msec]
   throughput   :   85.367 # [mwords/sec]
   Debug_Time(0):    0.976 # [msec]
   Debug_Time(1):    0.459 # [msec]
   Debug_Time(2):    0.289 # [msec]
   Debug_Time(3):    0.228 # [msec]
-
   Version      : 1.6
   Ways         : 32
   Words        : 2
   Feedback     : 1
   WordBits     : 32
   IndexBits    : 32
   Sort Order   : 0
   Sign Compare : 0
   Max Size     : 268435455
   Debug Enable : 1
   size         : 115000
   average_time :    1.352 # [msec]
   throughput   :   85.032 # [mwords/sec]
   Debug_Time(0):    1.020 # [msec]
   Debug_Time(1):    0.485 # [msec]
   Debug_Time(2):    0.297 # [msec]
   Debug_Time(3):    0.238 # [msec]
-
   Version      : 1.6
   Ways         : 32
   Words        : 2
   Feedback     : 1
   WordBits     : 32
   IndexBits    : 32
   Sort Order   : 0
   Sign Compare : 0
   Max Size     : 268435455
   Debug Enable : 1
   size         : 120000
   average_time :    1.422 # [msec]
   throughput   :   84.380 # [mwords/sec]
   Debug_Time(0):    1.073 # [msec]
   Debug_Time(1):    0.506 # [msec]
   Debug_Time(2):    0.318 # [msec]
   Debug_Time(3):    0.250 # [msec]
-
   Version      : 1.6
   Ways         : 32
   Words        : 2
   Feedback     : 1
   WordBits     : 32
   IndexBits    : 32
   Sort Order   : 0
   Sign Compare : 0
   Max Size     : 268435455
   Debug Enable : 1
   size         : 125000
   average_time :    1.454 # [msec]
   throughput   :   85.978 # [mwords/sec]
   Debug_Time(0):    1.123 # [msec]
   Debug_Time(1):    0.536 # [msec]
   Debug_Time(2):    0.322 # [msec]
   Debug_Time(3):    0.265 # [msec]
-
   Version      : 1.6
   Ways         : 32
   Words        : 2
   Feedback     : 1
   WordBits     : 32
   IndexBits    : 32
   Sort Order   : 0
   Sign Compare : 0
   Max Size     : 268435455
   Debug Enable : 1
   size         : 130000
   average_time :    1.572 # [msec]
   throughput   :   82.707 # [mwords/sec]
   Debug_Time(0):    1.192 # [msec]
   Debug_Time(1):    0.583 # [msec]
   Debug_Time(2):    0.338 # [msec]
   Debug_Time(3):    0.271 # [msec]
-
   Version      : 1.6
   Ways         : 32
   Words        : 2
   Feedback     : 1
   WordBits     : 32
   IndexBits    : 32
   Sort Order   : 0
   Sign Compare : 0
   Max Size     : 268435455
   Debug Enable : 1
   size         : 135000
   average_time :    1.627 # [msec]
   throughput   :   82.978 # [mwords/sec]
   Debug_Time(0):    1.254 # [msec]
   Debug_Time(1):    0.621 # [msec]
   Debug_Time(2):    0.350 # [msec]
   Debug_Time(3):    0.283 # [msec]
-
   Version      : 1.6
   Ways         : 32
   Words        : 2
   Feedback     : 1
   WordBits     : 32
   IndexBits    : 32
   Sort Order   : 0
   Sign Compare : 0
   Max Size     : 268435455
   Debug Enable : 1
   size         : 140000
   average_time :    1.953 # [msec]
   throughput   :   71.677 # [mwords/sec]
   Debug_Time(0):    1.469 # [msec]
   Debug_Time(1):    0.817 # [msec]
   Debug_Time(2):    0.360 # [msec]
   Debug_Time(3):    0.292 # [msec]
-
   Version      : 1.6
   Ways         : 32
   Words        : 2
   Feedback     : 1
   WordBits     : 32
   IndexBits    : 32
   Sort Order   : 0
   Sign Compare : 0
   Max Size     : 268435455
   Debug Enable : 1
   size         : 145000
   average_time :    2.145 # [msec]
   throughput   :   67.606 # [mwords/sec]
   Debug_Time(0):    1.796 # [msec]
   Debug_Time(1):    1.108 # [msec]
   Debug_Time(2):    0.368 # [msec]
   Debug_Time(3):    0.320 # [msec]
-
   Version      : 1.6
   Ways         : 32
   Words        : 2
   Feedback     : 1
   WordBits     : 32
   IndexBits    : 32
   Sort Order   : 0
   Sign Compare : 0
   Max Size     : 268435455
   Debug Enable : 1
   size         : 150000
   average_time :    1.790 # [msec]
   throughput   :   83.806 # [mwords/sec]
   Debug_Time(0):    1.440 # [msec]
   Debug_Time(1):    0.739 # [msec]
   Debug_Time(2):    0.382 # [msec]
   Debug_Time(3):    0.319 # [msec]
-
   Version      : 1.6
   Ways         : 32
   Words        : 2
   Feedback     : 1
   WordBits     : 32
   IndexBits    : 32
   Sort Order   : 0
   Sign Compare : 0
   Max Size     : 268435455
   Debug Enable : 1
   size         : 155000
   average_time :    1.928 # [msec]
   throughput   :   80.406 # [mwords/sec]
   Debug_Time(0):    1.566 # [msec]
   Debug_Time(1):    0.840 # [msec]
   Debug_Time(2):    0.394 # [msec]
   Debug_Time(3):    0.332 # [msec]
-
   Version      : 1.6
   Ways         : 32
   Words        : 2
   Feedback     : 1
   WordBits     : 32
   IndexBits    : 32
   Sort Order   : 0
   Sign Compare : 0
   Max Size     : 268435455
   Debug Enable : 1
   size         : 160000
   average_time :    2.025 # [msec]
   throughput   :   79.012 # [mwords/sec]
   Debug_Time(0):    1.626 # [msec]
   Debug_Time(1):    0.876 # [msec]
   Debug_Time(2):    0.411 # [msec]
   Debug_Time(3):    0.338 # [msec]
-
   Version      : 1.6
   Ways         : 32
   Words        : 2
   Feedback     : 1
   WordBits     : 32
   IndexBits    : 32
   Sort Order   : 0
   Sign Compare : 0
   Max Size     : 268435455
   Debug Enable : 1
   size         : 165000
   average_time :    2.186 # [msec]
   throughput   :   75.476 # [mwords/sec]
   Debug_Time(0):    1.743 # [msec]
   Debug_Time(1):    0.969 # [msec]
   Debug_Time(2):    0.422 # [msec]
   Debug_Time(3):    0.352 # [msec]
-
   Version      : 1.6
   Ways         : 32
   Words        : 2
   Feedback     : 1
   WordBits     : 32
   IndexBits    : 32
   Sort Order   : 0
   Sign Compare : 0
   Max Size     : 268435455
   Debug Enable : 1
   size         : 170000
   average_time :    2.183 # [msec]
   throughput   :   77.871 # [mwords/sec]
   Debug_Time(0):    1.796 # [msec]
   Debug_Time(1):    0.989 # [msec]
   Debug_Time(2):    0.439 # [msec]
   Debug_Time(3):    0.368 # [msec]
-
   Version      : 1.6
   Ways         : 32
   Words        : 2
   Feedback     : 1
   WordBits     : 32
   IndexBits    : 32
   Sort Order   : 0
   Sign Compare : 0
   Max Size     : 268435455
   Debug Enable : 1
   size         : 175000
   average_time :    2.311 # [msec]
   throughput   :   75.739 # [mwords/sec]
   Debug_Time(0):    1.919 # [msec]
   Debug_Time(1):    1.084 # [msec]
   Debug_Time(2):    0.454 # [msec]
   Debug_Time(3):    0.381 # [msec]
-
   Version      : 1.6
   Ways         : 32
   Words        : 2
   Feedback     : 1
   WordBits     : 32
   IndexBits    : 32
   Sort Order   : 0
   Sign Compare : 0
   Max Size     : 268435455
   Debug Enable : 1
   size         : 180000
   average_time :    2.404 # [msec]
   throughput   :   74.880 # [mwords/sec]
   Debug_Time(0):    1.991 # [msec]
   Debug_Time(1):    1.128 # [msec]
   Debug_Time(2):    0.470 # [msec]
   Debug_Time(3):    0.393 # [msec]
-
   Version      : 1.6
   Ways         : 32
   Words        : 2
   Feedback     : 1
   WordBits     : 32
   IndexBits    : 32
   Sort Order   : 0
   Sign Compare : 0
   Max Size     : 268435455
   Debug Enable : 1
   size         : 185000
   average_time :    2.513 # [msec]
   throughput   :   73.615 # [mwords/sec]
   Debug_Time(0):    2.095 # [msec]
   Debug_Time(1):    1.205 # [msec]
   Debug_Time(2):    0.484 # [msec]
   Debug_Time(3):    0.406 # [msec]
-
   Version      : 1.6
   Ways         : 32
   Words        : 2
   Feedback     : 1
   WordBits     : 32
   IndexBits    : 32
   Sort Order   : 0
   Sign Compare : 0
   Max Size     : 268435455
   Debug Enable : 1
   size         : 190000
   average_time :    2.675 # [msec]
   throughput   :   71.033 # [mwords/sec]
   Debug_Time(0):    2.213 # [msec]
   Debug_Time(1):    1.307 # [msec]
   Debug_Time(2):    0.492 # [msec]
   Debug_Time(3):    0.415 # [msec]
-
   Version      : 1.6
   Ways         : 32
   Words        : 2
   Feedback     : 1
   WordBits     : 32
   IndexBits    : 32
   Sort Order   : 0
   Sign Compare : 0
   Max Size     : 268435455
   Debug Enable : 1
   size         : 195000
   average_time :    2.685 # [msec]
   throughput   :   72.634 # [mwords/sec]
   Debug_Time(0):    2.280 # [msec]
   Debug_Time(1):    1.347 # [msec]
   Debug_Time(2):    0.502 # [msec]
   Debug_Time(3):    0.431 # [msec]
-
   Version      : 1.6
   Ways         : 32
   Words        : 2
   Feedback     : 1
   WordBits     : 32
   IndexBits    : 32
   Sort Order   : 0
   Sign Compare : 0
   Max Size     : 268435455
   Debug Enable : 1
   size         : 200000
   average_time :    2.751 # [msec]
   throughput   :   72.692 # [mwords/sec]
   Debug_Time(0):    2.301 # [msec]
   Debug_Time(1):    1.350 # [msec]
   Debug_Time(2):    0.514 # [msec]
   Debug_Time(3):    0.437 # [msec]
-
   Version      : 1.6
   Ways         : 32
   Words        : 2
   Feedback     : 1
   WordBits     : 32
   IndexBits    : 32
   Sort Order   : 0
   Sign Compare : 0
   Max Size     : 268435455
   Debug Enable : 1
   size         : 205000
   average_time :    2.832 # [msec]
   throughput   :   72.392 # [mwords/sec]
   Debug_Time(0):    2.406 # [msec]
   Debug_Time(1):    1.427 # [msec]
   Debug_Time(2):    0.526 # [msec]
   Debug_Time(3):    0.452 # [msec]
-
   Version      : 1.6
   Ways         : 32
   Words        : 2
   Feedback     : 1
   WordBits     : 32
   IndexBits    : 32
   Sort Order   : 0
   Sign Compare : 0
   Max Size     : 268435455
   Debug Enable : 1
   size         : 210000
   average_time :    2.959 # [msec]
   throughput   :   70.964 # [mwords/sec]
   Debug_Time(0):    2.494 # [msec]
   Debug_Time(1):    1.496 # [msec]
   Debug_Time(2):    0.533 # [msec]
   Debug_Time(3):    0.464 # [msec]
-
   Version      : 1.6
   Ways         : 32
   Words        : 2
   Feedback     : 1
   WordBits     : 32
   IndexBits    : 32
   Sort Order   : 0
   Sign Compare : 0
   Max Size     : 268435455
   Debug Enable : 1
   size         : 215000
   average_time :    3.013 # [msec]
   throughput   :   71.348 # [mwords/sec]
   Debug_Time(0):    2.568 # [msec]
   Debug_Time(1):    1.545 # [msec]
   Debug_Time(2):    0.548 # [msec]
   Debug_Time(3):    0.475 # [msec]
-
   Version      : 1.6
   Ways         : 32
   Words        : 2
   Feedback     : 1
   WordBits     : 32
   IndexBits    : 32
   Sort Order   : 0
   Sign Compare : 0
   Max Size     : 268435455
   Debug Enable : 1
   size         : 220000
   average_time :    3.126 # [msec]
   throughput   :   70.369 # [mwords/sec]
   Debug_Time(0):    2.650 # [msec]
   Debug_Time(1):    1.602 # [msec]
   Debug_Time(2):    0.563 # [msec]
   Debug_Time(3):    0.485 # [msec]
-
   Version      : 1.6
   Ways         : 32
   Words        : 2
   Feedback     : 1
   WordBits     : 32
   IndexBits    : 32
   Sort Order   : 0
   Sign Compare : 0
   Max Size     : 268435455
   Debug Enable : 1
   size         : 225000
   average_time :    3.305 # [msec]
   throughput   :   68.078 # [mwords/sec]
   Debug_Time(0):    2.654 # [msec]
   Debug_Time(1):    1.595 # [msec]
   Debug_Time(2):    0.574 # [msec]
   Debug_Time(3):    0.485 # [msec]
-
   Version      : 1.6
   Ways         : 32
   Words        : 2
   Feedback     : 1
   WordBits     : 32
   IndexBits    : 32
   Sort Order   : 0
   Sign Compare : 0
   Max Size     : 268435455
   Debug Enable : 1
   size         : 230000
   average_time :    3.358 # [msec]
   throughput   :   68.487 # [mwords/sec]
   Debug_Time(0):    2.809 # [msec]
   Debug_Time(1):    1.709 # [msec]
   Debug_Time(2):    0.590 # [msec]
   Debug_Time(3):    0.510 # [msec]
-
   Version      : 1.6
   Ways         : 32
   Words        : 2
   Feedback     : 1
   WordBits     : 32
   IndexBits    : 32
   Sort Order   : 0
   Sign Compare : 0
   Max Size     : 268435455
   Debug Enable : 1
   size         : 235000
   average_time :    3.437 # [msec]
   throughput   :   68.379 # [mwords/sec]
   Debug_Time(0):    2.878 # [msec]
   Debug_Time(1):    1.750 # [msec]
   Debug_Time(2):    0.604 # [msec]
   Debug_Time(3):    0.524 # [msec]
-
   Version      : 1.6
   Ways         : 32
   Words        : 2
   Feedback     : 1
   WordBits     : 32
   IndexBits    : 32
   Sort Order   : 0
   Sign Compare : 0
   Max Size     : 268435455
   Debug Enable : 1
   size         : 240000
   average_time :    3.457 # [msec]
   throughput   :   69.416 # [mwords/sec]
   Debug_Time(0):    2.948 # [msec]
   Debug_Time(1):    1.790 # [msec]
   Debug_Time(2):    0.624 # [msec]
   Debug_Time(3):    0.533 # [msec]
-
   Version      : 1.6
   Ways         : 32
   Words        : 2
   Feedback     : 1
   WordBits     : 32
   IndexBits    : 32
   Sort Order   : 0
   Sign Compare : 0
   Max Size     : 268435455
   Debug Enable : 1
   size         : 245000
   average_time :    3.540 # [msec]
   throughput   :   69.204 # [mwords/sec]
   Debug_Time(0):    3.036 # [msec]
   Debug_Time(1):    1.863 # [msec]
   Debug_Time(2):    0.629 # [msec]
   Debug_Time(3):    0.545 # [msec]
-
   Version      : 1.6
   Ways         : 32
   Words        : 2
   Feedback     : 1
   WordBits     : 32
   IndexBits    : 32
   Sort Order   : 0
   Sign Compare : 0
   Max Size     : 268435455
   Debug Enable : 1
   size         : 250000
   average_time :    3.658 # [msec]
   throughput   :   68.336 # [mwords/sec]
   Debug_Time(0):    3.077 # [msec]
   Debug_Time(1):    1.878 # [msec]
   Debug_Time(2):    0.643 # [msec]
   Debug_Time(3):    0.556 # [msec]
-
   Version      : 1.6
   Ways         : 32
   Words        : 2
   Feedback     : 1
   WordBits     : 32
   IndexBits    : 32
   Sort Order   : 0
   Sign Compare : 0
   Max Size     : 268435455
   Debug Enable : 1
   size         : 255000
   average_time :    3.709 # [msec]
   throughput   :   68.744 # [mwords/sec]
   Debug_Time(0):    3.152 # [msec]
   Debug_Time(1):    1.928 # [msec]
   Debug_Time(2):    0.656 # [msec]
   Debug_Time(3):    0.568 # [msec]
-
   Version      : 1.6
   Ways         : 32
   Words        : 2
   Feedback     : 1
   WordBits     : 32
   IndexBits    : 32
   Sort Order   : 0
   Sign Compare : 0
   Max Size     : 268435455
   Debug Enable : 1
   size         : 260000
   average_time :    3.804 # [msec]
   throughput   :   68.345 # [mwords/sec]
   Debug_Time(0):    3.212 # [msec]
   Debug_Time(1):    1.960 # [msec]
   Debug_Time(2):    0.672 # [msec]
   Debug_Time(3):    0.580 # [msec]
-
   Version      : 1.6
   Ways         : 32
   Words        : 2
   Feedback     : 1
   WordBits     : 32
   IndexBits    : 32
   Sort Order   : 0
   Sign Compare : 0
   Max Size     : 268435455
   Debug Enable : 1
   size         : 265000
   average_time :    3.839 # [msec]
   throughput   :   69.033 # [mwords/sec]
   Debug_Time(0):    3.269 # [msec]
   Debug_Time(1):    2.001 # [msec]
   Debug_Time(2):    0.678 # [msec]
   Debug_Time(3):    0.590 # [msec]
-
   Version      : 1.6
   Ways         : 32
   Words        : 2
   Feedback     : 1
   WordBits     : 32
   IndexBits    : 32
   Sort Order   : 0
   Sign Compare : 0
   Max Size     : 268435455
   Debug Enable : 1
   size         : 270000
   average_time :    3.918 # [msec]
   throughput   :   68.906 # [mwords/sec]
   Debug_Time(0):    3.333 # [msec]
   Debug_Time(1):    2.041 # [msec]
   Debug_Time(2):    0.690 # [msec]
   Debug_Time(3):    0.602 # [msec]
-
   Version      : 1.6
   Ways         : 32
   Words        : 2
   Feedback     : 1
   WordBits     : 32
   IndexBits    : 32
   Sort Order   : 0
   Sign Compare : 0
   Max Size     : 268435455
   Debug Enable : 1
   size         : 275000
   average_time :    4.033 # [msec]
   throughput   :   68.181 # [mwords/sec]
   Debug_Time(0):    3.430 # [msec]
   Debug_Time(1):    2.103 # [msec]
   Debug_Time(2):    0.699 # [msec]
   Debug_Time(3):    0.628 # [msec]
-
   Version      : 1.6
   Ways         : 32
   Words        : 2
   Feedback     : 1
   WordBits     : 32
   IndexBits    : 32
   Sort Order   : 0
   Sign Compare : 0
   Max Size     : 268435455
   Debug Enable : 1
   size         : 280000
   average_time :    4.083 # [msec]
   throughput   :   68.584 # [mwords/sec]
   Debug_Time(0):    3.468 # [msec]
   Debug_Time(1):    2.129 # [msec]
   Debug_Time(2):    0.712 # [msec]
   Debug_Time(3):    0.627 # [msec]
-
   Version      : 1.6
   Ways         : 32
   Words        : 2
   Feedback     : 1
   WordBits     : 32
   IndexBits    : 32
   Sort Order   : 0
   Sign Compare : 0
   Max Size     : 268435455
   Debug Enable : 1
   size         : 285000
   average_time :    4.266 # [msec]
   throughput   :   66.810 # [mwords/sec]
   Debug_Time(0):    3.542 # [msec]
   Debug_Time(1):    2.176 # [msec]
   Debug_Time(2):    0.729 # [msec]
   Debug_Time(3):    0.638 # [msec]
-
   Version      : 1.6
   Ways         : 32
   Words        : 2
   Feedback     : 1
   WordBits     : 32
   IndexBits    : 32
   Sort Order   : 0
   Sign Compare : 0
   Max Size     : 268435455
   Debug Enable : 1
   size         : 290000
   average_time :    4.221 # [msec]
   throughput   :   68.697 # [mwords/sec]
   Debug_Time(0):    3.602 # [msec]
   Debug_Time(1):    2.216 # [msec]
   Debug_Time(2):    0.739 # [msec]
   Debug_Time(3):    0.648 # [msec]
-
   Version      : 1.6
   Ways         : 32
   Words        : 2
   Feedback     : 1
   WordBits     : 32
   IndexBits    : 32
   Sort Order   : 0
   Sign Compare : 0
   Max Size     : 268435455
   Debug Enable : 1
   size         : 295000
   average_time :    4.293 # [msec]
   throughput   :   68.719 # [mwords/sec]
   Debug_Time(0):    3.659 # [msec]
   Debug_Time(1):    2.250 # [msec]
   Debug_Time(2):    0.748 # [msec]
   Debug_Time(3):    0.661 # [msec]
-
   Version      : 1.6
   Ways         : 32
   Words        : 2
   Feedback     : 1
   WordBits     : 32
   IndexBits    : 32
   Sort Order   : 0
   Sign Compare : 0
   Max Size     : 268435455
   Debug Enable : 1
   size         : 300000
   average_time :    4.370 # [msec]
   throughput   :   68.655 # [mwords/sec]
   Debug_Time(0):    3.734 # [msec]
   Debug_Time(1):    2.281 # [msec]
   Debug_Time(2):    0.779 # [msec]
   Debug_Time(3):    0.674 # [msec]
-
   Version      : 1.6
   Ways         : 32
   Words        : 2
   Feedback     : 1
   WordBits     : 32
   IndexBits    : 32
   Sort Order   : 0
   Sign Compare : 0
   Max Size     : 268435455
   Debug Enable : 1
   size         : 305000
   average_time :    4.453 # [msec]
   throughput   :   68.499 # [mwords/sec]
   Debug_Time(0):    3.773 # [msec]
   Debug_Time(1):    2.306 # [msec]
   Debug_Time(2):    0.783 # [msec]
   Debug_Time(3):    0.685 # [msec]
-
   Version      : 1.6
   Ways         : 32
   Words        : 2
   Feedback     : 1
   WordBits     : 32
   IndexBits    : 32
   Sort Order   : 0
   Sign Compare : 0
   Max Size     : 268435455
   Debug Enable : 1
   size         : 310000
   average_time :    4.553 # [msec]
   throughput   :   68.092 # [mwords/sec]
   Debug_Time(0):    3.862 # [msec]
   Debug_Time(1):    2.365 # [msec]
   Debug_Time(2):    0.801 # [msec]
   Debug_Time(3):    0.696 # [msec]
-
   Version      : 1.6
   Ways         : 32
   Words        : 2
   Feedback     : 1
   WordBits     : 32
   IndexBits    : 32
   Sort Order   : 0
   Sign Compare : 0
   Max Size     : 268435455
   Debug Enable : 1
   size         : 315000
   average_time :    4.606 # [msec]
   throughput   :   68.395 # [mwords/sec]
   Debug_Time(0):    3.946 # [msec]
   Debug_Time(1):    2.435 # [msec]
   Debug_Time(2):    0.810 # [msec]
   Debug_Time(3):    0.700 # [msec]
-
   Version      : 1.6
   Ways         : 32
   Words        : 2
   Feedback     : 1
   WordBits     : 32
   IndexBits    : 32
   Sort Order   : 0
   Sign Compare : 0
   Max Size     : 268435455
   Debug Enable : 1
   size         : 320000
   average_time :    4.636 # [msec]
   throughput   :   69.023 # [mwords/sec]
   Debug_Time(0):    3.934 # [msec]
   Debug_Time(1):    2.405 # [msec]
   Debug_Time(2):    0.816 # [msec]
   Debug_Time(3):    0.713 # [msec]
-
   Version      : 1.6
   Ways         : 32
   Words        : 2
   Feedback     : 1
   WordBits     : 32
   IndexBits    : 32
   Sort Order   : 0
   Sign Compare : 0
   Max Size     : 268435455
   Debug Enable : 1
   size         : 325000
   average_time :    4.761 # [msec]
   throughput   :   68.264 # [mwords/sec]
   Debug_Time(0):    4.052 # [msec]
   Debug_Time(1):    2.497 # [msec]
   Debug_Time(2):    0.833 # [msec]
   Debug_Time(3):    0.721 # [msec]
-
   Version      : 1.6
   Ways         : 32
   Words        : 2
   Feedback     : 1
   WordBits     : 32
   IndexBits    : 32
   Sort Order   : 0
   Sign Compare : 0
   Max Size     : 268435455
   Debug Enable : 1
   size         : 330000
   average_time :    4.853 # [msec]
   throughput   :   67.994 # [mwords/sec]
   Debug_Time(0):    4.005 # [msec]
   Debug_Time(1):    2.422 # [msec]
   Debug_Time(2):    0.843 # [msec]
   Debug_Time(3):    0.740 # [msec]
-
   Version      : 1.6
   Ways         : 32
   Words        : 2
   Feedback     : 1
   WordBits     : 32
   IndexBits    : 32
   Sort Order   : 0
   Sign Compare : 0
   Max Size     : 268435455
   Debug Enable : 1
   size         : 335000
   average_time :    4.901 # [msec]
   throughput   :   68.350 # [mwords/sec]
   Debug_Time(0):    4.175 # [msec]
   Debug_Time(1):    2.572 # [msec]
   Debug_Time(2):    0.854 # [msec]
   Debug_Time(3):    0.749 # [msec]
-
   Version      : 1.6
   Ways         : 32
   Words        : 2
   Feedback     : 1
   WordBits     : 32
   IndexBits    : 32
   Sort Order   : 0
   Sign Compare : 0
   Max Size     : 268435455
   Debug Enable : 1
   size         : 340000
   average_time :    5.018 # [msec]
   throughput   :   67.758 # [mwords/sec]
   Debug_Time(0):    4.193 # [msec]
   Debug_Time(1):    2.576 # [msec]
   Debug_Time(2):    0.859 # [msec]
   Debug_Time(3):    0.758 # [msec]
-
   Version      : 1.6
   Ways         : 32
   Words        : 2
   Feedback     : 1
   WordBits     : 32
   IndexBits    : 32
   Sort Order   : 0
   Sign Compare : 0
   Max Size     : 268435455
   Debug Enable : 1
   size         : 345000
   average_time :    5.138 # [msec]
   throughput   :   67.150 # [mwords/sec]
   Debug_Time(0):    4.065 # [msec]
   Debug_Time(1):    2.414 # [msec]
   Debug_Time(2):    0.876 # [msec]
   Debug_Time(3):    0.775 # [msec]
-
   Version      : 1.6
   Ways         : 32
   Words        : 2
   Feedback     : 1
   WordBits     : 32
   IndexBits    : 32
   Sort Order   : 0
   Sign Compare : 0
   Max Size     : 268435455
   Debug Enable : 1
   size         : 350000
   average_time :    5.099 # [msec]
   throughput   :   68.636 # [mwords/sec]
   Debug_Time(0):    4.283 # [msec]
   Debug_Time(1):    2.612 # [msec]
   Debug_Time(2):    0.886 # [msec]
   Debug_Time(3):    0.786 # [msec]
-
   Version      : 1.6
   Ways         : 32
   Words        : 2
   Feedback     : 1
   WordBits     : 32
   IndexBits    : 32
   Sort Order   : 0
   Sign Compare : 0
   Max Size     : 268435455
   Debug Enable : 1
   size         : 355000
   average_time :    5.199 # [msec]
   throughput   :   68.285 # [mwords/sec]
   Debug_Time(0):    4.275 # [msec]
   Debug_Time(1):    2.572 # [msec]
   Debug_Time(2):    0.907 # [msec]
   Debug_Time(3):    0.797 # [msec]
-
   Version      : 1.6
   Ways         : 32
   Words        : 2
   Feedback     : 1
   WordBits     : 32
   IndexBits    : 32
   Sort Order   : 0
   Sign Compare : 0
   Max Size     : 268435455
   Debug Enable : 1
   size         : 360000
   average_time :    5.240 # [msec]
   throughput   :   68.700 # [mwords/sec]
   Debug_Time(0):    4.333 # [msec]
   Debug_Time(1):    2.609 # [msec]
   Debug_Time(2):    0.914 # [msec]
   Debug_Time(3):    0.811 # [msec]
-
   Version      : 1.6
   Ways         : 32
   Words        : 2
   Feedback     : 1
   WordBits     : 32
   IndexBits    : 32
   Sort Order   : 0
   Sign Compare : 0
   Max Size     : 268435455
   Debug Enable : 1
   size         : 365000
   average_time :    5.321 # [msec]
   throughput   :   68.594 # [mwords/sec]
   Debug_Time(0):    4.427 # [msec]
   Debug_Time(1):    2.671 # [msec]
   Debug_Time(2):    0.937 # [msec]
   Debug_Time(3):    0.819 # [msec]
-
   Version      : 1.6
   Ways         : 32
   Words        : 2
   Feedback     : 1
   WordBits     : 32
   IndexBits    : 32
   Sort Order   : 0
   Sign Compare : 0
   Max Size     : 268435455
   Debug Enable : 1
   size         : 370000
   average_time :    5.402 # [msec]
   throughput   :   68.487 # [mwords/sec]
   Debug_Time(0):    4.493 # [msec]
   Debug_Time(1):    2.710 # [msec]
   Debug_Time(2):    0.955 # [msec]
   Debug_Time(3):    0.829 # [msec]
-
   Version      : 1.6
   Ways         : 32
   Words        : 2
   Feedback     : 1
   WordBits     : 32
   IndexBits    : 32
   Sort Order   : 0
   Sign Compare : 0
   Max Size     : 268435455
   Debug Enable : 1
   size         : 375000
   average_time :    5.477 # [msec]
   throughput   :   68.471 # [mwords/sec]
   Debug_Time(0):    4.550 # [msec]
   Debug_Time(1):    2.749 # [msec]
   Debug_Time(2):    0.961 # [msec]
   Debug_Time(3):    0.840 # [msec]
-
   Version      : 1.6
   Ways         : 32
   Words        : 2
   Feedback     : 1
   WordBits     : 32
   IndexBits    : 32
   Sort Order   : 0
   Sign Compare : 0
   Max Size     : 268435455
   Debug Enable : 1
   size         : 380000
   average_time :    5.518 # [msec]
   throughput   :   68.861 # [mwords/sec]
   Debug_Time(0):    4.653 # [msec]
   Debug_Time(1):    2.827 # [msec]
   Debug_Time(2):    0.974 # [msec]
   Debug_Time(3):    0.851 # [msec]
-
   Version      : 1.6
   Ways         : 32
   Words        : 2
   Feedback     : 1
   WordBits     : 32
   IndexBits    : 32
   Sort Order   : 0
   Sign Compare : 0
   Max Size     : 268435455
   Debug Enable : 1
   size         : 385000
   average_time :    5.574 # [msec]
   throughput   :   69.070 # [mwords/sec]
   Debug_Time(0):    4.707 # [msec]
   Debug_Time(1):    2.862 # [msec]
   Debug_Time(2):    0.982 # [msec]
   Debug_Time(3):    0.863 # [msec]
-
   Version      : 1.6
   Ways         : 32
   Words        : 2
   Feedback     : 1
   WordBits     : 32
   IndexBits    : 32
   Sort Order   : 0
   Sign Compare : 0
   Max Size     : 268435455
   Debug Enable : 1
   size         : 390000
   average_time :    5.660 # [msec]
   throughput   :   68.909 # [mwords/sec]
   Debug_Time(0):    4.784 # [msec]
   Debug_Time(1):    2.916 # [msec]
   Debug_Time(2):    0.998 # [msec]
   Debug_Time(3):    0.871 # [msec]
-
   Version      : 1.6
   Ways         : 32
   Words        : 2
   Feedback     : 1
   WordBits     : 32
   IndexBits    : 32
   Sort Order   : 0
   Sign Compare : 0
   Max Size     : 268435455
   Debug Enable : 1
   size         : 395000
   average_time :    5.726 # [msec]
   throughput   :   68.980 # [mwords/sec]
   Debug_Time(0):    4.815 # [msec]
   Debug_Time(1):    2.920 # [msec]
   Debug_Time(2):    1.009 # [msec]
   Debug_Time(3):    0.885 # [msec]
-
   Version      : 1.6
   Ways         : 32
   Words        : 2
   Feedback     : 1
   WordBits     : 32
   IndexBits    : 32
   Sort Order   : 0
   Sign Compare : 0
   Max Size     : 268435455
   Debug Enable : 1
   size         : 400000
   average_time :    5.821 # [msec]
   throughput   :   68.720 # [mwords/sec]
   Debug_Time(0):    4.874 # [msec]
   Debug_Time(1):    2.958 # [msec]
   Debug_Time(2):    1.018 # [msec]
   Debug_Time(3):    0.898 # [msec]
-
   Version      : 1.6
   Ways         : 32
   Words        : 2
   Feedback     : 1
   WordBits     : 32
   IndexBits    : 32
   Sort Order   : 0
   Sign Compare : 0
   Max Size     : 268435455
   Debug Enable : 1
   size         : 405000
   average_time :    5.851 # [msec]
   throughput   :   69.220 # [mwords/sec]
   Debug_Time(0):    4.863 # [msec]
   Debug_Time(1):    2.929 # [msec]
   Debug_Time(2):    1.029 # [msec]
   Debug_Time(3):    0.906 # [msec]
-
   Version      : 1.6
   Ways         : 32
   Words        : 2
   Feedback     : 1
   WordBits     : 32
   IndexBits    : 32
   Sort Order   : 0
   Sign Compare : 0
   Max Size     : 268435455
   Debug Enable : 1
   size         : 410000
   average_time :    5.915 # [msec]
   throughput   :   69.311 # [mwords/sec]
   Debug_Time(0):    4.935 # [msec]
   Debug_Time(1):    2.978 # [msec]
   Debug_Time(2):    1.039 # [msec]
   Debug_Time(3):    0.918 # [msec]
-
   Version      : 1.6
   Ways         : 32
   Words        : 2
   Feedback     : 1
   WordBits     : 32
   IndexBits    : 32
   Sort Order   : 0
   Sign Compare : 0
   Max Size     : 268435455
   Debug Enable : 1
   size         : 415000
   average_time :    5.984 # [msec]
   throughput   :   69.351 # [mwords/sec]
   Debug_Time(0):    5.020 # [msec]
   Debug_Time(1):    3.031 # [msec]
   Debug_Time(2):    1.057 # [msec]
   Debug_Time(3):    0.933 # [msec]
-
   Version      : 1.6
   Ways         : 32
   Words        : 2
   Feedback     : 1
   WordBits     : 32
   IndexBits    : 32
   Sort Order   : 0
   Sign Compare : 0
   Max Size     : 268435455
   Debug Enable : 1
   size         : 420000
   average_time :    6.055 # [msec]
   throughput   :   69.360 # [mwords/sec]
   Debug_Time(0):    5.079 # [msec]
   Debug_Time(1):    3.070 # [msec]
   Debug_Time(2):    1.065 # [msec]
   Debug_Time(3):    0.944 # [msec]
-
   Version      : 1.6
   Ways         : 32
   Words        : 2
   Feedback     : 1
   WordBits     : 32
   IndexBits    : 32
   Sort Order   : 0
   Sign Compare : 0
   Max Size     : 268435455
   Debug Enable : 1
   size         : 425000
   average_time :    6.129 # [msec]
   throughput   :   69.338 # [mwords/sec]
   Debug_Time(0):    5.158 # [msec]
   Debug_Time(1):    3.122 # [msec]
   Debug_Time(2):    1.079 # [msec]
   Debug_Time(3):    0.957 # [msec]
-
   Version      : 1.6
   Ways         : 32
   Words        : 2
   Feedback     : 1
   WordBits     : 32
   IndexBits    : 32
   Sort Order   : 0
   Sign Compare : 0
   Max Size     : 268435455
   Debug Enable : 1
   size         : 430000
   average_time :    6.212 # [msec]
   throughput   :   69.224 # [mwords/sec]
   Debug_Time(0):    5.212 # [msec]
   Debug_Time(1):    3.138 # [msec]
   Debug_Time(2):    1.099 # [msec]
   Debug_Time(3):    0.975 # [msec]
-
   Version      : 1.6
   Ways         : 32
   Words        : 2
   Feedback     : 1
   WordBits     : 32
   IndexBits    : 32
   Sort Order   : 0
   Sign Compare : 0
   Max Size     : 268435455
   Debug Enable : 1
   size         : 435000
   average_time :    6.265 # [msec]
   throughput   :   69.436 # [mwords/sec]
   Debug_Time(0):    5.287 # [msec]
   Debug_Time(1):    3.188 # [msec]
   Debug_Time(2):    1.112 # [msec]
   Debug_Time(3):    0.986 # [msec]
-
   Version      : 1.6
   Ways         : 32
   Words        : 2
   Feedback     : 1
   WordBits     : 32
   IndexBits    : 32
   Sort Order   : 0
   Sign Compare : 0
   Max Size     : 268435455
   Debug Enable : 1
   size         : 440000
   average_time :    6.356 # [msec]
   throughput   :   69.226 # [mwords/sec]
   Debug_Time(0):    5.371 # [msec]
   Debug_Time(1):    3.248 # [msec]
   Debug_Time(2):    1.126 # [msec]
   Debug_Time(3):    0.996 # [msec]
-
   Version      : 1.6
   Ways         : 32
   Words        : 2
   Feedback     : 1
   WordBits     : 32
   IndexBits    : 32
   Sort Order   : 0
   Sign Compare : 0
   Max Size     : 268435455
   Debug Enable : 1
   size         : 445000
   average_time :    6.430 # [msec]
   throughput   :   69.205 # [mwords/sec]
   Debug_Time(0):    5.507 # [msec]
   Debug_Time(1):    3.360 # [msec]
   Debug_Time(2):    1.139 # [msec]
   Debug_Time(3):    1.007 # [msec]
-
   Version      : 1.6
   Ways         : 32
   Words        : 2
   Feedback     : 1
   WordBits     : 32
   IndexBits    : 32
   Sort Order   : 0
   Sign Compare : 0
   Max Size     : 268435455
   Debug Enable : 1
   size         : 450000
   average_time :    6.492 # [msec]
   throughput   :   69.317 # [mwords/sec]
   Debug_Time(0):    5.516 # [msec]
   Debug_Time(1):    3.349 # [msec]
   Debug_Time(2):    1.149 # [msec]
   Debug_Time(3):    1.018 # [msec]
-
   Version      : 1.6
   Ways         : 32
   Words        : 2
   Feedback     : 1
   WordBits     : 32
   IndexBits    : 32
   Sort Order   : 0
   Sign Compare : 0
   Max Size     : 268435455
   Debug Enable : 1
   size         : 455000
   average_time :    6.554 # [msec]
   throughput   :   69.425 # [mwords/sec]
   Debug_Time(0):    5.569 # [msec]
   Debug_Time(1):    3.378 # [msec]
   Debug_Time(2):    1.159 # [msec]
   Debug_Time(3):    1.031 # [msec]
-
   Version      : 1.6
   Ways         : 32
   Words        : 2
   Feedback     : 1
   WordBits     : 32
   IndexBits    : 32
   Sort Order   : 0
   Sign Compare : 0
   Max Size     : 268435455
   Debug Enable : 1
   size         : 460000
   average_time :    6.619 # [msec]
   throughput   :   69.500 # [mwords/sec]
   Debug_Time(0):    5.579 # [msec]
   Debug_Time(1):    3.367 # [msec]
   Debug_Time(2):    1.173 # [msec]
   Debug_Time(3):    1.039 # [msec]
-
   Version      : 1.6
   Ways         : 32
   Words        : 2
   Feedback     : 1
   WordBits     : 32
   IndexBits    : 32
   Sort Order   : 0
   Sign Compare : 0
   Max Size     : 268435455
   Debug Enable : 1
   size         : 465000
   average_time :    6.699 # [msec]
   throughput   :   69.411 # [mwords/sec]
   Debug_Time(0):    5.655 # [msec]
   Debug_Time(1):    3.426 # [msec]
   Debug_Time(2):    1.183 # [msec]
   Debug_Time(3):    1.045 # [msec]
-
   Version      : 1.6
   Ways         : 32
   Words        : 2
   Feedback     : 1
   WordBits     : 32
   IndexBits    : 32
   Sort Order   : 0
   Sign Compare : 0
   Max Size     : 268435455
   Debug Enable : 1
   size         : 470000
   average_time :    6.751 # [msec]
   throughput   :   69.622 # [mwords/sec]
   Debug_Time(0):    5.710 # [msec]
   Debug_Time(1):    3.460 # [msec]
   Debug_Time(2):    1.194 # [msec]
   Debug_Time(3):    1.056 # [msec]
-
   Version      : 1.6
   Ways         : 32
   Words        : 2
   Feedback     : 1
   WordBits     : 32
   IndexBits    : 32
   Sort Order   : 0
   Sign Compare : 0
   Max Size     : 268435455
   Debug Enable : 1
   size         : 475000
   average_time :    6.808 # [msec]
   throughput   :   69.771 # [mwords/sec]
   Debug_Time(0):    5.758 # [msec]
   Debug_Time(1):    3.492 # [msec]
   Debug_Time(2):    1.205 # [msec]
   Debug_Time(3):    1.062 # [msec]
-
   Version      : 1.6
   Ways         : 32
   Words        : 2
   Feedback     : 1
   WordBits     : 32
   IndexBits    : 32
   Sort Order   : 0
   Sign Compare : 0
   Max Size     : 268435455
   Debug Enable : 1
   size         : 480000
   average_time :    6.868 # [msec]
   throughput   :   69.886 # [mwords/sec]
   Debug_Time(0):    5.834 # [msec]
   Debug_Time(1):    3.509 # [msec]
   Debug_Time(2):    1.218 # [msec]
   Debug_Time(3):    1.107 # [msec]
-
   Version      : 1.6
   Ways         : 32
   Words        : 2
   Feedback     : 1
   WordBits     : 32
   IndexBits    : 32
   Sort Order   : 0
   Sign Compare : 0
   Max Size     : 268435455
   Debug Enable : 1
   size         : 485000
   average_time :    6.970 # [msec]
   throughput   :   69.588 # [mwords/sec]
   Debug_Time(0):    5.869 # [msec]
   Debug_Time(1):    3.512 # [msec]
   Debug_Time(2):    1.238 # [msec]
   Debug_Time(3):    1.119 # [msec]
-
   Version      : 1.6
   Ways         : 32
   Words        : 2
   Feedback     : 1
   WordBits     : 32
   IndexBits    : 32
   Sort Order   : 0
   Sign Compare : 0
   Max Size     : 268435455
   Debug Enable : 1
   size         : 490000
   average_time :    7.016 # [msec]
   throughput   :   69.840 # [mwords/sec]
   Debug_Time(0):    5.942 # [msec]
   Debug_Time(1):    3.589 # [msec]
   Debug_Time(2):    1.245 # [msec]
   Debug_Time(3):    1.108 # [msec]
-
   Version      : 1.6
   Ways         : 32
   Words        : 2
   Feedback     : 1
   WordBits     : 32
   IndexBits    : 32
   Sort Order   : 0
   Sign Compare : 0
   Max Size     : 268435455
   Debug Enable : 1
   size         : 495000
   average_time :    7.144 # [msec]
   throughput   :   69.284 # [mwords/sec]
   Debug_Time(0):    5.985 # [msec]
   Debug_Time(1):    3.623 # [msec]
   Debug_Time(2):    1.258 # [msec]
   Debug_Time(3):    1.103 # [msec]
-
   Version      : 1.6
   Ways         : 32
   Words        : 2
   Feedback     : 1
   WordBits     : 32
   IndexBits    : 32
   Sort Order   : 0
   Sign Compare : 0
   Max Size     : 268435455
   Debug Enable : 1
   size         : 500000
   average_time :    7.180 # [msec]
   throughput   :   69.637 # [mwords/sec]
   Debug_Time(0):    6.040 # [msec]
   Debug_Time(1):    3.618 # [msec]
   Debug_Time(2):    1.274 # [msec]
   Debug_Time(3):    1.147 # [msec]
-
   Version      : 1.6
   Ways         : 32
   Words        : 2
   Feedback     : 1
   WordBits     : 32
   IndexBits    : 32
   Sort Order   : 0
   Sign Compare : 0
   Max Size     : 268435455
   Debug Enable : 1
   size         : 505000
   average_time :    7.306 # [msec]
   throughput   :   69.118 # [mwords/sec]
   Debug_Time(0):    6.163 # [msec]
   Debug_Time(1):    3.724 # [msec]
   Debug_Time(2):    1.291 # [msec]
   Debug_Time(3):    1.148 # [msec]
-
   Version      : 1.6
   Ways         : 32
   Words        : 2
   Feedback     : 1
   WordBits     : 32
   IndexBits    : 32
   Sort Order   : 0
   Sign Compare : 0
   Max Size     : 268435455
   Debug Enable : 1
   size         : 510000
   average_time :    7.285 # [msec]
   throughput   :   70.010 # [mwords/sec]
   Debug_Time(0):    6.159 # [msec]
   Debug_Time(1):    3.688 # [msec]
   Debug_Time(2):    1.297 # [msec]
   Debug_Time(3):    1.174 # [msec]
-
   Version      : 1.6
   Ways         : 32
   Words        : 2
   Feedback     : 1
   WordBits     : 32
   IndexBits    : 32
   Sort Order   : 0
   Sign Compare : 0
   Max Size     : 268435455
   Debug Enable : 1
   size         : 515000
   average_time :    7.336 # [msec]
   throughput   :   70.197 # [mwords/sec]
   Debug_Time(0):    6.171 # [msec]
   Debug_Time(1):    3.683 # [msec]
   Debug_Time(2):    1.308 # [msec]
   Debug_Time(3):    1.180 # [msec]
-
   Version      : 1.6
   Ways         : 32
   Words        : 2
   Feedback     : 1
   WordBits     : 32
   IndexBits    : 32
   Sort Order   : 0
   Sign Compare : 0
   Max Size     : 268435455
   Debug Enable : 1
   size         : 520000
   average_time :    7.443 # [msec]
   throughput   :   69.861 # [mwords/sec]
   Debug_Time(0):    6.232 # [msec]
   Debug_Time(1):    3.713 # [msec]
   Debug_Time(2):    1.320 # [msec]
   Debug_Time(3):    1.198 # [msec]
-
   Version      : 1.6
   Ways         : 32
   Words        : 2
   Feedback     : 1
   WordBits     : 32
   IndexBits    : 32
   Sort Order   : 0
   Sign Compare : 0
   Max Size     : 268435455
   Debug Enable : 1
   size         : 525000
   average_time :    7.501 # [msec]
   throughput   :   69.989 # [mwords/sec]
   Debug_Time(0):    6.406 # [msec]
   Debug_Time(1):    3.861 # [msec]
   Debug_Time(2):    1.341 # [msec]
   Debug_Time(3):    1.204 # [msec]
-
   Version      : 1.6
   Ways         : 32
   Words        : 2
   Feedback     : 1
   WordBits     : 32
   IndexBits    : 32
   Sort Order   : 0
   Sign Compare : 0
   Max Size     : 268435455
   Debug Enable : 1
   size         : 530000
   average_time :    7.556 # [msec]
   throughput   :   70.145 # [mwords/sec]
   Debug_Time(0):    6.371 # [msec]
   Debug_Time(1):    3.806 # [msec]
   Debug_Time(2):    1.354 # [msec]
   Debug_Time(3):    1.211 # [msec]
-
   Version      : 1.6
   Ways         : 32
   Words        : 2
   Feedback     : 1
   WordBits     : 32
   IndexBits    : 32
   Sort Order   : 0
   Sign Compare : 0
   Max Size     : 268435455
   Debug Enable : 1
   size         : 535000
   average_time :    7.617 # [msec]
   throughput   :   70.235 # [mwords/sec]
   Debug_Time(0):    6.425 # [msec]
   Debug_Time(1):    3.845 # [msec]
   Debug_Time(2):    1.356 # [msec]
   Debug_Time(3):    1.223 # [msec]
-
   Version      : 1.6
   Ways         : 32
   Words        : 2
   Feedback     : 1
   WordBits     : 32
   IndexBits    : 32
   Sort Order   : 0
   Sign Compare : 0
   Max Size     : 268435455
   Debug Enable : 1
   size         : 540000
   average_time :    7.692 # [msec]
   throughput   :   70.198 # [mwords/sec]
   Debug_Time(0):    6.465 # [msec]
   Debug_Time(1):    3.855 # [msec]
   Debug_Time(2):    1.369 # [msec]
   Debug_Time(3):    1.240 # [msec]
-
   Version      : 1.6
   Ways         : 32
   Words        : 2
   Feedback     : 1
   WordBits     : 32
   IndexBits    : 32
   Sort Order   : 0
   Sign Compare : 0
   Max Size     : 268435455
   Debug Enable : 1
   size         : 545000
   average_time :    7.741 # [msec]
   throughput   :   70.405 # [mwords/sec]
   Debug_Time(0):    6.582 # [msec]
   Debug_Time(1):    3.927 # [msec]
   Debug_Time(2):    1.382 # [msec]
   Debug_Time(3):    1.272 # [msec]
-
   Version      : 1.6
   Ways         : 32
   Words        : 2
   Feedback     : 1
   WordBits     : 32
   IndexBits    : 32
   Sort Order   : 0
   Sign Compare : 0
   Max Size     : 268435455
   Debug Enable : 1
   size         : 550000
   average_time :    7.814 # [msec]
   throughput   :   70.385 # [mwords/sec]
   Debug_Time(0):    6.595 # [msec]
   Debug_Time(1):    3.938 # [msec]
   Debug_Time(2):    1.395 # [msec]
   Debug_Time(3):    1.261 # [msec]
-
   Version      : 1.6
   Ways         : 32
   Words        : 2
   Feedback     : 1
   WordBits     : 32
   IndexBits    : 32
   Sort Order   : 0
   Sign Compare : 0
   Max Size     : 268435455
   Debug Enable : 1
   size         : 555000
   average_time :    7.909 # [msec]
   throughput   :   70.175 # [mwords/sec]
   Debug_Time(0):    6.695 # [msec]
   Debug_Time(1):    4.005 # [msec]
   Debug_Time(2):    1.419 # [msec]
   Debug_Time(3):    1.271 # [msec]
-
   Version      : 1.6
   Ways         : 32
   Words        : 2
   Feedback     : 1
   WordBits     : 32
   IndexBits    : 32
   Sort Order   : 0
   Sign Compare : 0
   Max Size     : 268435455
   Debug Enable : 1
   size         : 560000
   average_time :    7.985 # [msec]
   throughput   :   70.132 # [mwords/sec]
   Debug_Time(0):    6.713 # [msec]
   Debug_Time(1):    3.998 # [msec]
   Debug_Time(2):    1.427 # [msec]
   Debug_Time(3):    1.287 # [msec]
-
   Version      : 1.6
   Ways         : 32
   Words        : 2
   Feedback     : 1
   WordBits     : 32
   IndexBits    : 32
   Sort Order   : 0
   Sign Compare : 0
   Max Size     : 268435455
   Debug Enable : 1
   size         : 565000
   average_time :    8.054 # [msec]
   throughput   :   70.150 # [mwords/sec]
   Debug_Time(0):    6.818 # [msec]
   Debug_Time(1):    4.076 # [msec]
   Debug_Time(2):    1.444 # [msec]
   Debug_Time(3):    1.298 # [msec]
-
   Version      : 1.6
   Ways         : 32
   Words        : 2
   Feedback     : 1
   WordBits     : 32
   IndexBits    : 32
   Sort Order   : 0
   Sign Compare : 0
   Max Size     : 268435455
   Debug Enable : 1
   size         : 570000
   average_time :    8.108 # [msec]
   throughput   :   70.304 # [mwords/sec]
   Debug_Time(0):    6.922 # [msec]
   Debug_Time(1):    4.155 # [msec]
   Debug_Time(2):    1.455 # [msec]
   Debug_Time(3):    1.312 # [msec]
-
   Version      : 1.6
   Ways         : 32
   Words        : 2
   Feedback     : 1
   WordBits     : 32
   IndexBits    : 32
   Sort Order   : 0
   Sign Compare : 0
   Max Size     : 268435455
   Debug Enable : 1
   size         : 575000
   average_time :    8.172 # [msec]
   throughput   :   70.366 # [mwords/sec]
   Debug_Time(0):    7.035 # [msec]
   Debug_Time(1):    4.236 # [msec]
   Debug_Time(2):    1.470 # [msec]
   Debug_Time(3):    1.330 # [msec]
-
   Version      : 1.6
   Ways         : 32
   Words        : 2
   Feedback     : 1
   WordBits     : 32
   IndexBits    : 32
   Sort Order   : 0
   Sign Compare : 0
   Max Size     : 268435455
   Debug Enable : 1
   size         : 580000
   average_time :    8.241 # [msec]
   throughput   :   70.384 # [mwords/sec]
   Debug_Time(0):    6.956 # [msec]
   Debug_Time(1):    4.143 # [msec]
   Debug_Time(2):    1.481 # [msec]
   Debug_Time(3):    1.332 # [msec]
-
   Version      : 1.6
   Ways         : 32
   Words        : 2
   Feedback     : 1
   WordBits     : 32
   IndexBits    : 32
   Sort Order   : 0
   Sign Compare : 0
   Max Size     : 268435455
   Debug Enable : 1
   size         : 585000
   average_time :    8.252 # [msec]
   throughput   :   70.891 # [mwords/sec]
   Debug_Time(0):    6.957 # [msec]
   Debug_Time(1):    4.119 # [msec]
   Debug_Time(2):    1.494 # [msec]
   Debug_Time(3):    1.343 # [msec]
-
   Version      : 1.6
   Ways         : 32
   Words        : 2
   Feedback     : 1
   WordBits     : 32
   IndexBits    : 32
   Sort Order   : 0
   Sign Compare : 0
   Max Size     : 268435455
   Debug Enable : 1
   size         : 590000
   average_time :    8.358 # [msec]
   throughput   :   70.590 # [mwords/sec]
   Debug_Time(0):    7.118 # [msec]
   Debug_Time(1):    4.260 # [msec]
   Debug_Time(2):    1.502 # [msec]
   Debug_Time(3):    1.357 # [msec]
-
   Version      : 1.6
   Ways         : 32
   Words        : 2
   Feedback     : 1
   WordBits     : 32
   IndexBits    : 32
   Sort Order   : 0
   Sign Compare : 0
   Max Size     : 268435455
   Debug Enable : 1
   size         : 595000
   average_time :    8.411 # [msec]
   throughput   :   70.744 # [mwords/sec]
   Debug_Time(0):    7.111 # [msec]
   Debug_Time(1):    4.232 # [msec]
   Debug_Time(2):    1.514 # [msec]
   Debug_Time(3):    1.365 # [msec]
-
   Version      : 1.6
   Ways         : 32
   Words        : 2
   Feedback     : 1
   WordBits     : 32
   IndexBits    : 32
   Sort Order   : 0
   Sign Compare : 0
   Max Size     : 268435455
   Debug Enable : 1
   size         : 600000
   average_time :    8.500 # [msec]
   throughput   :   70.591 # [mwords/sec]
   Debug_Time(0):    7.247 # [msec]
   Debug_Time(1):    4.338 # [msec]
   Debug_Time(2):    1.528 # [msec]
   Debug_Time(3):    1.381 # [msec]
-
   Version      : 1.6
   Ways         : 32
   Words        : 2
   Feedback     : 1
   WordBits     : 32
   IndexBits    : 32
   Sort Order   : 0
   Sign Compare : 0
   Max Size     : 268435455
   Debug Enable : 1
   size         : 605000
   average_time :    8.576 # [msec]
   throughput   :   70.548 # [mwords/sec]
   Debug_Time(0):    7.285 # [msec]
   Debug_Time(1):    4.359 # [msec]
   Debug_Time(2):    1.537 # [msec]
   Debug_Time(3):    1.389 # [msec]
-
   Version      : 1.6
   Ways         : 32
   Words        : 2
   Feedback     : 1
   WordBits     : 32
   IndexBits    : 32
   Sort Order   : 0
   Sign Compare : 0
   Max Size     : 268435455
   Debug Enable : 1
   size         : 610000
   average_time :    8.692 # [msec]
   throughput   :   70.180 # [mwords/sec]
   Debug_Time(0):    7.314 # [msec]
   Debug_Time(1):    4.359 # [msec]
   Debug_Time(2):    1.549 # [msec]
   Debug_Time(3):    1.406 # [msec]
-
   Version      : 1.6
   Ways         : 32
   Words        : 2
   Feedback     : 1
   WordBits     : 32
   IndexBits    : 32
   Sort Order   : 0
   Sign Compare : 0
   Max Size     : 268435455
   Debug Enable : 1
   size         : 615000
   average_time :    8.723 # [msec]
   throughput   :   70.500 # [mwords/sec]
   Debug_Time(0):    7.389 # [msec]
   Debug_Time(1):    4.419 # [msec]
   Debug_Time(2):    1.556 # [msec]
   Debug_Time(3):    1.413 # [msec]
-
   Version      : 1.6
   Ways         : 32
   Words        : 2
   Feedback     : 1
   WordBits     : 32
   IndexBits    : 32
   Sort Order   : 0
   Sign Compare : 0
   Max Size     : 268435455
   Debug Enable : 1
   size         : 620000
   average_time :    8.842 # [msec]
   throughput   :   70.122 # [mwords/sec]
   Debug_Time(0):    7.463 # [msec]
   Debug_Time(1):    4.464 # [msec]
   Debug_Time(2):    1.575 # [msec]
   Debug_Time(3):    1.424 # [msec]
-
   Version      : 1.6
   Ways         : 32
   Words        : 2
   Feedback     : 1
   WordBits     : 32
   IndexBits    : 32
   Sort Order   : 0
   Sign Compare : 0
   Max Size     : 268435455
   Debug Enable : 1
   size         : 625000
   average_time :    8.833 # [msec]
   throughput   :   70.761 # [mwords/sec]
   Debug_Time(0):    7.571 # [msec]
   Debug_Time(1):    4.529 # [msec]
   Debug_Time(2):    1.599 # [msec]
   Debug_Time(3):    1.444 # [msec]
-
   Version      : 1.6
   Ways         : 32
   Words        : 2
   Feedback     : 1
   WordBits     : 32
   IndexBits    : 32
   Sort Order   : 0
   Sign Compare : 0
   Max Size     : 268435455
   Debug Enable : 1
   size         : 630000
   average_time :    8.897 # [msec]
   throughput   :   70.810 # [mwords/sec]
   Debug_Time(0):    7.456 # [msec]
   Debug_Time(1):    4.394 # [msec]
   Debug_Time(2):    1.610 # [msec]
   Debug_Time(3):    1.452 # [msec]
-
   Version      : 1.6
   Ways         : 32
   Words        : 2
   Feedback     : 1
   WordBits     : 32
   IndexBits    : 32
   Sort Order   : 0
   Sign Compare : 0
   Max Size     : 268435455
   Debug Enable : 1
   size         : 635000
   average_time :    9.056 # [msec]
   throughput   :   70.119 # [mwords/sec]
   Debug_Time(0):    7.665 # [msec]
   Debug_Time(1):    4.578 # [msec]
   Debug_Time(2):    1.627 # [msec]
   Debug_Time(3):    1.461 # [msec]
-
   Version      : 1.6
   Ways         : 32
   Words        : 2
   Feedback     : 1
   WordBits     : 32
   IndexBits    : 32
   Sort Order   : 0
   Sign Compare : 0
   Max Size     : 268435455
   Debug Enable : 1
   size         : 640000
   average_time :    9.100 # [msec]
   throughput   :   70.329 # [mwords/sec]
   Debug_Time(0):    7.744 # [msec]
   Debug_Time(1):    4.612 # [msec]
   Debug_Time(2):    1.633 # [msec]
   Debug_Time(3):    1.499 # [msec]
-
   Version      : 1.6
   Ways         : 32
   Words        : 2
   Feedback     : 1
   WordBits     : 32
   IndexBits    : 32
   Sort Order   : 0
   Sign Compare : 0
   Max Size     : 268435455
   Debug Enable : 1
   size         : 645000
   average_time :    9.071 # [msec]
   throughput   :   71.107 # [mwords/sec]
   Debug_Time(0):    7.799 # [msec]
   Debug_Time(1):    4.658 # [msec]
   Debug_Time(2):    1.639 # [msec]
   Debug_Time(3):    1.502 # [msec]
-
   Version      : 1.6
   Ways         : 32
   Words        : 2
   Feedback     : 1
   WordBits     : 32
   IndexBits    : 32
   Sort Order   : 0
   Sign Compare : 0
   Max Size     : 268435455
   Debug Enable : 1
   size         : 650000
   average_time :    9.186 # [msec]
   throughput   :   70.762 # [mwords/sec]
   Debug_Time(0):    7.845 # [msec]
   Debug_Time(1):    4.698 # [msec]
   Debug_Time(2):    1.656 # [msec]
   Debug_Time(3):    1.491 # [msec]
-
   Version      : 1.6
   Ways         : 32
   Words        : 2
   Feedback     : 1
   WordBits     : 32
   IndexBits    : 32
   Sort Order   : 0
   Sign Compare : 0
   Max Size     : 268435455
   Debug Enable : 1
   size         : 655000
   average_time :    9.292 # [msec]
   throughput   :   70.493 # [mwords/sec]
   Debug_Time(0):    7.892 # [msec]
   Debug_Time(1):    4.717 # [msec]
   Debug_Time(2):    1.668 # [msec]
   Debug_Time(3):    1.507 # [msec]
-
   Version      : 1.6
   Ways         : 32
   Words        : 2
   Feedback     : 1
   WordBits     : 32
   IndexBits    : 32
   Sort Order   : 0
   Sign Compare : 0
   Max Size     : 268435455
   Debug Enable : 1
   size         : 660000
   average_time :    9.305 # [msec]
   throughput   :   70.933 # [mwords/sec]
   Debug_Time(0):    7.912 # [msec]
   Debug_Time(1):    4.711 # [msec]
   Debug_Time(2):    1.679 # [msec]
   Debug_Time(3):    1.522 # [msec]
-
   Version      : 1.6
   Ways         : 32
   Words        : 2
   Feedback     : 1
   WordBits     : 32
   IndexBits    : 32
   Sort Order   : 0
   Sign Compare : 0
   Max Size     : 268435455
   Debug Enable : 1
   size         : 665000
   average_time :    9.370 # [msec]
   throughput   :   70.968 # [mwords/sec]
   Debug_Time(0):    8.012 # [msec]
   Debug_Time(1):    4.789 # [msec]
   Debug_Time(2):    1.687 # [msec]
   Debug_Time(3):    1.536 # [msec]
-
   Version      : 1.6
   Ways         : 32
   Words        : 2
   Feedback     : 1
   WordBits     : 32
   IndexBits    : 32
   Sort Order   : 0
   Sign Compare : 0
   Max Size     : 268435455
   Debug Enable : 1
   size         : 670000
   average_time :    9.434 # [msec]
   throughput   :   71.017 # [mwords/sec]
   Debug_Time(0):    8.063 # [msec]
   Debug_Time(1):    4.812 # [msec]
   Debug_Time(2):    1.702 # [msec]
   Debug_Time(3):    1.549 # [msec]
-
   Version      : 1.6
   Ways         : 32
   Words        : 2
   Feedback     : 1
   WordBits     : 32
   IndexBits    : 32
   Sort Order   : 0
   Sign Compare : 0
   Max Size     : 268435455
   Debug Enable : 1
   size         : 675000
   average_time :    9.536 # [msec]
   throughput   :   70.782 # [mwords/sec]
   Debug_Time(0):    8.120 # [msec]
   Debug_Time(1):    4.844 # [msec]
   Debug_Time(2):    1.715 # [msec]
   Debug_Time(3):    1.562 # [msec]
-
   Version      : 1.6
   Ways         : 32
   Words        : 2
   Feedback     : 1
   WordBits     : 32
   IndexBits    : 32
   Sort Order   : 0
   Sign Compare : 0
   Max Size     : 268435455
   Debug Enable : 1
   size         : 680000
   average_time :    9.579 # [msec]
   throughput   :   70.986 # [mwords/sec]
   Debug_Time(0):    8.171 # [msec]
   Debug_Time(1):    4.877 # [msec]
   Debug_Time(2):    1.725 # [msec]
   Debug_Time(3):    1.569 # [msec]
-
   Version      : 1.6
   Ways         : 32
   Words        : 2
   Feedback     : 1
   WordBits     : 32
   IndexBits    : 32
   Sort Order   : 0
   Sign Compare : 0
   Max Size     : 268435455
   Debug Enable : 1
   size         : 685000
   average_time :    9.644 # [msec]
   throughput   :   71.031 # [mwords/sec]
   Debug_Time(0):    8.215 # [msec]
   Debug_Time(1):    4.891 # [msec]
   Debug_Time(2):    1.738 # [msec]
   Debug_Time(3):    1.586 # [msec]
-
   Version      : 1.6
   Ways         : 32
   Words        : 2
   Feedback     : 1
   WordBits     : 32
   IndexBits    : 32
   Sort Order   : 0
   Sign Compare : 0
   Max Size     : 268435455
   Debug Enable : 1
   size         : 690000
   average_time :    9.714 # [msec]
   throughput   :   71.032 # [mwords/sec]
   Debug_Time(0):    8.291 # [msec]
   Debug_Time(1):    4.946 # [msec]
   Debug_Time(2):    1.754 # [msec]
   Debug_Time(3):    1.591 # [msec]
-
   Version      : 1.6
   Ways         : 32
   Words        : 2
   Feedback     : 1
   WordBits     : 32
   IndexBits    : 32
   Sort Order   : 0
   Sign Compare : 0
   Max Size     : 268435455
   Debug Enable : 1
   size         : 695000
   average_time :    9.765 # [msec]
   throughput   :   71.175 # [mwords/sec]
   Debug_Time(0):    8.305 # [msec]
   Debug_Time(1):    4.941 # [msec]
   Debug_Time(2):    1.769 # [msec]
   Debug_Time(3):    1.594 # [msec]
-
   Version      : 1.6
   Ways         : 32
   Words        : 2
   Feedback     : 1
   WordBits     : 32
   IndexBits    : 32
   Sort Order   : 0
   Sign Compare : 0
   Max Size     : 268435455
   Debug Enable : 1
   size         : 700000
   average_time :    9.856 # [msec]
   throughput   :   71.022 # [mwords/sec]
   Debug_Time(0):    8.428 # [msec]
   Debug_Time(1):    5.034 # [msec]
   Debug_Time(2):    1.788 # [msec]
   Debug_Time(3):    1.606 # [msec]
-
   Version      : 1.6
   Ways         : 32
   Words        : 2
   Feedback     : 1
   WordBits     : 32
   IndexBits    : 32
   Sort Order   : 0
   Sign Compare : 0
   Max Size     : 268435455
   Debug Enable : 1
   size         : 705000
   average_time :    9.914 # [msec]
   throughput   :   71.112 # [mwords/sec]
   Debug_Time(0):    8.493 # [msec]
   Debug_Time(1):    5.069 # [msec]
   Debug_Time(2):    1.798 # [msec]
   Debug_Time(3):    1.626 # [msec]
-
   Version      : 1.6
   Ways         : 32
   Words        : 2
   Feedback     : 1
   WordBits     : 32
   IndexBits    : 32
   Sort Order   : 0
   Sign Compare : 0
   Max Size     : 268435455
   Debug Enable : 1
   size         : 710000
   average_time :    9.979 # [msec]
   throughput   :   71.150 # [mwords/sec]
   Debug_Time(0):    8.547 # [msec]
   Debug_Time(1):    5.103 # [msec]
   Debug_Time(2):    1.812 # [msec]
   Debug_Time(3):    1.632 # [msec]
-
   Version      : 1.6
   Ways         : 32
   Words        : 2
   Feedback     : 1
   WordBits     : 32
   IndexBits    : 32
   Sort Order   : 0
   Sign Compare : 0
   Max Size     : 268435455
   Debug Enable : 1
   size         : 715000
   average_time :   10.041 # [msec]
   throughput   :   71.205 # [mwords/sec]
   Debug_Time(0):    8.583 # [msec]
   Debug_Time(1):    5.115 # [msec]
   Debug_Time(2):    1.818 # [msec]
   Debug_Time(3):    1.650 # [msec]
-
   Version      : 1.6
   Ways         : 32
   Words        : 2
   Feedback     : 1
   WordBits     : 32
   IndexBits    : 32
   Sort Order   : 0
   Sign Compare : 0
   Max Size     : 268435455
   Debug Enable : 1
   size         : 720000
   average_time :   10.182 # [msec]
   throughput   :   70.716 # [mwords/sec]
   Debug_Time(0):    8.641 # [msec]
   Debug_Time(1):    5.145 # [msec]
   Debug_Time(2):    1.834 # [msec]
   Debug_Time(3):    1.661 # [msec]
-
   Version      : 1.6
   Ways         : 32
   Words        : 2
   Feedback     : 1
   WordBits     : 32
   IndexBits    : 32
   Sort Order   : 0
   Sign Compare : 0
   Max Size     : 268435455
   Debug Enable : 1
   size         : 725000
   average_time :   10.199 # [msec]
   throughput   :   71.083 # [mwords/sec]
   Debug_Time(0):    8.707 # [msec]
   Debug_Time(1):    5.187 # [msec]
   Debug_Time(2):    1.844 # [msec]
   Debug_Time(3):    1.675 # [msec]
-
   Version      : 1.6
   Ways         : 32
   Words        : 2
   Feedback     : 1
   WordBits     : 32
   IndexBits    : 32
   Sort Order   : 0
   Sign Compare : 0
   Max Size     : 268435455
   Debug Enable : 1
   size         : 730000
   average_time :   10.322 # [msec]
   throughput   :   70.721 # [mwords/sec]
   Debug_Time(0):    8.770 # [msec]
   Debug_Time(1):    5.228 # [msec]
   Debug_Time(2):    1.856 # [msec]
   Debug_Time(3):    1.685 # [msec]
-
   Version      : 1.6
   Ways         : 32
   Words        : 2
   Feedback     : 1
   WordBits     : 32
   IndexBits    : 32
   Sort Order   : 0
   Sign Compare : 0
   Max Size     : 268435455
   Debug Enable : 1
   size         : 735000
   average_time :   10.384 # [msec]
   throughput   :   70.783 # [mwords/sec]
   Debug_Time(0):    8.783 # [msec]
   Debug_Time(1):    5.223 # [msec]
   Debug_Time(2):    1.860 # [msec]
   Debug_Time(3):    1.700 # [msec]
-
   Version      : 1.6
   Ways         : 32
   Words        : 2
   Feedback     : 1
   WordBits     : 32
   IndexBits    : 32
   Sort Order   : 0
   Sign Compare : 0
   Max Size     : 268435455
   Debug Enable : 1
   size         : 740000
   average_time :   10.360 # [msec]
   throughput   :   71.426 # [mwords/sec]
   Debug_Time(0):    8.885 # [msec]
   Debug_Time(1):    5.297 # [msec]
   Debug_Time(2):    1.881 # [msec]
   Debug_Time(3):    1.708 # [msec]
-
   Version      : 1.6
   Ways         : 32
   Words        : 2
   Feedback     : 1
   WordBits     : 32
   IndexBits    : 32
   Sort Order   : 0
   Sign Compare : 0
   Max Size     : 268435455
   Debug Enable : 1
   size         : 745000
   average_time :   10.455 # [msec]
   throughput   :   71.255 # [mwords/sec]
   Debug_Time(0):    8.956 # [msec]
   Debug_Time(1):    5.340 # [msec]
   Debug_Time(2):    1.891 # [msec]
   Debug_Time(3):    1.725 # [msec]
-
   Version      : 1.6
   Ways         : 32
   Words        : 2
   Feedback     : 1
   WordBits     : 32
   IndexBits    : 32
   Sort Order   : 0
   Sign Compare : 0
   Max Size     : 268435455
   Debug Enable : 1
   size         : 750000
   average_time :   10.514 # [msec]
   throughput   :   71.336 # [mwords/sec]
   Debug_Time(0):    8.965 # [msec]
   Debug_Time(1):    5.333 # [msec]
   Debug_Time(2):    1.897 # [msec]
   Debug_Time(3):    1.735 # [msec]
-
   Version      : 1.6
   Ways         : 32
   Words        : 2
   Feedback     : 1
   WordBits     : 32
   IndexBits    : 32
   Sort Order   : 0
   Sign Compare : 0
   Max Size     : 268435455
   Debug Enable : 1
   size         : 755000
   average_time :   10.570 # [msec]
   throughput   :   71.427 # [mwords/sec]
   Debug_Time(0):    9.055 # [msec]
   Debug_Time(1):    5.397 # [msec]
   Debug_Time(2):    1.914 # [msec]
   Debug_Time(3):    1.744 # [msec]
-
   Version      : 1.6
   Ways         : 32
   Words        : 2
   Feedback     : 1
   WordBits     : 32
   IndexBits    : 32
   Sort Order   : 0
   Sign Compare : 0
   Max Size     : 268435455
   Debug Enable : 1
   size         : 760000
   average_time :   10.619 # [msec]
   throughput   :   71.568 # [mwords/sec]
   Debug_Time(0):    9.072 # [msec]
   Debug_Time(1):    5.377 # [msec]
   Debug_Time(2):    1.934 # [msec]
   Debug_Time(3):    1.761 # [msec]
-
   Version      : 1.6
   Ways         : 32
   Words        : 2
   Feedback     : 1
   WordBits     : 32
   IndexBits    : 32
   Sort Order   : 0
   Sign Compare : 0
   Max Size     : 268435455
   Debug Enable : 1
   size         : 765000
   average_time :   10.762 # [msec]
   throughput   :   71.084 # [mwords/sec]
   Debug_Time(0):    9.171 # [msec]
   Debug_Time(1):    5.449 # [msec]
   Debug_Time(2):    1.953 # [msec]
   Debug_Time(3):    1.769 # [msec]
-
   Version      : 1.6
   Ways         : 32
   Words        : 2
   Feedback     : 1
   WordBits     : 32
   IndexBits    : 32
   Sort Order   : 0
   Sign Compare : 0
   Max Size     : 268435455
   Debug Enable : 1
   size         : 770000
   average_time :   10.763 # [msec]
   throughput   :   71.544 # [mwords/sec]
   Debug_Time(0):    9.299 # [msec]
   Debug_Time(1):    5.553 # [msec]
   Debug_Time(2):    1.961 # [msec]
   Debug_Time(3):    1.785 # [msec]
-
   Version      : 1.6
   Ways         : 32
   Words        : 2
   Feedback     : 1
   WordBits     : 32
   IndexBits    : 32
   Sort Order   : 0
   Sign Compare : 0
   Max Size     : 268435455
   Debug Enable : 1
   size         : 775000
   average_time :   10.834 # [msec]
   throughput   :   71.536 # [mwords/sec]
   Debug_Time(0):    9.284 # [msec]
   Debug_Time(1):    5.515 # [msec]
   Debug_Time(2):    1.975 # [msec]
   Debug_Time(3):    1.794 # [msec]
-
   Version      : 1.6
   Ways         : 32
   Words        : 2
   Feedback     : 1
   WordBits     : 32
   IndexBits    : 32
   Sort Order   : 0
   Sign Compare : 0
   Max Size     : 268435455
   Debug Enable : 1
   size         : 780000
   average_time :   10.914 # [msec]
   throughput   :   71.471 # [mwords/sec]
   Debug_Time(0):    9.337 # [msec]
   Debug_Time(1):    5.543 # [msec]
   Debug_Time(2):    1.987 # [msec]
   Debug_Time(3):    1.807 # [msec]
-
   Version      : 1.6
   Ways         : 32
   Words        : 2
   Feedback     : 1
   WordBits     : 32
   IndexBits    : 32
   Sort Order   : 0
   Sign Compare : 0
   Max Size     : 268435455
   Debug Enable : 1
   size         : 785000
   average_time :   10.957 # [msec]
   throughput   :   71.641 # [mwords/sec]
   Debug_Time(0):    9.396 # [msec]
   Debug_Time(1):    5.578 # [msec]
   Debug_Time(2):    1.999 # [msec]
   Debug_Time(3):    1.818 # [msec]
-
   Version      : 1.6
   Ways         : 32
   Words        : 2
   Feedback     : 1
   WordBits     : 32
   IndexBits    : 32
   Sort Order   : 0
   Sign Compare : 0
   Max Size     : 268435455
   Debug Enable : 1
   size         : 790000
   average_time :   11.015 # [msec]
   throughput   :   71.720 # [mwords/sec]
   Debug_Time(0):    9.440 # [msec]
   Debug_Time(1):    5.600 # [msec]
   Debug_Time(2):    2.010 # [msec]
   Debug_Time(3):    1.831 # [msec]
-
   Version      : 1.6
   Ways         : 32
   Words        : 2
   Feedback     : 1
   WordBits     : 32
   IndexBits    : 32
   Sort Order   : 0
   Sign Compare : 0
   Max Size     : 268435455
   Debug Enable : 1
   size         : 795000
   average_time :   11.120 # [msec]
   throughput   :   71.492 # [mwords/sec]
   Debug_Time(0):    9.501 # [msec]
   Debug_Time(1):    5.652 # [msec]
   Debug_Time(2):    2.023 # [msec]
   Debug_Time(3):    1.826 # [msec]
-
   Version      : 1.6
   Ways         : 32
   Words        : 2
   Feedback     : 1
   WordBits     : 32
   IndexBits    : 32
   Sort Order   : 0
   Sign Compare : 0
   Max Size     : 268435455
   Debug Enable : 1
   size         : 800000
   average_time :   11.118 # [msec]
   throughput   :   71.953 # [mwords/sec]
   Debug_Time(0):    9.294 # [msec]
   Debug_Time(1):    5.422 # [msec]
   Debug_Time(2):    2.025 # [msec]
   Debug_Time(3):    1.847 # [msec]
-
   Version      : 1.6
   Ways         : 32
   Words        : 2
   Feedback     : 1
   WordBits     : 32
   IndexBits    : 32
   Sort Order   : 0
   Sign Compare : 0
   Max Size     : 268435455
   Debug Enable : 1
   size         : 805000
   average_time :   11.239 # [msec]
   throughput   :   71.623 # [mwords/sec]
   Debug_Time(0):    9.571 # [msec]
   Debug_Time(1):    5.659 # [msec]
   Debug_Time(2):    2.047 # [msec]
   Debug_Time(3):    1.865 # [msec]
-
   Version      : 1.6
   Ways         : 32
   Words        : 2
   Feedback     : 1
   WordBits     : 32
   IndexBits    : 32
   Sort Order   : 0
   Sign Compare : 0
   Max Size     : 268435455
   Debug Enable : 1
   size         : 810000
   average_time :   11.300 # [msec]
   throughput   :   71.680 # [mwords/sec]
   Debug_Time(0):    9.681 # [msec]
   Debug_Time(1):    5.759 # [msec]
   Debug_Time(2):    2.053 # [msec]
   Debug_Time(3):    1.869 # [msec]
-
   Version      : 1.6
   Ways         : 32
   Words        : 2
   Feedback     : 1
   WordBits     : 32
   IndexBits    : 32
   Sort Order   : 0
   Sign Compare : 0
   Max Size     : 268435455
   Debug Enable : 1
   size         : 815000
   average_time :   11.412 # [msec]
   throughput   :   71.416 # [mwords/sec]
   Debug_Time(0):    9.751 # [msec]
   Debug_Time(1):    5.794 # [msec]
   Debug_Time(2):    2.071 # [msec]
   Debug_Time(3):    1.886 # [msec]
-
   Version      : 1.6
   Ways         : 32
   Words        : 2
   Feedback     : 1
   WordBits     : 32
   IndexBits    : 32
   Sort Order   : 0
   Sign Compare : 0
   Max Size     : 268435455
   Debug Enable : 1
   size         : 820000
   average_time :   11.454 # [msec]
   throughput   :   71.592 # [mwords/sec]
   Debug_Time(0):    9.778 # [msec]
   Debug_Time(1):    5.823 # [msec]
   Debug_Time(2):    2.082 # [msec]
   Debug_Time(3):    1.873 # [msec]
-
   Version      : 1.6
   Ways         : 32
   Words        : 2
   Feedback     : 1
   WordBits     : 32
   IndexBits    : 32
   Sort Order   : 0
   Sign Compare : 0
   Max Size     : 268435455
   Debug Enable : 1
   size         : 825000
   average_time :   11.502 # [msec]
   throughput   :   71.724 # [mwords/sec]
   Debug_Time(0):    9.832 # [msec]
   Debug_Time(1):    5.851 # [msec]
   Debug_Time(2):    2.097 # [msec]
   Debug_Time(3):    1.884 # [msec]
-
   Version      : 1.6
   Ways         : 32
   Words        : 2
   Feedback     : 1
   WordBits     : 32
   IndexBits    : 32
   Sort Order   : 0
   Sign Compare : 0
   Max Size     : 268435455
   Debug Enable : 1
   size         : 830000
   average_time :   11.573 # [msec]
   throughput   :   71.717 # [mwords/sec]
   Debug_Time(0):    9.922 # [msec]
   Debug_Time(1):    5.886 # [msec]
   Debug_Time(2):    2.110 # [msec]
   Debug_Time(3):    1.926 # [msec]
-
   Version      : 1.6
   Ways         : 32
   Words        : 2
   Feedback     : 1
   WordBits     : 32
   IndexBits    : 32
   Sort Order   : 0
   Sign Compare : 0
   Max Size     : 268435455
   Debug Enable : 1
   size         : 835000
   average_time :   11.628 # [msec]
   throughput   :   71.812 # [mwords/sec]
   Debug_Time(0):    9.945 # [msec]
   Debug_Time(1):    5.917 # [msec]
   Debug_Time(2):    2.123 # [msec]
   Debug_Time(3):    1.904 # [msec]
-
   Version      : 1.6
   Ways         : 32
   Words        : 2
   Feedback     : 1
   WordBits     : 32
   IndexBits    : 32
   Sort Order   : 0
   Sign Compare : 0
   Max Size     : 268435455
   Debug Enable : 1
   size         : 840000
   average_time :   11.684 # [msec]
   throughput   :   71.895 # [mwords/sec]
   Debug_Time(0):   10.014 # [msec]
   Debug_Time(1):    5.959 # [msec]
   Debug_Time(2):    2.141 # [msec]
   Debug_Time(3):    1.915 # [msec]
-
   Version      : 1.6
   Ways         : 32
   Words        : 2
   Feedback     : 1
   WordBits     : 32
   IndexBits    : 32
   Sort Order   : 0
   Sign Compare : 0
   Max Size     : 268435455
   Debug Enable : 1
   size         : 845000
   average_time :   11.910 # [msec]
   throughput   :   70.951 # [mwords/sec]
   Debug_Time(0):    9.997 # [msec]
   Debug_Time(1):    5.901 # [msec]
   Debug_Time(2):    2.152 # [msec]
   Debug_Time(3):    1.944 # [msec]
-
   Version      : 1.6
   Ways         : 32
   Words        : 2
   Feedback     : 1
   WordBits     : 32
   IndexBits    : 32
   Sort Order   : 0
   Sign Compare : 0
   Max Size     : 268435455
   Debug Enable : 1
   size         : 850000
   average_time :   11.815 # [msec]
   throughput   :   71.943 # [mwords/sec]
   Debug_Time(0):   10.173 # [msec]
   Debug_Time(1):    6.048 # [msec]
   Debug_Time(2):    2.161 # [msec]
   Debug_Time(3):    1.964 # [msec]
-
   Version      : 1.6
   Ways         : 32
   Words        : 2
   Feedback     : 1
   WordBits     : 32
   IndexBits    : 32
   Sort Order   : 0
   Sign Compare : 0
   Max Size     : 268435455
   Debug Enable : 1
   size         : 855000
   average_time :   11.907 # [msec]
   throughput   :   71.808 # [mwords/sec]
   Debug_Time(0):   10.283 # [msec]
   Debug_Time(1):    6.144 # [msec]
   Debug_Time(2):    2.174 # [msec]
   Debug_Time(3):    1.965 # [msec]
-
   Version      : 1.6
   Ways         : 32
   Words        : 2
   Feedback     : 1
   WordBits     : 32
   IndexBits    : 32
   Sort Order   : 0
   Sign Compare : 0
   Max Size     : 268435455
   Debug Enable : 1
   size         : 860000
   average_time :   12.002 # [msec]
   throughput   :   71.657 # [mwords/sec]
   Debug_Time(0):   10.342 # [msec]
   Debug_Time(1):    6.183 # [msec]
   Debug_Time(2):    2.181 # [msec]
   Debug_Time(3):    1.978 # [msec]
-
   Version      : 1.6
   Ways         : 32
   Words        : 2
   Feedback     : 1
   WordBits     : 32
   IndexBits    : 32
   Sort Order   : 0
   Sign Compare : 0
   Max Size     : 268435455
   Debug Enable : 1
   size         : 865000
   average_time :   12.027 # [msec]
   throughput   :   71.921 # [mwords/sec]
   Debug_Time(0):   10.246 # [msec]
   Debug_Time(1):    6.064 # [msec]
   Debug_Time(2):    2.191 # [msec]
   Debug_Time(3):    1.991 # [msec]
-
   Version      : 1.6
   Ways         : 32
   Words        : 2
   Feedback     : 1
   WordBits     : 32
   IndexBits    : 32
   Sort Order   : 0
   Sign Compare : 0
   Max Size     : 268435455
   Debug Enable : 1
   size         : 870000
   average_time :   12.101 # [msec]
   throughput   :   71.893 # [mwords/sec]
   Debug_Time(0):   10.415 # [msec]
   Debug_Time(1):    6.208 # [msec]
   Debug_Time(2):    2.195 # [msec]
   Debug_Time(3):    2.011 # [msec]
-
   Version      : 1.6
   Ways         : 32
   Words        : 2
   Feedback     : 1
   WordBits     : 32
   IndexBits    : 32
   Sort Order   : 0
   Sign Compare : 0
   Max Size     : 268435455
   Debug Enable : 1
   size         : 875000
   average_time :   12.182 # [msec]
   throughput   :   71.827 # [mwords/sec]
   Debug_Time(0):   10.525 # [msec]
   Debug_Time(1):    6.304 # [msec]
   Debug_Time(2):    2.217 # [msec]
   Debug_Time(3):    2.004 # [msec]
-
   Version      : 1.6
   Ways         : 32
   Words        : 2
   Feedback     : 1
   WordBits     : 32
   IndexBits    : 32
   Sort Order   : 0
   Sign Compare : 0
   Max Size     : 268435455
   Debug Enable : 1
   size         : 880000
   average_time :   12.264 # [msec]
   throughput   :   71.756 # [mwords/sec]
   Debug_Time(0):   10.564 # [msec]
   Debug_Time(1):    6.317 # [msec]
   Debug_Time(2):    2.231 # [msec]
   Debug_Time(3):    2.016 # [msec]
-
   Version      : 1.6
   Ways         : 32
   Words        : 2
   Feedback     : 1
   WordBits     : 32
   IndexBits    : 32
   Sort Order   : 0
   Sign Compare : 0
   Max Size     : 268435455
   Debug Enable : 1
   size         : 885000
   average_time :   12.310 # [msec]
   throughput   :   71.891 # [mwords/sec]
   Debug_Time(0):   10.653 # [msec]
   Debug_Time(1):    6.380 # [msec]
   Debug_Time(2):    2.246 # [msec]
   Debug_Time(3):    2.027 # [msec]
-
   Version      : 1.6
   Ways         : 32
   Words        : 2
   Feedback     : 1
   WordBits     : 32
   IndexBits    : 32
   Sort Order   : 0
   Sign Compare : 0
   Max Size     : 268435455
   Debug Enable : 1
   size         : 890000
   average_time :   12.392 # [msec]
   throughput   :   71.823 # [mwords/sec]
   Debug_Time(0):   10.652 # [msec]
   Debug_Time(1):    6.351 # [msec]
   Debug_Time(2):    2.260 # [msec]
   Debug_Time(3):    2.041 # [msec]
-
   Version      : 1.6
   Ways         : 32
   Words        : 2
   Feedback     : 1
   WordBits     : 32
   IndexBits    : 32
   Sort Order   : 0
   Sign Compare : 0
   Max Size     : 268435455
   Debug Enable : 1
   size         : 895000
   average_time :   12.439 # [msec]
   throughput   :   71.949 # [mwords/sec]
   Debug_Time(0):   10.730 # [msec]
   Debug_Time(1):    6.407 # [msec]
   Debug_Time(2):    2.271 # [msec]
   Debug_Time(3):    2.052 # [msec]
-
   Version      : 1.6
   Ways         : 32
   Words        : 2
   Feedback     : 1
   WordBits     : 32
   IndexBits    : 32
   Sort Order   : 0
   Sign Compare : 0
   Max Size     : 268435455
   Debug Enable : 1
   size         : 900000
   average_time :   12.501 # [msec]
   throughput   :   71.994 # [mwords/sec]
   Debug_Time(0):   10.771 # [msec]
   Debug_Time(1):    6.420 # [msec]
   Debug_Time(2):    2.290 # [msec]
   Debug_Time(3):    2.061 # [msec]
-
   Version      : 1.6
   Ways         : 32
   Words        : 2
   Feedback     : 1
   WordBits     : 32
   IndexBits    : 32
   Sort Order   : 0
   Sign Compare : 0
   Max Size     : 268435455
   Debug Enable : 1
   size         : 905000
   average_time :   12.570 # [msec]
   throughput   :   71.999 # [mwords/sec]
   Debug_Time(0):   10.750 # [msec]
   Debug_Time(1):    6.371 # [msec]
   Debug_Time(2):    2.306 # [msec]
   Debug_Time(3):    2.073 # [msec]
-
   Version      : 1.6
   Ways         : 32
   Words        : 2
   Feedback     : 1
   WordBits     : 32
   IndexBits    : 32
   Sort Order   : 0
   Sign Compare : 0
   Max Size     : 268435455
   Debug Enable : 1
   size         : 910000
   average_time :   12.664 # [msec]
   throughput   :   71.856 # [mwords/sec]
   Debug_Time(0):   10.775 # [msec]
   Debug_Time(1):    6.377 # [msec]
   Debug_Time(2):    2.314 # [msec]
   Debug_Time(3):    2.083 # [msec]
-
   Version      : 1.6
   Ways         : 32
   Words        : 2
   Feedback     : 1
   WordBits     : 32
   IndexBits    : 32
   Sort Order   : 0
   Sign Compare : 0
   Max Size     : 268435455
   Debug Enable : 1
   size         : 915000
   average_time :   12.678 # [msec]
   throughput   :   72.170 # [mwords/sec]
   Debug_Time(0):   10.819 # [msec]
   Debug_Time(1):    6.400 # [msec]
   Debug_Time(2):    2.321 # [msec]
   Debug_Time(3):    2.098 # [msec]
-
   Version      : 1.6
   Ways         : 32
   Words        : 2
   Feedback     : 1
   WordBits     : 32
   IndexBits    : 32
   Sort Order   : 0
   Sign Compare : 0
   Max Size     : 268435455
   Debug Enable : 1
   size         : 920000
   average_time :   12.767 # [msec]
   throughput   :   72.062 # [mwords/sec]
   Debug_Time(0):   10.876 # [msec]
   Debug_Time(1):    6.434 # [msec]
   Debug_Time(2):    2.336 # [msec]
   Debug_Time(3):    2.106 # [msec]
-
   Version      : 1.6
   Ways         : 32
   Words        : 2
   Feedback     : 1
   WordBits     : 32
   IndexBits    : 32
   Sort Order   : 0
   Sign Compare : 0
   Max Size     : 268435455
   Debug Enable : 1
   size         : 925000
   average_time :   12.923 # [msec]
   throughput   :   71.576 # [mwords/sec]
   Debug_Time(0):   11.099 # [msec]
   Debug_Time(1):    6.628 # [msec]
   Debug_Time(2):    2.349 # [msec]
   Debug_Time(3):    2.122 # [msec]
-
   Version      : 1.6
   Ways         : 32
   Words        : 2
   Feedback     : 1
   WordBits     : 32
   IndexBits    : 32
   Sort Order   : 0
   Sign Compare : 0
   Max Size     : 268435455
   Debug Enable : 1
   size         : 930000
   average_time :   12.973 # [msec]
   throughput   :   71.686 # [mwords/sec]
   Debug_Time(0):   11.058 # [msec]
   Debug_Time(1):    6.574 # [msec]
   Debug_Time(2):    2.356 # [msec]
   Debug_Time(3):    2.128 # [msec]
-
   Version      : 1.6
   Ways         : 32
   Words        : 2
   Feedback     : 1
   WordBits     : 32
   IndexBits    : 32
   Sort Order   : 0
   Sign Compare : 0
   Max Size     : 268435455
   Debug Enable : 1
   size         : 935000
   average_time :   12.957 # [msec]
   throughput   :   72.164 # [mwords/sec]
   Debug_Time(0):   11.104 # [msec]
   Debug_Time(1):    6.589 # [msec]
   Debug_Time(2):    2.365 # [msec]
   Debug_Time(3):    2.149 # [msec]
-
   Version      : 1.6
   Ways         : 32
   Words        : 2
   Feedback     : 1
   WordBits     : 32
   IndexBits    : 32
   Sort Order   : 0
   Sign Compare : 0
   Max Size     : 268435455
   Debug Enable : 1
   size         : 940000
   average_time :   13.019 # [msec]
   throughput   :   72.203 # [mwords/sec]
   Debug_Time(0):   11.164 # [msec]
   Debug_Time(1):    6.622 # [msec]
   Debug_Time(2):    2.388 # [msec]
   Debug_Time(3):    2.154 # [msec]
-
   Version      : 1.6
   Ways         : 32
   Words        : 2
   Feedback     : 1
   WordBits     : 32
   IndexBits    : 32
   Sort Order   : 0
   Sign Compare : 0
   Max Size     : 268435455
   Debug Enable : 1
   size         : 945000
   average_time :   13.112 # [msec]
   throughput   :   72.074 # [mwords/sec]
   Debug_Time(0):   11.244 # [msec]
   Debug_Time(1):    6.677 # [msec]
   Debug_Time(2):    2.398 # [msec]
   Debug_Time(3):    2.170 # [msec]
-
   Version      : 1.6
   Ways         : 32
   Words        : 2
   Feedback     : 1
   WordBits     : 32
   IndexBits    : 32
   Sort Order   : 0
   Sign Compare : 0
   Max Size     : 268435455
   Debug Enable : 1
   size         : 950000
   average_time :   13.232 # [msec]
   throughput   :   71.797 # [mwords/sec]
   Debug_Time(0):   11.223 # [msec]
   Debug_Time(1):    6.631 # [msec]
   Debug_Time(2):    2.415 # [msec]
   Debug_Time(3):    2.177 # [msec]
-
   Version      : 1.6
   Ways         : 32
   Words        : 2
   Feedback     : 1
   WordBits     : 32
   IndexBits    : 32
   Sort Order   : 0
   Sign Compare : 0
   Max Size     : 268435455
   Debug Enable : 1
   size         : 955000
   average_time :   13.265 # [msec]
   throughput   :   71.992 # [mwords/sec]
   Debug_Time(0):   11.271 # [msec]
   Debug_Time(1):    6.660 # [msec]
   Debug_Time(2):    2.423 # [msec]
   Debug_Time(3):    2.187 # [msec]
-
   Version      : 1.6
   Ways         : 32
   Words        : 2
   Feedback     : 1
   WordBits     : 32
   IndexBits    : 32
   Sort Order   : 0
   Sign Compare : 0
   Max Size     : 268435455
   Debug Enable : 1
   size         : 960000
   average_time :   13.326 # [msec]
   throughput   :   72.039 # [mwords/sec]
   Debug_Time(0):   11.427 # [msec]
   Debug_Time(1):    6.766 # [msec]
   Debug_Time(2):    2.458 # [msec]
   Debug_Time(3):    2.204 # [msec]
-
   Version      : 1.6
   Ways         : 32
   Words        : 2
   Feedback     : 1
   WordBits     : 32
   IndexBits    : 32
   Sort Order   : 0
   Sign Compare : 0
   Max Size     : 268435455
   Debug Enable : 1
   size         : 965000
   average_time :   13.365 # [msec]
   throughput   :   72.201 # [mwords/sec]
   Debug_Time(0):   11.482 # [msec]
   Debug_Time(1):    6.810 # [msec]
   Debug_Time(2):    2.454 # [msec]
   Debug_Time(3):    2.218 # [msec]
-
   Version      : 1.6
   Ways         : 32
   Words        : 2
   Feedback     : 1
   WordBits     : 32
   IndexBits    : 32
   Sort Order   : 0
   Sign Compare : 0
   Max Size     : 268435455
   Debug Enable : 1
   size         : 970000
   average_time :   13.430 # [msec]
   throughput   :   72.226 # [mwords/sec]
   Debug_Time(0):   11.492 # [msec]
   Debug_Time(1):    6.794 # [msec]
   Debug_Time(2):    2.470 # [msec]
   Debug_Time(3):    2.227 # [msec]
-
   Version      : 1.6
   Ways         : 32
   Words        : 2
   Feedback     : 1
   WordBits     : 32
   IndexBits    : 32
   Sort Order   : 0
   Sign Compare : 0
   Max Size     : 268435455
   Debug Enable : 1
   size         : 975000
   average_time :   13.491 # [msec]
   throughput   :   72.269 # [mwords/sec]
   Debug_Time(0):   11.574 # [msec]
   Debug_Time(1):    6.849 # [msec]
   Debug_Time(2):    2.482 # [msec]
   Debug_Time(3):    2.244 # [msec]
-
   Version      : 1.6
   Ways         : 32
   Words        : 2
   Feedback     : 1
   WordBits     : 32
   IndexBits    : 32
   Sort Order   : 0
   Sign Compare : 0
   Max Size     : 268435455
   Debug Enable : 1
   size         : 980000
   average_time :   13.588 # [msec]
   throughput   :   72.122 # [mwords/sec]
   Debug_Time(0):   11.761 # [msec]
   Debug_Time(1):    7.014 # [msec]
   Debug_Time(2):    2.496 # [msec]
   Debug_Time(3):    2.250 # [msec]
-
   Version      : 1.6
   Ways         : 32
   Words        : 2
   Feedback     : 1
   WordBits     : 32
   IndexBits    : 32
   Sort Order   : 0
   Sign Compare : 0
   Max Size     : 268435455
   Debug Enable : 1
   size         : 985000
   average_time :   13.611 # [msec]
   throughput   :   72.369 # [mwords/sec]
   Debug_Time(0):   11.763 # [msec]
   Debug_Time(1):    7.004 # [msec]
   Debug_Time(2):    2.499 # [msec]
   Debug_Time(3):    2.261 # [msec]
-
   Version      : 1.6
   Ways         : 32
   Words        : 2
   Feedback     : 1
   WordBits     : 32
   IndexBits    : 32
   Sort Order   : 0
   Sign Compare : 0
   Max Size     : 268435455
   Debug Enable : 1
   size         : 990000
   average_time :   13.707 # [msec]
   throughput   :   72.224 # [mwords/sec]
   Debug_Time(0):   11.755 # [msec]
   Debug_Time(1):    6.945 # [msec]
   Debug_Time(2):    2.509 # [msec]
   Debug_Time(3):    2.301 # [msec]
-
   Version      : 1.6
   Ways         : 32
   Words        : 2
   Feedback     : 1
   WordBits     : 32
   IndexBits    : 32
   Sort Order   : 0
   Sign Compare : 0
   Max Size     : 268435455
   Debug Enable : 1
   size         : 995000
   average_time :   13.762 # [msec]
   throughput   :   72.303 # [mwords/sec]
   Debug_Time(0):   12.124 # [msec]
   Debug_Time(1):    7.273 # [msec]
   Debug_Time(2):    2.527 # [msec]
   Debug_Time(3):    2.324 # [msec]
-
   Version      : 1.6
   Ways         : 32
   Words        : 2
   Feedback     : 1
   WordBits     : 32
   IndexBits    : 32
   Sort Order   : 0
   Sign Compare : 0
   Max Size     : 268435455
   Debug Enable : 1
   size         : 1000000
   average_time :   13.847 # [msec]
   throughput   :   72.220 # [mwords/sec]
   Debug_Time(0):   12.172 # [msec]
   Debug_Time(1):    7.303 # [msec]
   Debug_Time(2):    2.532 # [msec]
   Debug_Time(3):    2.337 # [msec]
