---
-
   Version      : 1.2
   Ways         : 32
   Words        : 1
   Feedback     : 2
   WordBits     : 32
   IndexBits    : 32
   Sort Order   : 0
   Sign Compare : 0
   Max Size     : 268435455
   Debug Enable : 1
   size         : 5000
   average_time :    0.561 # [msec]
   throughput   :    8.914 # [mwords/sec]
   Debug_Time(0):    0.395 # [msec]
   Debug_Time(1):    0.395 # [msec]
-
   Version      : 1.2
   Ways         : 32
   Words        : 1
   Feedback     : 2
   WordBits     : 32
   IndexBits    : 32
   Sort Order   : 0
   Sign Compare : 0
   Max Size     : 268435455
   Debug Enable : 1
   size         : 10000
   average_time :    0.566 # [msec]
   throughput   :   17.680 # [mwords/sec]
   Debug_Time(0):    0.395 # [msec]
   Debug_Time(1):    0.395 # [msec]
-
   Version      : 1.2
   Ways         : 32
   Words        : 1
   Feedback     : 2
   WordBits     : 32
   IndexBits    : 32
   Sort Order   : 0
   Sign Compare : 0
   Max Size     : 268435455
   Debug Enable : 1
   size         : 15000
   average_time :    0.559 # [msec]
   throughput   :   26.845 # [mwords/sec]
   Debug_Time(0):    0.395 # [msec]
   Debug_Time(1):    0.395 # [msec]
-
   Version      : 1.2
   Ways         : 32
   Words        : 1
   Feedback     : 2
   WordBits     : 32
   IndexBits    : 32
   Sort Order   : 0
   Sign Compare : 0
   Max Size     : 268435455
   Debug Enable : 1
   size         : 20000
   average_time :    0.562 # [msec]
   throughput   :   35.583 # [mwords/sec]
   Debug_Time(0):    0.394 # [msec]
   Debug_Time(1):    0.394 # [msec]
-
   Version      : 1.2
   Ways         : 32
   Words        : 1
   Feedback     : 2
   WordBits     : 32
   IndexBits    : 32
   Sort Order   : 0
   Sign Compare : 0
   Max Size     : 268435455
   Debug Enable : 1
   size         : 25000
   average_time :    0.563 # [msec]
   throughput   :   44.410 # [mwords/sec]
   Debug_Time(0):    0.394 # [msec]
   Debug_Time(1):    0.394 # [msec]
-
   Version      : 1.2
   Ways         : 32
   Words        : 1
   Feedback     : 2
   WordBits     : 32
   IndexBits    : 32
   Sort Order   : 0
   Sign Compare : 0
   Max Size     : 268435455
   Debug Enable : 1
   size         : 30000
   average_time :    0.563 # [msec]
   throughput   :   53.268 # [mwords/sec]
   Debug_Time(0):    0.394 # [msec]
   Debug_Time(1):    0.394 # [msec]
-
   Version      : 1.2
   Ways         : 32
   Words        : 1
   Feedback     : 2
   WordBits     : 32
   IndexBits    : 32
   Sort Order   : 0
   Sign Compare : 0
   Max Size     : 268435455
   Debug Enable : 1
   size         : 35000
   average_time :    1.100 # [msec]
   throughput   :   31.819 # [mwords/sec]
   Debug_Time(0):    0.929 # [msec]
   Debug_Time(1):    0.787 # [msec]
   Debug_Time(2):    0.142 # [msec]
-
   Version      : 1.2
   Ways         : 32
   Words        : 1
   Feedback     : 2
   WordBits     : 32
   IndexBits    : 32
   Sort Order   : 0
   Sign Compare : 0
   Max Size     : 268435455
   Debug Enable : 1
   size         : 40000
   average_time :    1.122 # [msec]
   throughput   :   35.643 # [mwords/sec]
   Debug_Time(0):    0.949 # [msec]
   Debug_Time(1):    0.787 # [msec]
   Debug_Time(2):    0.162 # [msec]
-
   Version      : 1.2
   Ways         : 32
   Words        : 1
   Feedback     : 2
   WordBits     : 32
   IndexBits    : 32
   Sort Order   : 0
   Sign Compare : 0
   Max Size     : 268435455
   Debug Enable : 1
   size         : 45000
   average_time :    1.150 # [msec]
   throughput   :   39.145 # [mwords/sec]
   Debug_Time(0):    0.970 # [msec]
   Debug_Time(1):    0.788 # [msec]
   Debug_Time(2):    0.183 # [msec]
-
   Version      : 1.2
   Ways         : 32
   Words        : 1
   Feedback     : 2
   WordBits     : 32
   IndexBits    : 32
   Sort Order   : 0
   Sign Compare : 0
   Max Size     : 268435455
   Debug Enable : 1
   size         : 50000
   average_time :    1.165 # [msec]
   throughput   :   42.901 # [mwords/sec]
   Debug_Time(0):    0.990 # [msec]
   Debug_Time(1):    0.787 # [msec]
   Debug_Time(2):    0.203 # [msec]
-
   Version      : 1.2
   Ways         : 32
   Words        : 1
   Feedback     : 2
   WordBits     : 32
   IndexBits    : 32
   Sort Order   : 0
   Sign Compare : 0
   Max Size     : 268435455
   Debug Enable : 1
   size         : 55000
   average_time :    1.199 # [msec]
   throughput   :   45.871 # [mwords/sec]
   Debug_Time(0):    1.010 # [msec]
   Debug_Time(1):    0.787 # [msec]
   Debug_Time(2):    0.222 # [msec]
-
   Version      : 1.2
   Ways         : 32
   Words        : 1
   Feedback     : 2
   WordBits     : 32
   IndexBits    : 32
   Sort Order   : 0
   Sign Compare : 0
   Max Size     : 268435455
   Debug Enable : 1
   size         : 60000
   average_time :    1.217 # [msec]
   throughput   :   49.306 # [mwords/sec]
   Debug_Time(0):    1.029 # [msec]
   Debug_Time(1):    0.787 # [msec]
   Debug_Time(2):    0.242 # [msec]
-
   Version      : 1.2
   Ways         : 32
   Words        : 1
   Feedback     : 2
   WordBits     : 32
   IndexBits    : 32
   Sort Order   : 0
   Sign Compare : 0
   Max Size     : 268435455
   Debug Enable : 1
   size         : 65000
   average_time :    1.241 # [msec]
   throughput   :   52.376 # [mwords/sec]
   Debug_Time(0):    1.050 # [msec]
   Debug_Time(1):    0.788 # [msec]
   Debug_Time(2):    0.262 # [msec]
-
   Version      : 1.2
   Ways         : 32
   Words        : 1
   Feedback     : 2
   WordBits     : 32
   IndexBits    : 32
   Sort Order   : 0
   Sign Compare : 0
   Max Size     : 268435455
   Debug Enable : 1
   size         : 70000
   average_time :    1.696 # [msec]
   throughput   :   41.263 # [mwords/sec]
   Debug_Time(0):    1.464 # [msec]
   Debug_Time(1):    1.181 # [msec]
   Debug_Time(2):    0.283 # [msec]
-
   Version      : 1.2
   Ways         : 32
   Words        : 1
   Feedback     : 2
   WordBits     : 32
   IndexBits    : 32
   Sort Order   : 0
   Sign Compare : 0
   Max Size     : 268435455
   Debug Enable : 1
   size         : 75000
   average_time :    1.711 # [msec]
   throughput   :   43.845 # [mwords/sec]
   Debug_Time(0):    1.484 # [msec]
   Debug_Time(1):    1.181 # [msec]
   Debug_Time(2):    0.303 # [msec]
-
   Version      : 1.2
   Ways         : 32
   Words        : 1
   Feedback     : 2
   WordBits     : 32
   IndexBits    : 32
   Sort Order   : 0
   Sign Compare : 0
   Max Size     : 268435455
   Debug Enable : 1
   size         : 80000
   average_time :    1.741 # [msec]
   throughput   :   45.959 # [mwords/sec]
   Debug_Time(0):    1.504 # [msec]
   Debug_Time(1):    1.180 # [msec]
   Debug_Time(2):    0.323 # [msec]
-
   Version      : 1.2
   Ways         : 32
   Words        : 1
   Feedback     : 2
   WordBits     : 32
   IndexBits    : 32
   Sort Order   : 0
   Sign Compare : 0
   Max Size     : 268435455
   Debug Enable : 1
   size         : 85000
   average_time :    1.778 # [msec]
   throughput   :   47.795 # [mwords/sec]
   Debug_Time(0):    1.524 # [msec]
   Debug_Time(1):    1.180 # [msec]
   Debug_Time(2):    0.344 # [msec]
-
   Version      : 1.2
   Ways         : 32
   Words        : 1
   Feedback     : 2
   WordBits     : 32
   IndexBits    : 32
   Sort Order   : 0
   Sign Compare : 0
   Max Size     : 268435455
   Debug Enable : 1
   size         : 90000
   average_time :    1.813 # [msec]
   throughput   :   49.643 # [mwords/sec]
   Debug_Time(0):    1.545 # [msec]
   Debug_Time(1):    1.181 # [msec]
   Debug_Time(2):    0.364 # [msec]
-
   Version      : 1.2
   Ways         : 32
   Words        : 1
   Feedback     : 2
   WordBits     : 32
   IndexBits    : 32
   Sort Order   : 0
   Sign Compare : 0
   Max Size     : 268435455
   Debug Enable : 1
   size         : 95000
   average_time :    1.847 # [msec]
   throughput   :   51.427 # [mwords/sec]
   Debug_Time(0):    1.564 # [msec]
   Debug_Time(1):    1.181 # [msec]
   Debug_Time(2):    0.384 # [msec]
-
   Version      : 1.2
   Ways         : 32
   Words        : 1
   Feedback     : 2
   WordBits     : 32
   IndexBits    : 32
   Sort Order   : 0
   Sign Compare : 0
   Max Size     : 268435455
   Debug Enable : 1
   size         : 100000
   average_time :    2.285 # [msec]
   throughput   :   43.765 # [mwords/sec]
   Debug_Time(0):    1.978 # [msec]
   Debug_Time(1):    1.574 # [msec]
   Debug_Time(2):    0.405 # [msec]
-
   Version      : 1.2
   Ways         : 32
   Words        : 1
   Feedback     : 2
   WordBits     : 32
   IndexBits    : 32
   Sort Order   : 0
   Sign Compare : 0
   Max Size     : 268435455
   Debug Enable : 1
   size         : 105000
   average_time :    2.307 # [msec]
   throughput   :   45.506 # [mwords/sec]
   Debug_Time(0):    1.998 # [msec]
   Debug_Time(1):    1.573 # [msec]
   Debug_Time(2):    0.425 # [msec]
-
   Version      : 1.2
   Ways         : 32
   Words        : 1
   Feedback     : 2
   WordBits     : 32
   IndexBits    : 32
   Sort Order   : 0
   Sign Compare : 0
   Max Size     : 268435455
   Debug Enable : 1
   size         : 110000
   average_time :    2.347 # [msec]
   throughput   :   46.876 # [mwords/sec]
   Debug_Time(0):    2.018 # [msec]
   Debug_Time(1):    1.574 # [msec]
   Debug_Time(2):    0.444 # [msec]
-
   Version      : 1.2
   Ways         : 32
   Words        : 1
   Feedback     : 2
   WordBits     : 32
   IndexBits    : 32
   Sort Order   : 0
   Sign Compare : 0
   Max Size     : 268435455
   Debug Enable : 1
   size         : 115000
   average_time :    2.375 # [msec]
   throughput   :   48.412 # [mwords/sec]
   Debug_Time(0):    2.039 # [msec]
   Debug_Time(1):    1.574 # [msec]
   Debug_Time(2):    0.465 # [msec]
-
   Version      : 1.2
   Ways         : 32
   Words        : 1
   Feedback     : 2
   WordBits     : 32
   IndexBits    : 32
   Sort Order   : 0
   Sign Compare : 0
   Max Size     : 268435455
   Debug Enable : 1
   size         : 120000
   average_time :    2.455 # [msec]
   throughput   :   48.882 # [mwords/sec]
   Debug_Time(0):    2.086 # [msec]
   Debug_Time(1):    1.601 # [msec]
   Debug_Time(2):    0.485 # [msec]
-
   Version      : 1.2
   Ways         : 32
   Words        : 1
   Feedback     : 2
   WordBits     : 32
   IndexBits    : 32
   Sort Order   : 0
   Sign Compare : 0
   Max Size     : 268435455
   Debug Enable : 1
   size         : 125000
   average_time :    2.489 # [msec]
   throughput   :   50.222 # [mwords/sec]
   Debug_Time(0):    2.123 # [msec]
   Debug_Time(1):    1.618 # [msec]
   Debug_Time(2):    0.505 # [msec]
-
   Version      : 1.2
   Ways         : 32
   Words        : 1
   Feedback     : 2
   WordBits     : 32
   IndexBits    : 32
   Sort Order   : 0
   Sign Compare : 0
   Max Size     : 268435455
   Debug Enable : 1
   size         : 130000
   average_time :    2.527 # [msec]
   throughput   :   51.442 # [mwords/sec]
   Debug_Time(0):    2.146 # [msec]
   Debug_Time(1):    1.621 # [msec]
   Debug_Time(2):    0.525 # [msec]
-
   Version      : 1.2
   Ways         : 32
   Words        : 1
   Feedback     : 2
   WordBits     : 32
   IndexBits    : 32
   Sort Order   : 0
   Sign Compare : 0
   Max Size     : 268435455
   Debug Enable : 1
   size         : 135000
   average_time :    2.942 # [msec]
   throughput   :   45.889 # [mwords/sec]
   Debug_Time(0):    2.581 # [msec]
   Debug_Time(1):    2.034 # [msec]
   Debug_Time(2):    0.547 # [msec]
-
   Version      : 1.2
   Ways         : 32
   Words        : 1
   Feedback     : 2
   WordBits     : 32
   IndexBits    : 32
   Sort Order   : 0
   Sign Compare : 0
   Max Size     : 268435455
   Debug Enable : 1
   size         : 140000
   average_time :    3.004 # [msec]
   throughput   :   46.612 # [mwords/sec]
   Debug_Time(0):    2.648 # [msec]
   Debug_Time(1):    2.082 # [msec]
   Debug_Time(2):    0.566 # [msec]
-
   Version      : 1.2
   Ways         : 32
   Words        : 1
   Feedback     : 2
   WordBits     : 32
   IndexBits    : 32
   Sort Order   : 0
   Sign Compare : 0
   Max Size     : 268435455
   Debug Enable : 1
   size         : 145000
   average_time :    3.072 # [msec]
   throughput   :   47.200 # [mwords/sec]
   Debug_Time(0):    2.727 # [msec]
   Debug_Time(1):    2.141 # [msec]
   Debug_Time(2):    0.586 # [msec]
-
   Version      : 1.2
   Ways         : 32
   Words        : 1
   Feedback     : 2
   WordBits     : 32
   IndexBits    : 32
   Sort Order   : 0
   Sign Compare : 0
   Max Size     : 268435455
   Debug Enable : 1
   size         : 150000
   average_time :    3.144 # [msec]
   throughput   :   47.707 # [mwords/sec]
   Debug_Time(0):    2.834 # [msec]
   Debug_Time(1):    2.228 # [msec]
   Debug_Time(2):    0.606 # [msec]
-
   Version      : 1.2
   Ways         : 32
   Words        : 1
   Feedback     : 2
   WordBits     : 32
   IndexBits    : 32
   Sort Order   : 0
   Sign Compare : 0
   Max Size     : 268435455
   Debug Enable : 1
   size         : 155000
   average_time :    3.201 # [msec]
   throughput   :   48.415 # [mwords/sec]
   Debug_Time(0):    2.874 # [msec]
   Debug_Time(1):    2.248 # [msec]
   Debug_Time(2):    0.626 # [msec]
-
   Version      : 1.2
   Ways         : 32
   Words        : 1
   Feedback     : 2
   WordBits     : 32
   IndexBits    : 32
   Sort Order   : 0
   Sign Compare : 0
   Max Size     : 268435455
   Debug Enable : 1
   size         : 160000
   average_time :    3.231 # [msec]
   throughput   :   49.520 # [mwords/sec]
   Debug_Time(0):    2.909 # [msec]
   Debug_Time(1):    2.263 # [msec]
   Debug_Time(2):    0.646 # [msec]
-
   Version      : 1.2
   Ways         : 32
   Words        : 1
   Feedback     : 2
   WordBits     : 32
   IndexBits    : 32
   Sort Order   : 0
   Sign Compare : 0
   Max Size     : 268435455
   Debug Enable : 1
   size         : 165000
   average_time :    3.722 # [msec]
   throughput   :   44.335 # [mwords/sec]
   Debug_Time(0):    3.416 # [msec]
   Debug_Time(1):    2.749 # [msec]
   Debug_Time(2):    0.668 # [msec]
-
   Version      : 1.2
   Ways         : 32
   Words        : 1
   Feedback     : 2
   WordBits     : 32
   IndexBits    : 32
   Sort Order   : 0
   Sign Compare : 0
   Max Size     : 268435455
   Debug Enable : 1
   size         : 170000
   average_time :    3.776 # [msec]
   throughput   :   45.023 # [mwords/sec]
   Debug_Time(0):    3.479 # [msec]
   Debug_Time(1):    2.790 # [msec]
   Debug_Time(2):    0.688 # [msec]
-
   Version      : 1.2
   Ways         : 32
   Words        : 1
   Feedback     : 2
   WordBits     : 32
   IndexBits    : 32
   Sort Order   : 0
   Sign Compare : 0
   Max Size     : 268435455
   Debug Enable : 1
   size         : 175000
   average_time :    3.831 # [msec]
   throughput   :   45.681 # [mwords/sec]
   Debug_Time(0):    3.560 # [msec]
   Debug_Time(1):    2.852 # [msec]
   Debug_Time(2):    0.708 # [msec]
-
   Version      : 1.2
   Ways         : 32
   Words        : 1
   Feedback     : 2
   WordBits     : 32
   IndexBits    : 32
   Sort Order   : 0
   Sign Compare : 0
   Max Size     : 268435455
   Debug Enable : 1
   size         : 180000
   average_time :    3.898 # [msec]
   throughput   :   46.181 # [mwords/sec]
   Debug_Time(0):    3.614 # [msec]
   Debug_Time(1):    2.887 # [msec]
   Debug_Time(2):    0.727 # [msec]
-
   Version      : 1.2
   Ways         : 32
   Words        : 1
   Feedback     : 2
   WordBits     : 32
   IndexBits    : 32
   Sort Order   : 0
   Sign Compare : 0
   Max Size     : 268435455
   Debug Enable : 1
   size         : 185000
   average_time :    3.973 # [msec]
   throughput   :   46.570 # [mwords/sec]
   Debug_Time(0):    3.689 # [msec]
   Debug_Time(1):    2.942 # [msec]
   Debug_Time(2):    0.747 # [msec]
-
   Version      : 1.2
   Ways         : 32
   Words        : 1
   Feedback     : 2
   WordBits     : 32
   IndexBits    : 32
   Sort Order   : 0
   Sign Compare : 0
   Max Size     : 268435455
   Debug Enable : 1
   size         : 190000
   average_time :    4.020 # [msec]
   throughput   :   47.269 # [mwords/sec]
   Debug_Time(0):    3.768 # [msec]
   Debug_Time(1):    3.001 # [msec]
   Debug_Time(2):    0.767 # [msec]
-
   Version      : 1.2
   Ways         : 32
   Words        : 1
   Feedback     : 2
   WordBits     : 32
   IndexBits    : 32
   Sort Order   : 0
   Sign Compare : 0
   Max Size     : 268435455
   Debug Enable : 1
   size         : 195000
   average_time :    4.104 # [msec]
   throughput   :   47.520 # [mwords/sec]
   Debug_Time(0):    3.831 # [msec]
   Debug_Time(1):    3.044 # [msec]
   Debug_Time(2):    0.787 # [msec]
-
   Version      : 1.2
   Ways         : 32
   Words        : 1
   Feedback     : 2
   WordBits     : 32
   IndexBits    : 32
   Sort Order   : 0
   Sign Compare : 0
   Max Size     : 268435455
   Debug Enable : 1
   size         : 200000
   average_time :    4.525 # [msec]
   throughput   :   44.197 # [mwords/sec]
   Debug_Time(0):    4.252 # [msec]
   Debug_Time(1):    3.443 # [msec]
   Debug_Time(2):    0.809 # [msec]
-
   Version      : 1.2
   Ways         : 32
   Words        : 1
   Feedback     : 2
   WordBits     : 32
   IndexBits    : 32
   Sort Order   : 0
   Sign Compare : 0
   Max Size     : 268435455
   Debug Enable : 1
   size         : 205000
   average_time :    4.575 # [msec]
   throughput   :   44.811 # [mwords/sec]
   Debug_Time(0):    4.319 # [msec]
   Debug_Time(1):    3.490 # [msec]
   Debug_Time(2):    0.829 # [msec]
-
   Version      : 1.2
   Ways         : 32
   Words        : 1
   Feedback     : 2
   WordBits     : 32
   IndexBits    : 32
   Sort Order   : 0
   Sign Compare : 0
   Max Size     : 268435455
   Debug Enable : 1
   size         : 210000
   average_time :    4.651 # [msec]
   throughput   :   45.148 # [mwords/sec]
   Debug_Time(0):    4.413 # [msec]
   Debug_Time(1):    3.564 # [msec]
   Debug_Time(2):    0.849 # [msec]
-
   Version      : 1.2
   Ways         : 32
   Words        : 1
   Feedback     : 2
   WordBits     : 32
   IndexBits    : 32
   Sort Order   : 0
   Sign Compare : 0
   Max Size     : 268435455
   Debug Enable : 1
   size         : 215000
   average_time :    4.694 # [msec]
   throughput   :   45.804 # [mwords/sec]
   Debug_Time(0):    4.454 # [msec]
   Debug_Time(1):    3.585 # [msec]
   Debug_Time(2):    0.869 # [msec]
-
   Version      : 1.2
   Ways         : 32
   Words        : 1
   Feedback     : 2
   WordBits     : 32
   IndexBits    : 32
   Sort Order   : 0
   Sign Compare : 0
   Max Size     : 268435455
   Debug Enable : 1
   size         : 220000
   average_time :    4.730 # [msec]
   throughput   :   46.508 # [mwords/sec]
   Debug_Time(0):    4.501 # [msec]
   Debug_Time(1):    3.612 # [msec]
   Debug_Time(2):    0.889 # [msec]
-
   Version      : 1.2
   Ways         : 32
   Words        : 1
   Feedback     : 2
   WordBits     : 32
   IndexBits    : 32
   Sort Order   : 0
   Sign Compare : 0
   Max Size     : 268435455
   Debug Enable : 1
   size         : 225000
   average_time :    4.730 # [msec]
   throughput   :   47.570 # [mwords/sec]
   Debug_Time(0):    4.460 # [msec]
   Debug_Time(1):    3.551 # [msec]
   Debug_Time(2):    0.909 # [msec]
-
   Version      : 1.2
   Ways         : 32
   Words        : 1
   Feedback     : 2
   WordBits     : 32
   IndexBits    : 32
   Sort Order   : 0
   Sign Compare : 0
   Max Size     : 268435455
   Debug Enable : 1
   size         : 230000
   average_time :    4.838 # [msec]
   throughput   :   47.535 # [mwords/sec]
   Debug_Time(0):    4.619 # [msec]
   Debug_Time(1):    3.690 # [msec]
   Debug_Time(2):    0.929 # [msec]
-
   Version      : 1.2
   Ways         : 32
   Words        : 1
   Feedback     : 2
   WordBits     : 32
   IndexBits    : 32
   Sort Order   : 0
   Sign Compare : 0
   Max Size     : 268435455
   Debug Enable : 1
   size         : 235000
   average_time :    5.267 # [msec]
   throughput   :   44.618 # [mwords/sec]
   Debug_Time(0):    5.016 # [msec]
   Debug_Time(1):    4.067 # [msec]
   Debug_Time(2):    0.950 # [msec]
-
   Version      : 1.2
   Ways         : 32
   Words        : 1
   Feedback     : 2
   WordBits     : 32
   IndexBits    : 32
   Sort Order   : 0
   Sign Compare : 0
   Max Size     : 268435455
   Debug Enable : 1
   size         : 240000
   average_time :    5.293 # [msec]
   throughput   :   45.342 # [mwords/sec]
   Debug_Time(0):    5.019 # [msec]
   Debug_Time(1):    4.049 # [msec]
   Debug_Time(2):    0.970 # [msec]
-
   Version      : 1.2
   Ways         : 32
   Words        : 1
   Feedback     : 2
   WordBits     : 32
   IndexBits    : 32
   Sort Order   : 0
   Sign Compare : 0
   Max Size     : 268435455
   Debug Enable : 1
   size         : 245000
   average_time :    5.360 # [msec]
   throughput   :   45.706 # [mwords/sec]
   Debug_Time(0):    5.156 # [msec]
   Debug_Time(1):    4.166 # [msec]
   Debug_Time(2):    0.990 # [msec]
-
   Version      : 1.2
   Ways         : 32
   Words        : 1
   Feedback     : 2
   WordBits     : 32
   IndexBits    : 32
   Sort Order   : 0
   Sign Compare : 0
   Max Size     : 268435455
   Debug Enable : 1
   size         : 250000
   average_time :    5.388 # [msec]
   throughput   :   46.401 # [mwords/sec]
   Debug_Time(0):    5.187 # [msec]
   Debug_Time(1):    4.177 # [msec]
   Debug_Time(2):    1.010 # [msec]
-
   Version      : 1.2
   Ways         : 32
   Words        : 1
   Feedback     : 2
   WordBits     : 32
   IndexBits    : 32
   Sort Order   : 0
   Sign Compare : 0
   Max Size     : 268435455
   Debug Enable : 1
   size         : 255000
   average_time :    5.461 # [msec]
   throughput   :   46.698 # [mwords/sec]
   Debug_Time(0):    5.249 # [msec]
   Debug_Time(1):    4.219 # [msec]
   Debug_Time(2):    1.030 # [msec]
-
   Version      : 1.2
   Ways         : 32
   Words        : 1
   Feedback     : 2
   WordBits     : 32
   IndexBits    : 32
   Sort Order   : 0
   Sign Compare : 0
   Max Size     : 268435455
   Debug Enable : 1
   size         : 260000
   average_time :    5.493 # [msec]
   throughput   :   47.334 # [mwords/sec]
   Debug_Time(0):    5.285 # [msec]
   Debug_Time(1):    4.234 # [msec]
   Debug_Time(2):    1.050 # [msec]
-
   Version      : 1.2
   Ways         : 32
   Words        : 1
   Feedback     : 2
   WordBits     : 32
   IndexBits    : 32
   Sort Order   : 0
   Sign Compare : 0
   Max Size     : 268435455
   Debug Enable : 1
   size         : 265000
   average_time :    5.915 # [msec]
   throughput   :   44.799 # [mwords/sec]
   Debug_Time(0):    5.652 # [msec]
   Debug_Time(1):    4.581 # [msec]
   Debug_Time(2):    1.071 # [msec]
-
   Version      : 1.2
   Ways         : 32
   Words        : 1
   Feedback     : 2
   WordBits     : 32
   IndexBits    : 32
   Sort Order   : 0
   Sign Compare : 0
   Max Size     : 268435455
   Debug Enable : 1
   size         : 270000
   average_time :    5.956 # [msec]
   throughput   :   45.333 # [mwords/sec]
   Debug_Time(0):    5.698 # [msec]
   Debug_Time(1):    4.607 # [msec]
   Debug_Time(2):    1.091 # [msec]
-
   Version      : 1.2
   Ways         : 32
   Words        : 1
   Feedback     : 2
   WordBits     : 32
   IndexBits    : 32
   Sort Order   : 0
   Sign Compare : 0
   Max Size     : 268435455
   Debug Enable : 1
   size         : 275000
   average_time :    5.993 # [msec]
   throughput   :   45.890 # [mwords/sec]
   Debug_Time(0):    5.720 # [msec]
   Debug_Time(1):    4.609 # [msec]
   Debug_Time(2):    1.111 # [msec]
-
   Version      : 1.2
   Ways         : 32
   Words        : 1
   Feedback     : 2
   WordBits     : 32
   IndexBits    : 32
   Sort Order   : 0
   Sign Compare : 0
   Max Size     : 268435455
   Debug Enable : 1
   size         : 280000
   average_time :    6.033 # [msec]
   throughput   :   46.414 # [mwords/sec]
   Debug_Time(0):    5.728 # [msec]
   Debug_Time(1):    4.597 # [msec]
   Debug_Time(2):    1.131 # [msec]
-
   Version      : 1.2
   Ways         : 32
   Words        : 1
   Feedback     : 2
   WordBits     : 32
   IndexBits    : 32
   Sort Order   : 0
   Sign Compare : 0
   Max Size     : 268435455
   Debug Enable : 1
   size         : 285000
   average_time :    6.063 # [msec]
   throughput   :   47.007 # [mwords/sec]
   Debug_Time(0):    5.744 # [msec]
   Debug_Time(1):    4.593 # [msec]
   Debug_Time(2):    1.151 # [msec]
-
   Version      : 1.2
   Ways         : 32
   Words        : 1
   Feedback     : 2
   WordBits     : 32
   IndexBits    : 32
   Sort Order   : 0
   Sign Compare : 0
   Max Size     : 268435455
   Debug Enable : 1
   size         : 290000
   average_time :    6.124 # [msec]
   throughput   :   47.351 # [mwords/sec]
   Debug_Time(0):    5.771 # [msec]
   Debug_Time(1):    4.600 # [msec]
   Debug_Time(2):    1.171 # [msec]
-
   Version      : 1.2
   Ways         : 32
   Words        : 1
   Feedback     : 2
   WordBits     : 32
   IndexBits    : 32
   Sort Order   : 0
   Sign Compare : 0
   Max Size     : 268435455
   Debug Enable : 1
   size         : 295000
   average_time :    6.178 # [msec]
   throughput   :   47.754 # [mwords/sec]
   Debug_Time(0):    5.826 # [msec]
   Debug_Time(1):    4.633 # [msec]
   Debug_Time(2):    1.193 # [msec]
-
   Version      : 1.2
   Ways         : 32
   Words        : 1
   Feedback     : 2
   WordBits     : 32
   IndexBits    : 32
   Sort Order   : 0
   Sign Compare : 0
   Max Size     : 268435455
   Debug Enable : 1
   size         : 300000
   average_time :    6.576 # [msec]
   throughput   :   45.617 # [mwords/sec]
   Debug_Time(0):    6.291 # [msec]
   Debug_Time(1):    5.078 # [msec]
   Debug_Time(2):    1.212 # [msec]
-
   Version      : 1.2
   Ways         : 32
   Words        : 1
   Feedback     : 2
   WordBits     : 32
   IndexBits    : 32
   Sort Order   : 0
   Sign Compare : 0
   Max Size     : 268435455
   Debug Enable : 1
   size         : 305000
   average_time :    6.618 # [msec]
   throughput   :   46.089 # [mwords/sec]
   Debug_Time(0):    6.321 # [msec]
   Debug_Time(1):    5.089 # [msec]
   Debug_Time(2):    1.232 # [msec]
-
   Version      : 1.2
   Ways         : 32
   Words        : 1
   Feedback     : 2
   WordBits     : 32
   IndexBits    : 32
   Sort Order   : 0
   Sign Compare : 0
   Max Size     : 268435455
   Debug Enable : 1
   size         : 310000
   average_time :    6.644 # [msec]
   throughput   :   46.658 # [mwords/sec]
   Debug_Time(0):    6.363 # [msec]
   Debug_Time(1):    5.111 # [msec]
   Debug_Time(2):    1.252 # [msec]
-
   Version      : 1.2
   Ways         : 32
   Words        : 1
   Feedback     : 2
   WordBits     : 32
   IndexBits    : 32
   Sort Order   : 0
   Sign Compare : 0
   Max Size     : 268435455
   Debug Enable : 1
   size         : 315000
   average_time :    6.702 # [msec]
   throughput   :   47.003 # [mwords/sec]
   Debug_Time(0):    6.425 # [msec]
   Debug_Time(1):    5.154 # [msec]
   Debug_Time(2):    1.272 # [msec]
-
   Version      : 1.2
   Ways         : 32
   Words        : 1
   Feedback     : 2
   WordBits     : 32
   IndexBits    : 32
   Sort Order   : 0
   Sign Compare : 0
   Max Size     : 268435455
   Debug Enable : 1
   size         : 320000
   average_time :    6.710 # [msec]
   throughput   :   47.689 # [mwords/sec]
   Debug_Time(0):    6.444 # [msec]
   Debug_Time(1):    5.152 # [msec]
   Debug_Time(2):    1.292 # [msec]
-
   Version      : 1.2
   Ways         : 32
   Words        : 1
   Feedback     : 2
   WordBits     : 32
   IndexBits    : 32
   Sort Order   : 0
   Sign Compare : 0
   Max Size     : 268435455
   Debug Enable : 1
   size         : 325000
   average_time :    6.787 # [msec]
   throughput   :   47.883 # [mwords/sec]
   Debug_Time(0):    6.524 # [msec]
   Debug_Time(1):    5.212 # [msec]
   Debug_Time(2):    1.312 # [msec]
-
   Version      : 1.2
   Ways         : 32
   Words        : 1
   Feedback     : 2
   WordBits     : 32
   IndexBits    : 32
   Sort Order   : 0
   Sign Compare : 0
   Max Size     : 268435455
   Debug Enable : 1
   size         : 330000
   average_time :    7.215 # [msec]
   throughput   :   45.741 # [mwords/sec]
   Debug_Time(0):    6.921 # [msec]
   Debug_Time(1):    5.588 # [msec]
   Debug_Time(2):    1.333 # [msec]
-
   Version      : 1.2
   Ways         : 32
   Words        : 1
   Feedback     : 2
   WordBits     : 32
   IndexBits    : 32
   Sort Order   : 0
   Sign Compare : 0
   Max Size     : 268435455
   Debug Enable : 1
   size         : 335000
   average_time :    7.232 # [msec]
   throughput   :   46.319 # [mwords/sec]
   Debug_Time(0):    6.961 # [msec]
   Debug_Time(1):    5.607 # [msec]
   Debug_Time(2):    1.353 # [msec]
-
   Version      : 1.2
   Ways         : 32
   Words        : 1
   Feedback     : 2
   WordBits     : 32
   IndexBits    : 32
   Sort Order   : 0
   Sign Compare : 0
   Max Size     : 268435455
   Debug Enable : 1
   size         : 340000
   average_time :    7.281 # [msec]
   throughput   :   46.695 # [mwords/sec]
   Debug_Time(0):    7.012 # [msec]
   Debug_Time(1):    5.639 # [msec]
   Debug_Time(2):    1.373 # [msec]
-
   Version      : 1.2
   Ways         : 32
   Words        : 1
   Feedback     : 2
   WordBits     : 32
   IndexBits    : 32
   Sort Order   : 0
   Sign Compare : 0
   Max Size     : 268435455
   Debug Enable : 1
   size         : 345000
   average_time :    7.307 # [msec]
   throughput   :   47.213 # [mwords/sec]
   Debug_Time(0):    7.038 # [msec]
   Debug_Time(1):    5.644 # [msec]
   Debug_Time(2):    1.394 # [msec]
-
   Version      : 1.2
   Ways         : 32
   Words        : 1
   Feedback     : 2
   WordBits     : 32
   IndexBits    : 32
   Sort Order   : 0
   Sign Compare : 0
   Max Size     : 268435455
   Debug Enable : 1
   size         : 350000
   average_time :    7.358 # [msec]
   throughput   :   47.566 # [mwords/sec]
   Debug_Time(0):    7.058 # [msec]
   Debug_Time(1):    5.645 # [msec]
   Debug_Time(2):    1.413 # [msec]
-
   Version      : 1.2
   Ways         : 32
   Words        : 1
   Feedback     : 2
   WordBits     : 32
   IndexBits    : 32
   Sort Order   : 0
   Sign Compare : 0
   Max Size     : 268435455
   Debug Enable : 1
   size         : 355000
   average_time :    7.403 # [msec]
   throughput   :   47.956 # [mwords/sec]
   Debug_Time(0):    7.106 # [msec]
   Debug_Time(1):    5.673 # [msec]
   Debug_Time(2):    1.433 # [msec]
-
   Version      : 1.2
   Ways         : 32
   Words        : 1
   Feedback     : 2
   WordBits     : 32
   IndexBits    : 32
   Sort Order   : 0
   Sign Compare : 0
   Max Size     : 268435455
   Debug Enable : 1
   size         : 360000
   average_time :    7.457 # [msec]
   throughput   :   48.278 # [mwords/sec]
   Debug_Time(0):    7.148 # [msec]
   Debug_Time(1):    5.695 # [msec]
   Debug_Time(2):    1.453 # [msec]
-
   Version      : 1.2
   Ways         : 32
   Words        : 1
   Feedback     : 2
   WordBits     : 32
   IndexBits    : 32
   Sort Order   : 0
   Sign Compare : 0
   Max Size     : 268435455
   Debug Enable : 1
   size         : 365000
   average_time :    7.862 # [msec]
   throughput   :   46.427 # [mwords/sec]
   Debug_Time(0):    7.580 # [msec]
   Debug_Time(1):    6.106 # [msec]
   Debug_Time(2):    1.474 # [msec]
-
   Version      : 1.2
   Ways         : 32
   Words        : 1
   Feedback     : 2
   WordBits     : 32
   IndexBits    : 32
   Sort Order   : 0
   Sign Compare : 0
   Max Size     : 268435455
   Debug Enable : 1
   size         : 370000
   average_time :    7.896 # [msec]
   throughput   :   46.857 # [mwords/sec]
   Debug_Time(0):    7.623 # [msec]
   Debug_Time(1):    6.129 # [msec]
   Debug_Time(2):    1.494 # [msec]
-
   Version      : 1.2
   Ways         : 32
   Words        : 1
   Feedback     : 2
   WordBits     : 32
   IndexBits    : 32
   Sort Order   : 0
   Sign Compare : 0
   Max Size     : 268435455
   Debug Enable : 1
   size         : 375000
   average_time :    7.919 # [msec]
   throughput   :   47.353 # [mwords/sec]
   Debug_Time(0):    7.659 # [msec]
   Debug_Time(1):    6.144 # [msec]
   Debug_Time(2):    1.515 # [msec]
-
   Version      : 1.2
   Ways         : 32
   Words        : 1
   Feedback     : 2
   WordBits     : 32
   IndexBits    : 32
   Sort Order   : 0
   Sign Compare : 0
   Max Size     : 268435455
   Debug Enable : 1
   size         : 380000
   average_time :    7.975 # [msec]
   throughput   :   47.647 # [mwords/sec]
   Debug_Time(0):    7.703 # [msec]
   Debug_Time(1):    6.169 # [msec]
   Debug_Time(2):    1.534 # [msec]
-
   Version      : 1.2
   Ways         : 32
   Words        : 1
   Feedback     : 2
   WordBits     : 32
   IndexBits    : 32
   Sort Order   : 0
   Sign Compare : 0
   Max Size     : 268435455
   Debug Enable : 1
   size         : 385000
   average_time :    8.012 # [msec]
   throughput   :   48.054 # [mwords/sec]
   Debug_Time(0):    7.736 # [msec]
   Debug_Time(1):    6.181 # [msec]
   Debug_Time(2):    1.555 # [msec]
-
   Version      : 1.2
   Ways         : 32
   Words        : 1
   Feedback     : 2
   WordBits     : 32
   IndexBits    : 32
   Sort Order   : 0
   Sign Compare : 0
   Max Size     : 268435455
   Debug Enable : 1
   size         : 390000
   average_time :    8.051 # [msec]
   throughput   :   48.438 # [mwords/sec]
   Debug_Time(0):    7.763 # [msec]
   Debug_Time(1):    6.189 # [msec]
   Debug_Time(2):    1.574 # [msec]
-
   Version      : 1.2
   Ways         : 32
   Words        : 1
   Feedback     : 2
   WordBits     : 32
   IndexBits    : 32
   Sort Order   : 0
   Sign Compare : 0
   Max Size     : 268435455
   Debug Enable : 1
   size         : 395000
   average_time :    8.480 # [msec]
   throughput   :   46.580 # [mwords/sec]
   Debug_Time(0):    8.235 # [msec]
   Debug_Time(1):    6.640 # [msec]
   Debug_Time(2):    1.595 # [msec]
-
   Version      : 1.2
   Ways         : 32
   Words        : 1
   Feedback     : 2
   WordBits     : 32
   IndexBits    : 32
   Sort Order   : 0
   Sign Compare : 0
   Max Size     : 268435455
   Debug Enable : 1
   size         : 400000
   average_time :    8.522 # [msec]
   throughput   :   46.940 # [mwords/sec]
   Debug_Time(0):    8.250 # [msec]
   Debug_Time(1):    6.635 # [msec]
   Debug_Time(2):    1.615 # [msec]
-
   Version      : 1.2
   Ways         : 32
   Words        : 1
   Feedback     : 2
   WordBits     : 32
   IndexBits    : 32
   Sort Order   : 0
   Sign Compare : 0
   Max Size     : 268435455
   Debug Enable : 1
   size         : 405000
   average_time :    8.572 # [msec]
   throughput   :   47.246 # [mwords/sec]
   Debug_Time(0):    8.269 # [msec]
   Debug_Time(1):    6.634 # [msec]
   Debug_Time(2):    1.635 # [msec]
-
   Version      : 1.2
   Ways         : 32
   Words        : 1
   Feedback     : 2
   WordBits     : 32
   IndexBits    : 32
   Sort Order   : 0
   Sign Compare : 0
   Max Size     : 268435455
   Debug Enable : 1
   size         : 410000
   average_time :    8.597 # [msec]
   throughput   :   47.693 # [mwords/sec]
   Debug_Time(0):    8.337 # [msec]
   Debug_Time(1):    6.681 # [msec]
   Debug_Time(2):    1.655 # [msec]
-
   Version      : 1.2
   Ways         : 32
   Words        : 1
   Feedback     : 2
   WordBits     : 32
   IndexBits    : 32
   Sort Order   : 0
   Sign Compare : 0
   Max Size     : 268435455
   Debug Enable : 1
   size         : 415000
   average_time :    8.646 # [msec]
   throughput   :   47.997 # [mwords/sec]
   Debug_Time(0):    8.396 # [msec]
   Debug_Time(1):    6.721 # [msec]
   Debug_Time(2):    1.675 # [msec]
-
   Version      : 1.2
   Ways         : 32
   Words        : 1
   Feedback     : 2
   WordBits     : 32
   IndexBits    : 32
   Sort Order   : 0
   Sign Compare : 0
   Max Size     : 268435455
   Debug Enable : 1
   size         : 420000
   average_time :    8.685 # [msec]
   throughput   :   48.360 # [mwords/sec]
   Debug_Time(0):    8.348 # [msec]
   Debug_Time(1):    6.653 # [msec]
   Debug_Time(2):    1.695 # [msec]
-
   Version      : 1.2
   Ways         : 32
   Words        : 1
   Feedback     : 2
   WordBits     : 32
   IndexBits    : 32
   Sort Order   : 0
   Sign Compare : 0
   Max Size     : 268435455
   Debug Enable : 1
   size         : 425000
   average_time :    8.708 # [msec]
   throughput   :   48.806 # [mwords/sec]
   Debug_Time(0):    8.398 # [msec]
   Debug_Time(1):    6.682 # [msec]
   Debug_Time(2):    1.716 # [msec]
-
   Version      : 1.2
   Ways         : 32
   Words        : 1
   Feedback     : 2
   WordBits     : 32
   IndexBits    : 32
   Sort Order   : 0
   Sign Compare : 0
   Max Size     : 268435455
   Debug Enable : 1
   size         : 430000
   average_time :    9.126 # [msec]
   throughput   :   47.118 # [mwords/sec]
   Debug_Time(0):    8.873 # [msec]
   Debug_Time(1):    7.136 # [msec]
   Debug_Time(2):    1.736 # [msec]
-
   Version      : 1.2
   Ways         : 32
   Words        : 1
   Feedback     : 2
   WordBits     : 32
   IndexBits    : 32
   Sort Order   : 0
   Sign Compare : 0
   Max Size     : 268435455
   Debug Enable : 1
   size         : 435000
   average_time :    9.168 # [msec]
   throughput   :   47.449 # [mwords/sec]
   Debug_Time(0):    8.863 # [msec]
   Debug_Time(1):    7.106 # [msec]
   Debug_Time(2):    1.756 # [msec]
-
   Version      : 1.2
   Ways         : 32
   Words        : 1
   Feedback     : 2
   WordBits     : 32
   IndexBits    : 32
   Sort Order   : 0
   Sign Compare : 0
   Max Size     : 268435455
   Debug Enable : 1
   size         : 440000
   average_time :    9.198 # [msec]
   throughput   :   47.837 # [mwords/sec]
   Debug_Time(0):    8.906 # [msec]
   Debug_Time(1):    7.130 # [msec]
   Debug_Time(2):    1.776 # [msec]
-
   Version      : 1.2
   Ways         : 32
   Words        : 1
   Feedback     : 2
   WordBits     : 32
   IndexBits    : 32
   Sort Order   : 0
   Sign Compare : 0
   Max Size     : 268435455
   Debug Enable : 1
   size         : 445000
   average_time :    9.252 # [msec]
   throughput   :   48.100 # [mwords/sec]
   Debug_Time(0):    8.871 # [msec]
   Debug_Time(1):    7.075 # [msec]
   Debug_Time(2):    1.796 # [msec]
-
   Version      : 1.2
   Ways         : 32
   Words        : 1
   Feedback     : 2
   WordBits     : 32
   IndexBits    : 32
   Sort Order   : 0
   Sign Compare : 0
   Max Size     : 268435455
   Debug Enable : 1
   size         : 450000
   average_time :    9.266 # [msec]
   throughput   :   48.566 # [mwords/sec]
   Debug_Time(0):    8.909 # [msec]
   Debug_Time(1):    7.093 # [msec]
   Debug_Time(2):    1.816 # [msec]
-
   Version      : 1.2
   Ways         : 32
   Words        : 1
   Feedback     : 2
   WordBits     : 32
   IndexBits    : 32
   Sort Order   : 0
   Sign Compare : 0
   Max Size     : 268435455
   Debug Enable : 1
   size         : 455000
   average_time :    9.308 # [msec]
   throughput   :   48.882 # [mwords/sec]
   Debug_Time(0):    8.971 # [msec]
   Debug_Time(1):    7.135 # [msec]
   Debug_Time(2):    1.836 # [msec]
-
   Version      : 1.2
   Ways         : 32
   Words        : 1
   Feedback     : 2
   WordBits     : 32
   IndexBits    : 32
   Sort Order   : 0
   Sign Compare : 0
   Max Size     : 268435455
   Debug Enable : 1
   size         : 460000
   average_time :    9.750 # [msec]
   throughput   :   47.177 # [mwords/sec]
   Debug_Time(0):    9.369 # [msec]
   Debug_Time(1):    7.512 # [msec]
   Debug_Time(2):    1.857 # [msec]
-
   Version      : 1.2
   Ways         : 32
   Words        : 1
   Feedback     : 2
   WordBits     : 32
   IndexBits    : 32
   Sort Order   : 0
   Sign Compare : 0
   Max Size     : 268435455
   Debug Enable : 1
   size         : 465000
   average_time :    9.806 # [msec]
   throughput   :   47.419 # [mwords/sec]
   Debug_Time(0):    9.379 # [msec]
   Debug_Time(1):    7.501 # [msec]
   Debug_Time(2):    1.878 # [msec]
-
   Version      : 1.2
   Ways         : 32
   Words        : 1
   Feedback     : 2
   WordBits     : 32
   IndexBits    : 32
   Sort Order   : 0
   Sign Compare : 0
   Max Size     : 268435455
   Debug Enable : 1
   size         : 470000
   average_time :    9.817 # [msec]
   throughput   :   47.875 # [mwords/sec]
   Debug_Time(0):    9.431 # [msec]
   Debug_Time(1):    7.533 # [msec]
   Debug_Time(2):    1.898 # [msec]
-
   Version      : 1.2
   Ways         : 32
   Words        : 1
   Feedback     : 2
   WordBits     : 32
   IndexBits    : 32
   Sort Order   : 0
   Sign Compare : 0
   Max Size     : 268435455
   Debug Enable : 1
   size         : 475000
   average_time :    9.861 # [msec]
   throughput   :   48.170 # [mwords/sec]
   Debug_Time(0):    9.508 # [msec]
   Debug_Time(1):    7.590 # [msec]
   Debug_Time(2):    1.918 # [msec]
-
   Version      : 1.2
   Ways         : 32
   Words        : 1
   Feedback     : 2
   WordBits     : 32
   IndexBits    : 32
   Sort Order   : 0
   Sign Compare : 0
   Max Size     : 268435455
   Debug Enable : 1
   size         : 480000
   average_time :    9.840 # [msec]
   throughput   :   48.779 # [mwords/sec]
   Debug_Time(0):    9.516 # [msec]
   Debug_Time(1):    7.579 # [msec]
   Debug_Time(2):    1.937 # [msec]
-
   Version      : 1.2
   Ways         : 32
   Words        : 1
   Feedback     : 2
   WordBits     : 32
   IndexBits    : 32
   Sort Order   : 0
   Sign Compare : 0
   Max Size     : 268435455
   Debug Enable : 1
   size         : 485000
   average_time :    9.946 # [msec]
   throughput   :   48.765 # [mwords/sec]
   Debug_Time(0):    9.619 # [msec]
   Debug_Time(1):    7.662 # [msec]
   Debug_Time(2):    1.957 # [msec]
-
   Version      : 1.2
   Ways         : 32
   Words        : 1
   Feedback     : 2
   WordBits     : 32
   IndexBits    : 32
   Sort Order   : 0
   Sign Compare : 0
   Max Size     : 268435455
   Debug Enable : 1
   size         : 490000
   average_time :    9.989 # [msec]
   throughput   :   49.052 # [mwords/sec]
   Debug_Time(0):    9.687 # [msec]
   Debug_Time(1):    7.710 # [msec]
   Debug_Time(2):    1.977 # [msec]
-
   Version      : 1.2
   Ways         : 32
   Words        : 1
   Feedback     : 2
   WordBits     : 32
   IndexBits    : 32
   Sort Order   : 0
   Sign Compare : 0
   Max Size     : 268435455
   Debug Enable : 1
   size         : 495000
   average_time :   10.388 # [msec]
   throughput   :   47.651 # [mwords/sec]
   Debug_Time(0):   10.166 # [msec]
   Debug_Time(1):    8.168 # [msec]
   Debug_Time(2):    1.998 # [msec]
-
   Version      : 1.2
   Ways         : 32
   Words        : 1
   Feedback     : 2
   WordBits     : 32
   IndexBits    : 32
   Sort Order   : 0
   Sign Compare : 0
   Max Size     : 268435455
   Debug Enable : 1
   size         : 500000
   average_time :   10.437 # [msec]
   throughput   :   47.906 # [mwords/sec]
   Debug_Time(0):   10.194 # [msec]
   Debug_Time(1):    8.175 # [msec]
   Debug_Time(2):    2.018 # [msec]
-
   Version      : 1.2
   Ways         : 32
   Words        : 1
   Feedback     : 2
   WordBits     : 32
   IndexBits    : 32
   Sort Order   : 0
   Sign Compare : 0
   Max Size     : 268435455
   Debug Enable : 1
   size         : 505000
   average_time :   10.455 # [msec]
   throughput   :   48.301 # [mwords/sec]
   Debug_Time(0):   10.238 # [msec]
   Debug_Time(1):    8.199 # [msec]
   Debug_Time(2):    2.039 # [msec]
-
   Version      : 1.2
   Ways         : 32
   Words        : 1
   Feedback     : 2
   WordBits     : 32
   IndexBits    : 32
   Sort Order   : 0
   Sign Compare : 0
   Max Size     : 268435455
   Debug Enable : 1
   size         : 510000
   average_time :   10.498 # [msec]
   throughput   :   48.579 # [mwords/sec]
   Debug_Time(0):   10.279 # [msec]
   Debug_Time(1):    8.220 # [msec]
   Debug_Time(2):    2.059 # [msec]
-
   Version      : 1.2
   Ways         : 32
   Words        : 1
   Feedback     : 2
   WordBits     : 32
   IndexBits    : 32
   Sort Order   : 0
   Sign Compare : 0
   Max Size     : 268435455
   Debug Enable : 1
   size         : 515000
   average_time :   10.532 # [msec]
   throughput   :   48.899 # [mwords/sec]
   Debug_Time(0):   10.299 # [msec]
   Debug_Time(1):    8.220 # [msec]
   Debug_Time(2):    2.079 # [msec]
-
   Version      : 1.2
   Ways         : 32
   Words        : 1
   Feedback     : 2
   WordBits     : 32
   IndexBits    : 32
   Sort Order   : 0
   Sign Compare : 0
   Max Size     : 268435455
   Debug Enable : 1
   size         : 520000
   average_time :   10.577 # [msec]
   throughput   :   49.161 # [mwords/sec]
   Debug_Time(0):   10.303 # [msec]
   Debug_Time(1):    8.205 # [msec]
   Debug_Time(2):    2.098 # [msec]
-
   Version      : 1.2
   Ways         : 32
   Words        : 1
   Feedback     : 2
   WordBits     : 32
   IndexBits    : 32
   Sort Order   : 0
   Sign Compare : 0
   Max Size     : 268435455
   Debug Enable : 1
   size         : 525000
   average_time :   10.590 # [msec]
   throughput   :   49.576 # [mwords/sec]
   Debug_Time(0):   10.313 # [msec]
   Debug_Time(1):    8.194 # [msec]
   Debug_Time(2):    2.119 # [msec]
-
   Version      : 1.2
   Ways         : 32
   Words        : 1
   Feedback     : 2
   WordBits     : 32
   IndexBits    : 32
   Sort Order   : 0
   Sign Compare : 0
   Max Size     : 268435455
   Debug Enable : 1
   size         : 530000
   average_time :   11.036 # [msec]
   throughput   :   48.024 # [mwords/sec]
   Debug_Time(0):   10.749 # [msec]
   Debug_Time(1):    8.610 # [msec]
   Debug_Time(2):    2.139 # [msec]
-
   Version      : 1.2
   Ways         : 32
   Words        : 1
   Feedback     : 2
   WordBits     : 32
   IndexBits    : 32
   Sort Order   : 0
   Sign Compare : 0
   Max Size     : 268435455
   Debug Enable : 1
   size         : 535000
   average_time :   11.091 # [msec]
   throughput   :   48.237 # [mwords/sec]
   Debug_Time(0):   10.744 # [msec]
   Debug_Time(1):    8.584 # [msec]
   Debug_Time(2):    2.160 # [msec]
-
   Version      : 1.2
   Ways         : 32
   Words        : 1
   Feedback     : 2
   WordBits     : 32
   IndexBits    : 32
   Sort Order   : 0
   Sign Compare : 0
   Max Size     : 268435455
   Debug Enable : 1
   size         : 540000
   average_time :   11.107 # [msec]
   throughput   :   48.619 # [mwords/sec]
   Debug_Time(0):   10.835 # [msec]
   Debug_Time(1):    8.655 # [msec]
   Debug_Time(2):    2.179 # [msec]
-
   Version      : 1.2
   Ways         : 32
   Words        : 1
   Feedback     : 2
   WordBits     : 32
   IndexBits    : 32
   Sort Order   : 0
   Sign Compare : 0
   Max Size     : 268435455
   Debug Enable : 1
   size         : 545000
   average_time :   11.070 # [msec]
   throughput   :   49.233 # [mwords/sec]
   Debug_Time(0):   10.726 # [msec]
   Debug_Time(1):    8.526 # [msec]
   Debug_Time(2):    2.200 # [msec]
-
   Version      : 1.2
   Ways         : 32
   Words        : 1
   Feedback     : 2
   WordBits     : 32
   IndexBits    : 32
   Sort Order   : 0
   Sign Compare : 0
   Max Size     : 268435455
   Debug Enable : 1
   size         : 550000
   average_time :   11.174 # [msec]
   throughput   :   49.222 # [mwords/sec]
   Debug_Time(0):   10.861 # [msec]
   Debug_Time(1):    8.641 # [msec]
   Debug_Time(2):    2.220 # [msec]
-
   Version      : 1.2
   Ways         : 32
   Words        : 1
   Feedback     : 2
   WordBits     : 32
   IndexBits    : 32
   Sort Order   : 0
   Sign Compare : 0
   Max Size     : 268435455
   Debug Enable : 1
   size         : 555000
   average_time :   11.244 # [msec]
   throughput   :   49.358 # [mwords/sec]
   Debug_Time(0):   10.906 # [msec]
   Debug_Time(1):    8.667 # [msec]
   Debug_Time(2):    2.240 # [msec]
-
   Version      : 1.2
   Ways         : 32
   Words        : 1
   Feedback     : 2
   WordBits     : 32
   IndexBits    : 32
   Sort Order   : 0
   Sign Compare : 0
   Max Size     : 268435455
   Debug Enable : 1
   size         : 560000
   average_time :   11.630 # [msec]
   throughput   :   48.152 # [mwords/sec]
   Debug_Time(0):   11.423 # [msec]
   Debug_Time(1):    9.163 # [msec]
   Debug_Time(2):    2.260 # [msec]
-
   Version      : 1.2
   Ways         : 32
   Words        : 1
   Feedback     : 2
   WordBits     : 32
   IndexBits    : 32
   Sort Order   : 0
   Sign Compare : 0
   Max Size     : 268435455
   Debug Enable : 1
   size         : 565000
   average_time :   11.687 # [msec]
   throughput   :   48.345 # [mwords/sec]
   Debug_Time(0):   11.444 # [msec]
   Debug_Time(1):    9.164 # [msec]
   Debug_Time(2):    2.281 # [msec]
-
   Version      : 1.2
   Ways         : 32
   Words        : 1
   Feedback     : 2
   WordBits     : 32
   IndexBits    : 32
   Sort Order   : 0
   Sign Compare : 0
   Max Size     : 268435455
   Debug Enable : 1
   size         : 570000
   average_time :   11.714 # [msec]
   throughput   :   48.661 # [mwords/sec]
   Debug_Time(0):   11.491 # [msec]
   Debug_Time(1):    9.191 # [msec]
   Debug_Time(2):    2.300 # [msec]
-
   Version      : 1.2
   Ways         : 32
   Words        : 1
   Feedback     : 2
   WordBits     : 32
   IndexBits    : 32
   Sort Order   : 0
   Sign Compare : 0
   Max Size     : 268435455
   Debug Enable : 1
   size         : 575000
   average_time :   11.741 # [msec]
   throughput   :   48.974 # [mwords/sec]
   Debug_Time(0):   11.481 # [msec]
   Debug_Time(1):    9.161 # [msec]
   Debug_Time(2):    2.320 # [msec]
-
   Version      : 1.2
   Ways         : 32
   Words        : 1
   Feedback     : 2
   WordBits     : 32
   IndexBits    : 32
   Sort Order   : 0
   Sign Compare : 0
   Max Size     : 268435455
   Debug Enable : 1
   size         : 580000
   average_time :   11.777 # [msec]
   throughput   :   49.249 # [mwords/sec]
   Debug_Time(0):   11.461 # [msec]
   Debug_Time(1):    9.121 # [msec]
   Debug_Time(2):    2.340 # [msec]
-
   Version      : 1.2
   Ways         : 32
   Words        : 1
   Feedback     : 2
   WordBits     : 32
   IndexBits    : 32
   Sort Order   : 0
   Sign Compare : 0
   Max Size     : 268435455
   Debug Enable : 1
   size         : 585000
   average_time :   11.850 # [msec]
   throughput   :   49.367 # [mwords/sec]
   Debug_Time(0):   11.602 # [msec]
   Debug_Time(1):    9.241 # [msec]
   Debug_Time(2):    2.361 # [msec]
-
   Version      : 1.2
   Ways         : 32
   Words        : 1
   Feedback     : 2
   WordBits     : 32
   IndexBits    : 32
   Sort Order   : 0
   Sign Compare : 0
   Max Size     : 268435455
   Debug Enable : 1
   size         : 590000
   average_time :   11.908 # [msec]
   throughput   :   49.546 # [mwords/sec]
   Debug_Time(0):   11.657 # [msec]
   Debug_Time(1):    9.275 # [msec]
   Debug_Time(2):    2.382 # [msec]
-
   Version      : 1.2
   Ways         : 32
   Words        : 1
   Feedback     : 2
   WordBits     : 32
   IndexBits    : 32
   Sort Order   : 0
   Sign Compare : 0
   Max Size     : 268435455
   Debug Enable : 1
   size         : 595000
   average_time :   12.298 # [msec]
   throughput   :   48.382 # [mwords/sec]
   Debug_Time(0):   12.005 # [msec]
   Debug_Time(1):    9.603 # [msec]
   Debug_Time(2):    2.402 # [msec]
-
   Version      : 1.2
   Ways         : 32
   Words        : 1
   Feedback     : 2
   WordBits     : 32
   IndexBits    : 32
   Sort Order   : 0
   Sign Compare : 0
   Max Size     : 268435455
   Debug Enable : 1
   size         : 600000
   average_time :   12.333 # [msec]
   throughput   :   48.649 # [mwords/sec]
   Debug_Time(0):   12.090 # [msec]
   Debug_Time(1):    9.668 # [msec]
   Debug_Time(2):    2.422 # [msec]
-
   Version      : 1.2
   Ways         : 32
   Words        : 1
   Feedback     : 2
   WordBits     : 32
   IndexBits    : 32
   Sort Order   : 0
   Sign Compare : 0
   Max Size     : 268435455
   Debug Enable : 1
   size         : 605000
   average_time :   12.387 # [msec]
   throughput   :   48.843 # [mwords/sec]
   Debug_Time(0):   12.141 # [msec]
   Debug_Time(1):    9.699 # [msec]
   Debug_Time(2):    2.442 # [msec]
-
   Version      : 1.2
   Ways         : 32
   Words        : 1
   Feedback     : 2
   WordBits     : 32
   IndexBits    : 32
   Sort Order   : 0
   Sign Compare : 0
   Max Size     : 268435455
   Debug Enable : 1
   size         : 610000
   average_time :   12.425 # [msec]
   throughput   :   49.094 # [mwords/sec]
   Debug_Time(0):   12.169 # [msec]
   Debug_Time(1):    9.708 # [msec]
   Debug_Time(2):    2.461 # [msec]
-
   Version      : 1.2
   Ways         : 32
   Words        : 1
   Feedback     : 2
   WordBits     : 32
   IndexBits    : 32
   Sort Order   : 0
   Sign Compare : 0
   Max Size     : 268435455
   Debug Enable : 1
   size         : 615000
   average_time :   12.455 # [msec]
   throughput   :   49.378 # [mwords/sec]
   Debug_Time(0):   12.194 # [msec]
   Debug_Time(1):    9.712 # [msec]
   Debug_Time(2):    2.481 # [msec]
-
   Version      : 1.2
   Ways         : 32
   Words        : 1
   Feedback     : 2
   WordBits     : 32
   IndexBits    : 32
   Sort Order   : 0
   Sign Compare : 0
   Max Size     : 268435455
   Debug Enable : 1
   size         : 620000
   average_time :   12.484 # [msec]
   throughput   :   49.662 # [mwords/sec]
   Debug_Time(0):   12.195 # [msec]
   Debug_Time(1):    9.694 # [msec]
   Debug_Time(2):    2.501 # [msec]
-
   Version      : 1.2
   Ways         : 32
   Words        : 1
   Feedback     : 2
   WordBits     : 32
   IndexBits    : 32
   Sort Order   : 0
   Sign Compare : 0
   Max Size     : 268435455
   Debug Enable : 1
   size         : 625000
   average_time :   12.912 # [msec]
   throughput   :   48.404 # [mwords/sec]
   Debug_Time(0):   12.621 # [msec]
   Debug_Time(1):   10.098 # [msec]
   Debug_Time(2):    2.523 # [msec]
-
   Version      : 1.2
   Ways         : 32
   Words        : 1
   Feedback     : 2
   WordBits     : 32
   IndexBits    : 32
   Sort Order   : 0
   Sign Compare : 0
   Max Size     : 268435455
   Debug Enable : 1
   size         : 630000
   average_time :   12.932 # [msec]
   throughput   :   48.717 # [mwords/sec]
   Debug_Time(0):   12.582 # [msec]
   Debug_Time(1):   10.039 # [msec]
   Debug_Time(2):    2.543 # [msec]
-
   Version      : 1.2
   Ways         : 32
   Words        : 1
   Feedback     : 2
   WordBits     : 32
   IndexBits    : 32
   Sort Order   : 0
   Sign Compare : 0
   Max Size     : 268435455
   Debug Enable : 1
   size         : 635000
   average_time :   12.965 # [msec]
   throughput   :   48.977 # [mwords/sec]
   Debug_Time(0):   12.599 # [msec]
   Debug_Time(1):   10.036 # [msec]
   Debug_Time(2):    2.563 # [msec]
-
   Version      : 1.2
   Ways         : 32
   Words        : 1
   Feedback     : 2
   WordBits     : 32
   IndexBits    : 32
   Sort Order   : 0
   Sign Compare : 0
   Max Size     : 268435455
   Debug Enable : 1
   size         : 640000
   average_time :   12.988 # [msec]
   throughput   :   49.275 # [mwords/sec]
   Debug_Time(0):   12.642 # [msec]
   Debug_Time(1):   10.059 # [msec]
   Debug_Time(2):    2.583 # [msec]
-
   Version      : 1.2
   Ways         : 32
   Words        : 1
   Feedback     : 2
   WordBits     : 32
   IndexBits    : 32
   Sort Order   : 0
   Sign Compare : 0
   Max Size     : 268435455
   Debug Enable : 1
   size         : 645000
   average_time :   13.061 # [msec]
   throughput   :   49.384 # [mwords/sec]
   Debug_Time(0):   12.816 # [msec]
   Debug_Time(1):   10.213 # [msec]
   Debug_Time(2):    2.603 # [msec]
-
   Version      : 1.2
   Ways         : 32
   Words        : 1
   Feedback     : 2
   WordBits     : 32
   IndexBits    : 32
   Sort Order   : 0
   Sign Compare : 0
   Max Size     : 268435455
   Debug Enable : 1
   size         : 650000
   average_time :   13.113 # [msec]
   throughput   :   49.568 # [mwords/sec]
   Debug_Time(0):   12.857 # [msec]
   Debug_Time(1):   10.235 # [msec]
   Debug_Time(2):    2.622 # [msec]
-
   Version      : 1.2
   Ways         : 32
   Words        : 1
   Feedback     : 2
   WordBits     : 32
   IndexBits    : 32
   Sort Order   : 0
   Sign Compare : 0
   Max Size     : 268435455
   Debug Enable : 1
   size         : 655000
   average_time :   13.130 # [msec]
   throughput   :   49.884 # [mwords/sec]
   Debug_Time(0):   12.865 # [msec]
   Debug_Time(1):   10.223 # [msec]
   Debug_Time(2):    2.642 # [msec]
-
   Version      : 1.2
   Ways         : 32
   Words        : 1
   Feedback     : 2
   WordBits     : 32
   IndexBits    : 32
   Sort Order   : 0
   Sign Compare : 0
   Max Size     : 268435455
   Debug Enable : 1
   size         : 660000
   average_time :   13.538 # [msec]
   throughput   :   48.751 # [mwords/sec]
   Debug_Time(0):   13.161 # [msec]
   Debug_Time(1):   10.499 # [msec]
   Debug_Time(2):    2.663 # [msec]
-
   Version      : 1.2
   Ways         : 32
   Words        : 1
   Feedback     : 2
   WordBits     : 32
   IndexBits    : 32
   Sort Order   : 0
   Sign Compare : 0
   Max Size     : 268435455
   Debug Enable : 1
   size         : 665000
   average_time :   13.578 # [msec]
   throughput   :   48.975 # [mwords/sec]
   Debug_Time(0):   13.335 # [msec]
   Debug_Time(1):   10.651 # [msec]
   Debug_Time(2):    2.684 # [msec]
-
   Version      : 1.2
   Ways         : 32
   Words        : 1
   Feedback     : 2
   WordBits     : 32
   IndexBits    : 32
   Sort Order   : 0
   Sign Compare : 0
   Max Size     : 268435455
   Debug Enable : 1
   size         : 670000
   average_time :   13.593 # [msec]
   throughput   :   49.291 # [mwords/sec]
   Debug_Time(0):   13.382 # [msec]
   Debug_Time(1):   10.679 # [msec]
   Debug_Time(2):    2.704 # [msec]
-
   Version      : 1.2
   Ways         : 32
   Words        : 1
   Feedback     : 2
   WordBits     : 32
   IndexBits    : 32
   Sort Order   : 0
   Sign Compare : 0
   Max Size     : 268435455
   Debug Enable : 1
   size         : 675000
   average_time :   13.660 # [msec]
   throughput   :   49.415 # [mwords/sec]
   Debug_Time(0):   13.425 # [msec]
   Debug_Time(1):   10.702 # [msec]
   Debug_Time(2):    2.724 # [msec]
-
   Version      : 1.2
   Ways         : 32
   Words        : 1
   Feedback     : 2
   WordBits     : 32
   IndexBits    : 32
   Sort Order   : 0
   Sign Compare : 0
   Max Size     : 268435455
   Debug Enable : 1
   size         : 680000
   average_time :   13.696 # [msec]
   throughput   :   49.650 # [mwords/sec]
   Debug_Time(0):   13.407 # [msec]
   Debug_Time(1):   10.663 # [msec]
   Debug_Time(2):    2.744 # [msec]
-
   Version      : 1.2
   Ways         : 32
   Words        : 1
   Feedback     : 2
   WordBits     : 32
   IndexBits    : 32
   Sort Order   : 0
   Sign Compare : 0
   Max Size     : 268435455
   Debug Enable : 1
   size         : 685000
   average_time :   13.764 # [msec]
   throughput   :   49.767 # [mwords/sec]
   Debug_Time(0):   13.526 # [msec]
   Debug_Time(1):   10.762 # [msec]
   Debug_Time(2):    2.764 # [msec]
-
   Version      : 1.2
   Ways         : 32
   Words        : 1
   Feedback     : 2
   WordBits     : 32
   IndexBits    : 32
   Sort Order   : 0
   Sign Compare : 0
   Max Size     : 268435455
   Debug Enable : 1
   size         : 690000
   average_time :   14.187 # [msec]
   throughput   :   48.636 # [mwords/sec]
   Debug_Time(0):   13.936 # [msec]
   Debug_Time(1):   11.152 # [msec]
   Debug_Time(2):    2.785 # [msec]
-
   Version      : 1.2
   Ways         : 32
   Words        : 1
   Feedback     : 2
   WordBits     : 32
   IndexBits    : 32
   Sort Order   : 0
   Sign Compare : 0
   Max Size     : 268435455
   Debug Enable : 1
   size         : 695000
   average_time :   14.224 # [msec]
   throughput   :   48.860 # [mwords/sec]
   Debug_Time(0):   13.976 # [msec]
   Debug_Time(1):   11.172 # [msec]
   Debug_Time(2):    2.804 # [msec]
-
   Version      : 1.2
   Ways         : 32
   Words        : 1
   Feedback     : 2
   WordBits     : 32
   IndexBits    : 32
   Sort Order   : 0
   Sign Compare : 0
   Max Size     : 268435455
   Debug Enable : 1
   size         : 700000
   average_time :   14.249 # [msec]
   throughput   :   49.128 # [mwords/sec]
   Debug_Time(0):   13.959 # [msec]
   Debug_Time(1):   11.135 # [msec]
   Debug_Time(2):    2.824 # [msec]
-
   Version      : 1.2
   Ways         : 32
   Words        : 1
   Feedback     : 2
   WordBits     : 32
   IndexBits    : 32
   Sort Order   : 0
   Sign Compare : 0
   Max Size     : 268435455
   Debug Enable : 1
   size         : 705000
   average_time :   14.237 # [msec]
   throughput   :   49.519 # [mwords/sec]
   Debug_Time(0):   14.057 # [msec]
   Debug_Time(1):   11.212 # [msec]
   Debug_Time(2):    2.844 # [msec]
-
   Version      : 1.2
   Ways         : 32
   Words        : 1
   Feedback     : 2
   WordBits     : 32
   IndexBits    : 32
   Sort Order   : 0
   Sign Compare : 0
   Max Size     : 268435455
   Debug Enable : 1
   size         : 710000
   average_time :   14.338 # [msec]
   throughput   :   49.519 # [mwords/sec]
   Debug_Time(0):   14.089 # [msec]
   Debug_Time(1):   11.224 # [msec]
   Debug_Time(2):    2.864 # [msec]
-
   Version      : 1.2
   Ways         : 32
   Words        : 1
   Feedback     : 2
   WordBits     : 32
   IndexBits    : 32
   Sort Order   : 0
   Sign Compare : 0
   Max Size     : 268435455
   Debug Enable : 1
   size         : 715000
   average_time :   14.376 # [msec]
   throughput   :   49.735 # [mwords/sec]
   Debug_Time(0):   14.101 # [msec]
   Debug_Time(1):   11.217 # [msec]
   Debug_Time(2):    2.884 # [msec]
-
   Version      : 1.2
   Ways         : 32
   Words        : 1
   Feedback     : 2
   WordBits     : 32
   IndexBits    : 32
   Sort Order   : 0
   Sign Compare : 0
   Max Size     : 268435455
   Debug Enable : 1
   size         : 720000
   average_time :   14.405 # [msec]
   throughput   :   49.983 # [mwords/sec]
   Debug_Time(0):   14.169 # [msec]
   Debug_Time(1):   11.265 # [msec]
   Debug_Time(2):    2.905 # [msec]
-
   Version      : 1.2
   Ways         : 32
   Words        : 1
   Feedback     : 2
   WordBits     : 32
   IndexBits    : 32
   Sort Order   : 0
   Sign Compare : 0
   Max Size     : 268435455
   Debug Enable : 1
   size         : 725000
   average_time :   14.819 # [msec]
   throughput   :   48.924 # [mwords/sec]
   Debug_Time(0):   14.397 # [msec]
   Debug_Time(1):   11.471 # [msec]
   Debug_Time(2):    2.926 # [msec]
-
   Version      : 1.2
   Ways         : 32
   Words        : 1
   Feedback     : 2
   WordBits     : 32
   IndexBits    : 32
   Sort Order   : 0
   Sign Compare : 0
   Max Size     : 268435455
   Debug Enable : 1
   size         : 730000
   average_time :   14.838 # [msec]
   throughput   :   49.198 # [mwords/sec]
   Debug_Time(0):   14.509 # [msec]
   Debug_Time(1):   11.563 # [msec]
   Debug_Time(2):    2.946 # [msec]
-
   Version      : 1.2
   Ways         : 32
   Words        : 1
   Feedback     : 2
   WordBits     : 32
   IndexBits    : 32
   Sort Order   : 0
   Sign Compare : 0
   Max Size     : 268435455
   Debug Enable : 1
   size         : 735000
   average_time :   14.902 # [msec]
   throughput   :   49.321 # [mwords/sec]
   Debug_Time(0):   14.468 # [msec]
   Debug_Time(1):   11.502 # [msec]
   Debug_Time(2):    2.966 # [msec]
-
   Version      : 1.2
   Ways         : 32
   Words        : 1
   Feedback     : 2
   WordBits     : 32
   IndexBits    : 32
   Sort Order   : 0
   Sign Compare : 0
   Max Size     : 268435455
   Debug Enable : 1
   size         : 740000
   average_time :   14.921 # [msec]
   throughput   :   49.595 # [mwords/sec]
   Debug_Time(0):   14.496 # [msec]
   Debug_Time(1):   11.511 # [msec]
   Debug_Time(2):    2.985 # [msec]
-
   Version      : 1.2
   Ways         : 32
   Words        : 1
   Feedback     : 2
   WordBits     : 32
   IndexBits    : 32
   Sort Order   : 0
   Sign Compare : 0
   Max Size     : 268435455
   Debug Enable : 1
   size         : 745000
   average_time :   14.968 # [msec]
   throughput   :   49.774 # [mwords/sec]
   Debug_Time(0):   14.511 # [msec]
   Debug_Time(1):   11.505 # [msec]
   Debug_Time(2):    3.005 # [msec]
-
   Version      : 1.2
   Ways         : 32
   Words        : 1
   Feedback     : 2
   WordBits     : 32
   IndexBits    : 32
   Sort Order   : 0
   Sign Compare : 0
   Max Size     : 268435455
   Debug Enable : 1
   size         : 750000
   average_time :   14.963 # [msec]
   throughput   :   50.122 # [mwords/sec]
   Debug_Time(0):   14.566 # [msec]
   Debug_Time(1):   11.541 # [msec]
   Debug_Time(2):    3.025 # [msec]
-
   Version      : 1.2
   Ways         : 32
   Words        : 1
   Feedback     : 2
   WordBits     : 32
   IndexBits    : 32
   Sort Order   : 0
   Sign Compare : 0
   Max Size     : 268435455
   Debug Enable : 1
   size         : 755000
   average_time :   15.446 # [msec]
   throughput   :   48.879 # [mwords/sec]
   Debug_Time(0):   15.100 # [msec]
   Debug_Time(1):   12.053 # [msec]
   Debug_Time(2):    3.047 # [msec]
-
   Version      : 1.2
   Ways         : 32
   Words        : 1
   Feedback     : 2
   WordBits     : 32
   IndexBits    : 32
   Sort Order   : 0
   Sign Compare : 0
   Max Size     : 268435455
   Debug Enable : 1
   size         : 760000
   average_time :   15.464 # [msec]
   throughput   :   49.146 # [mwords/sec]
   Debug_Time(0):   15.112 # [msec]
   Debug_Time(1):   12.045 # [msec]
   Debug_Time(2):    3.067 # [msec]
-
   Version      : 1.2
   Ways         : 32
   Words        : 1
   Feedback     : 2
   WordBits     : 32
   IndexBits    : 32
   Sort Order   : 0
   Sign Compare : 0
   Max Size     : 268435455
   Debug Enable : 1
   size         : 765000
   average_time :   15.496 # [msec]
   throughput   :   49.367 # [mwords/sec]
   Debug_Time(0):   15.143 # [msec]
   Debug_Time(1):   12.056 # [msec]
   Debug_Time(2):    3.087 # [msec]
-
   Version      : 1.2
   Ways         : 32
   Words        : 1
   Feedback     : 2
   WordBits     : 32
   IndexBits    : 32
   Sort Order   : 0
   Sign Compare : 0
   Max Size     : 268435455
   Debug Enable : 1
   size         : 770000
   average_time :   15.552 # [msec]
   throughput   :   49.510 # [mwords/sec]
   Debug_Time(0):   15.179 # [msec]
   Debug_Time(1):   12.072 # [msec]
   Debug_Time(2):    3.107 # [msec]
-
   Version      : 1.2
   Ways         : 32
   Words        : 1
   Feedback     : 2
   WordBits     : 32
   IndexBits    : 32
   Sort Order   : 0
   Sign Compare : 0
   Max Size     : 268435455
   Debug Enable : 1
   size         : 775000
   average_time :   15.557 # [msec]
   throughput   :   49.817 # [mwords/sec]
   Debug_Time(0):   15.222 # [msec]
   Debug_Time(1):   12.095 # [msec]
   Debug_Time(2):    3.127 # [msec]
-
   Version      : 1.2
   Ways         : 32
   Words        : 1
   Feedback     : 2
   WordBits     : 32
   IndexBits    : 32
   Sort Order   : 0
   Sign Compare : 0
   Max Size     : 268435455
   Debug Enable : 1
   size         : 780000
   average_time :   15.585 # [msec]
   throughput   :   50.047 # [mwords/sec]
   Debug_Time(0):   15.264 # [msec]
   Debug_Time(1):   12.117 # [msec]
   Debug_Time(2):    3.146 # [msec]
-
   Version      : 1.2
   Ways         : 32
   Words        : 1
   Feedback     : 2
   WordBits     : 32
   IndexBits    : 32
   Sort Order   : 0
   Sign Compare : 0
   Max Size     : 268435455
   Debug Enable : 1
   size         : 785000
   average_time :   15.653 # [msec]
   throughput   :   50.151 # [mwords/sec]
   Debug_Time(0):   15.304 # [msec]
   Debug_Time(1):   12.138 # [msec]
   Debug_Time(2):    3.167 # [msec]
-
   Version      : 1.2
   Ways         : 32
   Words        : 1
   Feedback     : 2
   WordBits     : 32
   IndexBits    : 32
   Sort Order   : 0
   Sign Compare : 0
   Max Size     : 268435455
   Debug Enable : 1
   size         : 790000
   average_time :   16.067 # [msec]
   throughput   :   49.169 # [mwords/sec]
   Debug_Time(0):   15.751 # [msec]
   Debug_Time(1):   12.563 # [msec]
   Debug_Time(2):    3.187 # [msec]
-
   Version      : 1.2
   Ways         : 32
   Words        : 1
   Feedback     : 2
   WordBits     : 32
   IndexBits    : 32
   Sort Order   : 0
   Sign Compare : 0
   Max Size     : 268435455
   Debug Enable : 1
   size         : 795000
   average_time :   16.092 # [msec]
   throughput   :   49.403 # [mwords/sec]
   Debug_Time(0):   15.810 # [msec]
   Debug_Time(1):   12.602 # [msec]
   Debug_Time(2):    3.208 # [msec]
-
   Version      : 1.2
   Ways         : 32
   Words        : 1
   Feedback     : 2
   WordBits     : 32
   IndexBits    : 32
   Sort Order   : 0
   Sign Compare : 0
   Max Size     : 268435455
   Debug Enable : 1
   size         : 800000
   average_time :   16.089 # [msec]
   throughput   :   49.723 # [mwords/sec]
   Debug_Time(0):   15.815 # [msec]
   Debug_Time(1):   12.587 # [msec]
   Debug_Time(2):    3.228 # [msec]
-
   Version      : 1.2
   Ways         : 32
   Words        : 1
   Feedback     : 2
   WordBits     : 32
   IndexBits    : 32
   Sort Order   : 0
   Sign Compare : 0
   Max Size     : 268435455
   Debug Enable : 1
   size         : 805000
   average_time :   16.161 # [msec]
   throughput   :   49.811 # [mwords/sec]
   Debug_Time(0):   15.915 # [msec]
   Debug_Time(1):   12.667 # [msec]
   Debug_Time(2):    3.248 # [msec]
-
   Version      : 1.2
   Ways         : 32
   Words        : 1
   Feedback     : 2
   WordBits     : 32
   IndexBits    : 32
   Sort Order   : 0
   Sign Compare : 0
   Max Size     : 268435455
   Debug Enable : 1
   size         : 810000
   average_time :   16.201 # [msec]
   throughput   :   49.997 # [mwords/sec]
   Debug_Time(0):   15.936 # [msec]
   Debug_Time(1):   12.668 # [msec]
   Debug_Time(2):    3.268 # [msec]
-
   Version      : 1.2
   Ways         : 32
   Words        : 1
   Feedback     : 2
   WordBits     : 32
   IndexBits    : 32
   Sort Order   : 0
   Sign Compare : 0
   Max Size     : 268435455
   Debug Enable : 1
   size         : 815000
   average_time :   16.237 # [msec]
   throughput   :   50.192 # [mwords/sec]
   Debug_Time(0):   16.003 # [msec]
   Debug_Time(1):   12.715 # [msec]
   Debug_Time(2):    3.288 # [msec]
-
   Version      : 1.2
   Ways         : 32
   Words        : 1
   Feedback     : 2
   WordBits     : 32
   IndexBits    : 32
   Sort Order   : 0
   Sign Compare : 0
   Max Size     : 268435455
   Debug Enable : 1
   size         : 820000
   average_time :   16.278 # [msec]
   throughput   :   50.375 # [mwords/sec]
   Debug_Time(0):   16.055 # [msec]
   Debug_Time(1):   12.747 # [msec]
   Debug_Time(2):    3.309 # [msec]
-
   Version      : 1.2
   Ways         : 32
   Words        : 1
   Feedback     : 2
   WordBits     : 32
   IndexBits    : 32
   Sort Order   : 0
   Sign Compare : 0
   Max Size     : 268435455
   Debug Enable : 1
   size         : 825000
   average_time :   16.679 # [msec]
   throughput   :   49.464 # [mwords/sec]
   Debug_Time(0):   16.481 # [msec]
   Debug_Time(1):   13.153 # [msec]
   Debug_Time(2):    3.328 # [msec]
-
   Version      : 1.2
   Ways         : 32
   Words        : 1
   Feedback     : 2
   WordBits     : 32
   IndexBits    : 32
   Sort Order   : 0
   Sign Compare : 0
   Max Size     : 268435455
   Debug Enable : 1
   size         : 830000
   average_time :   16.726 # [msec]
   throughput   :   49.624 # [mwords/sec]
   Debug_Time(0):   16.503 # [msec]
   Debug_Time(1):   13.155 # [msec]
   Debug_Time(2):    3.348 # [msec]
-
   Version      : 1.2
   Ways         : 32
   Words        : 1
   Feedback     : 2
   WordBits     : 32
   IndexBits    : 32
   Sort Order   : 0
   Sign Compare : 0
   Max Size     : 268435455
   Debug Enable : 1
   size         : 835000
   average_time :   16.758 # [msec]
   throughput   :   49.828 # [mwords/sec]
   Debug_Time(0):   16.577 # [msec]
   Debug_Time(1):   13.209 # [msec]
   Debug_Time(2):    3.369 # [msec]
-
   Version      : 1.2
   Ways         : 32
   Words        : 1
   Feedback     : 2
   WordBits     : 32
   IndexBits    : 32
   Sort Order   : 0
   Sign Compare : 0
   Max Size     : 268435455
   Debug Enable : 1
   size         : 840000
   average_time :   16.827 # [msec]
   throughput   :   49.920 # [mwords/sec]
   Debug_Time(0):   16.593 # [msec]
   Debug_Time(1):   13.204 # [msec]
   Debug_Time(2):    3.389 # [msec]
-
   Version      : 1.2
   Ways         : 32
   Words        : 1
   Feedback     : 2
   WordBits     : 32
   IndexBits    : 32
   Sort Order   : 0
   Sign Compare : 0
   Max Size     : 268435455
   Debug Enable : 1
   size         : 845000
   average_time :   16.854 # [msec]
   throughput   :   50.135 # [mwords/sec]
   Debug_Time(0):   16.643 # [msec]
   Debug_Time(1):   13.234 # [msec]
   Debug_Time(2):    3.409 # [msec]
-
   Version      : 1.2
   Ways         : 32
   Words        : 1
   Feedback     : 2
   WordBits     : 32
   IndexBits    : 32
   Sort Order   : 0
   Sign Compare : 0
   Max Size     : 268435455
   Debug Enable : 1
   size         : 850000
   average_time :   16.881 # [msec]
   throughput   :   50.351 # [mwords/sec]
   Debug_Time(0):   16.726 # [msec]
   Debug_Time(1):   13.297 # [msec]
   Debug_Time(2):    3.429 # [msec]
-
   Version      : 1.2
   Ways         : 32
   Words        : 1
   Feedback     : 2
   WordBits     : 32
   IndexBits    : 32
   Sort Order   : 0
   Sign Compare : 0
   Max Size     : 268435455
   Debug Enable : 1
   size         : 855000
   average_time :   17.320 # [msec]
   throughput   :   49.363 # [mwords/sec]
   Debug_Time(0):   17.011 # [msec]
   Debug_Time(1):   13.560 # [msec]
   Debug_Time(2):    3.450 # [msec]
-
   Version      : 1.2
   Ways         : 32
   Words        : 1
   Feedback     : 2
   WordBits     : 32
   IndexBits    : 32
   Sort Order   : 0
   Sign Compare : 0
   Max Size     : 268435455
   Debug Enable : 1
   size         : 860000
   average_time :   17.335 # [msec]
   throughput   :   49.611 # [mwords/sec]
   Debug_Time(0):   16.987 # [msec]
   Debug_Time(1):   13.517 # [msec]
   Debug_Time(2):    3.470 # [msec]
-
   Version      : 1.2
   Ways         : 32
   Words        : 1
   Feedback     : 2
   WordBits     : 32
   IndexBits    : 32
   Sort Order   : 0
   Sign Compare : 0
   Max Size     : 268435455
   Debug Enable : 1
   size         : 865000
   average_time :   17.380 # [msec]
   throughput   :   49.769 # [mwords/sec]
   Debug_Time(0):   16.966 # [msec]
   Debug_Time(1):   13.476 # [msec]
   Debug_Time(2):    3.490 # [msec]
-
   Version      : 1.2
   Ways         : 32
   Words        : 1
   Feedback     : 2
   WordBits     : 32
   IndexBits    : 32
   Sort Order   : 0
   Sign Compare : 0
   Max Size     : 268435455
   Debug Enable : 1
   size         : 870000
   average_time :   17.422 # [msec]
   throughput   :   49.937 # [mwords/sec]
   Debug_Time(0):   17.036 # [msec]
   Debug_Time(1):   13.527 # [msec]
   Debug_Time(2):    3.509 # [msec]
-
   Version      : 1.2
   Ways         : 32
   Words        : 1
   Feedback     : 2
   WordBits     : 32
   IndexBits    : 32
   Sort Order   : 0
   Sign Compare : 0
   Max Size     : 268435455
   Debug Enable : 1
   size         : 875000
   average_time :   17.462 # [msec]
   throughput   :   50.110 # [mwords/sec]
   Debug_Time(0):   17.029 # [msec]
   Debug_Time(1):   13.499 # [msec]
   Debug_Time(2):    3.530 # [msec]
-
   Version      : 1.2
   Ways         : 32
   Words        : 1
   Feedback     : 2
   WordBits     : 32
   IndexBits    : 32
   Sort Order   : 0
   Sign Compare : 0
   Max Size     : 268435455
   Debug Enable : 1
   size         : 880000
   average_time :   17.497 # [msec]
   throughput   :   50.294 # [mwords/sec]
   Debug_Time(0):   17.058 # [msec]
   Debug_Time(1):   13.508 # [msec]
   Debug_Time(2):    3.550 # [msec]
-
   Version      : 1.2
   Ways         : 32
   Words        : 1
   Feedback     : 2
   WordBits     : 32
   IndexBits    : 32
   Sort Order   : 0
   Sign Compare : 0
   Max Size     : 268435455
   Debug Enable : 1
   size         : 885000
   average_time :   17.561 # [msec]
   throughput   :   50.397 # [mwords/sec]
   Debug_Time(0):   17.131 # [msec]
   Debug_Time(1):   13.560 # [msec]
   Debug_Time(2):    3.571 # [msec]
-
   Version      : 1.2
   Ways         : 32
   Words        : 1
   Feedback     : 2
   WordBits     : 32
   IndexBits    : 32
   Sort Order   : 0
   Sign Compare : 0
   Max Size     : 268435455
   Debug Enable : 1
   size         : 890000
   average_time :   17.961 # [msec]
   throughput   :   49.551 # [mwords/sec]
   Debug_Time(0):   17.602 # [msec]
   Debug_Time(1):   14.011 # [msec]
   Debug_Time(2):    3.591 # [msec]
-
   Version      : 1.2
   Ways         : 32
   Words        : 1
   Feedback     : 2
   WordBits     : 32
   IndexBits    : 32
   Sort Order   : 0
   Sign Compare : 0
   Max Size     : 268435455
   Debug Enable : 1
   size         : 895000
   average_time :   18.024 # [msec]
   throughput   :   49.656 # [mwords/sec]
   Debug_Time(0):   17.656 # [msec]
   Debug_Time(1):   14.045 # [msec]
   Debug_Time(2):    3.611 # [msec]
-
   Version      : 1.2
   Ways         : 32
   Words        : 1
   Feedback     : 2
   WordBits     : 32
   IndexBits    : 32
   Sort Order   : 0
   Sign Compare : 0
   Max Size     : 268435455
   Debug Enable : 1
   size         : 900000
   average_time :   18.051 # [msec]
   throughput   :   49.860 # [mwords/sec]
   Debug_Time(0):   17.713 # [msec]
   Debug_Time(1):   14.082 # [msec]
   Debug_Time(2):    3.631 # [msec]
-
   Version      : 1.2
   Ways         : 32
   Words        : 1
   Feedback     : 2
   WordBits     : 32
   IndexBits    : 32
   Sort Order   : 0
   Sign Compare : 0
   Max Size     : 268435455
   Debug Enable : 1
   size         : 905000
   average_time :   18.078 # [msec]
   throughput   :   50.062 # [mwords/sec]
   Debug_Time(0):   17.680 # [msec]
   Debug_Time(1):   14.029 # [msec]
   Debug_Time(2):    3.651 # [msec]
-
   Version      : 1.2
   Ways         : 32
   Words        : 1
   Feedback     : 2
   WordBits     : 32
   IndexBits    : 32
   Sort Order   : 0
   Sign Compare : 0
   Max Size     : 268435455
   Debug Enable : 1
   size         : 910000
   average_time :   18.130 # [msec]
   throughput   :   50.194 # [mwords/sec]
   Debug_Time(0):   17.780 # [msec]
   Debug_Time(1):   14.110 # [msec]
   Debug_Time(2):    3.670 # [msec]
-
   Version      : 1.2
   Ways         : 32
   Words        : 1
   Feedback     : 2
   WordBits     : 32
   IndexBits    : 32
   Sort Order   : 0
   Sign Compare : 0
   Max Size     : 268435455
   Debug Enable : 1
   size         : 915000
   average_time :   18.159 # [msec]
   throughput   :   50.389 # [mwords/sec]
   Debug_Time(0):   17.826 # [msec]
   Debug_Time(1):   14.136 # [msec]
   Debug_Time(2):    3.691 # [msec]
-
   Version      : 1.2
   Ways         : 32
   Words        : 1
   Feedback     : 2
   WordBits     : 32
   IndexBits    : 32
   Sort Order   : 0
   Sign Compare : 0
   Max Size     : 268435455
   Debug Enable : 1
   size         : 920000
   average_time :   18.597 # [msec]
   throughput   :   49.471 # [mwords/sec]
   Debug_Time(0):   18.277 # [msec]
   Debug_Time(1):   14.566 # [msec]
   Debug_Time(2):    3.712 # [msec]
-
   Version      : 1.2
   Ways         : 32
   Words        : 1
   Feedback     : 2
   WordBits     : 32
   IndexBits    : 32
   Sort Order   : 0
   Sign Compare : 0
   Max Size     : 268435455
   Debug Enable : 1
   size         : 925000
   average_time :   18.620 # [msec]
   throughput   :   49.678 # [mwords/sec]
   Debug_Time(0):   18.359 # [msec]
   Debug_Time(1):   14.627 # [msec]
   Debug_Time(2):    3.732 # [msec]
-
   Version      : 1.2
   Ways         : 32
   Words        : 1
   Feedback     : 2
   WordBits     : 32
   IndexBits    : 32
   Sort Order   : 0
   Sign Compare : 0
   Max Size     : 268435455
   Debug Enable : 1
   size         : 930000
   average_time :   18.676 # [msec]
   throughput   :   49.797 # [mwords/sec]
   Debug_Time(0):   18.374 # [msec]
   Debug_Time(1):   14.622 # [msec]
   Debug_Time(2):    3.752 # [msec]
-
   Version      : 1.2
   Ways         : 32
   Words        : 1
   Feedback     : 2
   WordBits     : 32
   IndexBits    : 32
   Sort Order   : 0
   Sign Compare : 0
   Max Size     : 268435455
   Debug Enable : 1
   size         : 935000
   average_time :   18.666 # [msec]
   throughput   :   50.091 # [mwords/sec]
   Debug_Time(0):   18.423 # [msec]
   Debug_Time(1):   14.651 # [msec]
   Debug_Time(2):    3.772 # [msec]
-
   Version      : 1.2
   Ways         : 32
   Words        : 1
   Feedback     : 2
   WordBits     : 32
   IndexBits    : 32
   Sort Order   : 0
   Sign Compare : 0
   Max Size     : 268435455
   Debug Enable : 1
   size         : 940000
   average_time :   18.739 # [msec]
   throughput   :   50.163 # [mwords/sec]
   Debug_Time(0):   18.463 # [msec]
   Debug_Time(1):   14.671 # [msec]
   Debug_Time(2):    3.792 # [msec]
-
   Version      : 1.2
   Ways         : 32
   Words        : 1
   Feedback     : 2
   WordBits     : 32
   IndexBits    : 32
   Sort Order   : 0
   Sign Compare : 0
   Max Size     : 268435455
   Debug Enable : 1
   size         : 945000
   average_time :   18.768 # [msec]
   throughput   :   50.352 # [mwords/sec]
   Debug_Time(0):   18.483 # [msec]
   Debug_Time(1):   14.671 # [msec]
   Debug_Time(2):    3.812 # [msec]
-
   Version      : 1.2
   Ways         : 32
   Words        : 1
   Feedback     : 2
   WordBits     : 32
   IndexBits    : 32
   Sort Order   : 0
   Sign Compare : 0
   Max Size     : 268435455
   Debug Enable : 1
   size         : 950000
   average_time :   18.793 # [msec]
   throughput   :   50.549 # [mwords/sec]
   Debug_Time(0):   18.462 # [msec]
   Debug_Time(1):   14.631 # [msec]
   Debug_Time(2):    3.831 # [msec]
-
   Version      : 1.2
   Ways         : 32
   Words        : 1
   Feedback     : 2
   WordBits     : 32
   IndexBits    : 32
   Sort Order   : 0
   Sign Compare : 0
   Max Size     : 268435455
   Debug Enable : 1
   size         : 955000
   average_time :   19.222 # [msec]
   throughput   :   49.682 # [mwords/sec]
   Debug_Time(0):   18.956 # [msec]
   Debug_Time(1):   15.104 # [msec]
   Debug_Time(2):    3.853 # [msec]
-
   Version      : 1.2
   Ways         : 32
   Words        : 1
   Feedback     : 2
   WordBits     : 32
   IndexBits    : 32
   Sort Order   : 0
   Sign Compare : 0
   Max Size     : 268435455
   Debug Enable : 1
   size         : 960000
   average_time :   19.254 # [msec]
   throughput   :   49.860 # [mwords/sec]
   Debug_Time(0):   18.978 # [msec]
   Debug_Time(1):   15.105 # [msec]
   Debug_Time(2):    3.873 # [msec]
-
   Version      : 1.2
   Ways         : 32
   Words        : 1
   Feedback     : 2
   WordBits     : 32
   IndexBits    : 32
   Sort Order   : 0
   Sign Compare : 0
   Max Size     : 268435455
   Debug Enable : 1
   size         : 965000
   average_time :   19.290 # [msec]
   throughput   :   50.027 # [mwords/sec]
   Debug_Time(0):   19.033 # [msec]
   Debug_Time(1):   15.140 # [msec]
   Debug_Time(2):    3.893 # [msec]
-
   Version      : 1.2
   Ways         : 32
   Words        : 1
   Feedback     : 2
   WordBits     : 32
   IndexBits    : 32
   Sort Order   : 0
   Sign Compare : 0
   Max Size     : 268435455
   Debug Enable : 1
   size         : 970000
   average_time :   19.311 # [msec]
   throughput   :   50.230 # [mwords/sec]
   Debug_Time(0):   19.086 # [msec]
   Debug_Time(1):   15.174 # [msec]
   Debug_Time(2):    3.913 # [msec]
-
   Version      : 1.2
   Ways         : 32
   Words        : 1
   Feedback     : 2
   WordBits     : 32
   IndexBits    : 32
   Sort Order   : 0
   Sign Compare : 0
   Max Size     : 268435455
   Debug Enable : 1
   size         : 975000
   average_time :   19.349 # [msec]
   throughput   :   50.390 # [mwords/sec]
   Debug_Time(0):   19.037 # [msec]
   Debug_Time(1):   15.103 # [msec]
   Debug_Time(2):    3.933 # [msec]
-
   Version      : 1.2
   Ways         : 32
   Words        : 1
   Feedback     : 2
   WordBits     : 32
   IndexBits    : 32
   Sort Order   : 0
   Sign Compare : 0
   Max Size     : 268435455
   Debug Enable : 1
   size         : 980000
   average_time :   19.389 # [msec]
   throughput   :   50.543 # [mwords/sec]
   Debug_Time(0):   19.146 # [msec]
   Debug_Time(1):   15.193 # [msec]
   Debug_Time(2):    3.953 # [msec]
-
   Version      : 1.2
   Ways         : 32
   Words        : 1
   Feedback     : 2
   WordBits     : 32
   IndexBits    : 32
   Sort Order   : 0
   Sign Compare : 0
   Max Size     : 268435455
   Debug Enable : 1
   size         : 985000
   average_time :   19.813 # [msec]
   throughput   :   49.716 # [mwords/sec]
   Debug_Time(0):   19.568 # [msec]
   Debug_Time(1):   15.594 # [msec]
   Debug_Time(2):    3.974 # [msec]
-
   Version      : 1.2
   Ways         : 32
   Words        : 1
   Feedback     : 2
   WordBits     : 32
   IndexBits    : 32
   Sort Order   : 0
   Sign Compare : 0
   Max Size     : 268435455
   Debug Enable : 1
   size         : 990000
   average_time :   19.843 # [msec]
   throughput   :   49.892 # [mwords/sec]
   Debug_Time(0):   19.598 # [msec]
   Debug_Time(1):   15.604 # [msec]
   Debug_Time(2):    3.994 # [msec]
-
   Version      : 1.2
   Ways         : 32
   Words        : 1
   Feedback     : 2
   WordBits     : 32
   IndexBits    : 32
   Sort Order   : 0
   Sign Compare : 0
   Max Size     : 268435455
   Debug Enable : 1
   size         : 995000
   average_time :   19.883 # [msec]
   throughput   :   50.042 # [mwords/sec]
   Debug_Time(0):   19.645 # [msec]
   Debug_Time(1):   15.631 # [msec]
   Debug_Time(2):    4.014 # [msec]
-
   Version      : 1.2
   Ways         : 32
   Words        : 1
   Feedback     : 2
   WordBits     : 32
   IndexBits    : 32
   Sort Order   : 0
   Sign Compare : 0
   Max Size     : 268435455
   Debug Enable : 1
   size         : 1000000
   average_time :   19.921 # [msec]
   throughput   :   50.198 # [mwords/sec]
   Debug_Time(0):   19.656 # [msec]
   Debug_Time(1):   15.623 # [msec]
   Debug_Time(2):    4.034 # [msec]
