---
-
   Version      : 1.6
   Ways         : 16
   Words        : 1
   Feedback     : 2
   WordBits     : 32
   IndexBits    : 32
   Sort Order   : 0
   Sign Compare : 0
   Max Size     : 268435455
   Debug Enable : 1
   size         : 5000
   average_time :    0.273 # [msec]
   throughput   :   18.341 # [mwords/sec]
   Debug_Time(0):    0.122 # [msec]
   Debug_Time(1):    0.099 # [msec]
   Debug_Time(2):    0.023 # [msec]
-
   Version      : 1.6
   Ways         : 16
   Words        : 1
   Feedback     : 2
   WordBits     : 32
   IndexBits    : 32
   Sort Order   : 0
   Sign Compare : 0
   Max Size     : 268435455
   Debug Enable : 1
   size         : 10000
   average_time :    0.343 # [msec]
   throughput   :   29.139 # [mwords/sec]
   Debug_Time(0):    0.192 # [msec]
   Debug_Time(1):    0.148 # [msec]
   Debug_Time(2):    0.043 # [msec]
-
   Version      : 1.6
   Ways         : 16
   Words        : 1
   Feedback     : 2
   WordBits     : 32
   IndexBits    : 32
   Sort Order   : 0
   Sign Compare : 0
   Max Size     : 268435455
   Debug Enable : 1
   size         : 15000
   average_time :    0.410 # [msec]
   throughput   :   36.595 # [mwords/sec]
   Debug_Time(0):    0.262 # [msec]
   Debug_Time(1):    0.197 # [msec]
   Debug_Time(2):    0.064 # [msec]
-
   Version      : 1.6
   Ways         : 16
   Words        : 1
   Feedback     : 2
   WordBits     : 32
   IndexBits    : 32
   Sort Order   : 0
   Sign Compare : 0
   Max Size     : 268435455
   Debug Enable : 1
   size         : 20000
   average_time :    0.484 # [msec]
   throughput   :   41.352 # [mwords/sec]
   Debug_Time(0):    0.331 # [msec]
   Debug_Time(1):    0.246 # [msec]
   Debug_Time(2):    0.085 # [msec]
-
   Version      : 1.6
   Ways         : 16
   Words        : 1
   Feedback     : 2
   WordBits     : 32
   IndexBits    : 32
   Sort Order   : 0
   Sign Compare : 0
   Max Size     : 268435455
   Debug Enable : 1
   size         : 25000
   average_time :    0.604 # [msec]
   throughput   :   41.395 # [mwords/sec]
   Debug_Time(0):    0.452 # [msec]
   Debug_Time(1):    0.345 # [msec]
   Debug_Time(2):    0.107 # [msec]
-
   Version      : 1.6
   Ways         : 16
   Words        : 1
   Feedback     : 2
   WordBits     : 32
   IndexBits    : 32
   Sort Order   : 0
   Sign Compare : 0
   Max Size     : 268435455
   Debug Enable : 1
   size         : 30000
   average_time :    0.672 # [msec]
   throughput   :   44.650 # [mwords/sec]
   Debug_Time(0):    0.522 # [msec]
   Debug_Time(1):    0.394 # [msec]
   Debug_Time(2):    0.128 # [msec]
-
   Version      : 1.6
   Ways         : 16
   Words        : 1
   Feedback     : 2
   WordBits     : 32
   IndexBits    : 32
   Sort Order   : 0
   Sign Compare : 0
   Max Size     : 268435455
   Debug Enable : 1
   size         : 35000
   average_time :    0.745 # [msec]
   throughput   :   46.952 # [mwords/sec]
   Debug_Time(0):    0.593 # [msec]
   Debug_Time(1):    0.443 # [msec]
   Debug_Time(2):    0.149 # [msec]
-
   Version      : 1.6
   Ways         : 16
   Words        : 1
   Feedback     : 2
   WordBits     : 32
   IndexBits    : 32
   Sort Order   : 0
   Sign Compare : 0
   Max Size     : 268435455
   Debug Enable : 1
   size         : 40000
   average_time :    0.816 # [msec]
   throughput   :   49.030 # [mwords/sec]
   Debug_Time(0):    0.663 # [msec]
   Debug_Time(1):    0.492 # [msec]
   Debug_Time(2):    0.171 # [msec]
-
   Version      : 1.6
   Ways         : 16
   Words        : 1
   Feedback     : 2
   WordBits     : 32
   IndexBits    : 32
   Sort Order   : 0
   Sign Compare : 0
   Max Size     : 268435455
   Debug Enable : 1
   size         : 45000
   average_time :    0.892 # [msec]
   throughput   :   50.434 # [mwords/sec]
   Debug_Time(0):    0.734 # [msec]
   Debug_Time(1):    0.542 # [msec]
   Debug_Time(2):    0.192 # [msec]
-
   Version      : 1.6
   Ways         : 16
   Words        : 1
   Feedback     : 2
   WordBits     : 32
   IndexBits    : 32
   Sort Order   : 0
   Sign Compare : 0
   Max Size     : 268435455
   Debug Enable : 1
   size         : 50000
   average_time :    1.009 # [msec]
   throughput   :   49.569 # [mwords/sec]
   Debug_Time(0):    0.854 # [msec]
   Debug_Time(1):    0.640 # [msec]
   Debug_Time(2):    0.214 # [msec]
-
   Version      : 1.6
   Ways         : 16
   Words        : 1
   Feedback     : 2
   WordBits     : 32
   IndexBits    : 32
   Sort Order   : 0
   Sign Compare : 0
   Max Size     : 268435455
   Debug Enable : 1
   size         : 55000
   average_time :    1.083 # [msec]
   throughput   :   50.790 # [mwords/sec]
   Debug_Time(0):    0.924 # [msec]
   Debug_Time(1):    0.689 # [msec]
   Debug_Time(2):    0.235 # [msec]
-
   Version      : 1.6
   Ways         : 16
   Words        : 1
   Feedback     : 2
   WordBits     : 32
   IndexBits    : 32
   Sort Order   : 0
   Sign Compare : 0
   Max Size     : 268435455
   Debug Enable : 1
   size         : 60000
   average_time :    1.152 # [msec]
   throughput   :   52.081 # [mwords/sec]
   Debug_Time(0):    0.994 # [msec]
   Debug_Time(1):    0.738 # [msec]
   Debug_Time(2):    0.256 # [msec]
-
   Version      : 1.6
   Ways         : 16
   Words        : 1
   Feedback     : 2
   WordBits     : 32
   IndexBits    : 32
   Sort Order   : 0
   Sign Compare : 0
   Max Size     : 268435455
   Debug Enable : 1
   size         : 65000
   average_time :    1.221 # [msec]
   throughput   :   53.233 # [mwords/sec]
   Debug_Time(0):    1.064 # [msec]
   Debug_Time(1):    0.788 # [msec]
   Debug_Time(2):    0.277 # [msec]
-
   Version      : 1.6
   Ways         : 16
   Words        : 1
   Feedback     : 2
   WordBits     : 32
   IndexBits    : 32
   Sort Order   : 0
   Sign Compare : 0
   Max Size     : 268435455
   Debug Enable : 1
   size         : 70000
   average_time :    1.625 # [msec]
   throughput   :   43.067 # [mwords/sec]
   Debug_Time(0):    1.465 # [msec]
   Debug_Time(1):    0.886 # [msec]
   Debug_Time(2):    0.297 # [msec]
   Debug_Time(3):    0.282 # [msec]
-
   Version      : 1.6
   Ways         : 16
   Words        : 1
   Feedback     : 2
   WordBits     : 32
   IndexBits    : 32
   Sort Order   : 0
   Sign Compare : 0
   Max Size     : 268435455
   Debug Enable : 1
   size         : 75000
   average_time :    1.715 # [msec]
   throughput   :   43.742 # [mwords/sec]
   Debug_Time(0):    1.554 # [msec]
   Debug_Time(1):    0.935 # [msec]
   Debug_Time(2):    0.317 # [msec]
   Debug_Time(3):    0.303 # [msec]
-
   Version      : 1.6
   Ways         : 16
   Words        : 1
   Feedback     : 2
   WordBits     : 32
   IndexBits    : 32
   Sort Order   : 0
   Sign Compare : 0
   Max Size     : 268435455
   Debug Enable : 1
   size         : 80000
   average_time :    1.852 # [msec]
   throughput   :   43.207 # [mwords/sec]
   Debug_Time(0):    1.643 # [msec]
   Debug_Time(1):    0.984 # [msec]
   Debug_Time(2):    0.337 # [msec]
   Debug_Time(3):    0.323 # [msec]
-
   Version      : 1.6
   Ways         : 16
   Words        : 1
   Feedback     : 2
   WordBits     : 32
   IndexBits    : 32
   Sort Order   : 0
   Sign Compare : 0
   Max Size     : 268435455
   Debug Enable : 1
   size         : 85000
   average_time :    1.968 # [msec]
   throughput   :   43.199 # [mwords/sec]
   Debug_Time(0):    1.733 # [msec]
   Debug_Time(1):    1.033 # [msec]
   Debug_Time(2):    0.357 # [msec]
   Debug_Time(3):    0.344 # [msec]
-
   Version      : 1.6
   Ways         : 16
   Words        : 1
   Feedback     : 2
   WordBits     : 32
   IndexBits    : 32
   Sort Order   : 0
   Sign Compare : 0
   Max Size     : 268435455
   Debug Enable : 1
   size         : 90000
   average_time :    2.036 # [msec]
   throughput   :   44.207 # [mwords/sec]
   Debug_Time(0):    1.822 # [msec]
   Debug_Time(1):    1.083 # [msec]
   Debug_Time(2):    0.377 # [msec]
   Debug_Time(3):    0.363 # [msec]
-
   Version      : 1.6
   Ways         : 16
   Words        : 1
   Feedback     : 2
   WordBits     : 32
   IndexBits    : 32
   Sort Order   : 0
   Sign Compare : 0
   Max Size     : 268435455
   Debug Enable : 1
   size         : 95000
   average_time :    2.180 # [msec]
   throughput   :   43.585 # [mwords/sec]
   Debug_Time(0):    1.960 # [msec]
   Debug_Time(1):    1.181 # [msec]
   Debug_Time(2):    0.397 # [msec]
   Debug_Time(3):    0.383 # [msec]
-
   Version      : 1.6
   Ways         : 16
   Words        : 1
   Feedback     : 2
   WordBits     : 32
   IndexBits    : 32
   Sort Order   : 0
   Sign Compare : 0
   Max Size     : 268435455
   Debug Enable : 1
   size         : 100000
   average_time :    2.265 # [msec]
   throughput   :   44.148 # [mwords/sec]
   Debug_Time(0):    2.049 # [msec]
   Debug_Time(1):    1.229 # [msec]
   Debug_Time(2):    0.417 # [msec]
   Debug_Time(3):    0.403 # [msec]
-
   Version      : 1.6
   Ways         : 16
   Words        : 1
   Feedback     : 2
   WordBits     : 32
   IndexBits    : 32
   Sort Order   : 0
   Sign Compare : 0
   Max Size     : 268435455
   Debug Enable : 1
   size         : 105000
   average_time :    2.309 # [msec]
   throughput   :   45.480 # [mwords/sec]
   Debug_Time(0):    2.138 # [msec]
   Debug_Time(1):    1.279 # [msec]
   Debug_Time(2):    0.437 # [msec]
   Debug_Time(3):    0.423 # [msec]
-
   Version      : 1.6
   Ways         : 16
   Words        : 1
   Feedback     : 2
   WordBits     : 32
   IndexBits    : 32
   Sort Order   : 0
   Sign Compare : 0
   Max Size     : 268435455
   Debug Enable : 1
   size         : 110000
   average_time :    2.402 # [msec]
   throughput   :   45.802 # [mwords/sec]
   Debug_Time(0):    2.228 # [msec]
   Debug_Time(1):    1.328 # [msec]
   Debug_Time(2):    0.457 # [msec]
   Debug_Time(3):    0.442 # [msec]
-
   Version      : 1.6
   Ways         : 16
   Words        : 1
   Feedback     : 2
   WordBits     : 32
   IndexBits    : 32
   Sort Order   : 0
   Sign Compare : 0
   Max Size     : 268435455
   Debug Enable : 1
   size         : 115000
   average_time :    2.551 # [msec]
   throughput   :   45.088 # [mwords/sec]
   Debug_Time(0):    2.367 # [msec]
   Debug_Time(1):    1.427 # [msec]
   Debug_Time(2):    0.477 # [msec]
   Debug_Time(3):    0.463 # [msec]
-
   Version      : 1.6
   Ways         : 16
   Words        : 1
   Feedback     : 2
   WordBits     : 32
   IndexBits    : 32
   Sort Order   : 0
   Sign Compare : 0
   Max Size     : 268435455
   Debug Enable : 1
   size         : 120000
   average_time :    2.632 # [msec]
   throughput   :   45.591 # [mwords/sec]
   Debug_Time(0):    2.456 # [msec]
   Debug_Time(1):    1.476 # [msec]
   Debug_Time(2):    0.497 # [msec]
   Debug_Time(3):    0.483 # [msec]
-
   Version      : 1.6
   Ways         : 16
   Words        : 1
   Feedback     : 2
   WordBits     : 32
   IndexBits    : 32
   Sort Order   : 0
   Sign Compare : 0
   Max Size     : 268435455
   Debug Enable : 1
   size         : 125000
   average_time :    2.740 # [msec]
   throughput   :   45.617 # [mwords/sec]
   Debug_Time(0):    2.553 # [msec]
   Debug_Time(1):    1.533 # [msec]
   Debug_Time(2):    0.517 # [msec]
   Debug_Time(3):    0.503 # [msec]
-
   Version      : 1.6
   Ways         : 16
   Words        : 1
   Feedback     : 2
   WordBits     : 32
   IndexBits    : 32
   Sort Order   : 0
   Sign Compare : 0
   Max Size     : 268435455
   Debug Enable : 1
   size         : 130000
   average_time :    2.841 # [msec]
   throughput   :   45.761 # [mwords/sec]
   Debug_Time(0):    2.638 # [msec]
   Debug_Time(1):    1.577 # [msec]
   Debug_Time(2):    0.537 # [msec]
   Debug_Time(3):    0.524 # [msec]
-
   Version      : 1.6
   Ways         : 16
   Words        : 1
   Feedback     : 2
   WordBits     : 32
   IndexBits    : 32
   Sort Order   : 0
   Sign Compare : 0
   Max Size     : 268435455
   Debug Enable : 1
   size         : 135000
   average_time :    2.951 # [msec]
   throughput   :   45.742 # [mwords/sec]
   Debug_Time(0):    2.747 # [msec]
   Debug_Time(1):    1.646 # [msec]
   Debug_Time(2):    0.557 # [msec]
   Debug_Time(3):    0.544 # [msec]
-
   Version      : 1.6
   Ways         : 16
   Words        : 1
   Feedback     : 2
   WordBits     : 32
   IndexBits    : 32
   Sort Order   : 0
   Sign Compare : 0
   Max Size     : 268435455
   Debug Enable : 1
   size         : 140000
   average_time :    3.089 # [msec]
   throughput   :   45.321 # [mwords/sec]
   Debug_Time(0):    2.881 # [msec]
   Debug_Time(1):    1.741 # [msec]
   Debug_Time(2):    0.577 # [msec]
   Debug_Time(3):    0.564 # [msec]
-
   Version      : 1.6
   Ways         : 16
   Words        : 1
   Feedback     : 2
   WordBits     : 32
   IndexBits    : 32
   Sort Order   : 0
   Sign Compare : 0
   Max Size     : 268435455
   Debug Enable : 1
   size         : 145000
   average_time :    3.168 # [msec]
   throughput   :   45.768 # [mwords/sec]
   Debug_Time(0):    2.977 # [msec]
   Debug_Time(1):    1.797 # [msec]
   Debug_Time(2):    0.597 # [msec]
   Debug_Time(3):    0.584 # [msec]
-
   Version      : 1.6
   Ways         : 16
   Words        : 1
   Feedback     : 2
   WordBits     : 32
   IndexBits    : 32
   Sort Order   : 0
   Sign Compare : 0
   Max Size     : 268435455
   Debug Enable : 1
   size         : 150000
   average_time :    3.278 # [msec]
   throughput   :   45.756 # [mwords/sec]
   Debug_Time(0):    3.145 # [msec]
   Debug_Time(1):    1.924 # [msec]
   Debug_Time(2):    0.617 # [msec]
   Debug_Time(3):    0.604 # [msec]
-
   Version      : 1.6
   Ways         : 16
   Words        : 1
   Feedback     : 2
   WordBits     : 32
   IndexBits    : 32
   Sort Order   : 0
   Sign Compare : 0
   Max Size     : 268435455
   Debug Enable : 1
   size         : 155000
   average_time :    3.392 # [msec]
   throughput   :   45.701 # [mwords/sec]
   Debug_Time(0):    3.183 # [msec]
   Debug_Time(1):    1.922 # [msec]
   Debug_Time(2):    0.637 # [msec]
   Debug_Time(3):    0.624 # [msec]
-
   Version      : 1.6
   Ways         : 16
   Words        : 1
   Feedback     : 2
   WordBits     : 32
   IndexBits    : 32
   Sort Order   : 0
   Sign Compare : 0
   Max Size     : 268435455
   Debug Enable : 1
   size         : 160000
   average_time :    3.435 # [msec]
   throughput   :   46.577 # [mwords/sec]
   Debug_Time(0):    3.246 # [msec]
   Debug_Time(1):    1.945 # [msec]
   Debug_Time(2):    0.657 # [msec]
   Debug_Time(3):    0.644 # [msec]
-
   Version      : 1.6
   Ways         : 16
   Words        : 1
   Feedback     : 2
   WordBits     : 32
   IndexBits    : 32
   Sort Order   : 0
   Sign Compare : 0
   Max Size     : 268435455
   Debug Enable : 1
   size         : 165000
   average_time :    3.640 # [msec]
   throughput   :   45.330 # [mwords/sec]
   Debug_Time(0):    3.432 # [msec]
   Debug_Time(1):    2.091 # [msec]
   Debug_Time(2):    0.677 # [msec]
   Debug_Time(3):    0.665 # [msec]
-
   Version      : 1.6
   Ways         : 16
   Words        : 1
   Feedback     : 2
   WordBits     : 32
   IndexBits    : 32
   Sort Order   : 0
   Sign Compare : 0
   Max Size     : 268435455
   Debug Enable : 1
   size         : 170000
   average_time :    3.745 # [msec]
   throughput   :   45.392 # [mwords/sec]
   Debug_Time(0):    3.542 # [msec]
   Debug_Time(1):    2.160 # [msec]
   Debug_Time(2):    0.697 # [msec]
   Debug_Time(3):    0.685 # [msec]
-
   Version      : 1.6
   Ways         : 16
   Words        : 1
   Feedback     : 2
   WordBits     : 32
   IndexBits    : 32
   Sort Order   : 0
   Sign Compare : 0
   Max Size     : 268435455
   Debug Enable : 1
   size         : 175000
   average_time :    3.839 # [msec]
   throughput   :   45.581 # [mwords/sec]
   Debug_Time(0):    3.646 # [msec]
   Debug_Time(1):    2.224 # [msec]
   Debug_Time(2):    0.717 # [msec]
   Debug_Time(3):    0.705 # [msec]
-
   Version      : 1.6
   Ways         : 16
   Words        : 1
   Feedback     : 2
   WordBits     : 32
   IndexBits    : 32
   Sort Order   : 0
   Sign Compare : 0
   Max Size     : 268435455
   Debug Enable : 1
   size         : 180000
   average_time :    3.980 # [msec]
   throughput   :   45.222 # [mwords/sec]
   Debug_Time(0):    3.757 # [msec]
   Debug_Time(1):    2.296 # [msec]
   Debug_Time(2):    0.737 # [msec]
   Debug_Time(3):    0.724 # [msec]
-
   Version      : 1.6
   Ways         : 16
   Words        : 1
   Feedback     : 2
   WordBits     : 32
   IndexBits    : 32
   Sort Order   : 0
   Sign Compare : 0
   Max Size     : 268435455
   Debug Enable : 1
   size         : 185000
   average_time :    4.062 # [msec]
   throughput   :   45.543 # [mwords/sec]
   Debug_Time(0):    3.887 # [msec]
   Debug_Time(1):    2.386 # [msec]
   Debug_Time(2):    0.757 # [msec]
   Debug_Time(3):    0.744 # [msec]
-
   Version      : 1.6
   Ways         : 16
   Words        : 1
   Feedback     : 2
   WordBits     : 32
   IndexBits    : 32
   Sort Order   : 0
   Sign Compare : 0
   Max Size     : 268435455
   Debug Enable : 1
   size         : 190000
   average_time :    4.174 # [msec]
   throughput   :   45.524 # [mwords/sec]
   Debug_Time(0):    3.997 # [msec]
   Debug_Time(1):    2.456 # [msec]
   Debug_Time(2):    0.777 # [msec]
   Debug_Time(3):    0.764 # [msec]
-
   Version      : 1.6
   Ways         : 16
   Words        : 1
   Feedback     : 2
   WordBits     : 32
   IndexBits    : 32
   Sort Order   : 0
   Sign Compare : 0
   Max Size     : 268435455
   Debug Enable : 1
   size         : 195000
   average_time :    4.305 # [msec]
   throughput   :   45.296 # [mwords/sec]
   Debug_Time(0):    4.129 # [msec]
   Debug_Time(1):    2.547 # [msec]
   Debug_Time(2):    0.797 # [msec]
   Debug_Time(3):    0.785 # [msec]
-
   Version      : 1.6
   Ways         : 16
   Words        : 1
   Feedback     : 2
   WordBits     : 32
   IndexBits    : 32
   Sort Order   : 0
   Sign Compare : 0
   Max Size     : 268435455
   Debug Enable : 1
   size         : 200000
   average_time :    4.383 # [msec]
   throughput   :   45.630 # [mwords/sec]
   Debug_Time(0):    4.222 # [msec]
   Debug_Time(1):    2.599 # [msec]
   Debug_Time(2):    0.817 # [msec]
   Debug_Time(3):    0.806 # [msec]
-
   Version      : 1.6
   Ways         : 16
   Words        : 1
   Feedback     : 2
   WordBits     : 32
   IndexBits    : 32
   Sort Order   : 0
   Sign Compare : 0
   Max Size     : 268435455
   Debug Enable : 1
   size         : 205000
   average_time :    4.496 # [msec]
   throughput   :   45.595 # [mwords/sec]
   Debug_Time(0):    4.319 # [msec]
   Debug_Time(1):    2.656 # [msec]
   Debug_Time(2):    0.837 # [msec]
   Debug_Time(3):    0.826 # [msec]
-
   Version      : 1.6
   Ways         : 16
   Words        : 1
   Feedback     : 2
   WordBits     : 32
   IndexBits    : 32
   Sort Order   : 0
   Sign Compare : 0
   Max Size     : 268435455
   Debug Enable : 1
   size         : 210000
   average_time :    4.672 # [msec]
   throughput   :   44.947 # [mwords/sec]
   Debug_Time(0):    4.482 # [msec]
   Debug_Time(1):    2.779 # [msec]
   Debug_Time(2):    0.857 # [msec]
   Debug_Time(3):    0.846 # [msec]
-
   Version      : 1.6
   Ways         : 16
   Words        : 1
   Feedback     : 2
   WordBits     : 32
   IndexBits    : 32
   Sort Order   : 0
   Sign Compare : 0
   Max Size     : 268435455
   Debug Enable : 1
   size         : 215000
   average_time :    4.781 # [msec]
   throughput   :   44.974 # [mwords/sec]
   Debug_Time(0):    4.575 # [msec]
   Debug_Time(1):    2.832 # [msec]
   Debug_Time(2):    0.877 # [msec]
   Debug_Time(3):    0.866 # [msec]
-
   Version      : 1.6
   Ways         : 16
   Words        : 1
   Feedback     : 2
   WordBits     : 32
   IndexBits    : 32
   Sort Order   : 0
   Sign Compare : 0
   Max Size     : 268435455
   Debug Enable : 1
   size         : 220000
   average_time :    4.895 # [msec]
   throughput   :   44.943 # [mwords/sec]
   Debug_Time(0):    4.671 # [msec]
   Debug_Time(1):    2.888 # [msec]
   Debug_Time(2):    0.897 # [msec]
   Debug_Time(3):    0.886 # [msec]
-
   Version      : 1.6
   Ways         : 16
   Words        : 1
   Feedback     : 2
   WordBits     : 32
   IndexBits    : 32
   Sort Order   : 0
   Sign Compare : 0
   Max Size     : 268435455
   Debug Enable : 1
   size         : 225000
   average_time :    4.990 # [msec]
   throughput   :   45.094 # [mwords/sec]
   Debug_Time(0):    4.772 # [msec]
   Debug_Time(1):    2.950 # [msec]
   Debug_Time(2):    0.917 # [msec]
   Debug_Time(3):    0.906 # [msec]
-
   Version      : 1.6
   Ways         : 16
   Words        : 1
   Feedback     : 2
   WordBits     : 32
   IndexBits    : 32
   Sort Order   : 0
   Sign Compare : 0
   Max Size     : 268435455
   Debug Enable : 1
   size         : 230000
   average_time :    5.142 # [msec]
   throughput   :   44.732 # [mwords/sec]
   Debug_Time(0):    4.928 # [msec]
   Debug_Time(1):    3.066 # [msec]
   Debug_Time(2):    0.937 # [msec]
   Debug_Time(3):    0.925 # [msec]
-
   Version      : 1.6
   Ways         : 16
   Words        : 1
   Feedback     : 2
   WordBits     : 32
   IndexBits    : 32
   Sort Order   : 0
   Sign Compare : 0
   Max Size     : 268435455
   Debug Enable : 1
   size         : 235000
   average_time :    5.244 # [msec]
   throughput   :   44.815 # [mwords/sec]
   Debug_Time(0):    5.036 # [msec]
   Debug_Time(1):    3.134 # [msec]
   Debug_Time(2):    0.957 # [msec]
   Debug_Time(3):    0.945 # [msec]
-
   Version      : 1.6
   Ways         : 16
   Words        : 1
   Feedback     : 2
   WordBits     : 32
   IndexBits    : 32
   Sort Order   : 0
   Sign Compare : 0
   Max Size     : 268435455
   Debug Enable : 1
   size         : 240000
   average_time :    5.338 # [msec]
   throughput   :   44.960 # [mwords/sec]
   Debug_Time(0):    5.131 # [msec]
   Debug_Time(1):    3.189 # [msec]
   Debug_Time(2):    0.977 # [msec]
   Debug_Time(3):    0.965 # [msec]
-
   Version      : 1.6
   Ways         : 16
   Words        : 1
   Feedback     : 2
   WordBits     : 32
   IndexBits    : 32
   Sort Order   : 0
   Sign Compare : 0
   Max Size     : 268435455
   Debug Enable : 1
   size         : 245000
   average_time :    5.437 # [msec]
   throughput   :   45.058 # [mwords/sec]
   Debug_Time(0):    5.218 # [msec]
   Debug_Time(1):    3.236 # [msec]
   Debug_Time(2):    0.997 # [msec]
   Debug_Time(3):    0.986 # [msec]
-
   Version      : 1.6
   Ways         : 16
   Words        : 1
   Feedback     : 2
   WordBits     : 32
   IndexBits    : 32
   Sort Order   : 0
   Sign Compare : 0
   Max Size     : 268435455
   Debug Enable : 1
   size         : 250000
   average_time :    5.541 # [msec]
   throughput   :   45.119 # [mwords/sec]
   Debug_Time(0):    5.298 # [msec]
   Debug_Time(1):    3.276 # [msec]
   Debug_Time(2):    1.017 # [msec]
   Debug_Time(3):    1.006 # [msec]
-
   Version      : 1.6
   Ways         : 16
   Words        : 1
   Feedback     : 2
   WordBits     : 32
   IndexBits    : 32
   Sort Order   : 0
   Sign Compare : 0
   Max Size     : 268435455
   Debug Enable : 1
   size         : 255000
   average_time :    5.666 # [msec]
   throughput   :   45.002 # [mwords/sec]
   Debug_Time(0):    5.450 # [msec]
   Debug_Time(1):    3.386 # [msec]
   Debug_Time(2):    1.037 # [msec]
   Debug_Time(3):    1.026 # [msec]
-
   Version      : 1.6
   Ways         : 16
   Words        : 1
   Feedback     : 2
   WordBits     : 32
   IndexBits    : 32
   Sort Order   : 0
   Sign Compare : 0
   Max Size     : 268435455
   Debug Enable : 1
   size         : 260000
   average_time :    5.762 # [msec]
   throughput   :   45.123 # [mwords/sec]
   Debug_Time(0):    5.545 # [msec]
   Debug_Time(1):    3.442 # [msec]
   Debug_Time(2):    1.057 # [msec]
   Debug_Time(3):    1.046 # [msec]
-
   Version      : 1.6
   Ways         : 16
   Words        : 1
   Feedback     : 2
   WordBits     : 32
   IndexBits    : 32
   Sort Order   : 0
   Sign Compare : 0
   Max Size     : 268435455
   Debug Enable : 1
   size         : 265000
   average_time :    5.887 # [msec]
   throughput   :   45.016 # [mwords/sec]
   Debug_Time(0):    5.645 # [msec]
   Debug_Time(1):    3.502 # [msec]
   Debug_Time(2):    1.077 # [msec]
   Debug_Time(3):    1.067 # [msec]
-
   Version      : 1.6
   Ways         : 16
   Words        : 1
   Feedback     : 2
   WordBits     : 32
   IndexBits    : 32
   Sort Order   : 0
   Sign Compare : 0
   Max Size     : 268435455
   Debug Enable : 1
   size         : 270000
   average_time :    5.991 # [msec]
   throughput   :   45.067 # [mwords/sec]
   Debug_Time(0):    5.739 # [msec]
   Debug_Time(1):    3.556 # [msec]
   Debug_Time(2):    1.097 # [msec]
   Debug_Time(3):    1.086 # [msec]
-
   Version      : 1.6
   Ways         : 16
   Words        : 1
   Feedback     : 2
   WordBits     : 32
   IndexBits    : 32
   Sort Order   : 0
   Sign Compare : 0
   Max Size     : 268435455
   Debug Enable : 1
   size         : 275000
   average_time :    6.141 # [msec]
   throughput   :   44.778 # [mwords/sec]
   Debug_Time(0):    5.895 # [msec]
   Debug_Time(1):    3.671 # [msec]
   Debug_Time(2):    1.117 # [msec]
   Debug_Time(3):    1.107 # [msec]
-
   Version      : 1.6
   Ways         : 16
   Words        : 1
   Feedback     : 2
   WordBits     : 32
   IndexBits    : 32
   Sort Order   : 0
   Sign Compare : 0
   Max Size     : 268435455
   Debug Enable : 1
   size         : 280000
   average_time :    6.295 # [msec]
   throughput   :   44.483 # [mwords/sec]
   Debug_Time(0):    5.979 # [msec]
   Debug_Time(1):    3.716 # [msec]
   Debug_Time(2):    1.137 # [msec]
   Debug_Time(3):    1.126 # [msec]
-
   Version      : 1.6
   Ways         : 16
   Words        : 1
   Feedback     : 2
   WordBits     : 32
   IndexBits    : 32
   Sort Order   : 0
   Sign Compare : 0
   Max Size     : 268435455
   Debug Enable : 1
   size         : 285000
   average_time :    6.310 # [msec]
   throughput   :   45.163 # [mwords/sec]
   Debug_Time(0):    6.044 # [msec]
   Debug_Time(1):    3.740 # [msec]
   Debug_Time(2):    1.157 # [msec]
   Debug_Time(3):    1.147 # [msec]
-
   Version      : 1.6
   Ways         : 16
   Words        : 1
   Feedback     : 2
   WordBits     : 32
   IndexBits    : 32
   Sort Order   : 0
   Sign Compare : 0
   Max Size     : 268435455
   Debug Enable : 1
   size         : 290000
   average_time :    6.434 # [msec]
   throughput   :   45.075 # [mwords/sec]
   Debug_Time(0):    6.119 # [msec]
   Debug_Time(1):    3.775 # [msec]
   Debug_Time(2):    1.177 # [msec]
   Debug_Time(3):    1.167 # [msec]
-
   Version      : 1.6
   Ways         : 16
   Words        : 1
   Feedback     : 2
   WordBits     : 32
   IndexBits    : 32
   Sort Order   : 0
   Sign Compare : 0
   Max Size     : 268435455
   Debug Enable : 1
   size         : 295000
   average_time :    6.531 # [msec]
   throughput   :   45.172 # [mwords/sec]
   Debug_Time(0):    6.235 # [msec]
   Debug_Time(1):    3.850 # [msec]
   Debug_Time(2):    1.197 # [msec]
   Debug_Time(3):    1.187 # [msec]
-
   Version      : 1.6
   Ways         : 16
   Words        : 1
   Feedback     : 2
   WordBits     : 32
   IndexBits    : 32
   Sort Order   : 0
   Sign Compare : 0
   Max Size     : 268435455
   Debug Enable : 1
   size         : 300000
   average_time :    6.655 # [msec]
   throughput   :   45.082 # [mwords/sec]
   Debug_Time(0):    6.338 # [msec]
   Debug_Time(1):    3.914 # [msec]
   Debug_Time(2):    1.217 # [msec]
   Debug_Time(3):    1.207 # [msec]
-
   Version      : 1.6
   Ways         : 16
   Words        : 1
   Feedback     : 2
   WordBits     : 32
   IndexBits    : 32
   Sort Order   : 0
   Sign Compare : 0
   Max Size     : 268435455
   Debug Enable : 1
   size         : 305000
   average_time :    6.761 # [msec]
   throughput   :   45.114 # [mwords/sec]
   Debug_Time(0):    6.459 # [msec]
   Debug_Time(1):    3.995 # [msec]
   Debug_Time(2):    1.237 # [msec]
   Debug_Time(3):    1.227 # [msec]
-
   Version      : 1.6
   Ways         : 16
   Words        : 1
   Feedback     : 2
   WordBits     : 32
   IndexBits    : 32
   Sort Order   : 0
   Sign Compare : 0
   Max Size     : 268435455
   Debug Enable : 1
   size         : 310000
   average_time :    6.836 # [msec]
   throughput   :   45.345 # [mwords/sec]
   Debug_Time(0):    6.561 # [msec]
   Debug_Time(1):    4.058 # [msec]
   Debug_Time(2):    1.257 # [msec]
   Debug_Time(3):    1.246 # [msec]
-
   Version      : 1.6
   Ways         : 16
   Words        : 1
   Feedback     : 2
   WordBits     : 32
   IndexBits    : 32
   Sort Order   : 0
   Sign Compare : 0
   Max Size     : 268435455
   Debug Enable : 1
   size         : 315000
   average_time :    6.931 # [msec]
   throughput   :   45.448 # [mwords/sec]
   Debug_Time(0):    6.657 # [msec]
   Debug_Time(1):    4.114 # [msec]
   Debug_Time(2):    1.277 # [msec]
   Debug_Time(3):    1.266 # [msec]
-
   Version      : 1.6
   Ways         : 16
   Words        : 1
   Feedback     : 2
   WordBits     : 32
   IndexBits    : 32
   Sort Order   : 0
   Sign Compare : 0
   Max Size     : 268435455
   Debug Enable : 1
   size         : 320000
   average_time :    7.076 # [msec]
   throughput   :   45.225 # [mwords/sec]
   Debug_Time(0):    6.812 # [msec]
   Debug_Time(1):    4.229 # [msec]
   Debug_Time(2):    1.297 # [msec]
   Debug_Time(3):    1.286 # [msec]
-
   Version      : 1.6
   Ways         : 16
   Words        : 1
   Feedback     : 2
   WordBits     : 32
   IndexBits    : 32
   Sort Order   : 0
   Sign Compare : 0
   Max Size     : 268435455
   Debug Enable : 1
   size         : 325000
   average_time :    7.166 # [msec]
   throughput   :   45.354 # [mwords/sec]
   Debug_Time(0):    6.907 # [msec]
   Debug_Time(1):    4.284 # [msec]
   Debug_Time(2):    1.317 # [msec]
   Debug_Time(3):    1.307 # [msec]
-
   Version      : 1.6
   Ways         : 16
   Words        : 1
   Feedback     : 2
   WordBits     : 32
   IndexBits    : 32
   Sort Order   : 0
   Sign Compare : 0
   Max Size     : 268435455
   Debug Enable : 1
   size         : 330000
   average_time :    7.274 # [msec]
   throughput   :   45.370 # [mwords/sec]
   Debug_Time(0):    7.000 # [msec]
   Debug_Time(1):    4.335 # [msec]
   Debug_Time(2):    1.337 # [msec]
   Debug_Time(3):    1.328 # [msec]
-
   Version      : 1.6
   Ways         : 16
   Words        : 1
   Feedback     : 2
   WordBits     : 32
   IndexBits    : 32
   Sort Order   : 0
   Sign Compare : 0
   Max Size     : 268435455
   Debug Enable : 1
   size         : 335000
   average_time :    7.370 # [msec]
   throughput   :   45.454 # [mwords/sec]
   Debug_Time(0):    7.128 # [msec]
   Debug_Time(1):    4.423 # [msec]
   Debug_Time(2):    1.357 # [msec]
   Debug_Time(3):    1.348 # [msec]
-
   Version      : 1.6
   Ways         : 16
   Words        : 1
   Feedback     : 2
   WordBits     : 32
   IndexBits    : 32
   Sort Order   : 0
   Sign Compare : 0
   Max Size     : 268435455
   Debug Enable : 1
   size         : 340000
   average_time :    7.480 # [msec]
   throughput   :   45.456 # [mwords/sec]
   Debug_Time(0):    7.225 # [msec]
   Debug_Time(1):    4.480 # [msec]
   Debug_Time(2):    1.377 # [msec]
   Debug_Time(3):    1.368 # [msec]
-
   Version      : 1.6
   Ways         : 16
   Words        : 1
   Feedback     : 2
   WordBits     : 32
   IndexBits    : 32
   Sort Order   : 0
   Sign Compare : 0
   Max Size     : 268435455
   Debug Enable : 1
   size         : 345000
   average_time :    7.597 # [msec]
   throughput   :   45.413 # [mwords/sec]
   Debug_Time(0):    7.371 # [msec]
   Debug_Time(1):    4.586 # [msec]
   Debug_Time(2):    1.397 # [msec]
   Debug_Time(3):    1.388 # [msec]
-
   Version      : 1.6
   Ways         : 16
   Words        : 1
   Feedback     : 2
   WordBits     : 32
   IndexBits    : 32
   Sort Order   : 0
   Sign Compare : 0
   Max Size     : 268435455
   Debug Enable : 1
   size         : 350000
   average_time :    7.689 # [msec]
   throughput   :   45.519 # [mwords/sec]
   Debug_Time(0):    7.467 # [msec]
   Debug_Time(1):    4.642 # [msec]
   Debug_Time(2):    1.417 # [msec]
   Debug_Time(3):    1.408 # [msec]
-
   Version      : 1.6
   Ways         : 16
   Words        : 1
   Feedback     : 2
   WordBits     : 32
   IndexBits    : 32
   Sort Order   : 0
   Sign Compare : 0
   Max Size     : 268435455
   Debug Enable : 1
   size         : 355000
   average_time :    7.782 # [msec]
   throughput   :   45.620 # [mwords/sec]
   Debug_Time(0):    7.525 # [msec]
   Debug_Time(1):    4.661 # [msec]
   Debug_Time(2):    1.437 # [msec]
   Debug_Time(3):    1.427 # [msec]
-
   Version      : 1.6
   Ways         : 16
   Words        : 1
   Feedback     : 2
   WordBits     : 32
   IndexBits    : 32
   Sort Order   : 0
   Sign Compare : 0
   Max Size     : 268435455
   Debug Enable : 1
   size         : 360000
   average_time :    7.876 # [msec]
   throughput   :   45.706 # [mwords/sec]
   Debug_Time(0):    7.633 # [msec]
   Debug_Time(1):    4.729 # [msec]
   Debug_Time(2):    1.457 # [msec]
   Debug_Time(3):    1.447 # [msec]
-
   Version      : 1.6
   Ways         : 16
   Words        : 1
   Feedback     : 2
   WordBits     : 32
   IndexBits    : 32
   Sort Order   : 0
   Sign Compare : 0
   Max Size     : 268435455
   Debug Enable : 1
   size         : 365000
   average_time :    8.023 # [msec]
   throughput   :   45.492 # [mwords/sec]
   Debug_Time(0):    7.807 # [msec]
   Debug_Time(1):    4.862 # [msec]
   Debug_Time(2):    1.477 # [msec]
   Debug_Time(3):    1.468 # [msec]
-
   Version      : 1.6
   Ways         : 16
   Words        : 1
   Feedback     : 2
   WordBits     : 32
   IndexBits    : 32
   Sort Order   : 0
   Sign Compare : 0
   Max Size     : 268435455
   Debug Enable : 1
   size         : 370000
   average_time :    8.127 # [msec]
   throughput   :   45.526 # [mwords/sec]
   Debug_Time(0):    7.893 # [msec]
   Debug_Time(1):    4.908 # [msec]
   Debug_Time(2):    1.497 # [msec]
   Debug_Time(3):    1.488 # [msec]
-
   Version      : 1.6
   Ways         : 16
   Words        : 1
   Feedback     : 2
   WordBits     : 32
   IndexBits    : 32
   Sort Order   : 0
   Sign Compare : 0
   Max Size     : 268435455
   Debug Enable : 1
   size         : 375000
   average_time :    8.292 # [msec]
   throughput   :   45.222 # [mwords/sec]
   Debug_Time(0):    7.955 # [msec]
   Debug_Time(1):    4.930 # [msec]
   Debug_Time(2):    1.517 # [msec]
   Debug_Time(3):    1.508 # [msec]
-
   Version      : 1.6
   Ways         : 16
   Words        : 1
   Feedback     : 2
   WordBits     : 32
   IndexBits    : 32
   Sort Order   : 0
   Sign Compare : 0
   Max Size     : 268435455
   Debug Enable : 1
   size         : 380000
   average_time :    8.302 # [msec]
   throughput   :   45.773 # [mwords/sec]
   Debug_Time(0):    8.061 # [msec]
   Debug_Time(1):    4.996 # [msec]
   Debug_Time(2):    1.537 # [msec]
   Debug_Time(3):    1.528 # [msec]
-
   Version      : 1.6
   Ways         : 16
   Words        : 1
   Feedback     : 2
   WordBits     : 32
   IndexBits    : 32
   Sort Order   : 0
   Sign Compare : 0
   Max Size     : 268435455
   Debug Enable : 1
   size         : 385000
   average_time :    8.412 # [msec]
   throughput   :   45.768 # [mwords/sec]
   Debug_Time(0):    8.159 # [msec]
   Debug_Time(1):    5.054 # [msec]
   Debug_Time(2):    1.557 # [msec]
   Debug_Time(3):    1.548 # [msec]
-
   Version      : 1.6
   Ways         : 16
   Words        : 1
   Feedback     : 2
   WordBits     : 32
   IndexBits    : 32
   Sort Order   : 0
   Sign Compare : 0
   Max Size     : 268435455
   Debug Enable : 1
   size         : 390000
   average_time :    8.644 # [msec]
   throughput   :   45.116 # [mwords/sec]
   Debug_Time(0):    8.296 # [msec]
   Debug_Time(1):    5.151 # [msec]
   Debug_Time(2):    1.577 # [msec]
   Debug_Time(3):    1.568 # [msec]
-
   Version      : 1.6
   Ways         : 16
   Words        : 1
   Feedback     : 2
   WordBits     : 32
   IndexBits    : 32
   Sort Order   : 0
   Sign Compare : 0
   Max Size     : 268435455
   Debug Enable : 1
   size         : 395000
   average_time :    8.717 # [msec]
   throughput   :   45.314 # [mwords/sec]
   Debug_Time(0):    8.389 # [msec]
   Debug_Time(1):    5.204 # [msec]
   Debug_Time(2):    1.597 # [msec]
   Debug_Time(3):    1.589 # [msec]
-
   Version      : 1.6
   Ways         : 16
   Words        : 1
   Feedback     : 2
   WordBits     : 32
   IndexBits    : 32
   Sort Order   : 0
   Sign Compare : 0
   Max Size     : 268435455
   Debug Enable : 1
   size         : 400000
   average_time :    8.825 # [msec]
   throughput   :   45.328 # [mwords/sec]
   Debug_Time(0):    8.465 # [msec]
   Debug_Time(1):    5.239 # [msec]
   Debug_Time(2):    1.617 # [msec]
   Debug_Time(3):    1.608 # [msec]
-
   Version      : 1.6
   Ways         : 16
   Words        : 1
   Feedback     : 2
   WordBits     : 32
   IndexBits    : 32
   Sort Order   : 0
   Sign Compare : 0
   Max Size     : 268435455
   Debug Enable : 1
   size         : 405000
   average_time :    8.933 # [msec]
   throughput   :   45.337 # [mwords/sec]
   Debug_Time(0):    8.563 # [msec]
   Debug_Time(1):    5.297 # [msec]
   Debug_Time(2):    1.637 # [msec]
   Debug_Time(3):    1.629 # [msec]
-
   Version      : 1.6
   Ways         : 16
   Words        : 1
   Feedback     : 2
   WordBits     : 32
   IndexBits    : 32
   Sort Order   : 0
   Sign Compare : 0
   Max Size     : 268435455
   Debug Enable : 1
   size         : 410000
   average_time :    8.977 # [msec]
   throughput   :   45.672 # [mwords/sec]
   Debug_Time(0):    8.725 # [msec]
   Debug_Time(1):    5.420 # [msec]
   Debug_Time(2):    1.657 # [msec]
   Debug_Time(3):    1.649 # [msec]
-
   Version      : 1.6
   Ways         : 16
   Words        : 1
   Feedback     : 2
   WordBits     : 32
   IndexBits    : 32
   Sort Order   : 0
   Sign Compare : 0
   Max Size     : 268435455
   Debug Enable : 1
   size         : 415000
   average_time :    9.074 # [msec]
   throughput   :   45.737 # [mwords/sec]
   Debug_Time(0):    8.779 # [msec]
   Debug_Time(1):    5.433 # [msec]
   Debug_Time(2):    1.677 # [msec]
   Debug_Time(3):    1.669 # [msec]
-
   Version      : 1.6
   Ways         : 16
   Words        : 1
   Feedback     : 2
   WordBits     : 32
   IndexBits    : 32
   Sort Order   : 0
   Sign Compare : 0
   Max Size     : 268435455
   Debug Enable : 1
   size         : 420000
   average_time :    9.163 # [msec]
   throughput   :   45.839 # [mwords/sec]
   Debug_Time(0):    8.897 # [msec]
   Debug_Time(1):    5.511 # [msec]
   Debug_Time(2):    1.697 # [msec]
   Debug_Time(3):    1.689 # [msec]
-
   Version      : 1.6
   Ways         : 16
   Words        : 1
   Feedback     : 2
   WordBits     : 32
   IndexBits    : 32
   Sort Order   : 0
   Sign Compare : 0
   Max Size     : 268435455
   Debug Enable : 1
   size         : 425000
   average_time :    9.261 # [msec]
   throughput   :   45.894 # [mwords/sec]
   Debug_Time(0):    9.006 # [msec]
   Debug_Time(1):    5.580 # [msec]
   Debug_Time(2):    1.717 # [msec]
   Debug_Time(3):    1.709 # [msec]
-
   Version      : 1.6
   Ways         : 16
   Words        : 1
   Feedback     : 2
   WordBits     : 32
   IndexBits    : 32
   Sort Order   : 0
   Sign Compare : 0
   Max Size     : 268435455
   Debug Enable : 1
   size         : 430000
   average_time :    9.342 # [msec]
   throughput   :   46.026 # [mwords/sec]
   Debug_Time(0):    9.085 # [msec]
   Debug_Time(1):    5.619 # [msec]
   Debug_Time(2):    1.737 # [msec]
   Debug_Time(3):    1.729 # [msec]
-
   Version      : 1.6
   Ways         : 16
   Words        : 1
   Feedback     : 2
   WordBits     : 32
   IndexBits    : 32
   Sort Order   : 0
   Sign Compare : 0
   Max Size     : 268435455
   Debug Enable : 1
   size         : 435000
   average_time :    9.491 # [msec]
   throughput   :   45.832 # [mwords/sec]
   Debug_Time(0):    9.240 # [msec]
   Debug_Time(1):    5.735 # [msec]
   Debug_Time(2):    1.757 # [msec]
   Debug_Time(3):    1.749 # [msec]
-
   Version      : 1.6
   Ways         : 16
   Words        : 1
   Feedback     : 2
   WordBits     : 32
   IndexBits    : 32
   Sort Order   : 0
   Sign Compare : 0
   Max Size     : 268435455
   Debug Enable : 1
   size         : 440000
   average_time :    9.579 # [msec]
   throughput   :   45.932 # [mwords/sec]
   Debug_Time(0):    9.337 # [msec]
   Debug_Time(1):    5.792 # [msec]
   Debug_Time(2):    1.777 # [msec]
   Debug_Time(3):    1.768 # [msec]
-
   Version      : 1.6
   Ways         : 16
   Words        : 1
   Feedback     : 2
   WordBits     : 32
   IndexBits    : 32
   Sort Order   : 0
   Sign Compare : 0
   Max Size     : 268435455
   Debug Enable : 1
   size         : 445000
   average_time :    9.665 # [msec]
   throughput   :   46.042 # [mwords/sec]
   Debug_Time(0):    9.397 # [msec]
   Debug_Time(1):    5.811 # [msec]
   Debug_Time(2):    1.797 # [msec]
   Debug_Time(3):    1.789 # [msec]
-
   Version      : 1.6
   Ways         : 16
   Words        : 1
   Feedback     : 2
   WordBits     : 32
   IndexBits    : 32
   Sort Order   : 0
   Sign Compare : 0
   Max Size     : 268435455
   Debug Enable : 1
   size         : 450000
   average_time :    9.763 # [msec]
   throughput   :   46.093 # [mwords/sec]
   Debug_Time(0):    9.515 # [msec]
   Debug_Time(1):    5.889 # [msec]
   Debug_Time(2):    1.817 # [msec]
   Debug_Time(3):    1.809 # [msec]
-
   Version      : 1.6
   Ways         : 16
   Words        : 1
   Feedback     : 2
   WordBits     : 32
   IndexBits    : 32
   Sort Order   : 0
   Sign Compare : 0
   Max Size     : 268435455
   Debug Enable : 1
   size         : 455000
   average_time :    9.902 # [msec]
   throughput   :   45.952 # [mwords/sec]
   Debug_Time(0):    9.653 # [msec]
   Debug_Time(1):    5.987 # [msec]
   Debug_Time(2):    1.837 # [msec]
   Debug_Time(3):    1.829 # [msec]
-
   Version      : 1.6
   Ways         : 16
   Words        : 1
   Feedback     : 2
   WordBits     : 32
   IndexBits    : 32
   Sort Order   : 0
   Sign Compare : 0
   Max Size     : 268435455
   Debug Enable : 1
   size         : 460000
   average_time :    9.997 # [msec]
   throughput   :   46.014 # [mwords/sec]
   Debug_Time(0):    9.703 # [msec]
   Debug_Time(1):    5.996 # [msec]
   Debug_Time(2):    1.857 # [msec]
   Debug_Time(3):    1.850 # [msec]
-
   Version      : 1.6
   Ways         : 16
   Words        : 1
   Feedback     : 2
   WordBits     : 32
   IndexBits    : 32
   Sort Order   : 0
   Sign Compare : 0
   Max Size     : 268435455
   Debug Enable : 1
   size         : 465000
   average_time :   10.105 # [msec]
   throughput   :   46.018 # [mwords/sec]
   Debug_Time(0):    9.845 # [msec]
   Debug_Time(1):    6.098 # [msec]
   Debug_Time(2):    1.877 # [msec]
   Debug_Time(3):    1.870 # [msec]
-
   Version      : 1.6
   Ways         : 16
   Words        : 1
   Feedback     : 2
   WordBits     : 32
   IndexBits    : 32
   Sort Order   : 0
   Sign Compare : 0
   Max Size     : 268435455
   Debug Enable : 1
   size         : 470000
   average_time :   10.169 # [msec]
   throughput   :   46.218 # [mwords/sec]
   Debug_Time(0):    9.899 # [msec]
   Debug_Time(1):    6.112 # [msec]
   Debug_Time(2):    1.897 # [msec]
   Debug_Time(3):    1.890 # [msec]
-
   Version      : 1.6
   Ways         : 16
   Words        : 1
   Feedback     : 2
   WordBits     : 32
   IndexBits    : 32
   Sort Order   : 0
   Sign Compare : 0
   Max Size     : 268435455
   Debug Enable : 1
   size         : 475000
   average_time :   10.287 # [msec]
   throughput   :   46.174 # [mwords/sec]
   Debug_Time(0):   10.034 # [msec]
   Debug_Time(1):    6.207 # [msec]
   Debug_Time(2):    1.917 # [msec]
   Debug_Time(3):    1.910 # [msec]
-
   Version      : 1.6
   Ways         : 16
   Words        : 1
   Feedback     : 2
   WordBits     : 32
   IndexBits    : 32
   Sort Order   : 0
   Sign Compare : 0
   Max Size     : 268435455
   Debug Enable : 1
   size         : 480000
   average_time :   10.428 # [msec]
   throughput   :   46.028 # [mwords/sec]
   Debug_Time(0):   10.154 # [msec]
   Debug_Time(1):    6.288 # [msec]
   Debug_Time(2):    1.937 # [msec]
   Debug_Time(3):    1.930 # [msec]
-
   Version      : 1.6
   Ways         : 16
   Words        : 1
   Feedback     : 2
   WordBits     : 32
   IndexBits    : 32
   Sort Order   : 0
   Sign Compare : 0
   Max Size     : 268435455
   Debug Enable : 1
   size         : 485000
   average_time :   10.516 # [msec]
   throughput   :   46.120 # [mwords/sec]
   Debug_Time(0):   10.250 # [msec]
   Debug_Time(1):    6.343 # [msec]
   Debug_Time(2):    1.957 # [msec]
   Debug_Time(3):    1.950 # [msec]
-
   Version      : 1.6
   Ways         : 16
   Words        : 1
   Feedback     : 2
   WordBits     : 32
   IndexBits    : 32
   Sort Order   : 0
   Sign Compare : 0
   Max Size     : 268435455
   Debug Enable : 1
   size         : 490000
   average_time :   10.635 # [msec]
   throughput   :   46.075 # [mwords/sec]
   Debug_Time(0):   10.343 # [msec]
   Debug_Time(1):    6.397 # [msec]
   Debug_Time(2):    1.977 # [msec]
   Debug_Time(3):    1.970 # [msec]
-
   Version      : 1.6
   Ways         : 16
   Words        : 1
   Feedback     : 2
   WordBits     : 32
   IndexBits    : 32
   Sort Order   : 0
   Sign Compare : 0
   Max Size     : 268435455
   Debug Enable : 1
   size         : 495000
   average_time :   10.787 # [msec]
   throughput   :   45.889 # [mwords/sec]
   Debug_Time(0):   10.433 # [msec]
   Debug_Time(1):    6.446 # [msec]
   Debug_Time(2):    1.997 # [msec]
   Debug_Time(3):    1.990 # [msec]
-
   Version      : 1.6
   Ways         : 16
   Words        : 1
   Feedback     : 2
   WordBits     : 32
   IndexBits    : 32
   Sort Order   : 0
   Sign Compare : 0
   Max Size     : 268435455
   Debug Enable : 1
   size         : 500000
   average_time :   10.871 # [msec]
   throughput   :   45.992 # [mwords/sec]
   Debug_Time(0):   10.581 # [msec]
   Debug_Time(1):    6.554 # [msec]
   Debug_Time(2):    2.017 # [msec]
   Debug_Time(3):    2.010 # [msec]
-
   Version      : 1.6
   Ways         : 16
   Words        : 1
   Feedback     : 2
   WordBits     : 32
   IndexBits    : 32
   Sort Order   : 0
   Sign Compare : 0
   Max Size     : 268435455
   Debug Enable : 1
   size         : 505000
   average_time :   10.957 # [msec]
   throughput   :   46.089 # [mwords/sec]
   Debug_Time(0):   10.679 # [msec]
   Debug_Time(1):    6.612 # [msec]
   Debug_Time(2):    2.037 # [msec]
   Debug_Time(3):    2.030 # [msec]
-
   Version      : 1.6
   Ways         : 16
   Words        : 1
   Feedback     : 2
   WordBits     : 32
   IndexBits    : 32
   Sort Order   : 0
   Sign Compare : 0
   Max Size     : 268435455
   Debug Enable : 1
   size         : 510000
   average_time :   11.065 # [msec]
   throughput   :   46.093 # [mwords/sec]
   Debug_Time(0):   10.760 # [msec]
   Debug_Time(1):    6.653 # [msec]
   Debug_Time(2):    2.057 # [msec]
   Debug_Time(3):    2.050 # [msec]
-
   Version      : 1.6
   Ways         : 16
   Words        : 1
   Feedback     : 2
   WordBits     : 32
   IndexBits    : 32
   Sort Order   : 0
   Sign Compare : 0
   Max Size     : 268435455
   Debug Enable : 1
   size         : 515000
   average_time :   11.134 # [msec]
   throughput   :   46.255 # [mwords/sec]
   Debug_Time(0):   10.874 # [msec]
   Debug_Time(1):    6.727 # [msec]
   Debug_Time(2):    2.077 # [msec]
   Debug_Time(3):    2.070 # [msec]
-
   Version      : 1.6
   Ways         : 16
   Words        : 1
   Feedback     : 2
   WordBits     : 32
   IndexBits    : 32
   Sort Order   : 0
   Sign Compare : 0
   Max Size     : 268435455
   Debug Enable : 1
   size         : 520000
   average_time :   11.255 # [msec]
   throughput   :   46.204 # [mwords/sec]
   Debug_Time(0):   10.971 # [msec]
   Debug_Time(1):    6.784 # [msec]
   Debug_Time(2):    2.097 # [msec]
   Debug_Time(3):    2.090 # [msec]
-
   Version      : 1.6
   Ways         : 16
   Words        : 1
   Feedback     : 2
   WordBits     : 32
   IndexBits    : 32
   Sort Order   : 0
   Sign Compare : 0
   Max Size     : 268435455
   Debug Enable : 1
   size         : 525000
   average_time :   11.377 # [msec]
   throughput   :   46.144 # [mwords/sec]
   Debug_Time(0):   11.128 # [msec]
   Debug_Time(1):    6.900 # [msec]
   Debug_Time(2):    2.117 # [msec]
   Debug_Time(3):    2.111 # [msec]
-
   Version      : 1.6
   Ways         : 16
   Words        : 1
   Feedback     : 2
   WordBits     : 32
   IndexBits    : 32
   Sort Order   : 0
   Sign Compare : 0
   Max Size     : 268435455
   Debug Enable : 1
   size         : 530000
   average_time :   11.454 # [msec]
   throughput   :   46.272 # [mwords/sec]
   Debug_Time(0):   11.196 # [msec]
   Debug_Time(1):    6.929 # [msec]
   Debug_Time(2):    2.137 # [msec]
   Debug_Time(3):    2.130 # [msec]
-
   Version      : 1.6
   Ways         : 16
   Words        : 1
   Feedback     : 2
   WordBits     : 32
   IndexBits    : 32
   Sort Order   : 0
   Sign Compare : 0
   Max Size     : 268435455
   Debug Enable : 1
   size         : 535000
   average_time :   11.592 # [msec]
   throughput   :   46.153 # [mwords/sec]
   Debug_Time(0):   11.317 # [msec]
   Debug_Time(1):    7.008 # [msec]
   Debug_Time(2):    2.157 # [msec]
   Debug_Time(3):    2.151 # [msec]
-
   Version      : 1.6
   Ways         : 16
   Words        : 1
   Feedback     : 2
   WordBits     : 32
   IndexBits    : 32
   Sort Order   : 0
   Sign Compare : 0
   Max Size     : 268435455
   Debug Enable : 1
   size         : 540000
   average_time :   11.659 # [msec]
   throughput   :   46.318 # [mwords/sec]
   Debug_Time(0):   11.400 # [msec]
   Debug_Time(1):    7.052 # [msec]
   Debug_Time(2):    2.177 # [msec]
   Debug_Time(3):    2.171 # [msec]
-
   Version      : 1.6
   Ways         : 16
   Words        : 1
   Feedback     : 2
   WordBits     : 32
   IndexBits    : 32
   Sort Order   : 0
   Sign Compare : 0
   Max Size     : 268435455
   Debug Enable : 1
   size         : 545000
   average_time :   11.740 # [msec]
   throughput   :   46.424 # [mwords/sec]
   Debug_Time(0):   11.453 # [msec]
   Debug_Time(1):    7.065 # [msec]
   Debug_Time(2):    2.197 # [msec]
   Debug_Time(3):    2.191 # [msec]
-
   Version      : 1.6
   Ways         : 16
   Words        : 1
   Feedback     : 2
   WordBits     : 32
   IndexBits    : 32
   Sort Order   : 0
   Sign Compare : 0
   Max Size     : 268435455
   Debug Enable : 1
   size         : 550000
   average_time :   11.878 # [msec]
   throughput   :   46.304 # [mwords/sec]
   Debug_Time(0):   11.564 # [msec]
   Debug_Time(1):    7.136 # [msec]
   Debug_Time(2):    2.217 # [msec]
   Debug_Time(3):    2.211 # [msec]
-
   Version      : 1.6
   Ways         : 16
   Words        : 1
   Feedback     : 2
   WordBits     : 32
   IndexBits    : 32
   Sort Order   : 0
   Sign Compare : 0
   Max Size     : 268435455
   Debug Enable : 1
   size         : 555000
   average_time :   12.059 # [msec]
   throughput   :   46.023 # [mwords/sec]
   Debug_Time(0):   11.722 # [msec]
   Debug_Time(1):    7.253 # [msec]
   Debug_Time(2):    2.237 # [msec]
   Debug_Time(3):    2.232 # [msec]
-
   Version      : 1.6
   Ways         : 16
   Words        : 1
   Feedback     : 2
   WordBits     : 32
   IndexBits    : 32
   Sort Order   : 0
   Sign Compare : 0
   Max Size     : 268435455
   Debug Enable : 1
   size         : 560000
   average_time :   12.085 # [msec]
   throughput   :   46.339 # [mwords/sec]
   Debug_Time(0):   11.731 # [msec]
   Debug_Time(1):    7.223 # [msec]
   Debug_Time(2):    2.257 # [msec]
   Debug_Time(3):    2.251 # [msec]
-
   Version      : 1.6
   Ways         : 16
   Words        : 1
   Feedback     : 2
   WordBits     : 32
   IndexBits    : 32
   Sort Order   : 0
   Sign Compare : 0
   Max Size     : 268435455
   Debug Enable : 1
   size         : 565000
   average_time :   12.171 # [msec]
   throughput   :   46.420 # [mwords/sec]
   Debug_Time(0):   11.837 # [msec]
   Debug_Time(1):    7.289 # [msec]
   Debug_Time(2):    2.277 # [msec]
   Debug_Time(3):    2.271 # [msec]
-
   Version      : 1.6
   Ways         : 16
   Words        : 1
   Feedback     : 2
   WordBits     : 32
   IndexBits    : 32
   Sort Order   : 0
   Sign Compare : 0
   Max Size     : 268435455
   Debug Enable : 1
   size         : 570000
   average_time :   12.320 # [msec]
   throughput   :   46.264 # [mwords/sec]
   Debug_Time(0):   11.997 # [msec]
   Debug_Time(1):    7.410 # [msec]
   Debug_Time(2):    2.297 # [msec]
   Debug_Time(3):    2.290 # [msec]
-
   Version      : 1.6
   Ways         : 16
   Words        : 1
   Feedback     : 2
   WordBits     : 32
   IndexBits    : 32
   Sort Order   : 0
   Sign Compare : 0
   Max Size     : 268435455
   Debug Enable : 1
   size         : 575000
   average_time :   12.403 # [msec]
   throughput   :   46.359 # [mwords/sec]
   Debug_Time(0):   12.093 # [msec]
   Debug_Time(1):    7.465 # [msec]
   Debug_Time(2):    2.317 # [msec]
   Debug_Time(3):    2.311 # [msec]
-
   Version      : 1.6
   Ways         : 16
   Words        : 1
   Feedback     : 2
   WordBits     : 32
   IndexBits    : 32
   Sort Order   : 0
   Sign Compare : 0
   Max Size     : 268435455
   Debug Enable : 1
   size         : 580000
   average_time :   12.506 # [msec]
   throughput   :   46.377 # [mwords/sec]
   Debug_Time(0):   12.169 # [msec]
   Debug_Time(1):    7.502 # [msec]
   Debug_Time(2):    2.337 # [msec]
   Debug_Time(3):    2.331 # [msec]
-
   Version      : 1.6
   Ways         : 16
   Words        : 1
   Feedback     : 2
   WordBits     : 32
   IndexBits    : 32
   Sort Order   : 0
   Sign Compare : 0
   Max Size     : 268435455
   Debug Enable : 1
   size         : 585000
   average_time :   12.587 # [msec]
   throughput   :   46.475 # [mwords/sec]
   Debug_Time(0):   12.291 # [msec]
   Debug_Time(1):    7.583 # [msec]
   Debug_Time(2):    2.357 # [msec]
   Debug_Time(3):    2.351 # [msec]
-
   Version      : 1.6
   Ways         : 16
   Words        : 1
   Feedback     : 2
   WordBits     : 32
   IndexBits    : 32
   Sort Order   : 0
   Sign Compare : 0
   Max Size     : 268435455
   Debug Enable : 1
   size         : 590000
   average_time :   12.678 # [msec]
   throughput   :   46.537 # [mwords/sec]
   Debug_Time(0):   12.367 # [msec]
   Debug_Time(1):    7.618 # [msec]
   Debug_Time(2):    2.377 # [msec]
   Debug_Time(3):    2.372 # [msec]
-
   Version      : 1.6
   Ways         : 16
   Words        : 1
   Feedback     : 2
   WordBits     : 32
   IndexBits    : 32
   Sort Order   : 0
   Sign Compare : 0
   Max Size     : 268435455
   Debug Enable : 1
   size         : 595000
   average_time :   12.814 # [msec]
   throughput   :   46.432 # [mwords/sec]
   Debug_Time(0):   12.544 # [msec]
   Debug_Time(1):    7.755 # [msec]
   Debug_Time(2):    2.397 # [msec]
   Debug_Time(3):    2.393 # [msec]
-
   Version      : 1.6
   Ways         : 16
   Words        : 1
   Feedback     : 2
   WordBits     : 32
   IndexBits    : 32
   Sort Order   : 0
   Sign Compare : 0
   Max Size     : 268435455
   Debug Enable : 1
   size         : 600000
   average_time :   12.952 # [msec]
   throughput   :   46.324 # [mwords/sec]
   Debug_Time(0):   12.584 # [msec]
   Debug_Time(1):    7.755 # [msec]
   Debug_Time(2):    2.417 # [msec]
   Debug_Time(3):    2.412 # [msec]
-
   Version      : 1.6
   Ways         : 16
   Words        : 1
   Feedback     : 2
   WordBits     : 32
   IndexBits    : 32
   Sort Order   : 0
   Sign Compare : 0
   Max Size     : 268435455
   Debug Enable : 1
   size         : 605000
   average_time :   13.009 # [msec]
   throughput   :   46.505 # [mwords/sec]
   Debug_Time(0):   12.744 # [msec]
   Debug_Time(1):    7.875 # [msec]
   Debug_Time(2):    2.437 # [msec]
   Debug_Time(3):    2.432 # [msec]
-
   Version      : 1.6
   Ways         : 16
   Words        : 1
   Feedback     : 2
   WordBits     : 32
   IndexBits    : 32
   Sort Order   : 0
   Sign Compare : 0
   Max Size     : 268435455
   Debug Enable : 1
   size         : 610000
   average_time :   13.102 # [msec]
   throughput   :   46.556 # [mwords/sec]
   Debug_Time(0):   12.768 # [msec]
   Debug_Time(1):    7.859 # [msec]
   Debug_Time(2):    2.457 # [msec]
   Debug_Time(3):    2.452 # [msec]
-
   Version      : 1.6
   Ways         : 16
   Words        : 1
   Feedback     : 2
   WordBits     : 32
   IndexBits    : 32
   Sort Order   : 0
   Sign Compare : 0
   Max Size     : 268435455
   Debug Enable : 1
   size         : 615000
   average_time :   13.248 # [msec]
   throughput   :   46.423 # [mwords/sec]
   Debug_Time(0):   12.988 # [msec]
   Debug_Time(1):    8.040 # [msec]
   Debug_Time(2):    2.477 # [msec]
   Debug_Time(3):    2.472 # [msec]
-
   Version      : 1.6
   Ways         : 16
   Words        : 1
   Feedback     : 2
   WordBits     : 32
   IndexBits    : 32
   Sort Order   : 0
   Sign Compare : 0
   Max Size     : 268435455
   Debug Enable : 1
   size         : 620000
   average_time :   13.343 # [msec]
   throughput   :   46.465 # [mwords/sec]
   Debug_Time(0):   13.075 # [msec]
   Debug_Time(1):    8.086 # [msec]
   Debug_Time(2):    2.497 # [msec]
   Debug_Time(3):    2.492 # [msec]
-
   Version      : 1.6
   Ways         : 16
   Words        : 1
   Feedback     : 2
   WordBits     : 32
   IndexBits    : 32
   Sort Order   : 0
   Sign Compare : 0
   Max Size     : 268435455
   Debug Enable : 1
   size         : 625000
   average_time :   13.532 # [msec]
   throughput   :   46.185 # [mwords/sec]
   Debug_Time(0):   13.110 # [msec]
   Debug_Time(1):    8.081 # [msec]
   Debug_Time(2):    2.517 # [msec]
   Debug_Time(3):    2.512 # [msec]
-
   Version      : 1.6
   Ways         : 16
   Words        : 1
   Feedback     : 2
   WordBits     : 32
   IndexBits    : 32
   Sort Order   : 0
   Sign Compare : 0
   Max Size     : 268435455
   Debug Enable : 1
   size         : 630000
   average_time :   13.518 # [msec]
   throughput   :   46.606 # [mwords/sec]
   Debug_Time(0):   13.201 # [msec]
   Debug_Time(1):    8.132 # [msec]
   Debug_Time(2):    2.537 # [msec]
   Debug_Time(3):    2.532 # [msec]
-
   Version      : 1.6
   Ways         : 16
   Words        : 1
   Feedback     : 2
   WordBits     : 32
   IndexBits    : 32
   Sort Order   : 0
   Sign Compare : 0
   Max Size     : 268435455
   Debug Enable : 1
   size         : 635000
   average_time :   13.723 # [msec]
   throughput   :   46.273 # [mwords/sec]
   Debug_Time(0):   13.366 # [msec]
   Debug_Time(1):    8.256 # [msec]
   Debug_Time(2):    2.557 # [msec]
   Debug_Time(3):    2.553 # [msec]
-
   Version      : 1.6
   Ways         : 16
   Words        : 1
   Feedback     : 2
   WordBits     : 32
   IndexBits    : 32
   Sort Order   : 0
   Sign Compare : 0
   Max Size     : 268435455
   Debug Enable : 1
   size         : 640000
   average_time :   13.750 # [msec]
   throughput   :   46.545 # [mwords/sec]
   Debug_Time(0):   13.499 # [msec]
   Debug_Time(1):    8.349 # [msec]
   Debug_Time(2):    2.577 # [msec]
   Debug_Time(3):    2.572 # [msec]
-
   Version      : 1.6
   Ways         : 16
   Words        : 1
   Feedback     : 2
   WordBits     : 32
   IndexBits    : 32
   Sort Order   : 0
   Sign Compare : 0
   Max Size     : 268435455
   Debug Enable : 1
   size         : 645000
   average_time :   13.841 # [msec]
   throughput   :   46.601 # [mwords/sec]
   Debug_Time(0):   13.491 # [msec]
   Debug_Time(1):    8.301 # [msec]
   Debug_Time(2):    2.597 # [msec]
   Debug_Time(3):    2.592 # [msec]
-
   Version      : 1.6
   Ways         : 16
   Words        : 1
   Feedback     : 2
   WordBits     : 32
   IndexBits    : 32
   Sort Order   : 0
   Sign Compare : 0
   Max Size     : 268435455
   Debug Enable : 1
   size         : 650000
   average_time :   13.941 # [msec]
   throughput   :   46.624 # [mwords/sec]
   Debug_Time(0):   13.593 # [msec]
   Debug_Time(1):    8.364 # [msec]
   Debug_Time(2):    2.617 # [msec]
   Debug_Time(3):    2.612 # [msec]
-
   Version      : 1.6
   Ways         : 16
   Words        : 1
   Feedback     : 2
   WordBits     : 32
   IndexBits    : 32
   Sort Order   : 0
   Sign Compare : 0
   Max Size     : 268435455
   Debug Enable : 1
   size         : 655000
   average_time :   14.032 # [msec]
   throughput   :   46.677 # [mwords/sec]
   Debug_Time(0):   13.720 # [msec]
   Debug_Time(1):    8.451 # [msec]
   Debug_Time(2):    2.637 # [msec]
   Debug_Time(3):    2.632 # [msec]
-
   Version      : 1.6
   Ways         : 16
   Words        : 1
   Feedback     : 2
   WordBits     : 32
   IndexBits    : 32
   Sort Order   : 0
   Sign Compare : 0
   Max Size     : 268435455
   Debug Enable : 1
   size         : 660000
   average_time :   14.189 # [msec]
   throughput   :   46.516 # [mwords/sec]
   Debug_Time(0):   13.861 # [msec]
   Debug_Time(1):    8.551 # [msec]
   Debug_Time(2):    2.657 # [msec]
   Debug_Time(3):    2.653 # [msec]
-
   Version      : 1.6
   Ways         : 16
   Words        : 1
   Feedback     : 2
   WordBits     : 32
   IndexBits    : 32
   Sort Order   : 0
   Sign Compare : 0
   Max Size     : 268435455
   Debug Enable : 1
   size         : 665000
   average_time :   14.292 # [msec]
   throughput   :   46.531 # [mwords/sec]
   Debug_Time(0):   13.953 # [msec]
   Debug_Time(1):    8.603 # [msec]
   Debug_Time(2):    2.677 # [msec]
   Debug_Time(3):    2.673 # [msec]
-
   Version      : 1.6
   Ways         : 16
   Words        : 1
   Feedback     : 2
   WordBits     : 32
   IndexBits    : 32
   Sort Order   : 0
   Sign Compare : 0
   Max Size     : 268435455
   Debug Enable : 1
   size         : 670000
   average_time :   14.398 # [msec]
   throughput   :   46.536 # [mwords/sec]
   Debug_Time(0):   14.047 # [msec]
   Debug_Time(1):    8.658 # [msec]
   Debug_Time(2):    2.697 # [msec]
   Debug_Time(3):    2.693 # [msec]
-
   Version      : 1.6
   Ways         : 16
   Words        : 1
   Feedback     : 2
   WordBits     : 32
   IndexBits    : 32
   Sort Order   : 0
   Sign Compare : 0
   Max Size     : 268435455
   Debug Enable : 1
   size         : 675000
   average_time :   14.503 # [msec]
   throughput   :   46.542 # [mwords/sec]
   Debug_Time(0):   14.161 # [msec]
   Debug_Time(1):    8.731 # [msec]
   Debug_Time(2):    2.717 # [msec]
   Debug_Time(3):    2.713 # [msec]
-
   Version      : 1.6
   Ways         : 16
   Words        : 1
   Feedback     : 2
   WordBits     : 32
   IndexBits    : 32
   Sort Order   : 0
   Sign Compare : 0
   Max Size     : 268435455
   Debug Enable : 1
   size         : 680000
   average_time :   14.576 # [msec]
   throughput   :   46.651 # [mwords/sec]
   Debug_Time(0):   14.275 # [msec]
   Debug_Time(1):    8.804 # [msec]
   Debug_Time(2):    2.737 # [msec]
   Debug_Time(3):    2.733 # [msec]
-
   Version      : 1.6
   Ways         : 16
   Words        : 1
   Feedback     : 2
   WordBits     : 32
   IndexBits    : 32
   Sort Order   : 0
   Sign Compare : 0
   Max Size     : 268435455
   Debug Enable : 1
   size         : 685000
   average_time :   14.707 # [msec]
   throughput   :   46.575 # [mwords/sec]
   Debug_Time(0):   14.403 # [msec]
   Debug_Time(1):    8.892 # [msec]
   Debug_Time(2):    2.757 # [msec]
   Debug_Time(3):    2.753 # [msec]
-
   Version      : 1.6
   Ways         : 16
   Words        : 1
   Feedback     : 2
   WordBits     : 32
   IndexBits    : 32
   Sort Order   : 0
   Sign Compare : 0
   Max Size     : 268435455
   Debug Enable : 1
   size         : 690000
   average_time :   14.791 # [msec]
   throughput   :   46.649 # [mwords/sec]
   Debug_Time(0):   14.488 # [msec]
   Debug_Time(1):    8.938 # [msec]
   Debug_Time(2):    2.777 # [msec]
   Debug_Time(3):    2.773 # [msec]
-
   Version      : 1.6
   Ways         : 16
   Words        : 1
   Feedback     : 2
   WordBits     : 32
   IndexBits    : 32
   Sort Order   : 0
   Sign Compare : 0
   Max Size     : 268435455
   Debug Enable : 1
   size         : 695000
   average_time :   14.908 # [msec]
   throughput   :   46.619 # [mwords/sec]
   Debug_Time(0):   14.579 # [msec]
   Debug_Time(1):    8.990 # [msec]
   Debug_Time(2):    2.797 # [msec]
   Debug_Time(3):    2.793 # [msec]
-
   Version      : 1.6
   Ways         : 16
   Words        : 1
   Feedback     : 2
   WordBits     : 32
   IndexBits    : 32
   Sort Order   : 0
   Sign Compare : 0
   Max Size     : 268435455
   Debug Enable : 1
   size         : 700000
   average_time :   14.987 # [msec]
   throughput   :   46.707 # [mwords/sec]
   Debug_Time(0):   14.680 # [msec]
   Debug_Time(1):    9.050 # [msec]
   Debug_Time(2):    2.817 # [msec]
   Debug_Time(3):    2.813 # [msec]
-
   Version      : 1.6
   Ways         : 16
   Words        : 1
   Feedback     : 2
   WordBits     : 32
   IndexBits    : 32
   Sort Order   : 0
   Sign Compare : 0
   Max Size     : 268435455
   Debug Enable : 1
   size         : 705000
   average_time :   15.097 # [msec]
   throughput   :   46.697 # [mwords/sec]
   Debug_Time(0):   14.834 # [msec]
   Debug_Time(1):    9.163 # [msec]
   Debug_Time(2):    2.837 # [msec]
   Debug_Time(3):    2.834 # [msec]
-
   Version      : 1.6
   Ways         : 16
   Words        : 1
   Feedback     : 2
   WordBits     : 32
   IndexBits    : 32
   Sort Order   : 0
   Sign Compare : 0
   Max Size     : 268435455
   Debug Enable : 1
   size         : 710000
   average_time :   15.235 # [msec]
   throughput   :   46.604 # [mwords/sec]
   Debug_Time(0):   14.927 # [msec]
   Debug_Time(1):    9.217 # [msec]
   Debug_Time(2):    2.857 # [msec]
   Debug_Time(3):    2.853 # [msec]
-
   Version      : 1.6
   Ways         : 16
   Words        : 1
   Feedback     : 2
   WordBits     : 32
   IndexBits    : 32
   Sort Order   : 0
   Sign Compare : 0
   Max Size     : 268435455
   Debug Enable : 1
   size         : 715000
   average_time :   15.351 # [msec]
   throughput   :   46.578 # [mwords/sec]
   Debug_Time(0):   14.941 # [msec]
   Debug_Time(1):    9.191 # [msec]
   Debug_Time(2):    2.877 # [msec]
   Debug_Time(3):    2.873 # [msec]
-
   Version      : 1.6
   Ways         : 16
   Words        : 1
   Feedback     : 2
   WordBits     : 32
   IndexBits    : 32
   Sort Order   : 0
   Sign Compare : 0
   Max Size     : 268435455
   Debug Enable : 1
   size         : 720000
   average_time :   15.479 # [msec]
   throughput   :   46.513 # [mwords/sec]
   Debug_Time(0):   15.079 # [msec]
   Debug_Time(1):    9.288 # [msec]
   Debug_Time(2):    2.897 # [msec]
   Debug_Time(3):    2.893 # [msec]
-
   Version      : 1.6
   Ways         : 16
   Words        : 1
   Feedback     : 2
   WordBits     : 32
   IndexBits    : 32
   Sort Order   : 0
   Sign Compare : 0
   Max Size     : 268435455
   Debug Enable : 1
   size         : 725000
   average_time :   15.594 # [msec]
   throughput   :   46.493 # [mwords/sec]
   Debug_Time(0):   15.188 # [msec]
   Debug_Time(1):    9.356 # [msec]
   Debug_Time(2):    2.917 # [msec]
   Debug_Time(3):    2.915 # [msec]
-
   Version      : 1.6
   Ways         : 16
   Words        : 1
   Feedback     : 2
   WordBits     : 32
   IndexBits    : 32
   Sort Order   : 0
   Sign Compare : 0
   Max Size     : 268435455
   Debug Enable : 1
   size         : 730000
   average_time :   15.648 # [msec]
   throughput   :   46.653 # [mwords/sec]
   Debug_Time(0):   15.326 # [msec]
   Debug_Time(1):    9.455 # [msec]
   Debug_Time(2):    2.937 # [msec]
   Debug_Time(3):    2.934 # [msec]
-
   Version      : 1.6
   Ways         : 16
   Words        : 1
   Feedback     : 2
   WordBits     : 32
   IndexBits    : 32
   Sort Order   : 0
   Sign Compare : 0
   Max Size     : 268435455
   Debug Enable : 1
   size         : 735000
   average_time :   15.730 # [msec]
   throughput   :   46.727 # [mwords/sec]
   Debug_Time(0):   15.448 # [msec]
   Debug_Time(1):    9.537 # [msec]
   Debug_Time(2):    2.957 # [msec]
   Debug_Time(3):    2.954 # [msec]
-
   Version      : 1.6
   Ways         : 16
   Words        : 1
   Feedback     : 2
   WordBits     : 32
   IndexBits    : 32
   Sort Order   : 0
   Sign Compare : 0
   Max Size     : 268435455
   Debug Enable : 1
   size         : 740000
   average_time :   15.905 # [msec]
   throughput   :   46.527 # [mwords/sec]
   Debug_Time(0):   15.532 # [msec]
   Debug_Time(1):    9.581 # [msec]
   Debug_Time(2):    2.977 # [msec]
   Debug_Time(3):    2.974 # [msec]
-
   Version      : 1.6
   Ways         : 16
   Words        : 1
   Feedback     : 2
   WordBits     : 32
   IndexBits    : 32
   Sort Order   : 0
   Sign Compare : 0
   Max Size     : 268435455
   Debug Enable : 1
   size         : 745000
   average_time :   15.999 # [msec]
   throughput   :   46.566 # [mwords/sec]
   Debug_Time(0):   15.623 # [msec]
   Debug_Time(1):    9.632 # [msec]
   Debug_Time(2):    2.997 # [msec]
   Debug_Time(3):    2.994 # [msec]
-
   Version      : 1.6
   Ways         : 16
   Words        : 1
   Feedback     : 2
   WordBits     : 32
   IndexBits    : 32
   Sort Order   : 0
   Sign Compare : 0
   Max Size     : 268435455
   Debug Enable : 1
   size         : 750000
   average_time :   16.058 # [msec]
   throughput   :   46.705 # [mwords/sec]
   Debug_Time(0):   15.772 # [msec]
   Debug_Time(1):    9.741 # [msec]
   Debug_Time(2):    3.017 # [msec]
   Debug_Time(3):    3.014 # [msec]
-
   Version      : 1.6
   Ways         : 16
   Words        : 1
   Feedback     : 2
   WordBits     : 32
   IndexBits    : 32
   Sort Order   : 0
   Sign Compare : 0
   Max Size     : 268435455
   Debug Enable : 1
   size         : 755000
   average_time :   16.212 # [msec]
   throughput   :   46.569 # [mwords/sec]
   Debug_Time(0):   15.880 # [msec]
   Debug_Time(1):    9.809 # [msec]
   Debug_Time(2):    3.037 # [msec]
   Debug_Time(3):    3.034 # [msec]
-
   Version      : 1.6
   Ways         : 16
   Words        : 1
   Feedback     : 2
   WordBits     : 32
   IndexBits    : 32
   Sort Order   : 0
   Sign Compare : 0
   Max Size     : 268435455
   Debug Enable : 1
   size         : 760000
   average_time :   16.245 # [msec]
   throughput   :   46.784 # [mwords/sec]
   Debug_Time(0):   15.948 # [msec]
   Debug_Time(1):    9.837 # [msec]
   Debug_Time(2):    3.057 # [msec]
   Debug_Time(3):    3.054 # [msec]
-
   Version      : 1.6
   Ways         : 16
   Words        : 1
   Feedback     : 2
   WordBits     : 32
   IndexBits    : 32
   Sort Order   : 0
   Sign Compare : 0
   Max Size     : 268435455
   Debug Enable : 1
   size         : 765000
   average_time :   16.341 # [msec]
   throughput   :   46.814 # [mwords/sec]
   Debug_Time(0):   16.051 # [msec]
   Debug_Time(1):    9.899 # [msec]
   Debug_Time(2):    3.077 # [msec]
   Debug_Time(3):    3.075 # [msec]
-
   Version      : 1.6
   Ways         : 16
   Words        : 1
   Feedback     : 2
   WordBits     : 32
   IndexBits    : 32
   Sort Order   : 0
   Sign Compare : 0
   Max Size     : 268435455
   Debug Enable : 1
   size         : 770000
   average_time :   16.450 # [msec]
   throughput   :   46.808 # [mwords/sec]
   Debug_Time(0):   16.134 # [msec]
   Debug_Time(1):    9.942 # [msec]
   Debug_Time(2):    3.097 # [msec]
   Debug_Time(3):    3.094 # [msec]
-
   Version      : 1.6
   Ways         : 16
   Words        : 1
   Feedback     : 2
   WordBits     : 32
   IndexBits    : 32
   Sort Order   : 0
   Sign Compare : 0
   Max Size     : 268435455
   Debug Enable : 1
   size         : 775000
   average_time :   16.683 # [msec]
   throughput   :   46.455 # [mwords/sec]
   Debug_Time(0):   16.250 # [msec]
   Debug_Time(1):   10.019 # [msec]
   Debug_Time(2):    3.117 # [msec]
   Debug_Time(3):    3.114 # [msec]
-
   Version      : 1.6
   Ways         : 16
   Words        : 1
   Feedback     : 2
   WordBits     : 32
   IndexBits    : 32
   Sort Order   : 0
   Sign Compare : 0
   Max Size     : 268435455
   Debug Enable : 1
   size         : 780000
   average_time :   16.768 # [msec]
   throughput   :   46.518 # [mwords/sec]
   Debug_Time(0):   16.374 # [msec]
   Debug_Time(1):   10.104 # [msec]
   Debug_Time(2):    3.137 # [msec]
   Debug_Time(3):    3.134 # [msec]
-
   Version      : 1.6
   Ways         : 16
   Words        : 1
   Feedback     : 2
   WordBits     : 32
   IndexBits    : 32
   Sort Order   : 0
   Sign Compare : 0
   Max Size     : 268435455
   Debug Enable : 1
   size         : 785000
   average_time :   16.755 # [msec]
   throughput   :   46.851 # [mwords/sec]
   Debug_Time(0):   16.461 # [msec]
   Debug_Time(1):   10.150 # [msec]
   Debug_Time(2):    3.157 # [msec]
   Debug_Time(3):    3.154 # [msec]
-
   Version      : 1.6
   Ways         : 16
   Words        : 1
   Feedback     : 2
   WordBits     : 32
   IndexBits    : 32
   Sort Order   : 0
   Sign Compare : 0
   Max Size     : 268435455
   Debug Enable : 1
   size         : 790000
   average_time :   16.883 # [msec]
   throughput   :   46.793 # [mwords/sec]
   Debug_Time(0):   16.547 # [msec]
   Debug_Time(1):   10.195 # [msec]
   Debug_Time(2):    3.177 # [msec]
   Debug_Time(3):    3.175 # [msec]
-
   Version      : 1.6
   Ways         : 16
   Words        : 1
   Feedback     : 2
   WordBits     : 32
   IndexBits    : 32
   Sort Order   : 0
   Sign Compare : 0
   Max Size     : 268435455
   Debug Enable : 1
   size         : 795000
   average_time :   16.964 # [msec]
   throughput   :   46.864 # [mwords/sec]
   Debug_Time(0):   16.697 # [msec]
   Debug_Time(1):   10.305 # [msec]
   Debug_Time(2):    3.197 # [msec]
   Debug_Time(3):    3.195 # [msec]
-
   Version      : 1.6
   Ways         : 16
   Words        : 1
   Feedback     : 2
   WordBits     : 32
   IndexBits    : 32
   Sort Order   : 0
   Sign Compare : 0
   Max Size     : 268435455
   Debug Enable : 1
   size         : 800000
   average_time :   17.061 # [msec]
   throughput   :   46.891 # [mwords/sec]
   Debug_Time(0):   16.789 # [msec]
   Debug_Time(1):   10.357 # [msec]
   Debug_Time(2):    3.217 # [msec]
   Debug_Time(3):    3.215 # [msec]
-
   Version      : 1.6
   Ways         : 16
   Words        : 1
   Feedback     : 2
   WordBits     : 32
   IndexBits    : 32
   Sort Order   : 0
   Sign Compare : 0
   Max Size     : 268435455
   Debug Enable : 1
   size         : 805000
   average_time :   17.144 # [msec]
   throughput   :   46.956 # [mwords/sec]
   Debug_Time(0):   16.840 # [msec]
   Debug_Time(1):   10.368 # [msec]
   Debug_Time(2):    3.237 # [msec]
   Debug_Time(3):    3.235 # [msec]
-
   Version      : 1.6
   Ways         : 16
   Words        : 1
   Feedback     : 2
   WordBits     : 32
   IndexBits    : 32
   Sort Order   : 0
   Sign Compare : 0
   Max Size     : 268435455
   Debug Enable : 1
   size         : 810000
   average_time :   17.239 # [msec]
   throughput   :   46.986 # [mwords/sec]
   Debug_Time(0):   16.975 # [msec]
   Debug_Time(1):   10.463 # [msec]
   Debug_Time(2):    3.257 # [msec]
   Debug_Time(3):    3.256 # [msec]
-
   Version      : 1.6
   Ways         : 16
   Words        : 1
   Feedback     : 2
   WordBits     : 32
   IndexBits    : 32
   Sort Order   : 0
   Sign Compare : 0
   Max Size     : 268435455
   Debug Enable : 1
   size         : 815000
   average_time :   17.388 # [msec]
   throughput   :   46.870 # [mwords/sec]
   Debug_Time(0):   17.028 # [msec]
   Debug_Time(1):   10.476 # [msec]
   Debug_Time(2):    3.277 # [msec]
   Debug_Time(3):    3.275 # [msec]
-
   Version      : 1.6
   Ways         : 16
   Words        : 1
   Feedback     : 2
   WordBits     : 32
   IndexBits    : 32
   Sort Order   : 0
   Sign Compare : 0
   Max Size     : 268435455
   Debug Enable : 1
   size         : 820000
   average_time :   17.486 # [msec]
   throughput   :   46.895 # [mwords/sec]
   Debug_Time(0):   17.211 # [msec]
   Debug_Time(1):   10.620 # [msec]
   Debug_Time(2):    3.297 # [msec]
   Debug_Time(3):    3.295 # [msec]
-
   Version      : 1.6
   Ways         : 16
   Words        : 1
   Feedback     : 2
   WordBits     : 32
   IndexBits    : 32
   Sort Order   : 0
   Sign Compare : 0
   Max Size     : 268435455
   Debug Enable : 1
   size         : 825000
   average_time :   17.588 # [msec]
   throughput   :   46.907 # [mwords/sec]
   Debug_Time(0):   17.304 # [msec]
   Debug_Time(1):   10.672 # [msec]
   Debug_Time(2):    3.317 # [msec]
   Debug_Time(3):    3.315 # [msec]
-
   Version      : 1.6
   Ways         : 16
   Words        : 1
   Feedback     : 2
   WordBits     : 32
   IndexBits    : 32
   Sort Order   : 0
   Sign Compare : 0
   Max Size     : 268435455
   Debug Enable : 1
   size         : 830000
   average_time :   17.775 # [msec]
   throughput   :   46.695 # [mwords/sec]
   Debug_Time(0):   17.373 # [msec]
   Debug_Time(1):   10.701 # [msec]
   Debug_Time(2):    3.337 # [msec]
   Debug_Time(3):    3.335 # [msec]
-
   Version      : 1.6
   Ways         : 16
   Words        : 1
   Feedback     : 2
   WordBits     : 32
   IndexBits    : 32
   Sort Order   : 0
   Sign Compare : 0
   Max Size     : 268435455
   Debug Enable : 1
   size         : 835000
   average_time :   17.754 # [msec]
   throughput   :   47.033 # [mwords/sec]
   Debug_Time(0):   17.475 # [msec]
   Debug_Time(1):   10.763 # [msec]
   Debug_Time(2):    3.357 # [msec]
   Debug_Time(3):    3.355 # [msec]
-
   Version      : 1.6
   Ways         : 16
   Words        : 1
   Feedback     : 2
   WordBits     : 32
   IndexBits    : 32
   Sort Order   : 0
   Sign Compare : 0
   Max Size     : 268435455
   Debug Enable : 1
   size         : 840000
   average_time :   17.908 # [msec]
   throughput   :   46.907 # [mwords/sec]
   Debug_Time(0):   17.625 # [msec]
   Debug_Time(1):   10.873 # [msec]
   Debug_Time(2):    3.377 # [msec]
   Debug_Time(3):    3.375 # [msec]
-
   Version      : 1.6
   Ways         : 16
   Words        : 1
   Feedback     : 2
   WordBits     : 32
   IndexBits    : 32
   Sort Order   : 0
   Sign Compare : 0
   Max Size     : 268435455
   Debug Enable : 1
   size         : 845000
   average_time :   18.253 # [msec]
   throughput   :   46.294 # [mwords/sec]
   Debug_Time(0):   17.718 # [msec]
   Debug_Time(1):   10.926 # [msec]
   Debug_Time(2):    3.397 # [msec]
   Debug_Time(3):    3.396 # [msec]
-
   Version      : 1.6
   Ways         : 16
   Words        : 1
   Feedback     : 2
   WordBits     : 32
   IndexBits    : 32
   Sort Order   : 0
   Sign Compare : 0
   Max Size     : 268435455
   Debug Enable : 1
   size         : 850000
   average_time :   18.202 # [msec]
   throughput   :   46.698 # [mwords/sec]
   Debug_Time(0):   17.795 # [msec]
   Debug_Time(1):   10.963 # [msec]
   Debug_Time(2):    3.417 # [msec]
   Debug_Time(3):    3.415 # [msec]
-
   Version      : 1.6
   Ways         : 16
   Words        : 1
   Feedback     : 2
   WordBits     : 32
   IndexBits    : 32
   Sort Order   : 0
   Sign Compare : 0
   Max Size     : 268435455
   Debug Enable : 1
   size         : 855000
   average_time :   18.201 # [msec]
   throughput   :   46.977 # [mwords/sec]
   Debug_Time(0):   17.904 # [msec]
   Debug_Time(1):   11.030 # [msec]
   Debug_Time(2):    3.437 # [msec]
   Debug_Time(3):    3.437 # [msec]
-
   Version      : 1.6
   Ways         : 16
   Words        : 1
   Feedback     : 2
   WordBits     : 32
   IndexBits    : 32
   Sort Order   : 0
   Sign Compare : 0
   Max Size     : 268435455
   Debug Enable : 1
   size         : 860000
   average_time :   18.296 # [msec]
   throughput   :   47.005 # [mwords/sec]
   Debug_Time(0):   18.048 # [msec]
   Debug_Time(1):   11.135 # [msec]
   Debug_Time(2):    3.457 # [msec]
   Debug_Time(3):    3.456 # [msec]
-
   Version      : 1.6
   Ways         : 16
   Words        : 1
   Feedback     : 2
   WordBits     : 32
   IndexBits    : 32
   Sort Order   : 0
   Sign Compare : 0
   Max Size     : 268435455
   Debug Enable : 1
   size         : 865000
   average_time :   18.452 # [msec]
   throughput   :   46.878 # [mwords/sec]
   Debug_Time(0):   18.139 # [msec]
   Debug_Time(1):   11.187 # [msec]
   Debug_Time(2):    3.477 # [msec]
   Debug_Time(3):    3.476 # [msec]
-
   Version      : 1.6
   Ways         : 16
   Words        : 1
   Feedback     : 2
   WordBits     : 32
   IndexBits    : 32
   Sort Order   : 0
   Sign Compare : 0
   Max Size     : 268435455
   Debug Enable : 1
   size         : 870000
   average_time :   18.534 # [msec]
   throughput   :   46.941 # [mwords/sec]
   Debug_Time(0):   18.271 # [msec]
   Debug_Time(1):   11.278 # [msec]
   Debug_Time(2):    3.497 # [msec]
   Debug_Time(3):    3.496 # [msec]
-
   Version      : 1.6
   Ways         : 16
   Words        : 1
   Feedback     : 2
   WordBits     : 32
   IndexBits    : 32
   Sort Order   : 0
   Sign Compare : 0
   Max Size     : 268435455
   Debug Enable : 1
   size         : 875000
   average_time :   18.635 # [msec]
   throughput   :   46.953 # [mwords/sec]
   Debug_Time(0):   18.368 # [msec]
   Debug_Time(1):   11.335 # [msec]
   Debug_Time(2):    3.517 # [msec]
   Debug_Time(3):    3.516 # [msec]
-
   Version      : 1.6
   Ways         : 16
   Words        : 1
   Feedback     : 2
   WordBits     : 32
   IndexBits    : 32
   Sort Order   : 0
   Sign Compare : 0
   Max Size     : 268435455
   Debug Enable : 1
   size         : 880000
   average_time :   18.744 # [msec]
   throughput   :   46.950 # [mwords/sec]
   Debug_Time(0):   18.417 # [msec]
   Debug_Time(1):   11.344 # [msec]
   Debug_Time(2):    3.537 # [msec]
   Debug_Time(3):    3.536 # [msec]
-
   Version      : 1.6
   Ways         : 16
   Words        : 1
   Feedback     : 2
   WordBits     : 32
   IndexBits    : 32
   Sort Order   : 0
   Sign Compare : 0
   Max Size     : 268435455
   Debug Enable : 1
   size         : 885000
   average_time :   18.870 # [msec]
   throughput   :   46.900 # [mwords/sec]
   Debug_Time(0):   18.552 # [msec]
   Debug_Time(1):   11.439 # [msec]
   Debug_Time(2):    3.557 # [msec]
   Debug_Time(3):    3.556 # [msec]
-
   Version      : 1.6
   Ways         : 16
   Words        : 1
   Feedback     : 2
   WordBits     : 32
   IndexBits    : 32
   Sort Order   : 0
   Sign Compare : 0
   Max Size     : 268435455
   Debug Enable : 1
   size         : 890000
   average_time :   18.953 # [msec]
   throughput   :   46.958 # [mwords/sec]
   Debug_Time(0):   18.613 # [msec]
   Debug_Time(1):   11.461 # [msec]
   Debug_Time(2):    3.577 # [msec]
   Debug_Time(3):    3.576 # [msec]
-
   Version      : 1.6
   Ways         : 16
   Words        : 1
   Feedback     : 2
   WordBits     : 32
   IndexBits    : 32
   Sort Order   : 0
   Sign Compare : 0
   Max Size     : 268435455
   Debug Enable : 1
   size         : 895000
   average_time :   19.039 # [msec]
   throughput   :   47.010 # [mwords/sec]
   Debug_Time(0):   18.767 # [msec]
   Debug_Time(1):   11.573 # [msec]
   Debug_Time(2):    3.597 # [msec]
   Debug_Time(3):    3.597 # [msec]
-
   Version      : 1.6
   Ways         : 16
   Words        : 1
   Feedback     : 2
   WordBits     : 32
   IndexBits    : 32
   Sort Order   : 0
   Sign Compare : 0
   Max Size     : 268435455
   Debug Enable : 1
   size         : 900000
   average_time :   19.142 # [msec]
   throughput   :   47.018 # [mwords/sec]
   Debug_Time(0):   18.863 # [msec]
   Debug_Time(1):   11.629 # [msec]
   Debug_Time(2):    3.617 # [msec]
   Debug_Time(3):    3.616 # [msec]
-
   Version      : 1.6
   Ways         : 16
   Words        : 1
   Feedback     : 2
   WordBits     : 32
   IndexBits    : 32
   Sort Order   : 0
   Sign Compare : 0
   Max Size     : 268435455
   Debug Enable : 1
   size         : 905000
   average_time :   19.257 # [msec]
   throughput   :   46.995 # [mwords/sec]
   Debug_Time(0):   18.888 # [msec]
   Debug_Time(1):   11.615 # [msec]
   Debug_Time(2):    3.637 # [msec]
   Debug_Time(3):    3.636 # [msec]
-
   Version      : 1.6
   Ways         : 16
   Words        : 1
   Feedback     : 2
   WordBits     : 32
   IndexBits    : 32
   Sort Order   : 0
   Sign Compare : 0
   Max Size     : 268435455
   Debug Enable : 1
   size         : 910000
   average_time :   19.366 # [msec]
   throughput   :   46.988 # [mwords/sec]
   Debug_Time(0):   19.013 # [msec]
   Debug_Time(1):   11.701 # [msec]
   Debug_Time(2):    3.657 # [msec]
   Debug_Time(3):    3.656 # [msec]
-
   Version      : 1.6
   Ways         : 16
   Words        : 1
   Feedback     : 2
   WordBits     : 32
   IndexBits    : 32
   Sort Order   : 0
   Sign Compare : 0
   Max Size     : 268435455
   Debug Enable : 1
   size         : 915000
   average_time :   19.464 # [msec]
   throughput   :   47.011 # [mwords/sec]
   Debug_Time(0):   19.151 # [msec]
   Debug_Time(1):   11.798 # [msec]
   Debug_Time(2):    3.677 # [msec]
   Debug_Time(3):    3.676 # [msec]
-
   Version      : 1.6
   Ways         : 16
   Words        : 1
   Feedback     : 2
   WordBits     : 32
   IndexBits    : 32
   Sort Order   : 0
   Sign Compare : 0
   Max Size     : 268435455
   Debug Enable : 1
   size         : 920000
   average_time :   19.570 # [msec]
   throughput   :   47.011 # [mwords/sec]
   Debug_Time(0):   19.268 # [msec]
   Debug_Time(1):   11.873 # [msec]
   Debug_Time(2):    3.697 # [msec]
   Debug_Time(3):    3.697 # [msec]
-
   Version      : 1.6
   Ways         : 16
   Words        : 1
   Feedback     : 2
   WordBits     : 32
   IndexBits    : 32
   Sort Order   : 0
   Sign Compare : 0
   Max Size     : 268435455
   Debug Enable : 1
   size         : 925000
   average_time :   19.667 # [msec]
   throughput   :   47.033 # [mwords/sec]
   Debug_Time(0):   19.361 # [msec]
   Debug_Time(1):   11.926 # [msec]
   Debug_Time(2):    3.717 # [msec]
   Debug_Time(3):    3.717 # [msec]
-
   Version      : 1.6
   Ways         : 16
   Words        : 1
   Feedback     : 2
   WordBits     : 32
   IndexBits    : 32
   Sort Order   : 0
   Sign Compare : 0
   Max Size     : 268435455
   Debug Enable : 1
   size         : 930000
   average_time :   19.753 # [msec]
   throughput   :   47.082 # [mwords/sec]
   Debug_Time(0):   19.474 # [msec]
   Debug_Time(1):   12.000 # [msec]
   Debug_Time(2):    3.737 # [msec]
   Debug_Time(3):    3.737 # [msec]
-
   Version      : 1.6
   Ways         : 16
   Words        : 1
   Feedback     : 2
   WordBits     : 32
   IndexBits    : 32
   Sort Order   : 0
   Sign Compare : 0
   Max Size     : 268435455
   Debug Enable : 1
   size         : 935000
   average_time :   19.898 # [msec]
   throughput   :   46.990 # [mwords/sec]
   Debug_Time(0):   19.623 # [msec]
   Debug_Time(1):   12.108 # [msec]
   Debug_Time(2):    3.757 # [msec]
   Debug_Time(3):    3.758 # [msec]
-
   Version      : 1.6
   Ways         : 16
   Words        : 1
   Feedback     : 2
   WordBits     : 32
   IndexBits    : 32
   Sort Order   : 0
   Sign Compare : 0
   Max Size     : 268435455
   Debug Enable : 1
   size         : 940000
   average_time :   20.000 # [msec]
   throughput   :   47.001 # [mwords/sec]
   Debug_Time(0):   19.743 # [msec]
   Debug_Time(1):   12.188 # [msec]
   Debug_Time(2):    3.777 # [msec]
   Debug_Time(3):    3.778 # [msec]
-
   Version      : 1.6
   Ways         : 16
   Words        : 1
   Feedback     : 2
   WordBits     : 32
   IndexBits    : 32
   Sort Order   : 0
   Sign Compare : 0
   Max Size     : 268435455
   Debug Enable : 1
   size         : 945000
   average_time :   20.092 # [msec]
   throughput   :   47.034 # [mwords/sec]
   Debug_Time(0):   19.828 # [msec]
   Debug_Time(1):   12.234 # [msec]
   Debug_Time(2):    3.797 # [msec]
   Debug_Time(3):    3.797 # [msec]
-
   Version      : 1.6
   Ways         : 16
   Words        : 1
   Feedback     : 2
   WordBits     : 32
   IndexBits    : 32
   Sort Order   : 0
   Sign Compare : 0
   Max Size     : 268435455
   Debug Enable : 1
   size         : 950000
   average_time :   20.190 # [msec]
   throughput   :   47.053 # [mwords/sec]
   Debug_Time(0):   19.917 # [msec]
   Debug_Time(1):   12.283 # [msec]
   Debug_Time(2):    3.817 # [msec]
   Debug_Time(3):    3.817 # [msec]
-
   Version      : 1.6
   Ways         : 16
   Words        : 1
   Feedback     : 2
   WordBits     : 32
   IndexBits    : 32
   Sort Order   : 0
   Sign Compare : 0
   Max Size     : 268435455
   Debug Enable : 1
   size         : 955000
   average_time :   20.329 # [msec]
   throughput   :   46.977 # [mwords/sec]
   Debug_Time(0):   20.052 # [msec]
   Debug_Time(1):   12.378 # [msec]
   Debug_Time(2):    3.837 # [msec]
   Debug_Time(3):    3.837 # [msec]
-
   Version      : 1.6
   Ways         : 16
   Words        : 1
   Feedback     : 2
   WordBits     : 32
   IndexBits    : 32
   Sort Order   : 0
   Sign Compare : 0
   Max Size     : 268435455
   Debug Enable : 1
   size         : 960000
   average_time :   20.394 # [msec]
   throughput   :   47.073 # [mwords/sec]
   Debug_Time(0):   20.137 # [msec]
   Debug_Time(1):   12.423 # [msec]
   Debug_Time(2):    3.857 # [msec]
   Debug_Time(3):    3.857 # [msec]
-
   Version      : 1.6
   Ways         : 16
   Words        : 1
   Feedback     : 2
   WordBits     : 32
   IndexBits    : 32
   Sort Order   : 0
   Sign Compare : 0
   Max Size     : 268435455
   Debug Enable : 1
   size         : 965000
   average_time :   20.496 # [msec]
   throughput   :   47.082 # [mwords/sec]
   Debug_Time(0):   20.214 # [msec]
   Debug_Time(1):   12.460 # [msec]
   Debug_Time(2):    3.877 # [msec]
   Debug_Time(3):    3.877 # [msec]
-
   Version      : 1.6
   Ways         : 16
   Words        : 1
   Feedback     : 2
   WordBits     : 32
   IndexBits    : 32
   Sort Order   : 0
   Sign Compare : 0
   Max Size     : 268435455
   Debug Enable : 1
   size         : 970000
   average_time :   20.591 # [msec]
   throughput   :   47.108 # [mwords/sec]
   Debug_Time(0):   20.286 # [msec]
   Debug_Time(1):   12.492 # [msec]
   Debug_Time(2):    3.897 # [msec]
   Debug_Time(3):    3.897 # [msec]
-
   Version      : 1.6
   Ways         : 16
   Words        : 1
   Feedback     : 2
   WordBits     : 32
   IndexBits    : 32
   Sort Order   : 0
   Sign Compare : 0
   Max Size     : 268435455
   Debug Enable : 1
   size         : 975000
   average_time :   20.706 # [msec]
   throughput   :   47.088 # [mwords/sec]
   Debug_Time(0):   20.358 # [msec]
   Debug_Time(1):   12.524 # [msec]
   Debug_Time(2):    3.917 # [msec]
   Debug_Time(3):    3.918 # [msec]
-
   Version      : 1.6
   Ways         : 16
   Words        : 1
   Feedback     : 2
   WordBits     : 32
   IndexBits    : 32
   Sort Order   : 0
   Sign Compare : 0
   Max Size     : 268435455
   Debug Enable : 1
   size         : 980000
   average_time :   20.845 # [msec]
   throughput   :   47.014 # [mwords/sec]
   Debug_Time(0):   20.448 # [msec]
   Debug_Time(1):   12.573 # [msec]
   Debug_Time(2):    3.937 # [msec]
   Debug_Time(3):    3.938 # [msec]
-
   Version      : 1.6
   Ways         : 16
   Words        : 1
   Feedback     : 2
   WordBits     : 32
   IndexBits    : 32
   Sort Order   : 0
   Sign Compare : 0
   Max Size     : 268435455
   Debug Enable : 1
   size         : 985000
   average_time :   21.014 # [msec]
   throughput   :   46.874 # [mwords/sec]
   Debug_Time(0):   20.611 # [msec]
   Debug_Time(1):   12.695 # [msec]
   Debug_Time(2):    3.957 # [msec]
   Debug_Time(3):    3.959 # [msec]
-
   Version      : 1.6
   Ways         : 16
   Words        : 1
   Feedback     : 2
   WordBits     : 32
   IndexBits    : 32
   Sort Order   : 0
   Sign Compare : 0
   Max Size     : 268435455
   Debug Enable : 1
   size         : 990000
   average_time :   21.000 # [msec]
   throughput   :   47.143 # [mwords/sec]
   Debug_Time(0):   20.644 # [msec]
   Debug_Time(1):   12.689 # [msec]
   Debug_Time(2):    3.977 # [msec]
   Debug_Time(3):    3.978 # [msec]
-
   Version      : 1.6
   Ways         : 16
   Words        : 1
   Feedback     : 2
   WordBits     : 32
   IndexBits    : 32
   Sort Order   : 0
   Sign Compare : 0
   Max Size     : 268435455
   Debug Enable : 1
   size         : 995000
   average_time :   21.125 # [msec]
   throughput   :   47.101 # [mwords/sec]
   Debug_Time(0):   20.772 # [msec]
   Debug_Time(1):   12.777 # [msec]
   Debug_Time(2):    3.997 # [msec]
   Debug_Time(3):    3.998 # [msec]
-
   Version      : 1.6
   Ways         : 16
   Words        : 1
   Feedback     : 2
   WordBits     : 32
   IndexBits    : 32
   Sort Order   : 0
   Sign Compare : 0
   Max Size     : 268435455
   Debug Enable : 1
   size         : 1000000
   average_time :   21.265 # [msec]
   throughput   :   47.027 # [mwords/sec]
   Debug_Time(0):   20.915 # [msec]
   Debug_Time(1):   12.880 # [msec]
   Debug_Time(2):    4.017 # [msec]
   Debug_Time(3):    4.018 # [msec]
