---
-
   Version      : 1.6
   Ways         : 32
   Words        : 2
   Feedback     : 0
   WordBits     : 32
   IndexBits    : 32
   Sort Order   : 0
   Sign Compare : 0
   Max Size     : 268435455
   Debug Enable : 1
   size         : 5000
   average_time :    0.215 # [msec]
   throughput   :   23.260 # [mwords/sec]
   Debug_Time(0):    0.052 # [msec]
   Debug_Time(1):    0.012 # [msec]
   Debug_Time(2):    0.026 # [msec]
   Debug_Time(3):    0.014 # [msec]
-
   Version      : 1.6
   Ways         : 32
   Words        : 2
   Feedback     : 0
   WordBits     : 32
   IndexBits    : 32
   Sort Order   : 0
   Sign Compare : 0
   Max Size     : 268435455
   Debug Enable : 1
   size         : 10000
   average_time :    0.276 # [msec]
   throughput   :   36.273 # [mwords/sec]
   Debug_Time(0):    0.098 # [msec]
   Debug_Time(1):    0.023 # [msec]
   Debug_Time(2):    0.049 # [msec]
   Debug_Time(3):    0.026 # [msec]
-
   Version      : 1.6
   Ways         : 32
   Words        : 2
   Feedback     : 0
   WordBits     : 32
   IndexBits    : 32
   Sort Order   : 0
   Sign Compare : 0
   Max Size     : 268435455
   Debug Enable : 1
   size         : 15000
   average_time :    0.320 # [msec]
   throughput   :   46.818 # [mwords/sec]
   Debug_Time(0):    0.143 # [msec]
   Debug_Time(1):    0.034 # [msec]
   Debug_Time(2):    0.070 # [msec]
   Debug_Time(3):    0.039 # [msec]
-
   Version      : 1.6
   Ways         : 32
   Words        : 2
   Feedback     : 0
   WordBits     : 32
   IndexBits    : 32
   Sort Order   : 0
   Sign Compare : 0
   Max Size     : 268435455
   Debug Enable : 1
   size         : 20000
   average_time :    0.374 # [msec]
   throughput   :   53.516 # [mwords/sec]
   Debug_Time(0):    0.190 # [msec]
   Debug_Time(1):    0.045 # [msec]
   Debug_Time(2):    0.093 # [msec]
   Debug_Time(3):    0.052 # [msec]
-
   Version      : 1.6
   Ways         : 32
   Words        : 2
   Feedback     : 0
   WordBits     : 32
   IndexBits    : 32
   Sort Order   : 0
   Sign Compare : 0
   Max Size     : 268435455
   Debug Enable : 1
   size         : 25000
   average_time :    0.421 # [msec]
   throughput   :   59.322 # [mwords/sec]
   Debug_Time(0):    0.235 # [msec]
   Debug_Time(1):    0.056 # [msec]
   Debug_Time(2):    0.115 # [msec]
   Debug_Time(3):    0.064 # [msec]
-
   Version      : 1.6
   Ways         : 32
   Words        : 2
   Feedback     : 0
   WordBits     : 32
   IndexBits    : 32
   Sort Order   : 0
   Sign Compare : 0
   Max Size     : 268435455
   Debug Enable : 1
   size         : 30000
   average_time :    0.499 # [msec]
   throughput   :   60.099 # [mwords/sec]
   Debug_Time(0):    0.281 # [msec]
   Debug_Time(1):    0.067 # [msec]
   Debug_Time(2):    0.137 # [msec]
   Debug_Time(3):    0.078 # [msec]
-
   Version      : 1.6
   Ways         : 32
   Words        : 2
   Feedback     : 0
   WordBits     : 32
   IndexBits    : 32
   Sort Order   : 0
   Sign Compare : 0
   Max Size     : 268435455
   Debug Enable : 1
   size         : 35000
   average_time :    0.541 # [msec]
   throughput   :   64.658 # [mwords/sec]
   Debug_Time(0):    0.330 # [msec]
   Debug_Time(1):    0.078 # [msec]
   Debug_Time(2):    0.160 # [msec]
   Debug_Time(3):    0.092 # [msec]
-
   Version      : 1.6
   Ways         : 32
   Words        : 2
   Feedback     : 0
   WordBits     : 32
   IndexBits    : 32
   Sort Order   : 0
   Sign Compare : 0
   Max Size     : 268435455
   Debug Enable : 1
   size         : 40000
   average_time :    0.606 # [msec]
   throughput   :   66.049 # [mwords/sec]
   Debug_Time(0):    0.374 # [msec]
   Debug_Time(1):    0.088 # [msec]
   Debug_Time(2):    0.181 # [msec]
   Debug_Time(3):    0.104 # [msec]
-
   Version      : 1.6
   Ways         : 32
   Words        : 2
   Feedback     : 0
   WordBits     : 32
   IndexBits    : 32
   Sort Order   : 0
   Sign Compare : 0
   Max Size     : 268435455
   Debug Enable : 1
   size         : 45000
   average_time :    1.010 # [msec]
   throughput   :   44.550 # [mwords/sec]
   Debug_Time(0):    0.423 # [msec]
   Debug_Time(1):    0.099 # [msec]
   Debug_Time(2):    0.205 # [msec]
   Debug_Time(3):    0.118 # [msec]
-
   Version      : 1.6
   Ways         : 32
   Words        : 2
   Feedback     : 0
   WordBits     : 32
   IndexBits    : 32
   Sort Order   : 0
   Sign Compare : 0
   Max Size     : 268435455
   Debug Enable : 1
   size         : 50000
   average_time :    0.686 # [msec]
   throughput   :   72.876 # [mwords/sec]
   Debug_Time(0):    0.466 # [msec]
   Debug_Time(1):    0.110 # [msec]
   Debug_Time(2):    0.225 # [msec]
   Debug_Time(3):    0.130 # [msec]
-
   Version      : 1.6
   Ways         : 32
   Words        : 2
   Feedback     : 0
   WordBits     : 32
   IndexBits    : 32
   Sort Order   : 0
   Sign Compare : 0
   Max Size     : 268435455
   Debug Enable : 1
   size         : 55000
   average_time :    0.781 # [msec]
   throughput   :   70.437 # [mwords/sec]
   Debug_Time(0):    0.512 # [msec]
   Debug_Time(1):    0.121 # [msec]
   Debug_Time(2):    0.249 # [msec]
   Debug_Time(3):    0.142 # [msec]
-
   Version      : 1.6
   Ways         : 32
   Words        : 2
   Feedback     : 0
   WordBits     : 32
   IndexBits    : 32
   Sort Order   : 0
   Sign Compare : 0
   Max Size     : 268435455
   Debug Enable : 1
   size         : 60000
   average_time :    0.808 # [msec]
   throughput   :   74.240 # [mwords/sec]
   Debug_Time(0):    0.558 # [msec]
   Debug_Time(1):    0.132 # [msec]
   Debug_Time(2):    0.270 # [msec]
   Debug_Time(3):    0.155 # [msec]
-
   Version      : 1.6
   Ways         : 32
   Words        : 2
   Feedback     : 0
   WordBits     : 32
   IndexBits    : 32
   Sort Order   : 0
   Sign Compare : 0
   Max Size     : 268435455
   Debug Enable : 1
   size         : 65000
   average_time :    0.859 # [msec]
   throughput   :   75.703 # [mwords/sec]
   Debug_Time(0):    0.604 # [msec]
   Debug_Time(1):    0.143 # [msec]
   Debug_Time(2):    0.293 # [msec]
   Debug_Time(3):    0.169 # [msec]
-
   Version      : 1.6
   Ways         : 32
   Words        : 2
   Feedback     : 0
   WordBits     : 32
   IndexBits    : 32
   Sort Order   : 0
   Sign Compare : 0
   Max Size     : 268435455
   Debug Enable : 1
   size         : 70000
   average_time :    1.075 # [msec]
   throughput   :   65.109 # [mwords/sec]
   Debug_Time(0):    0.797 # [msec]
   Debug_Time(1):    0.154 # [msec]
   Debug_Time(2):    0.315 # [msec]
   Debug_Time(3):    0.183 # [msec]
   Debug_Time(4):    0.145 # [msec]
-
   Version      : 1.6
   Ways         : 32
   Words        : 2
   Feedback     : 0
   WordBits     : 32
   IndexBits    : 32
   Sort Order   : 0
   Sign Compare : 0
   Max Size     : 268435455
   Debug Enable : 1
   size         : 75000
   average_time :    1.136 # [msec]
   throughput   :   66.046 # [mwords/sec]
   Debug_Time(0):    0.850 # [msec]
   Debug_Time(1):    0.165 # [msec]
   Debug_Time(2):    0.336 # [msec]
   Debug_Time(3):    0.194 # [msec]
   Debug_Time(4):    0.155 # [msec]
-
   Version      : 1.6
   Ways         : 32
   Words        : 2
   Feedback     : 0
   WordBits     : 32
   IndexBits    : 32
   Sort Order   : 0
   Sign Compare : 0
   Max Size     : 268435455
   Debug Enable : 1
   size         : 80000
   average_time :    1.310 # [msec]
   throughput   :   61.084 # [mwords/sec]
   Debug_Time(0):    0.906 # [msec]
   Debug_Time(1):    0.176 # [msec]
   Debug_Time(2):    0.360 # [msec]
   Debug_Time(3):    0.205 # [msec]
   Debug_Time(4):    0.165 # [msec]
-
   Version      : 1.6
   Ways         : 32
   Words        : 2
   Feedback     : 0
   WordBits     : 32
   IndexBits    : 32
   Sort Order   : 0
   Sign Compare : 0
   Max Size     : 268435455
   Debug Enable : 1
   size         : 85000
   average_time :    1.292 # [msec]
   throughput   :   65.778 # [mwords/sec]
   Debug_Time(0):    0.966 # [msec]
   Debug_Time(1):    0.187 # [msec]
   Debug_Time(2):    0.380 # [msec]
   Debug_Time(3):    0.221 # [msec]
   Debug_Time(4):    0.177 # [msec]
-
   Version      : 1.6
   Ways         : 32
   Words        : 2
   Feedback     : 0
   WordBits     : 32
   IndexBits    : 32
   Sort Order   : 0
   Sign Compare : 0
   Max Size     : 268435455
   Debug Enable : 1
   size         : 90000
   average_time :    1.389 # [msec]
   throughput   :   64.776 # [mwords/sec]
   Debug_Time(0):    1.029 # [msec]
   Debug_Time(1):    0.207 # [msec]
   Debug_Time(2):    0.405 # [msec]
   Debug_Time(3):    0.232 # [msec]
   Debug_Time(4):    0.186 # [msec]
-
   Version      : 1.6
   Ways         : 32
   Words        : 2
   Feedback     : 0
   WordBits     : 32
   IndexBits    : 32
   Sort Order   : 0
   Sign Compare : 0
   Max Size     : 268435455
   Debug Enable : 1
   size         : 95000
   average_time :    1.400 # [msec]
   throughput   :   67.839 # [mwords/sec]
   Debug_Time(0):    1.078 # [msec]
   Debug_Time(1):    0.212 # [msec]
   Debug_Time(2):    0.425 # [msec]
   Debug_Time(3):    0.245 # [msec]
   Debug_Time(4):    0.196 # [msec]
-
   Version      : 1.6
   Ways         : 32
   Words        : 2
   Feedback     : 0
   WordBits     : 32
   IndexBits    : 32
   Sort Order   : 0
   Sign Compare : 0
   Max Size     : 268435455
   Debug Enable : 1
   size         : 100000
   average_time :    1.545 # [msec]
   throughput   :   64.735 # [mwords/sec]
   Debug_Time(0):    1.143 # [msec]
   Debug_Time(1):    0.229 # [msec]
   Debug_Time(2):    0.449 # [msec]
   Debug_Time(3):    0.259 # [msec]
   Debug_Time(4):    0.206 # [msec]
-
   Version      : 1.6
   Ways         : 32
   Words        : 2
   Feedback     : 0
   WordBits     : 32
   IndexBits    : 32
   Sort Order   : 0
   Sign Compare : 0
   Max Size     : 268435455
   Debug Enable : 1
   size         : 105000
   average_time :    1.571 # [msec]
   throughput   :   66.821 # [mwords/sec]
   Debug_Time(0):    1.217 # [msec]
   Debug_Time(1):    0.257 # [msec]
   Debug_Time(2):    0.470 # [msec]
   Debug_Time(3):    0.273 # [msec]
   Debug_Time(4):    0.217 # [msec]
-
   Version      : 1.6
   Ways         : 32
   Words        : 2
   Feedback     : 0
   WordBits     : 32
   IndexBits    : 32
   Sort Order   : 0
   Sign Compare : 0
   Max Size     : 268435455
   Debug Enable : 1
   size         : 110000
   average_time :    1.807 # [msec]
   throughput   :   60.876 # [mwords/sec]
   Debug_Time(0):    1.362 # [msec]
   Debug_Time(1):    0.353 # [msec]
   Debug_Time(2):    0.493 # [msec]
   Debug_Time(3):    0.289 # [msec]
   Debug_Time(4):    0.227 # [msec]
-
   Version      : 1.6
   Ways         : 32
   Words        : 2
   Feedback     : 0
   WordBits     : 32
   IndexBits    : 32
   Sort Order   : 0
   Sign Compare : 0
   Max Size     : 268435455
   Debug Enable : 1
   size         : 115000
   average_time :    1.710 # [msec]
   throughput   :   67.235 # [mwords/sec]
   Debug_Time(0):    1.374 # [msec]
   Debug_Time(1):    0.323 # [msec]
   Debug_Time(2):    0.515 # [msec]
   Debug_Time(3):    0.297 # [msec]
   Debug_Time(4):    0.238 # [msec]
-
   Version      : 1.6
   Ways         : 32
   Words        : 2
   Feedback     : 0
   WordBits     : 32
   IndexBits    : 32
   Sort Order   : 0
   Sign Compare : 0
   Max Size     : 268435455
   Debug Enable : 1
   size         : 120000
   average_time :    1.812 # [msec]
   throughput   :   66.233 # [mwords/sec]
   Debug_Time(0):    1.455 # [msec]
   Debug_Time(1):    0.351 # [msec]
   Debug_Time(2):    0.536 # [msec]
   Debug_Time(3):    0.318 # [msec]
   Debug_Time(4):    0.250 # [msec]
-
   Version      : 1.6
   Ways         : 32
   Words        : 2
   Feedback     : 0
   WordBits     : 32
   IndexBits    : 32
   Sort Order   : 0
   Sign Compare : 0
   Max Size     : 268435455
   Debug Enable : 1
   size         : 125000
   average_time :    1.968 # [msec]
   throughput   :   63.510 # [mwords/sec]
   Debug_Time(0):    1.599 # [msec]
   Debug_Time(1):    0.458 # [msec]
   Debug_Time(2):    0.560 # [msec]
   Debug_Time(3):    0.322 # [msec]
   Debug_Time(4):    0.260 # [msec]
-
   Version      : 1.6
   Ways         : 32
   Words        : 2
   Feedback     : 0
   WordBits     : 32
   IndexBits    : 32
   Sort Order   : 0
   Sign Compare : 0
   Max Size     : 268435455
   Debug Enable : 1
   size         : 130000
   average_time :    2.036 # [msec]
   throughput   :   63.841 # [mwords/sec]
   Debug_Time(0):    1.673 # [msec]
   Debug_Time(1):    0.485 # [msec]
   Debug_Time(2):    0.580 # [msec]
   Debug_Time(3):    0.338 # [msec]
   Debug_Time(4):    0.271 # [msec]
-
   Version      : 1.6
   Ways         : 32
   Words        : 2
   Feedback     : 0
   WordBits     : 32
   IndexBits    : 32
   Sort Order   : 0
   Sign Compare : 0
   Max Size     : 268435455
   Debug Enable : 1
   size         : 135000
   average_time :    2.552 # [msec]
   throughput   :   52.904 # [mwords/sec]
   Debug_Time(0):    1.959 # [msec]
   Debug_Time(1):    0.724 # [msec]
   Debug_Time(2):    0.604 # [msec]
   Debug_Time(3):    0.350 # [msec]
   Debug_Time(4):    0.280 # [msec]
-
   Version      : 1.6
   Ways         : 32
   Words        : 2
   Feedback     : 0
   WordBits     : 32
   IndexBits    : 32
   Sort Order   : 0
   Sign Compare : 0
   Max Size     : 268435455
   Debug Enable : 1
   size         : 140000
   average_time :    2.585 # [msec]
   throughput   :   54.148 # [mwords/sec]
   Debug_Time(0):    2.053 # [msec]
   Debug_Time(1):    0.776 # [msec]
   Debug_Time(2):    0.625 # [msec]
   Debug_Time(3):    0.361 # [msec]
   Debug_Time(4):    0.292 # [msec]
-
   Version      : 1.6
   Ways         : 32
   Words        : 2
   Feedback     : 0
   WordBits     : 32
   IndexBits    : 32
   Sort Order   : 0
   Sign Compare : 0
   Max Size     : 268435455
   Debug Enable : 1
   size         : 145000
   average_time :    2.391 # [msec]
   throughput   :   60.652 # [mwords/sec]
   Debug_Time(0):    1.982 # [msec]
   Debug_Time(1):    0.661 # [msec]
   Debug_Time(2):    0.648 # [msec]
   Debug_Time(3):    0.368 # [msec]
   Debug_Time(4):    0.305 # [msec]
-
   Version      : 1.6
   Ways         : 32
   Words        : 2
   Feedback     : 0
   WordBits     : 32
   IndexBits    : 32
   Sort Order   : 0
   Sign Compare : 0
   Max Size     : 268435455
   Debug Enable : 1
   size         : 150000
   average_time :    2.496 # [msec]
   throughput   :   60.102 # [mwords/sec]
   Debug_Time(0):    2.103 # [msec]
   Debug_Time(1):    0.731 # [msec]
   Debug_Time(2):    0.670 # [msec]
   Debug_Time(3):    0.382 # [msec]
   Debug_Time(4):    0.320 # [msec]
-
   Version      : 1.6
   Ways         : 32
   Words        : 2
   Feedback     : 0
   WordBits     : 32
   IndexBits    : 32
   Sort Order   : 0
   Sign Compare : 0
   Max Size     : 268435455
   Debug Enable : 1
   size         : 155000
   average_time :    2.598 # [msec]
   throughput   :   59.651 # [mwords/sec]
   Debug_Time(0):    2.171 # [msec]
   Debug_Time(1):    0.757 # [msec]
   Debug_Time(2):    0.691 # [msec]
   Debug_Time(3):    0.394 # [msec]
   Debug_Time(4):    0.329 # [msec]
-
   Version      : 1.6
   Ways         : 32
   Words        : 2
   Feedback     : 0
   WordBits     : 32
   IndexBits    : 32
   Sort Order   : 0
   Sign Compare : 0
   Max Size     : 268435455
   Debug Enable : 1
   size         : 160000
   average_time :    2.778 # [msec]
   throughput   :   57.600 # [mwords/sec]
   Debug_Time(0):    2.324 # [msec]
   Debug_Time(1):    0.855 # [msec]
   Debug_Time(2):    0.714 # [msec]
   Debug_Time(3):    0.411 # [msec]
   Debug_Time(4):    0.344 # [msec]
-
   Version      : 1.6
   Ways         : 32
   Words        : 2
   Feedback     : 0
   WordBits     : 32
   IndexBits    : 32
   Sort Order   : 0
   Sign Compare : 0
   Max Size     : 268435455
   Debug Enable : 1
   size         : 165000
   average_time :    2.830 # [msec]
   throughput   :   58.297 # [mwords/sec]
   Debug_Time(0):    2.383 # [msec]
   Debug_Time(1):    0.872 # [msec]
   Debug_Time(2):    0.735 # [msec]
   Debug_Time(3):    0.421 # [msec]
   Debug_Time(4):    0.355 # [msec]
-
   Version      : 1.6
   Ways         : 32
   Words        : 2
   Feedback     : 0
   WordBits     : 32
   IndexBits    : 32
   Sort Order   : 0
   Sign Compare : 0
   Max Size     : 268435455
   Debug Enable : 1
   size         : 170000
   average_time :    2.993 # [msec]
   throughput   :   56.800 # [mwords/sec]
   Debug_Time(0):    2.545 # [msec]
   Debug_Time(1):    0.979 # [msec]
   Debug_Time(2):    0.759 # [msec]
   Debug_Time(3):    0.438 # [msec]
   Debug_Time(4):    0.368 # [msec]
-
   Version      : 1.6
   Ways         : 32
   Words        : 2
   Feedback     : 0
   WordBits     : 32
   IndexBits    : 32
   Sort Order   : 0
   Sign Compare : 0
   Max Size     : 268435455
   Debug Enable : 1
   size         : 175000
   average_time :    3.111 # [msec]
   throughput   :   56.243 # [mwords/sec]
   Debug_Time(0):    2.639 # [msec]
   Debug_Time(1):    1.024 # [msec]
   Debug_Time(2):    0.779 # [msec]
   Debug_Time(3):    0.455 # [msec]
   Debug_Time(4):    0.381 # [msec]
-
   Version      : 1.6
   Ways         : 32
   Words        : 2
   Feedback     : 0
   WordBits     : 32
   IndexBits    : 32
   Sort Order   : 0
   Sign Compare : 0
   Max Size     : 268435455
   Debug Enable : 1
   size         : 180000
   average_time :    3.233 # [msec]
   throughput   :   55.672 # [mwords/sec]
   Debug_Time(0):    2.739 # [msec]
   Debug_Time(1):    1.075 # [msec]
   Debug_Time(2):    0.803 # [msec]
   Debug_Time(3):    0.470 # [msec]
   Debug_Time(4):    0.390 # [msec]
-
   Version      : 1.6
   Ways         : 32
   Words        : 2
   Feedback     : 0
   WordBits     : 32
   IndexBits    : 32
   Sort Order   : 0
   Sign Compare : 0
   Max Size     : 268435455
   Debug Enable : 1
   size         : 185000
   average_time :    3.693 # [msec]
   throughput   :   50.097 # [mwords/sec]
   Debug_Time(0):    3.059 # [msec]
   Debug_Time(1):    1.353 # [msec]
   Debug_Time(2):    0.825 # [msec]
   Debug_Time(3):    0.484 # [msec]
   Debug_Time(4):    0.397 # [msec]
-
   Version      : 1.6
   Ways         : 32
   Words        : 2
   Feedback     : 0
   WordBits     : 32
   IndexBits    : 32
   Sort Order   : 0
   Sign Compare : 0
   Max Size     : 268435455
   Debug Enable : 1
   size         : 190000
   average_time :    3.589 # [msec]
   throughput   :   52.945 # [mwords/sec]
   Debug_Time(0):    3.008 # [msec]
   Debug_Time(1):    1.252 # [msec]
   Debug_Time(2):    0.848 # [msec]
   Debug_Time(3):    0.492 # [msec]
   Debug_Time(4):    0.416 # [msec]
-
   Version      : 1.6
   Ways         : 32
   Words        : 2
   Feedback     : 0
   WordBits     : 32
   IndexBits    : 32
   Sort Order   : 0
   Sign Compare : 0
   Max Size     : 268435455
   Debug Enable : 1
   size         : 195000
   average_time :    3.598 # [msec]
   throughput   :   54.198 # [mwords/sec]
   Debug_Time(0):    3.073 # [msec]
   Debug_Time(1):    1.278 # [msec]
   Debug_Time(2):    0.869 # [msec]
   Debug_Time(3):    0.502 # [msec]
   Debug_Time(4):    0.424 # [msec]
-
   Version      : 1.6
   Ways         : 32
   Words        : 2
   Feedback     : 0
   WordBits     : 32
   IndexBits    : 32
   Sort Order   : 0
   Sign Compare : 0
   Max Size     : 268435455
   Debug Enable : 1
   size         : 200000
   average_time :    3.971 # [msec]
   throughput   :   50.365 # [mwords/sec]
   Debug_Time(0):    3.294 # [msec]
   Debug_Time(1):    1.453 # [msec]
   Debug_Time(2):    0.891 # [msec]
   Debug_Time(3):    0.514 # [msec]
   Debug_Time(4):    0.435 # [msec]
-
   Version      : 1.6
   Ways         : 32
   Words        : 2
   Feedback     : 0
   WordBits     : 32
   IndexBits    : 32
   Sort Order   : 0
   Sign Compare : 0
   Max Size     : 268435455
   Debug Enable : 1
   size         : 205000
   average_time :    4.099 # [msec]
   throughput   :   50.018 # [mwords/sec]
   Debug_Time(0):    3.411 # [msec]
   Debug_Time(1):    1.520 # [msec]
   Debug_Time(2):    0.915 # [msec]
   Debug_Time(3):    0.527 # [msec]
   Debug_Time(4):    0.449 # [msec]
-
   Version      : 1.6
   Ways         : 32
   Words        : 2
   Feedback     : 0
   WordBits     : 32
   IndexBits    : 32
   Sort Order   : 0
   Sign Compare : 0
   Max Size     : 268435455
   Debug Enable : 1
   size         : 210000
   average_time :    3.957 # [msec]
   throughput   :   53.076 # [mwords/sec]
   Debug_Time(0):    3.369 # [msec]
   Debug_Time(1):    1.439 # [msec]
   Debug_Time(2):    0.935 # [msec]
   Debug_Time(3):    0.533 # [msec]
   Debug_Time(4):    0.462 # [msec]
-
   Version      : 1.6
   Ways         : 32
   Words        : 2
   Feedback     : 0
   WordBits     : 32
   IndexBits    : 32
   Sort Order   : 0
   Sign Compare : 0
   Max Size     : 268435455
   Debug Enable : 1
   size         : 215000
   average_time :    4.094 # [msec]
   throughput   :   52.515 # [mwords/sec]
   Debug_Time(0):    3.522 # [msec]
   Debug_Time(1):    1.538 # [msec]
   Debug_Time(2):    0.960 # [msec]
   Debug_Time(3):    0.548 # [msec]
   Debug_Time(4):    0.476 # [msec]
-
   Version      : 1.6
   Ways         : 32
   Words        : 2
   Feedback     : 0
   WordBits     : 32
   IndexBits    : 32
   Sort Order   : 0
   Sign Compare : 0
   Max Size     : 268435455
   Debug Enable : 1
   size         : 220000
   average_time :    4.215 # [msec]
   throughput   :   52.200 # [mwords/sec]
   Debug_Time(0):    3.623 # [msec]
   Debug_Time(1):    1.593 # [msec]
   Debug_Time(2):    0.979 # [msec]
   Debug_Time(3):    0.564 # [msec]
   Debug_Time(4):    0.487 # [msec]
-
   Version      : 1.6
   Ways         : 32
   Words        : 2
   Feedback     : 0
   WordBits     : 32
   IndexBits    : 32
   Sort Order   : 0
   Sign Compare : 0
   Max Size     : 268435455
   Debug Enable : 1
   size         : 225000
   average_time :    4.392 # [msec]
   throughput   :   51.231 # [mwords/sec]
   Debug_Time(0):    3.640 # [msec]
   Debug_Time(1):    1.578 # [msec]
   Debug_Time(2):    1.003 # [msec]
   Debug_Time(3):    0.574 # [msec]
   Debug_Time(4):    0.484 # [msec]
-
   Version      : 1.6
   Ways         : 32
   Words        : 2
   Feedback     : 0
   WordBits     : 32
   IndexBits    : 32
   Sort Order   : 0
   Sign Compare : 0
   Max Size     : 268435455
   Debug Enable : 1
   size         : 230000
   average_time :    4.445 # [msec]
   throughput   :   51.745 # [mwords/sec]
   Debug_Time(0):    3.819 # [msec]
   Debug_Time(1):    1.694 # [msec]
   Debug_Time(2):    1.024 # [msec]
   Debug_Time(3):    0.590 # [msec]
   Debug_Time(4):    0.511 # [msec]
-
   Version      : 1.6
   Ways         : 32
   Words        : 2
   Feedback     : 0
   WordBits     : 32
   IndexBits    : 32
   Sort Order   : 0
   Sign Compare : 0
   Max Size     : 268435455
   Debug Enable : 1
   size         : 235000
   average_time :    4.537 # [msec]
   throughput   :   51.796 # [mwords/sec]
   Debug_Time(0):    3.908 # [msec]
   Debug_Time(1):    1.739 # [msec]
   Debug_Time(2):    1.047 # [msec]
   Debug_Time(3):    0.604 # [msec]
   Debug_Time(4):    0.519 # [msec]
-
   Version      : 1.6
   Ways         : 32
   Words        : 2
   Feedback     : 0
   WordBits     : 32
   IndexBits    : 32
   Sort Order   : 0
   Sign Compare : 0
   Max Size     : 268435455
   Debug Enable : 1
   size         : 240000
   average_time :    4.667 # [msec]
   throughput   :   51.423 # [mwords/sec]
   Debug_Time(0):    4.063 # [msec]
   Debug_Time(1):    1.811 # [msec]
   Debug_Time(2):    1.094 # [msec]
   Debug_Time(3):    0.626 # [msec]
   Debug_Time(4):    0.533 # [msec]
-
   Version      : 1.6
   Ways         : 32
   Words        : 2
   Feedback     : 0
   WordBits     : 32
   IndexBits    : 32
   Sort Order   : 0
   Sign Compare : 0
   Max Size     : 268435455
   Debug Enable : 1
   size         : 245000
   average_time :    4.768 # [msec]
   throughput   :   51.384 # [mwords/sec]
   Debug_Time(0):    4.149 # [msec]
   Debug_Time(1):    1.870 # [msec]
   Debug_Time(2):    1.116 # [msec]
   Debug_Time(3):    0.629 # [msec]
   Debug_Time(4):    0.535 # [msec]
-
   Version      : 1.6
   Ways         : 32
   Words        : 2
   Feedback     : 0
   WordBits     : 32
   IndexBits    : 32
   Sort Order   : 0
   Sign Compare : 0
   Max Size     : 268435455
   Debug Enable : 1
   size         : 250000
   average_time :    4.879 # [msec]
   throughput   :   51.240 # [mwords/sec]
   Debug_Time(0):    4.242 # [msec]
   Debug_Time(1):    1.919 # [msec]
   Debug_Time(2):    1.128 # [msec]
   Debug_Time(3):    0.642 # [msec]
   Debug_Time(4):    0.553 # [msec]
-
   Version      : 1.6
   Ways         : 32
   Words        : 2
   Feedback     : 0
   WordBits     : 32
   IndexBits    : 32
   Sort Order   : 0
   Sign Compare : 0
   Max Size     : 268435455
   Debug Enable : 1
   size         : 255000
   average_time :    4.988 # [msec]
   throughput   :   51.120 # [mwords/sec]
   Debug_Time(0):    4.310 # [msec]
   Debug_Time(1):    1.951 # [msec]
   Debug_Time(2):    1.138 # [msec]
   Debug_Time(3):    0.656 # [msec]
   Debug_Time(4):    0.565 # [msec]
-
   Version      : 1.6
   Ways         : 32
   Words        : 2
   Feedback     : 0
   WordBits     : 32
   IndexBits    : 32
   Sort Order   : 0
   Sign Compare : 0
   Max Size     : 268435455
   Debug Enable : 1
   size         : 260000
   average_time :    5.086 # [msec]
   throughput   :   51.119 # [mwords/sec]
   Debug_Time(0):    4.337 # [msec]
   Debug_Time(1):    1.929 # [msec]
   Debug_Time(2):    1.160 # [msec]
   Debug_Time(3):    0.670 # [msec]
   Debug_Time(4):    0.577 # [msec]
-
   Version      : 1.6
   Ways         : 32
   Words        : 2
   Feedback     : 0
   WordBits     : 32
   IndexBits    : 32
   Sort Order   : 0
   Sign Compare : 0
   Max Size     : 268435455
   Debug Enable : 1
   size         : 265000
   average_time :    5.214 # [msec]
   throughput   :   50.822 # [mwords/sec]
   Debug_Time(0):    4.395 # [msec]
   Debug_Time(1):    1.945 # [msec]
   Debug_Time(2):    1.182 # [msec]
   Debug_Time(3):    0.678 # [msec]
   Debug_Time(4):    0.590 # [msec]
-
   Version      : 1.6
   Ways         : 32
   Words        : 2
   Feedback     : 0
   WordBits     : 32
   IndexBits    : 32
   Sort Order   : 0
   Sign Compare : 0
   Max Size     : 268435455
   Debug Enable : 1
   size         : 270000
   average_time :    5.291 # [msec]
   throughput   :   51.026 # [mwords/sec]
   Debug_Time(0):    4.490 # [msec]
   Debug_Time(1):    1.995 # [msec]
   Debug_Time(2):    1.203 # [msec]
   Debug_Time(3):    0.690 # [msec]
   Debug_Time(4):    0.602 # [msec]
-
   Version      : 1.6
   Ways         : 32
   Words        : 2
   Feedback     : 0
   WordBits     : 32
   IndexBits    : 32
   Sort Order   : 0
   Sign Compare : 0
   Max Size     : 268435455
   Debug Enable : 1
   size         : 275000
   average_time :    5.380 # [msec]
   throughput   :   51.114 # [mwords/sec]
   Debug_Time(0):    4.573 # [msec]
   Debug_Time(1):    2.036 # [msec]
   Debug_Time(2):    1.225 # [msec]
   Debug_Time(3):    0.698 # [msec]
   Debug_Time(4):    0.614 # [msec]
-
   Version      : 1.6
   Ways         : 32
   Words        : 2
   Feedback     : 0
   WordBits     : 32
   IndexBits    : 32
   Sort Order   : 0
   Sign Compare : 0
   Max Size     : 268435455
   Debug Enable : 1
   size         : 280000
   average_time :    5.482 # [msec]
   throughput   :   51.079 # [mwords/sec]
   Debug_Time(0):    4.654 # [msec]
   Debug_Time(1):    2.069 # [msec]
   Debug_Time(2):    1.249 # [msec]
   Debug_Time(3):    0.712 # [msec]
   Debug_Time(4):    0.624 # [msec]
-
   Version      : 1.6
   Ways         : 32
   Words        : 2
   Feedback     : 0
   WordBits     : 32
   IndexBits    : 32
   Sort Order   : 0
   Sign Compare : 0
   Max Size     : 268435455
   Debug Enable : 1
   size         : 285000
   average_time :    5.594 # [msec]
   throughput   :   50.947 # [mwords/sec]
   Debug_Time(0):    4.761 # [msec]
   Debug_Time(1):    2.116 # [msec]
   Debug_Time(2):    1.286 # [msec]
   Debug_Time(3):    0.728 # [msec]
   Debug_Time(4):    0.632 # [msec]
-
   Version      : 1.6
   Ways         : 32
   Words        : 2
   Feedback     : 0
   WordBits     : 32
   IndexBits    : 32
   Sort Order   : 0
   Sign Compare : 0
   Max Size     : 268435455
   Debug Enable : 1
   size         : 290000
   average_time :    5.707 # [msec]
   throughput   :   50.812 # [mwords/sec]
   Debug_Time(0):    4.872 # [msec]
   Debug_Time(1):    2.199 # [msec]
   Debug_Time(2):    1.291 # [msec]
   Debug_Time(3):    0.739 # [msec]
   Debug_Time(4):    0.643 # [msec]
-
   Version      : 1.6
   Ways         : 32
   Words        : 2
   Feedback     : 0
   WordBits     : 32
   IndexBits    : 32
   Sort Order   : 0
   Sign Compare : 0
   Max Size     : 268435455
   Debug Enable : 1
   size         : 295000
   average_time :    5.794 # [msec]
   throughput   :   50.912 # [mwords/sec]
   Debug_Time(0):    4.953 # [msec]
   Debug_Time(1):    2.236 # [msec]
   Debug_Time(2):    1.315 # [msec]
   Debug_Time(3):    0.748 # [msec]
   Debug_Time(4):    0.654 # [msec]
-
   Version      : 1.6
   Ways         : 32
   Words        : 2
   Feedback     : 0
   WordBits     : 32
   IndexBits    : 32
   Sort Order   : 0
   Sign Compare : 0
   Max Size     : 268435455
   Debug Enable : 1
   size         : 300000
   average_time :    5.918 # [msec]
   throughput   :   50.690 # [mwords/sec]
   Debug_Time(0):    5.018 # [msec]
   Debug_Time(1):    2.238 # [msec]
   Debug_Time(2):    1.339 # [msec]
   Debug_Time(3):    0.779 # [msec]
   Debug_Time(4):    0.661 # [msec]
-
   Version      : 1.6
   Ways         : 32
   Words        : 2
   Feedback     : 0
   WordBits     : 32
   IndexBits    : 32
   Sort Order   : 0
   Sign Compare : 0
   Max Size     : 268435455
   Debug Enable : 1
   size         : 305000
   average_time :    6.010 # [msec]
   throughput   :   50.745 # [mwords/sec]
   Debug_Time(0):    5.069 # [msec]
   Debug_Time(1):    2.249 # [msec]
   Debug_Time(2):    1.360 # [msec]
   Debug_Time(3):    0.783 # [msec]
   Debug_Time(4):    0.677 # [msec]
-
   Version      : 1.6
   Ways         : 32
   Words        : 2
   Feedback     : 0
   WordBits     : 32
   IndexBits    : 32
   Sort Order   : 0
   Sign Compare : 0
   Max Size     : 268435455
   Debug Enable : 1
   size         : 310000
   average_time :    6.123 # [msec]
   throughput   :   50.629 # [mwords/sec]
   Debug_Time(0):    5.220 # [msec]
   Debug_Time(1):    2.347 # [msec]
   Debug_Time(2):    1.381 # [msec]
   Debug_Time(3):    0.804 # [msec]
   Debug_Time(4):    0.688 # [msec]
-
   Version      : 1.6
   Ways         : 32
   Words        : 2
   Feedback     : 0
   WordBits     : 32
   IndexBits    : 32
   Sort Order   : 0
   Sign Compare : 0
   Max Size     : 268435455
   Debug Enable : 1
   size         : 315000
   average_time :    6.200 # [msec]
   throughput   :   50.809 # [mwords/sec]
   Debug_Time(0):    5.256 # [msec]
   Debug_Time(1):    2.335 # [msec]
   Debug_Time(2):    1.402 # [msec]
   Debug_Time(3):    0.810 # [msec]
   Debug_Time(4):    0.709 # [msec]
-
   Version      : 1.6
   Ways         : 32
   Words        : 2
   Feedback     : 0
   WordBits     : 32
   IndexBits    : 32
   Sort Order   : 0
   Sign Compare : 0
   Max Size     : 268435455
   Debug Enable : 1
   size         : 320000
   average_time :    6.313 # [msec]
   throughput   :   50.685 # [mwords/sec]
   Debug_Time(0):    5.341 # [msec]
   Debug_Time(1):    2.384 # [msec]
   Debug_Time(2):    1.429 # [msec]
   Debug_Time(3):    0.817 # [msec]
   Debug_Time(4):    0.711 # [msec]
-
   Version      : 1.6
   Ways         : 32
   Words        : 2
   Feedback     : 0
   WordBits     : 32
   IndexBits    : 32
   Sort Order   : 0
   Sign Compare : 0
   Max Size     : 268435455
   Debug Enable : 1
   size         : 325000
   average_time :    6.485 # [msec]
   throughput   :   50.115 # [mwords/sec]
   Debug_Time(0):    5.448 # [msec]
   Debug_Time(1):    2.446 # [msec]
   Debug_Time(2):    1.449 # [msec]
   Debug_Time(3):    0.833 # [msec]
   Debug_Time(4):    0.720 # [msec]
-
   Version      : 1.6
   Ways         : 32
   Words        : 2
   Feedback     : 0
   WordBits     : 32
   IndexBits    : 32
   Sort Order   : 0
   Sign Compare : 0
   Max Size     : 268435455
   Debug Enable : 1
   size         : 330000
   average_time :    6.489 # [msec]
   throughput   :   50.853 # [mwords/sec]
   Debug_Time(0):    5.613 # [msec]
   Debug_Time(1):    2.512 # [msec]
   Debug_Time(2):    1.516 # [msec]
   Debug_Time(3):    0.844 # [msec]
   Debug_Time(4):    0.741 # [msec]
-
   Version      : 1.6
   Ways         : 32
   Words        : 2
   Feedback     : 0
   WordBits     : 32
   IndexBits    : 32
   Sort Order   : 0
   Sign Compare : 0
   Max Size     : 268435455
   Debug Enable : 1
   size         : 335000
   average_time :    6.584 # [msec]
   throughput   :   50.879 # [mwords/sec]
   Debug_Time(0):    5.579 # [msec]
   Debug_Time(1):    2.483 # [msec]
   Debug_Time(2):    1.493 # [msec]
   Debug_Time(3):    0.854 # [msec]
   Debug_Time(4):    0.749 # [msec]
-
   Version      : 1.6
   Ways         : 32
   Words        : 2
   Feedback     : 0
   WordBits     : 32
   IndexBits    : 32
   Sort Order   : 0
   Sign Compare : 0
   Max Size     : 268435455
   Debug Enable : 1
   size         : 340000
   average_time :    6.691 # [msec]
   throughput   :   50.815 # [mwords/sec]
   Debug_Time(0):    5.781 # [msec]
   Debug_Time(1):    2.600 # [msec]
   Debug_Time(2):    1.558 # [msec]
   Debug_Time(3):    0.860 # [msec]
   Debug_Time(4):    0.762 # [msec]
-
   Version      : 1.6
   Ways         : 32
   Words        : 2
   Feedback     : 0
   WordBits     : 32
   IndexBits    : 32
   Sort Order   : 0
   Sign Compare : 0
   Max Size     : 268435455
   Debug Enable : 1
   size         : 345000
   average_time :    6.768 # [msec]
   throughput   :   50.977 # [mwords/sec]
   Debug_Time(0):    5.779 # [msec]
   Debug_Time(1):    2.549 # [msec]
   Debug_Time(2):    1.578 # [msec]
   Debug_Time(3):    0.877 # [msec]
   Debug_Time(4):    0.775 # [msec]
-
   Version      : 1.6
   Ways         : 32
   Words        : 2
   Feedback     : 0
   WordBits     : 32
   IndexBits    : 32
   Sort Order   : 0
   Sign Compare : 0
   Max Size     : 268435455
   Debug Enable : 1
   size         : 350000
   average_time :    6.871 # [msec]
   throughput   :   50.939 # [mwords/sec]
   Debug_Time(0):    5.797 # [msec]
   Debug_Time(1):    2.576 # [msec]
   Debug_Time(2):    1.596 # [msec]
   Debug_Time(3):    0.885 # [msec]
   Debug_Time(4):    0.740 # [msec]
-
   Version      : 1.6
   Ways         : 32
   Words        : 2
   Feedback     : 0
   WordBits     : 32
   IndexBits    : 32
   Sort Order   : 0
   Sign Compare : 0
   Max Size     : 268435455
   Debug Enable : 1
   size         : 355000
   average_time :    6.979 # [msec]
   throughput   :   50.866 # [mwords/sec]
   Debug_Time(0):    5.951 # [msec]
   Debug_Time(1):    2.625 # [msec]
   Debug_Time(2):    1.609 # [msec]
   Debug_Time(3):    0.907 # [msec]
   Debug_Time(4):    0.810 # [msec]
-
   Version      : 1.6
   Ways         : 32
   Words        : 2
   Feedback     : 0
   WordBits     : 32
   IndexBits    : 32
   Sort Order   : 0
   Sign Compare : 0
   Max Size     : 268435455
   Debug Enable : 1
   size         : 360000
   average_time :    7.055 # [msec]
   throughput   :   51.027 # [mwords/sec]
   Debug_Time(0):    6.010 # [msec]
   Debug_Time(1):    2.636 # [msec]
   Debug_Time(2):    1.633 # [msec]
   Debug_Time(3):    0.914 # [msec]
   Debug_Time(4):    0.826 # [msec]
-
   Version      : 1.6
   Ways         : 32
   Words        : 2
   Feedback     : 0
   WordBits     : 32
   IndexBits    : 32
   Sort Order   : 0
   Sign Compare : 0
   Max Size     : 268435455
   Debug Enable : 1
   size         : 365000
   average_time :    7.169 # [msec]
   throughput   :   50.916 # [mwords/sec]
   Debug_Time(0):    6.106 # [msec]
   Debug_Time(1):    2.677 # [msec]
   Debug_Time(2):    1.667 # [msec]
   Debug_Time(3):    0.938 # [msec]
   Debug_Time(4):    0.823 # [msec]
-
   Version      : 1.6
   Ways         : 32
   Words        : 2
   Feedback     : 0
   WordBits     : 32
   IndexBits    : 32
   Sort Order   : 0
   Sign Compare : 0
   Max Size     : 268435455
   Debug Enable : 1
   size         : 370000
   average_time :    7.271 # [msec]
   throughput   :   50.890 # [mwords/sec]
   Debug_Time(0):    6.171 # [msec]
   Debug_Time(1):    2.707 # [msec]
   Debug_Time(2):    1.662 # [msec]
   Debug_Time(3):    0.954 # [msec]
   Debug_Time(4):    0.849 # [msec]
-
   Version      : 1.6
   Ways         : 32
   Words        : 2
   Feedback     : 0
   WordBits     : 32
   IndexBits    : 32
   Sort Order   : 0
   Sign Compare : 0
   Max Size     : 268435455
   Debug Enable : 1
   size         : 375000
   average_time :    7.346 # [msec]
   throughput   :   51.051 # [mwords/sec]
   Debug_Time(0):    6.264 # [msec]
   Debug_Time(1):    2.779 # [msec]
   Debug_Time(2):    1.668 # [msec]
   Debug_Time(3):    0.960 # [msec]
   Debug_Time(4):    0.857 # [msec]
-
   Version      : 1.6
   Ways         : 32
   Words        : 2
   Feedback     : 0
   WordBits     : 32
   IndexBits    : 32
   Sort Order   : 0
   Sign Compare : 0
   Max Size     : 268435455
   Debug Enable : 1
   size         : 380000
   average_time :    7.438 # [msec]
   throughput   :   51.092 # [mwords/sec]
   Debug_Time(0):    6.278 # [msec]
   Debug_Time(1):    2.748 # [msec]
   Debug_Time(2):    1.692 # [msec]
   Debug_Time(3):    0.973 # [msec]
   Debug_Time(4):    0.865 # [msec]
-
   Version      : 1.6
   Ways         : 32
   Words        : 2
   Feedback     : 0
   WordBits     : 32
   IndexBits    : 32
   Sort Order   : 0
   Sign Compare : 0
   Max Size     : 268435455
   Debug Enable : 1
   size         : 385000
   average_time :    7.527 # [msec]
   throughput   :   51.146 # [mwords/sec]
   Debug_Time(0):    6.359 # [msec]
   Debug_Time(1):    2.777 # [msec]
   Debug_Time(2):    1.713 # [msec]
   Debug_Time(3):    0.983 # [msec]
   Debug_Time(4):    0.886 # [msec]
-
   Version      : 1.6
   Ways         : 32
   Words        : 2
   Feedback     : 0
   WordBits     : 32
   IndexBits    : 32
   Sort Order   : 0
   Sign Compare : 0
   Max Size     : 268435455
   Debug Enable : 1
   size         : 390000
   average_time :    7.628 # [msec]
   throughput   :   51.124 # [mwords/sec]
   Debug_Time(0):    6.525 # [msec]
   Debug_Time(1):    2.864 # [msec]
   Debug_Time(2):    1.767 # [msec]
   Debug_Time(3):    0.998 # [msec]
   Debug_Time(4):    0.896 # [msec]
-
   Version      : 1.6
   Ways         : 32
   Words        : 2
   Feedback     : 0
   WordBits     : 32
   IndexBits    : 32
   Sort Order   : 0
   Sign Compare : 0
   Max Size     : 268435455
   Debug Enable : 1
   size         : 395000
   average_time :    7.735 # [msec]
   throughput   :   51.069 # [mwords/sec]
   Debug_Time(0):    6.594 # [msec]
   Debug_Time(1):    2.889 # [msec]
   Debug_Time(2):    1.788 # [msec]
   Debug_Time(3):    1.009 # [msec]
   Debug_Time(4):    0.907 # [msec]
-
   Version      : 1.6
   Ways         : 32
   Words        : 2
   Feedback     : 0
   WordBits     : 32
   IndexBits    : 32
   Sort Order   : 0
   Sign Compare : 0
   Max Size     : 268435455
   Debug Enable : 1
   size         : 400000
   average_time :    7.826 # [msec]
   throughput   :   51.110 # [mwords/sec]
   Debug_Time(0):    6.636 # [msec]
   Debug_Time(1):    2.902 # [msec]
   Debug_Time(2):    1.796 # [msec]
   Debug_Time(3):    1.018 # [msec]
   Debug_Time(4):    0.920 # [msec]
-
   Version      : 1.6
   Ways         : 32
   Words        : 2
   Feedback     : 0
   WordBits     : 32
   IndexBits    : 32
   Sort Order   : 0
   Sign Compare : 0
   Max Size     : 268435455
   Debug Enable : 1
   size         : 405000
   average_time :    7.939 # [msec]
   throughput   :   51.016 # [mwords/sec]
   Debug_Time(0):    6.699 # [msec]
   Debug_Time(1):    2.943 # [msec]
   Debug_Time(2):    1.802 # [msec]
   Debug_Time(3):    1.029 # [msec]
   Debug_Time(4):    0.925 # [msec]
-
   Version      : 1.6
   Ways         : 32
   Words        : 2
   Feedback     : 0
   WordBits     : 32
   IndexBits    : 32
   Sort Order   : 0
   Sign Compare : 0
   Max Size     : 268435455
   Debug Enable : 1
   size         : 410000
   average_time :    7.997 # [msec]
   throughput   :   51.269 # [mwords/sec]
   Debug_Time(0):    6.788 # [msec]
   Debug_Time(1):    2.992 # [msec]
   Debug_Time(2):    1.824 # [msec]
   Debug_Time(3):    1.039 # [msec]
   Debug_Time(4):    0.933 # [msec]
-
   Version      : 1.6
   Ways         : 32
   Words        : 2
   Feedback     : 0
   WordBits     : 32
   IndexBits    : 32
   Sort Order   : 0
   Sign Compare : 0
   Max Size     : 268435455
   Debug Enable : 1
   size         : 415000
   average_time :    8.104 # [msec]
   throughput   :   51.212 # [mwords/sec]
   Debug_Time(0):    6.882 # [msec]
   Debug_Time(1):    3.035 # [msec]
   Debug_Time(2):    1.845 # [msec]
   Debug_Time(3):    1.057 # [msec]
   Debug_Time(4):    0.945 # [msec]
-
   Version      : 1.6
   Ways         : 32
   Words        : 2
   Feedback     : 0
   WordBits     : 32
   IndexBits    : 32
   Sort Order   : 0
   Sign Compare : 0
   Max Size     : 268435455
   Debug Enable : 1
   size         : 420000
   average_time :    8.181 # [msec]
   throughput   :   51.341 # [mwords/sec]
   Debug_Time(0):    6.972 # [msec]
   Debug_Time(1):    3.080 # [msec]
   Debug_Time(2):    1.868 # [msec]
   Debug_Time(3):    1.066 # [msec]
   Debug_Time(4):    0.958 # [msec]
-
   Version      : 1.6
   Ways         : 32
   Words        : 2
   Feedback     : 0
   WordBits     : 32
   IndexBits    : 32
   Sort Order   : 0
   Sign Compare : 0
   Max Size     : 268435455
   Debug Enable : 1
   size         : 425000
   average_time :    8.272 # [msec]
   throughput   :   51.379 # [mwords/sec]
   Debug_Time(0):    7.045 # [msec]
   Debug_Time(1):    3.109 # [msec]
   Debug_Time(2):    1.888 # [msec]
   Debug_Time(3):    1.078 # [msec]
   Debug_Time(4):    0.970 # [msec]
-
   Version      : 1.6
   Ways         : 32
   Words        : 2
   Feedback     : 0
   WordBits     : 32
   IndexBits    : 32
   Sort Order   : 0
   Sign Compare : 0
   Max Size     : 268435455
   Debug Enable : 1
   size         : 430000
   average_time :    8.368 # [msec]
   throughput   :   51.388 # [mwords/sec]
   Debug_Time(0):    7.088 # [msec]
   Debug_Time(1):    3.097 # [msec]
   Debug_Time(2):    1.914 # [msec]
   Debug_Time(3):    1.098 # [msec]
   Debug_Time(4):    0.980 # [msec]
-
   Version      : 1.6
   Ways         : 32
   Words        : 2
   Feedback     : 0
   WordBits     : 32
   IndexBits    : 32
   Sort Order   : 0
   Sign Compare : 0
   Max Size     : 268435455
   Debug Enable : 1
   size         : 435000
   average_time :    8.450 # [msec]
   throughput   :   51.477 # [mwords/sec]
   Debug_Time(0):    7.252 # [msec]
   Debug_Time(1):    3.216 # [msec]
   Debug_Time(2):    1.932 # [msec]
   Debug_Time(3):    1.111 # [msec]
   Debug_Time(4):    0.993 # [msec]
-
   Version      : 1.6
   Ways         : 32
   Words        : 2
   Feedback     : 0
   WordBits     : 32
   IndexBits    : 32
   Sort Order   : 0
   Sign Compare : 0
   Max Size     : 268435455
   Debug Enable : 1
   size         : 440000
   average_time :    8.573 # [msec]
   throughput   :   51.324 # [mwords/sec]
   Debug_Time(0):    7.319 # [msec]
   Debug_Time(1):    3.244 # [msec]
   Debug_Time(2):    1.958 # [msec]
   Debug_Time(3):    1.129 # [msec]
   Debug_Time(4):    0.989 # [msec]
-
   Version      : 1.6
   Ways         : 32
   Words        : 2
   Feedback     : 0
   WordBits     : 32
   IndexBits    : 32
   Sort Order   : 0
   Sign Compare : 0
   Max Size     : 268435455
   Debug Enable : 1
   size         : 445000
   average_time :    8.648 # [msec]
   throughput   :   51.457 # [mwords/sec]
   Debug_Time(0):    7.406 # [msec]
   Debug_Time(1):    3.273 # [msec]
   Debug_Time(2):    1.978 # [msec]
   Debug_Time(3):    1.140 # [msec]
   Debug_Time(4):    1.015 # [msec]
-
   Version      : 1.6
   Ways         : 32
   Words        : 2
   Feedback     : 0
   WordBits     : 32
   IndexBits    : 32
   Sort Order   : 0
   Sign Compare : 0
   Max Size     : 268435455
   Debug Enable : 1
   size         : 450000
   average_time :    8.736 # [msec]
   throughput   :   51.511 # [mwords/sec]
   Debug_Time(0):    7.510 # [msec]
   Debug_Time(1):    3.338 # [msec]
   Debug_Time(2):    2.000 # [msec]
   Debug_Time(3):    1.150 # [msec]
   Debug_Time(4):    1.022 # [msec]
-
   Version      : 1.6
   Ways         : 32
   Words        : 2
   Feedback     : 0
   WordBits     : 32
   IndexBits    : 32
   Sort Order   : 0
   Sign Compare : 0
   Max Size     : 268435455
   Debug Enable : 1
   size         : 455000
   average_time :    8.833 # [msec]
   throughput   :   51.512 # [mwords/sec]
   Debug_Time(0):    7.585 # [msec]
   Debug_Time(1):    3.363 # [msec]
   Debug_Time(2):    2.023 # [msec]
   Debug_Time(3):    1.159 # [msec]
   Debug_Time(4):    1.040 # [msec]
-
   Version      : 1.6
   Ways         : 32
   Words        : 2
   Feedback     : 0
   WordBits     : 32
   IndexBits    : 32
   Sort Order   : 0
   Sign Compare : 0
   Max Size     : 268435455
   Debug Enable : 1
   size         : 460000
   average_time :    8.942 # [msec]
   throughput   :   51.443 # [mwords/sec]
   Debug_Time(0):    7.649 # [msec]
   Debug_Time(1):    3.380 # [msec]
   Debug_Time(2):    2.048 # [msec]
   Debug_Time(3):    1.172 # [msec]
   Debug_Time(4):    1.048 # [msec]
-
   Version      : 1.6
   Ways         : 32
   Words        : 2
   Feedback     : 0
   WordBits     : 32
   IndexBits    : 32
   Sort Order   : 0
   Sign Compare : 0
   Max Size     : 268435455
   Debug Enable : 1
   size         : 465000
   average_time :    9.023 # [msec]
   throughput   :   51.537 # [mwords/sec]
   Debug_Time(0):    7.713 # [msec]
   Debug_Time(1):    3.400 # [msec]
   Debug_Time(2):    2.068 # [msec]
   Debug_Time(3):    1.183 # [msec]
   Debug_Time(4):    1.062 # [msec]
-
   Version      : 1.6
   Ways         : 32
   Words        : 2
   Feedback     : 0
   WordBits     : 32
   IndexBits    : 32
   Sort Order   : 0
   Sign Compare : 0
   Max Size     : 268435455
   Debug Enable : 1
   size         : 470000
   average_time :    9.116 # [msec]
   throughput   :   51.559 # [mwords/sec]
   Debug_Time(0):    7.796 # [msec]
   Debug_Time(1):    3.440 # [msec]
   Debug_Time(2):    2.089 # [msec]
   Debug_Time(3):    1.193 # [msec]
   Debug_Time(4):    1.074 # [msec]
-
   Version      : 1.6
   Ways         : 32
   Words        : 2
   Feedback     : 0
   WordBits     : 32
   IndexBits    : 32
   Sort Order   : 0
   Sign Compare : 0
   Max Size     : 268435455
   Debug Enable : 1
   size         : 475000
   average_time :    9.288 # [msec]
   throughput   :   51.139 # [mwords/sec]
   Debug_Time(0):    7.893 # [msec]
   Debug_Time(1):    3.493 # [msec]
   Debug_Time(2):    2.112 # [msec]
   Debug_Time(3):    1.203 # [msec]
   Debug_Time(4):    1.086 # [msec]
-
   Version      : 1.6
   Ways         : 32
   Words        : 2
   Feedback     : 0
   WordBits     : 32
   IndexBits    : 32
   Sort Order   : 0
   Sign Compare : 0
   Max Size     : 268435455
   Debug Enable : 1
   size         : 480000
   average_time :    9.290 # [msec]
   throughput   :   51.671 # [mwords/sec]
   Debug_Time(0):    7.985 # [msec]
   Debug_Time(1):    3.534 # [msec]
   Debug_Time(2):    2.133 # [msec]
   Debug_Time(3):    1.216 # [msec]
   Debug_Time(4):    1.102 # [msec]
-
   Version      : 1.6
   Ways         : 32
   Words        : 2
   Feedback     : 0
   WordBits     : 32
   IndexBits    : 32
   Sort Order   : 0
   Sign Compare : 0
   Max Size     : 268435455
   Debug Enable : 1
   size         : 485000
   average_time :    9.411 # [msec]
   throughput   :   51.537 # [mwords/sec]
   Debug_Time(0):    8.069 # [msec]
   Debug_Time(1):    3.567 # [msec]
   Debug_Time(2):    2.156 # [msec]
   Debug_Time(3):    1.237 # [msec]
   Debug_Time(4):    1.109 # [msec]
-
   Version      : 1.6
   Ways         : 32
   Words        : 2
   Feedback     : 0
   WordBits     : 32
   IndexBits    : 32
   Sort Order   : 0
   Sign Compare : 0
   Max Size     : 268435455
   Debug Enable : 1
   size         : 490000
   average_time :    9.506 # [msec]
   throughput   :   51.549 # [mwords/sec]
   Debug_Time(0):    8.132 # [msec]
   Debug_Time(1):    3.590 # [msec]
   Debug_Time(2):    2.177 # [msec]
   Debug_Time(3):    1.244 # [msec]
   Debug_Time(4):    1.121 # [msec]
-
   Version      : 1.6
   Ways         : 32
   Words        : 2
   Feedback     : 0
   WordBits     : 32
   IndexBits    : 32
   Sort Order   : 0
   Sign Compare : 0
   Max Size     : 268435455
   Debug Enable : 1
   size         : 495000
   average_time :    9.589 # [msec]
   throughput   :   51.621 # [mwords/sec]
   Debug_Time(0):    8.224 # [msec]
   Debug_Time(1):    3.637 # [msec]
   Debug_Time(2):    2.200 # [msec]
   Debug_Time(3):    1.258 # [msec]
   Debug_Time(4):    1.130 # [msec]
-
   Version      : 1.6
   Ways         : 32
   Words        : 2
   Feedback     : 0
   WordBits     : 32
   IndexBits    : 32
   Sort Order   : 0
   Sign Compare : 0
   Max Size     : 268435455
   Debug Enable : 1
   size         : 500000
   average_time :    9.762 # [msec]
   throughput   :   51.221 # [mwords/sec]
   Debug_Time(0):    8.315 # [msec]
   Debug_Time(1):    3.665 # [msec]
   Debug_Time(2):    2.223 # [msec]
   Debug_Time(3):    1.275 # [msec]
   Debug_Time(4):    1.152 # [msec]
-
   Version      : 1.6
   Ways         : 32
   Words        : 2
   Feedback     : 0
   WordBits     : 32
   IndexBits    : 32
   Sort Order   : 0
   Sign Compare : 0
   Max Size     : 268435455
   Debug Enable : 1
   size         : 505000
   average_time :    9.846 # [msec]
   throughput   :   51.289 # [mwords/sec]
   Debug_Time(0):    8.368 # [msec]
   Debug_Time(1):    3.675 # [msec]
   Debug_Time(2):    2.245 # [msec]
   Debug_Time(3):    1.290 # [msec]
   Debug_Time(4):    1.158 # [msec]
-
   Version      : 1.6
   Ways         : 32
   Words        : 2
   Feedback     : 0
   WordBits     : 32
   IndexBits    : 32
   Sort Order   : 0
   Sign Compare : 0
   Max Size     : 268435455
   Debug Enable : 1
   size         : 510000
   average_time :    9.838 # [msec]
   throughput   :   51.838 # [mwords/sec]
   Debug_Time(0):    8.249 # [msec]
   Debug_Time(1):    3.511 # [msec]
   Debug_Time(2):    2.267 # [msec]
   Debug_Time(3):    1.297 # [msec]
   Debug_Time(4):    1.174 # [msec]
-
   Version      : 1.6
   Ways         : 32
   Words        : 2
   Feedback     : 0
   WordBits     : 32
   IndexBits    : 32
   Sort Order   : 0
   Sign Compare : 0
   Max Size     : 268435455
   Debug Enable : 1
   size         : 515000
   average_time :    9.950 # [msec]
   throughput   :   51.758 # [mwords/sec]
   Debug_Time(0):    8.452 # [msec]
   Debug_Time(1):    3.687 # [msec]
   Debug_Time(2):    2.287 # [msec]
   Debug_Time(3):    1.308 # [msec]
   Debug_Time(4):    1.170 # [msec]
-
   Version      : 1.6
   Ways         : 32
   Words        : 2
   Feedback     : 0
   WordBits     : 32
   IndexBits    : 32
   Sort Order   : 0
   Sign Compare : 0
   Max Size     : 268435455
   Debug Enable : 1
   size         : 520000
   average_time :   10.042 # [msec]
   throughput   :   51.781 # [mwords/sec]
   Debug_Time(0):    8.636 # [msec]
   Debug_Time(1):    3.814 # [msec]
   Debug_Time(2):    2.314 # [msec]
   Debug_Time(3):    1.320 # [msec]
   Debug_Time(4):    1.188 # [msec]
-
   Version      : 1.6
   Ways         : 32
   Words        : 2
   Feedback     : 0
   WordBits     : 32
   IndexBits    : 32
   Sort Order   : 0
   Sign Compare : 0
   Max Size     : 268435455
   Debug Enable : 1
   size         : 525000
   average_time :   10.242 # [msec]
   throughput   :   51.258 # [mwords/sec]
   Debug_Time(0):    8.713 # [msec]
   Debug_Time(1):    3.835 # [msec]
   Debug_Time(2):    2.332 # [msec]
   Debug_Time(3):    1.341 # [msec]
   Debug_Time(4):    1.206 # [msec]
-
   Version      : 1.6
   Ways         : 32
   Words        : 2
   Feedback     : 0
   WordBits     : 32
   IndexBits    : 32
   Sort Order   : 0
   Sign Compare : 0
   Max Size     : 268435455
   Debug Enable : 1
   size         : 530000
   average_time :   10.240 # [msec]
   throughput   :   51.760 # [mwords/sec]
   Debug_Time(0):    8.784 # [msec]
   Debug_Time(1):    3.862 # [msec]
   Debug_Time(2):    2.356 # [msec]
   Debug_Time(3):    1.351 # [msec]
   Debug_Time(4):    1.215 # [msec]
-
   Version      : 1.6
   Ways         : 32
   Words        : 2
   Feedback     : 0
   WordBits     : 32
   IndexBits    : 32
   Sort Order   : 0
   Sign Compare : 0
   Max Size     : 268435455
   Debug Enable : 1
   size         : 535000
   average_time :   10.325 # [msec]
   throughput   :   51.814 # [mwords/sec]
   Debug_Time(0):    8.869 # [msec]
   Debug_Time(1):    3.903 # [msec]
   Debug_Time(2):    2.381 # [msec]
   Debug_Time(3):    1.358 # [msec]
   Debug_Time(4):    1.226 # [msec]
-
   Version      : 1.6
   Ways         : 32
   Words        : 2
   Feedback     : 0
   WordBits     : 32
   IndexBits    : 32
   Sort Order   : 0
   Sign Compare : 0
   Max Size     : 268435455
   Debug Enable : 1
   size         : 540000
   average_time :   10.387 # [msec]
   throughput   :   51.986 # [mwords/sec]
   Debug_Time(0):    8.955 # [msec]
   Debug_Time(1):    3.934 # [msec]
   Debug_Time(2):    2.400 # [msec]
   Debug_Time(3):    1.369 # [msec]
   Debug_Time(4):    1.252 # [msec]
-
   Version      : 1.6
   Ways         : 32
   Words        : 2
   Feedback     : 0
   WordBits     : 32
   IndexBits    : 32
   Sort Order   : 0
   Sign Compare : 0
   Max Size     : 268435455
   Debug Enable : 1
   size         : 545000
   average_time :   10.494 # [msec]
   throughput   :   51.932 # [mwords/sec]
   Debug_Time(0):    9.053 # [msec]
   Debug_Time(1):    3.984 # [msec]
   Debug_Time(2):    2.422 # [msec]
   Debug_Time(3):    1.382 # [msec]
   Debug_Time(4):    1.264 # [msec]
-
   Version      : 1.6
   Ways         : 32
   Words        : 2
   Feedback     : 0
   WordBits     : 32
   IndexBits    : 32
   Sort Order   : 0
   Sign Compare : 0
   Max Size     : 268435455
   Debug Enable : 1
   size         : 550000
   average_time :   10.559 # [msec]
   throughput   :   52.086 # [mwords/sec]
   Debug_Time(0):    8.893 # [msec]
   Debug_Time(1):    3.795 # [msec]
   Debug_Time(2):    2.443 # [msec]
   Debug_Time(3):    1.395 # [msec]
   Debug_Time(4):    1.260 # [msec]
-
   Version      : 1.6
   Ways         : 32
   Words        : 2
   Feedback     : 0
   WordBits     : 32
   IndexBits    : 32
   Sort Order   : 0
   Sign Compare : 0
   Max Size     : 268435455
   Debug Enable : 1
   size         : 555000
   average_time :   10.712 # [msec]
   throughput   :   51.810 # [mwords/sec]
   Debug_Time(0):    9.178 # [msec]
   Debug_Time(1):    4.020 # [msec]
   Debug_Time(2):    2.467 # [msec]
   Debug_Time(3):    1.417 # [msec]
   Debug_Time(4):    1.274 # [msec]
-
   Version      : 1.6
   Ways         : 32
   Words        : 2
   Feedback     : 0
   WordBits     : 32
   IndexBits    : 32
   Sort Order   : 0
   Sign Compare : 0
   Max Size     : 268435455
   Debug Enable : 1
   size         : 560000
   average_time :   10.790 # [msec]
   throughput   :   51.901 # [mwords/sec]
   Debug_Time(0):    9.235 # [msec]
   Debug_Time(1):    4.024 # [msec]
   Debug_Time(2):    2.492 # [msec]
   Debug_Time(3):    1.427 # [msec]
   Debug_Time(4):    1.292 # [msec]
-
   Version      : 1.6
   Ways         : 32
   Words        : 2
   Feedback     : 0
   WordBits     : 32
   IndexBits    : 32
   Sort Order   : 0
   Sign Compare : 0
   Max Size     : 268435455
   Debug Enable : 1
   size         : 565000
   average_time :   10.870 # [msec]
   throughput   :   51.979 # [mwords/sec]
   Debug_Time(0):    9.355 # [msec]
   Debug_Time(1):    4.102 # [msec]
   Debug_Time(2):    2.512 # [msec]
   Debug_Time(3):    1.444 # [msec]
   Debug_Time(4):    1.298 # [msec]
-
   Version      : 1.6
   Ways         : 32
   Words        : 2
   Feedback     : 0
   WordBits     : 32
   IndexBits    : 32
   Sort Order   : 0
   Sign Compare : 0
   Max Size     : 268435455
   Debug Enable : 1
   size         : 570000
   average_time :   10.998 # [msec]
   throughput   :   51.828 # [mwords/sec]
   Debug_Time(0):    9.377 # [msec]
   Debug_Time(1):    4.077 # [msec]
   Debug_Time(2):    2.532 # [msec]
   Debug_Time(3):    1.455 # [msec]
   Debug_Time(4):    1.312 # [msec]
-
   Version      : 1.6
   Ways         : 32
   Words        : 2
   Feedback     : 0
   WordBits     : 32
   IndexBits    : 32
   Sort Order   : 0
   Sign Compare : 0
   Max Size     : 268435455
   Debug Enable : 1
   size         : 575000
   average_time :   11.052 # [msec]
   throughput   :   52.028 # [mwords/sec]
   Debug_Time(0):    9.414 # [msec]
   Debug_Time(1):    4.069 # [msec]
   Debug_Time(2):    2.555 # [msec]
   Debug_Time(3):    1.468 # [msec]
   Debug_Time(4):    1.322 # [msec]
-
   Version      : 1.6
   Ways         : 32
   Words        : 2
   Feedback     : 0
   WordBits     : 32
   IndexBits    : 32
   Sort Order   : 0
   Sign Compare : 0
   Max Size     : 268435455
   Debug Enable : 1
   size         : 580000
   average_time :   11.175 # [msec]
   throughput   :   51.901 # [mwords/sec]
   Debug_Time(0):    9.586 # [msec]
   Debug_Time(1):    4.195 # [msec]
   Debug_Time(2):    2.577 # [msec]
   Debug_Time(3):    1.480 # [msec]
   Debug_Time(4):    1.334 # [msec]
-
   Version      : 1.6
   Ways         : 32
   Words        : 2
   Feedback     : 0
   WordBits     : 32
   IndexBits    : 32
   Sort Order   : 0
   Sign Compare : 0
   Max Size     : 268435455
   Debug Enable : 1
   size         : 585000
   average_time :   11.254 # [msec]
   throughput   :   51.984 # [mwords/sec]
   Debug_Time(0):    9.612 # [msec]
   Debug_Time(1):    4.171 # [msec]
   Debug_Time(2):    2.600 # [msec]
   Debug_Time(3):    1.494 # [msec]
   Debug_Time(4):    1.348 # [msec]
-
   Version      : 1.6
   Ways         : 32
   Words        : 2
   Feedback     : 0
   WordBits     : 32
   IndexBits    : 32
   Sort Order   : 0
   Sign Compare : 0
   Max Size     : 268435455
   Debug Enable : 1
   size         : 590000
   average_time :   11.347 # [msec]
   throughput   :   51.995 # [mwords/sec]
   Debug_Time(0):    9.741 # [msec]
   Debug_Time(1):    4.257 # [msec]
   Debug_Time(2):    2.622 # [msec]
   Debug_Time(3):    1.502 # [msec]
   Debug_Time(4):    1.361 # [msec]
-
   Version      : 1.6
   Ways         : 32
   Words        : 2
   Feedback     : 0
   WordBits     : 32
   IndexBits    : 32
   Sort Order   : 0
   Sign Compare : 0
   Max Size     : 268435455
   Debug Enable : 1
   size         : 595000
   average_time :   11.424 # [msec]
   throughput   :   52.081 # [mwords/sec]
   Debug_Time(0):    9.811 # [msec]
   Debug_Time(1):    4.285 # [msec]
   Debug_Time(2):    2.643 # [msec]
   Debug_Time(3):    1.513 # [msec]
   Debug_Time(4):    1.370 # [msec]
-
   Version      : 1.6
   Ways         : 32
   Words        : 2
   Feedback     : 0
   WordBits     : 32
   IndexBits    : 32
   Sort Order   : 0
   Sign Compare : 0
   Max Size     : 268435455
   Debug Enable : 1
   size         : 600000
   average_time :   11.562 # [msec]
   throughput   :   51.893 # [mwords/sec]
   Debug_Time(0):    9.906 # [msec]
   Debug_Time(1):    4.344 # [msec]
   Debug_Time(2):    2.667 # [msec]
   Debug_Time(3):    1.528 # [msec]
   Debug_Time(4):    1.368 # [msec]
-
   Version      : 1.6
   Ways         : 32
   Words        : 2
   Feedback     : 0
   WordBits     : 32
   IndexBits    : 32
   Sort Order   : 0
   Sign Compare : 0
   Max Size     : 268435455
   Debug Enable : 1
   size         : 605000
   average_time :   11.611 # [msec]
   throughput   :   52.104 # [mwords/sec]
   Debug_Time(0):    9.964 # [msec]
   Debug_Time(1):    4.360 # [msec]
   Debug_Time(2):    2.687 # [msec]
   Debug_Time(3):    1.536 # [msec]
   Debug_Time(4):    1.381 # [msec]
-
   Version      : 1.6
   Ways         : 32
   Words        : 2
   Feedback     : 0
   WordBits     : 32
   IndexBits    : 32
   Sort Order   : 0
   Sign Compare : 0
   Max Size     : 268435455
   Debug Enable : 1
   size         : 610000
   average_time :   11.713 # [msec]
   throughput   :   52.081 # [mwords/sec]
   Debug_Time(0):   10.016 # [msec]
   Debug_Time(1):    4.374 # [msec]
   Debug_Time(2):    2.711 # [msec]
   Debug_Time(3):    1.549 # [msec]
   Debug_Time(4):    1.382 # [msec]
-
   Version      : 1.6
   Ways         : 32
   Words        : 2
   Feedback     : 0
   WordBits     : 32
   IndexBits    : 32
   Sort Order   : 0
   Sign Compare : 0
   Max Size     : 268435455
   Debug Enable : 1
   size         : 615000
   average_time :   11.835 # [msec]
   throughput   :   51.967 # [mwords/sec]
   Debug_Time(0):   10.161 # [msec]
   Debug_Time(1):    4.462 # [msec]
   Debug_Time(2):    2.745 # [msec]
   Debug_Time(3):    1.560 # [msec]
   Debug_Time(4):    1.395 # [msec]
-
   Version      : 1.6
   Ways         : 32
   Words        : 2
   Feedback     : 0
   WordBits     : 32
   IndexBits    : 32
   Sort Order   : 0
   Sign Compare : 0
   Max Size     : 268435455
   Debug Enable : 1
   size         : 620000
   average_time :   11.912 # [msec]
   throughput   :   52.047 # [mwords/sec]
   Debug_Time(0):   10.232 # [msec]
   Debug_Time(1):    4.452 # [msec]
   Debug_Time(2):    2.801 # [msec]
   Debug_Time(3):    1.575 # [msec]
   Debug_Time(4):    1.404 # [msec]
-
   Version      : 1.6
   Ways         : 32
   Words        : 2
   Feedback     : 0
   WordBits     : 32
   IndexBits    : 32
   Sort Order   : 0
   Sign Compare : 0
   Max Size     : 268435455
   Debug Enable : 1
   size         : 625000
   average_time :   12.032 # [msec]
   throughput   :   51.943 # [mwords/sec]
   Debug_Time(0):   10.370 # [msec]
   Debug_Time(1):    4.506 # [msec]
   Debug_Time(2):    2.837 # [msec]
   Debug_Time(3):    1.599 # [msec]
   Debug_Time(4):    1.428 # [msec]
-
   Version      : 1.6
   Ways         : 32
   Words        : 2
   Feedback     : 0
   WordBits     : 32
   IndexBits    : 32
   Sort Order   : 0
   Sign Compare : 0
   Max Size     : 268435455
   Debug Enable : 1
   size         : 630000
   average_time :   12.115 # [msec]
   throughput   :   52.001 # [mwords/sec]
   Debug_Time(0):   10.415 # [msec]
   Debug_Time(1):    4.508 # [msec]
   Debug_Time(2):    2.856 # [msec]
   Debug_Time(3):    1.610 # [msec]
   Debug_Time(4):    1.440 # [msec]
-
   Version      : 1.6
   Ways         : 32
   Words        : 2
   Feedback     : 0
   WordBits     : 32
   IndexBits    : 32
   Sort Order   : 0
   Sign Compare : 0
   Max Size     : 268435455
   Debug Enable : 1
   size         : 635000
   average_time :   12.201 # [msec]
   throughput   :   52.046 # [mwords/sec]
   Debug_Time(0):   10.572 # [msec]
   Debug_Time(1):    4.655 # [msec]
   Debug_Time(2):    2.832 # [msec]
   Debug_Time(3):    1.627 # [msec]
   Debug_Time(4):    1.458 # [msec]
-
   Version      : 1.6
   Ways         : 32
   Words        : 2
   Feedback     : 0
   WordBits     : 32
   IndexBits    : 32
   Sort Order   : 0
   Sign Compare : 0
   Max Size     : 268435455
   Debug Enable : 1
   size         : 640000
   average_time :   12.322 # [msec]
   throughput   :   51.941 # [mwords/sec]
   Debug_Time(0):   10.630 # [msec]
   Debug_Time(1):    4.655 # [msec]
   Debug_Time(2):    2.885 # [msec]
   Debug_Time(3):    1.633 # [msec]
   Debug_Time(4):    1.455 # [msec]
-
   Version      : 1.6
   Ways         : 32
   Words        : 2
   Feedback     : 0
   WordBits     : 32
   IndexBits    : 32
   Sort Order   : 0
   Sign Compare : 0
   Max Size     : 268435455
   Debug Enable : 1
   size         : 645000
   average_time :   12.357 # [msec]
   throughput   :   52.198 # [mwords/sec]
   Debug_Time(0):   10.657 # [msec]
   Debug_Time(1):    4.683 # [msec]
   Debug_Time(2):    2.869 # [msec]
   Debug_Time(3):    1.639 # [msec]
   Debug_Time(4):    1.466 # [msec]
-
   Version      : 1.6
   Ways         : 32
   Words        : 2
   Feedback     : 0
   WordBits     : 32
   IndexBits    : 32
   Sort Order   : 0
   Sign Compare : 0
   Max Size     : 268435455
   Debug Enable : 1
   size         : 650000
   average_time :   12.433 # [msec]
   throughput   :   52.282 # [mwords/sec]
   Debug_Time(0):   10.732 # [msec]
   Debug_Time(1):    4.709 # [msec]
   Debug_Time(2):    2.888 # [msec]
   Debug_Time(3):    1.657 # [msec]
   Debug_Time(4):    1.477 # [msec]
-
   Version      : 1.6
   Ways         : 32
   Words        : 2
   Feedback     : 0
   WordBits     : 32
   IndexBits    : 32
   Sort Order   : 0
   Sign Compare : 0
   Max Size     : 268435455
   Debug Enable : 1
   size         : 655000
   average_time :   12.526 # [msec]
   throughput   :   52.292 # [mwords/sec]
   Debug_Time(0):   10.762 # [msec]
   Debug_Time(1):    4.689 # [msec]
   Debug_Time(2):    2.918 # [msec]
   Debug_Time(3):    1.668 # [msec]
   Debug_Time(4):    1.488 # [msec]
-
   Version      : 1.6
   Ways         : 32
   Words        : 2
   Feedback     : 0
   WordBits     : 32
   IndexBits    : 32
   Sort Order   : 0
   Sign Compare : 0
   Max Size     : 268435455
   Debug Enable : 1
   size         : 660000
   average_time :   12.627 # [msec]
   throughput   :   52.269 # [mwords/sec]
   Debug_Time(0):   10.781 # [msec]
   Debug_Time(1):    4.663 # [msec]
   Debug_Time(2):    2.942 # [msec]
   Debug_Time(3):    1.678 # [msec]
   Debug_Time(4):    1.498 # [msec]
-
   Version      : 1.6
   Ways         : 32
   Words        : 2
   Feedback     : 0
   WordBits     : 32
   IndexBits    : 32
   Sort Order   : 0
   Sign Compare : 0
   Max Size     : 268435455
   Debug Enable : 1
   size         : 665000
   average_time :   12.749 # [msec]
   throughput   :   52.160 # [mwords/sec]
   Debug_Time(0):   10.899 # [msec]
   Debug_Time(1):    4.734 # [msec]
   Debug_Time(2):    2.955 # [msec]
   Debug_Time(3):    1.688 # [msec]
   Debug_Time(4):    1.521 # [msec]
-
   Version      : 1.6
   Ways         : 32
   Words        : 2
   Feedback     : 0
   WordBits     : 32
   IndexBits    : 32
   Sort Order   : 0
   Sign Compare : 0
   Max Size     : 268435455
   Debug Enable : 1
   size         : 670000
   average_time :   12.827 # [msec]
   throughput   :   52.235 # [mwords/sec]
   Debug_Time(0):   10.978 # [msec]
   Debug_Time(1):    4.760 # [msec]
   Debug_Time(2):    2.980 # [msec]
   Debug_Time(3):    1.707 # [msec]
   Debug_Time(4):    1.531 # [msec]
-
   Version      : 1.6
   Ways         : 32
   Words        : 2
   Feedback     : 0
   WordBits     : 32
   IndexBits    : 32
   Sort Order   : 0
   Sign Compare : 0
   Max Size     : 268435455
   Debug Enable : 1
   size         : 675000
   average_time :   12.920 # [msec]
   throughput   :   52.245 # [mwords/sec]
   Debug_Time(0):   11.053 # [msec]
   Debug_Time(1):    4.794 # [msec]
   Debug_Time(2):    3.005 # [msec]
   Debug_Time(3):    1.715 # [msec]
   Debug_Time(4):    1.539 # [msec]
-
   Version      : 1.6
   Ways         : 32
   Words        : 2
   Feedback     : 0
   WordBits     : 32
   IndexBits    : 32
   Sort Order   : 0
   Sign Compare : 0
   Max Size     : 268435455
   Debug Enable : 1
   size         : 680000
   average_time :   12.994 # [msec]
   throughput   :   52.333 # [mwords/sec]
   Debug_Time(0):   11.131 # [msec]
   Debug_Time(1):    4.830 # [msec]
   Debug_Time(2):    3.027 # [msec]
   Debug_Time(3):    1.725 # [msec]
   Debug_Time(4):    1.550 # [msec]
-
   Version      : 1.6
   Ways         : 32
   Words        : 2
   Feedback     : 0
   WordBits     : 32
   IndexBits    : 32
   Sort Order   : 0
   Sign Compare : 0
   Max Size     : 268435455
   Debug Enable : 1
   size         : 685000
   average_time :   13.090 # [msec]
   throughput   :   52.328 # [mwords/sec]
   Debug_Time(0):   11.216 # [msec]
   Debug_Time(1):    4.867 # [msec]
   Debug_Time(2):    3.047 # [msec]
   Debug_Time(3):    1.739 # [msec]
   Debug_Time(4):    1.562 # [msec]
-
   Version      : 1.6
   Ways         : 32
   Words        : 2
   Feedback     : 0
   WordBits     : 32
   IndexBits    : 32
   Sort Order   : 0
   Sign Compare : 0
   Max Size     : 268435455
   Debug Enable : 1
   size         : 690000
   average_time :   13.205 # [msec]
   throughput   :   52.254 # [mwords/sec]
   Debug_Time(0):   11.352 # [msec]
   Debug_Time(1):    4.929 # [msec]
   Debug_Time(2):    3.086 # [msec]
   Debug_Time(3):    1.757 # [msec]
   Debug_Time(4):    1.580 # [msec]
-
   Version      : 1.6
   Ways         : 32
   Words        : 2
   Feedback     : 0
   WordBits     : 32
   IndexBits    : 32
   Sort Order   : 0
   Sign Compare : 0
   Max Size     : 268435455
   Debug Enable : 1
   size         : 695000
   average_time :   13.313 # [msec]
   throughput   :   52.205 # [mwords/sec]
   Debug_Time(0):   11.534 # [msec]
   Debug_Time(1):    4.908 # [msec]
   Debug_Time(2):    3.265 # [msec]
   Debug_Time(3):    1.770 # [msec]
   Debug_Time(4):    1.591 # [msec]
-
   Version      : 1.6
   Ways         : 32
   Words        : 2
   Feedback     : 0
   WordBits     : 32
   IndexBits    : 32
   Sort Order   : 0
   Sign Compare : 0
   Max Size     : 268435455
   Debug Enable : 1
   size         : 700000
   average_time :   13.384 # [msec]
   throughput   :   52.303 # [mwords/sec]
   Debug_Time(0):   11.504 # [msec]
   Debug_Time(1):    4.952 # [msec]
   Debug_Time(2):    3.163 # [msec]
   Debug_Time(3):    1.789 # [msec]
   Debug_Time(4):    1.600 # [msec]
-
   Version      : 1.6
   Ways         : 32
   Words        : 2
   Feedback     : 0
   WordBits     : 32
   IndexBits    : 32
   Sort Order   : 0
   Sign Compare : 0
   Max Size     : 268435455
   Debug Enable : 1
   size         : 705000
   average_time :   13.494 # [msec]
   throughput   :   52.247 # [mwords/sec]
   Debug_Time(0):   11.680 # [msec]
   Debug_Time(1):    5.043 # [msec]
   Debug_Time(2):    3.226 # [msec]
   Debug_Time(3):    1.799 # [msec]
   Debug_Time(4):    1.613 # [msec]
-
   Version      : 1.6
   Ways         : 32
   Words        : 2
   Feedback     : 0
   WordBits     : 32
   IndexBits    : 32
   Sort Order   : 0
   Sign Compare : 0
   Max Size     : 268435455
   Debug Enable : 1
   size         : 710000
   average_time :   13.570 # [msec]
   throughput   :   52.322 # [mwords/sec]
   Debug_Time(0):   11.742 # [msec]
   Debug_Time(1):    5.058 # [msec]
   Debug_Time(2):    3.245 # [msec]
   Debug_Time(3):    1.814 # [msec]
   Debug_Time(4):    1.624 # [msec]
-
   Version      : 1.6
   Ways         : 32
   Words        : 2
   Feedback     : 0
   WordBits     : 32
   IndexBits    : 32
   Sort Order   : 0
   Sign Compare : 0
   Max Size     : 268435455
   Debug Enable : 1
   size         : 715000
   average_time :   13.672 # [msec]
   throughput   :   52.298 # [mwords/sec]
   Debug_Time(0):   11.852 # [msec]
   Debug_Time(1):    5.128 # [msec]
   Debug_Time(2):    3.276 # [msec]
   Debug_Time(3):    1.820 # [msec]
   Debug_Time(4):    1.628 # [msec]
-
   Version      : 1.6
   Ways         : 32
   Words        : 2
   Feedback     : 0
   WordBits     : 32
   IndexBits    : 32
   Sort Order   : 0
   Sign Compare : 0
   Max Size     : 268435455
   Debug Enable : 1
   size         : 720000
   average_time :   13.732 # [msec]
   throughput   :   52.434 # [mwords/sec]
   Debug_Time(0):   11.933 # [msec]
   Debug_Time(1):    5.178 # [msec]
   Debug_Time(2):    3.299 # [msec]
   Debug_Time(3):    1.836 # [msec]
   Debug_Time(4):    1.620 # [msec]
-
   Version      : 1.6
   Ways         : 32
   Words        : 2
   Feedback     : 0
   WordBits     : 32
   IndexBits    : 32
   Sort Order   : 0
   Sign Compare : 0
   Max Size     : 268435455
   Debug Enable : 1
   size         : 725000
   average_time :   13.851 # [msec]
   throughput   :   52.344 # [mwords/sec]
   Debug_Time(0):   12.137 # [msec]
   Debug_Time(1):    5.297 # [msec]
   Debug_Time(2):    3.311 # [msec]
   Debug_Time(3):    1.841 # [msec]
   Debug_Time(4):    1.687 # [msec]
-
   Version      : 1.6
   Ways         : 32
   Words        : 2
   Feedback     : 0
   WordBits     : 32
   IndexBits    : 32
   Sort Order   : 0
   Sign Compare : 0
   Max Size     : 268435455
   Debug Enable : 1
   size         : 730000
   average_time :   13.949 # [msec]
   throughput   :   52.334 # [mwords/sec]
   Debug_Time(0):   12.270 # [msec]
   Debug_Time(1):    5.404 # [msec]
   Debug_Time(2):    3.313 # [msec]
   Debug_Time(3):    1.856 # [msec]
   Debug_Time(4):    1.698 # [msec]
-
   Version      : 1.6
   Ways         : 32
   Words        : 2
   Feedback     : 0
   WordBits     : 32
   IndexBits    : 32
   Sort Order   : 0
   Sign Compare : 0
   Max Size     : 268435455
   Debug Enable : 1
   size         : 735000
   average_time :   14.020 # [msec]
   throughput   :   52.424 # [mwords/sec]
   Debug_Time(0):   12.301 # [msec]
   Debug_Time(1):    5.381 # [msec]
   Debug_Time(2):    3.347 # [msec]
   Debug_Time(3):    1.861 # [msec]
   Debug_Time(4):    1.712 # [msec]
-
   Version      : 1.6
   Ways         : 32
   Words        : 2
   Feedback     : 0
   WordBits     : 32
   IndexBits    : 32
   Sort Order   : 0
   Sign Compare : 0
   Max Size     : 268435455
   Debug Enable : 1
   size         : 740000
   average_time :   14.115 # [msec]
   throughput   :   52.425 # [mwords/sec]
   Debug_Time(0):   12.418 # [msec]
   Debug_Time(1):    5.470 # [msec]
   Debug_Time(2):    3.346 # [msec]
   Debug_Time(3):    1.881 # [msec]
   Debug_Time(4):    1.720 # [msec]
-
   Version      : 1.6
   Ways         : 32
   Words        : 2
   Feedback     : 0
   WordBits     : 32
   IndexBits    : 32
   Sort Order   : 0
   Sign Compare : 0
   Max Size     : 268435455
   Debug Enable : 1
   size         : 745000
   average_time :   14.212 # [msec]
   throughput   :   52.422 # [mwords/sec]
   Debug_Time(0):   12.443 # [msec]
   Debug_Time(1):    5.470 # [msec]
   Debug_Time(2):    3.348 # [msec]
   Debug_Time(3):    1.892 # [msec]
   Debug_Time(4):    1.732 # [msec]
-
   Version      : 1.6
   Ways         : 32
   Words        : 2
   Feedback     : 0
   WordBits     : 32
   IndexBits    : 32
   Sort Order   : 0
   Sign Compare : 0
   Max Size     : 268435455
   Debug Enable : 1
   size         : 750000
   average_time :   14.268 # [msec]
   throughput   :   52.565 # [mwords/sec]
   Debug_Time(0):   12.449 # [msec]
   Debug_Time(1):    5.445 # [msec]
   Debug_Time(2):    3.364 # [msec]
   Debug_Time(3):    1.898 # [msec]
   Debug_Time(4):    1.742 # [msec]
-
   Version      : 1.6
   Ways         : 32
   Words        : 2
   Feedback     : 0
   WordBits     : 32
   IndexBits    : 32
   Sort Order   : 0
   Sign Compare : 0
   Max Size     : 268435455
   Debug Enable : 1
   size         : 755000
   average_time :   14.379 # [msec]
   throughput   :   52.507 # [mwords/sec]
   Debug_Time(0):   12.519 # [msec]
   Debug_Time(1):    5.475 # [msec]
   Debug_Time(2):    3.370 # [msec]
   Debug_Time(3):    1.915 # [msec]
   Debug_Time(4):    1.759 # [msec]
-
   Version      : 1.6
   Ways         : 32
   Words        : 2
   Feedback     : 0
   WordBits     : 32
   IndexBits    : 32
   Sort Order   : 0
   Sign Compare : 0
   Max Size     : 268435455
   Debug Enable : 1
   size         : 760000
   average_time :   14.474 # [msec]
   throughput   :   52.510 # [mwords/sec]
   Debug_Time(0):   12.564 # [msec]
   Debug_Time(1):    5.483 # [msec]
   Debug_Time(2):    3.376 # [msec]
   Debug_Time(3):    1.934 # [msec]
   Debug_Time(4):    1.771 # [msec]
-
   Version      : 1.6
   Ways         : 32
   Words        : 2
   Feedback     : 0
   WordBits     : 32
   IndexBits    : 32
   Sort Order   : 0
   Sign Compare : 0
   Max Size     : 268435455
   Debug Enable : 1
   size         : 765000
   average_time :   14.550 # [msec]
   throughput   :   52.577 # [mwords/sec]
   Debug_Time(0):   12.609 # [msec]
   Debug_Time(1):    5.486 # [msec]
   Debug_Time(2):    3.397 # [msec]
   Debug_Time(3):    1.953 # [msec]
   Debug_Time(4):    1.773 # [msec]
-
   Version      : 1.6
   Ways         : 32
   Words        : 2
   Feedback     : 0
   WordBits     : 32
   IndexBits    : 32
   Sort Order   : 0
   Sign Compare : 0
   Max Size     : 268435455
   Debug Enable : 1
   size         : 770000
   average_time :   14.671 # [msec]
   throughput   :   52.483 # [mwords/sec]
   Debug_Time(0):   12.643 # [msec]
   Debug_Time(1):    5.474 # [msec]
   Debug_Time(2):    3.421 # [msec]
   Debug_Time(3):    1.961 # [msec]
   Debug_Time(4):    1.787 # [msec]
-
   Version      : 1.6
   Ways         : 32
   Words        : 2
   Feedback     : 0
   WordBits     : 32
   IndexBits    : 32
   Sort Order   : 0
   Sign Compare : 0
   Max Size     : 268435455
   Debug Enable : 1
   size         : 775000
   average_time :   14.752 # [msec]
   throughput   :   52.534 # [mwords/sec]
   Debug_Time(0):   12.707 # [msec]
   Debug_Time(1):    5.494 # [msec]
   Debug_Time(2):    3.441 # [msec]
   Debug_Time(3):    1.976 # [msec]
   Debug_Time(4):    1.796 # [msec]
-
   Version      : 1.6
   Ways         : 32
   Words        : 2
   Feedback     : 0
   WordBits     : 32
   IndexBits    : 32
   Sort Order   : 0
   Sign Compare : 0
   Max Size     : 268435455
   Debug Enable : 1
   size         : 780000
   average_time :   14.855 # [msec]
   throughput   :   52.509 # [mwords/sec]
   Debug_Time(0):   12.795 # [msec]
   Debug_Time(1):    5.539 # [msec]
   Debug_Time(2):    3.465 # [msec]
   Debug_Time(3):    1.983 # [msec]
   Debug_Time(4):    1.808 # [msec]
-
   Version      : 1.6
   Ways         : 32
   Words        : 2
   Feedback     : 0
   WordBits     : 32
   IndexBits    : 32
   Sort Order   : 0
   Sign Compare : 0
   Max Size     : 268435455
   Debug Enable : 1
   size         : 785000
   average_time :   14.932 # [msec]
   throughput   :   52.572 # [mwords/sec]
   Debug_Time(0):   12.871 # [msec]
   Debug_Time(1):    5.566 # [msec]
   Debug_Time(2):    3.486 # [msec]
   Debug_Time(3):    1.999 # [msec]
   Debug_Time(4):    1.820 # [msec]
-
   Version      : 1.6
   Ways         : 32
   Words        : 2
   Feedback     : 0
   WordBits     : 32
   IndexBits    : 32
   Sort Order   : 0
   Sign Compare : 0
   Max Size     : 268435455
   Debug Enable : 1
   size         : 790000
   average_time :   15.031 # [msec]
   throughput   :   52.557 # [mwords/sec]
   Debug_Time(0):   12.877 # [msec]
   Debug_Time(1):    5.520 # [msec]
   Debug_Time(2):    3.509 # [msec]
   Debug_Time(3):    2.009 # [msec]
   Debug_Time(4):    1.840 # [msec]
-
   Version      : 1.6
   Ways         : 32
   Words        : 2
   Feedback     : 0
   WordBits     : 32
   IndexBits    : 32
   Sort Order   : 0
   Sign Compare : 0
   Max Size     : 268435455
   Debug Enable : 1
   size         : 795000
   average_time :   15.152 # [msec]
   throughput   :   52.470 # [mwords/sec]
   Debug_Time(0):   13.157 # [msec]
   Debug_Time(1):    5.725 # [msec]
   Debug_Time(2):    3.555 # [msec]
   Debug_Time(3):    2.023 # [msec]
   Debug_Time(4):    1.854 # [msec]
-
   Version      : 1.6
   Ways         : 32
   Words        : 2
   Feedback     : 0
   WordBits     : 32
   IndexBits    : 32
   Sort Order   : 0
   Sign Compare : 0
   Max Size     : 268435455
   Debug Enable : 1
   size         : 800000
   average_time :   15.172 # [msec]
   throughput   :   52.730 # [mwords/sec]
   Debug_Time(0):   13.059 # [msec]
   Debug_Time(1):    5.618 # [msec]
   Debug_Time(2):    3.552 # [msec]
   Debug_Time(3):    2.027 # [msec]
   Debug_Time(4):    1.862 # [msec]
-
   Version      : 1.6
   Ways         : 32
   Words        : 2
   Feedback     : 0
   WordBits     : 32
   IndexBits    : 32
   Sort Order   : 0
   Sign Compare : 0
   Max Size     : 268435455
   Debug Enable : 1
   size         : 805000
   average_time :   15.313 # [msec]
   throughput   :   52.571 # [mwords/sec]
   Debug_Time(0):   13.159 # [msec]
   Debug_Time(1):    5.675 # [msec]
   Debug_Time(2):    3.576 # [msec]
   Debug_Time(3):    2.046 # [msec]
   Debug_Time(4):    1.863 # [msec]
-
   Version      : 1.6
   Ways         : 32
   Words        : 2
   Feedback     : 0
   WordBits     : 32
   IndexBits    : 32
   Sort Order   : 0
   Sign Compare : 0
   Max Size     : 268435455
   Debug Enable : 1
   size         : 810000
   average_time :   15.435 # [msec]
   throughput   :   52.479 # [mwords/sec]
   Debug_Time(0):   13.237 # [msec]
   Debug_Time(1):    5.712 # [msec]
   Debug_Time(2):    3.596 # [msec]
   Debug_Time(3):    2.053 # [msec]
   Debug_Time(4):    1.875 # [msec]
-
   Version      : 1.6
   Ways         : 32
   Words        : 2
   Feedback     : 0
   WordBits     : 32
   IndexBits    : 32
   Sort Order   : 0
   Sign Compare : 0
   Max Size     : 268435455
   Debug Enable : 1
   size         : 815000
   average_time :   15.478 # [msec]
   throughput   :   52.657 # [mwords/sec]
   Debug_Time(0):   13.352 # [msec]
   Debug_Time(1):    5.767 # [msec]
   Debug_Time(2):    3.621 # [msec]
   Debug_Time(3):    2.071 # [msec]
   Debug_Time(4):    1.894 # [msec]
-
   Version      : 1.6
   Ways         : 32
   Words        : 2
   Feedback     : 0
   WordBits     : 32
   IndexBits    : 32
   Sort Order   : 0
   Sign Compare : 0
   Max Size     : 268435455
   Debug Enable : 1
   size         : 820000
   average_time :   15.593 # [msec]
   throughput   :   52.589 # [mwords/sec]
   Debug_Time(0):   13.390 # [msec]
   Debug_Time(1):    5.770 # [msec]
   Debug_Time(2):    3.641 # [msec]
   Debug_Time(3):    2.082 # [msec]
   Debug_Time(4):    1.897 # [msec]
-
   Version      : 1.6
   Ways         : 32
   Words        : 2
   Feedback     : 0
   WordBits     : 32
   IndexBits    : 32
   Sort Order   : 0
   Sign Compare : 0
   Max Size     : 268435455
   Debug Enable : 1
   size         : 825000
   average_time :   15.695 # [msec]
   throughput   :   52.566 # [mwords/sec]
   Debug_Time(0):   13.605 # [msec]
   Debug_Time(1):    5.919 # [msec]
   Debug_Time(2):    3.668 # [msec]
   Debug_Time(3):    2.096 # [msec]
   Debug_Time(4):    1.922 # [msec]
-
   Version      : 1.6
   Ways         : 32
   Words        : 2
   Feedback     : 0
   WordBits     : 32
   IndexBits    : 32
   Sort Order   : 0
   Sign Compare : 0
   Max Size     : 268435455
   Debug Enable : 1
   size         : 830000
   average_time :   15.824 # [msec]
   throughput   :   52.453 # [mwords/sec]
   Debug_Time(0):   13.573 # [msec]
   Debug_Time(1):    5.857 # [msec]
   Debug_Time(2):    3.685 # [msec]
   Debug_Time(3):    2.110 # [msec]
   Debug_Time(4):    1.921 # [msec]
-
   Version      : 1.6
   Ways         : 32
   Words        : 2
   Feedback     : 0
   WordBits     : 32
   IndexBits    : 32
   Sort Order   : 0
   Sign Compare : 0
   Max Size     : 268435455
   Debug Enable : 1
   size         : 835000
   average_time :   15.891 # [msec]
   throughput   :   52.545 # [mwords/sec]
   Debug_Time(0):   13.682 # [msec]
   Debug_Time(1):    5.918 # [msec]
   Debug_Time(2):    3.709 # [msec]
   Debug_Time(3):    2.123 # [msec]
   Debug_Time(4):    1.933 # [msec]
-
   Version      : 1.6
   Ways         : 32
   Words        : 2
   Feedback     : 0
   WordBits     : 32
   IndexBits    : 32
   Sort Order   : 0
   Sign Compare : 0
   Max Size     : 268435455
   Debug Enable : 1
   size         : 840000
   average_time :   15.968 # [msec]
   throughput   :   52.606 # [mwords/sec]
   Debug_Time(0):   13.710 # [msec]
   Debug_Time(1):    5.893 # [msec]
   Debug_Time(2):    3.731 # [msec]
   Debug_Time(3):    2.140 # [msec]
   Debug_Time(4):    1.946 # [msec]
-
   Version      : 1.6
   Ways         : 32
   Words        : 2
   Feedback     : 0
   WordBits     : 32
   IndexBits    : 32
   Sort Order   : 0
   Sign Compare : 0
   Max Size     : 268435455
   Debug Enable : 1
   size         : 845000
   average_time :   16.012 # [msec]
   throughput   :   52.774 # [mwords/sec]
   Debug_Time(0):   13.786 # [msec]
   Debug_Time(1):    5.923 # [msec]
   Debug_Time(2):    3.753 # [msec]
   Debug_Time(3):    2.151 # [msec]
   Debug_Time(4):    1.959 # [msec]
-
   Version      : 1.6
   Ways         : 32
   Words        : 2
   Feedback     : 0
   WordBits     : 32
   IndexBits    : 32
   Sort Order   : 0
   Sign Compare : 0
   Max Size     : 268435455
   Debug Enable : 1
   size         : 850000
   average_time :   16.141 # [msec]
   throughput   :   52.660 # [mwords/sec]
   Debug_Time(0):   13.887 # [msec]
   Debug_Time(1):    5.978 # [msec]
   Debug_Time(2):    3.775 # [msec]
   Debug_Time(3):    2.161 # [msec]
   Debug_Time(4):    1.973 # [msec]
-
   Version      : 1.6
   Ways         : 32
   Words        : 2
   Feedback     : 0
   WordBits     : 32
   IndexBits    : 32
   Sort Order   : 0
   Sign Compare : 0
   Max Size     : 268435455
   Debug Enable : 1
   size         : 855000
   average_time :   16.240 # [msec]
   throughput   :   52.648 # [mwords/sec]
   Debug_Time(0):   13.960 # [msec]
   Debug_Time(1):    6.012 # [msec]
   Debug_Time(2):    3.796 # [msec]
   Debug_Time(3):    2.175 # [msec]
   Debug_Time(4):    1.979 # [msec]
-
   Version      : 1.6
   Ways         : 32
   Words        : 2
   Feedback     : 0
   WordBits     : 32
   IndexBits    : 32
   Sort Order   : 0
   Sign Compare : 0
   Max Size     : 268435455
   Debug Enable : 1
   size         : 860000
   average_time :   16.349 # [msec]
   throughput   :   52.602 # [mwords/sec]
   Debug_Time(0):   14.094 # [msec]
   Debug_Time(1):    6.103 # [msec]
   Debug_Time(2):    3.820 # [msec]
   Debug_Time(3):    2.179 # [msec]
   Debug_Time(4):    1.992 # [msec]
-
   Version      : 1.6
   Ways         : 32
   Words        : 2
   Feedback     : 0
   WordBits     : 32
   IndexBits    : 32
   Sort Order   : 0
   Sign Compare : 0
   Max Size     : 268435455
   Debug Enable : 1
   size         : 865000
   average_time :   16.389 # [msec]
   throughput   :   52.778 # [mwords/sec]
   Debug_Time(0):   14.177 # [msec]
   Debug_Time(1):    6.146 # [msec]
   Debug_Time(2):    3.840 # [msec]
   Debug_Time(3):    2.190 # [msec]
   Debug_Time(4):    2.001 # [msec]
-
   Version      : 1.6
   Ways         : 32
   Words        : 2
   Feedback     : 0
   WordBits     : 32
   IndexBits    : 32
   Sort Order   : 0
   Sign Compare : 0
   Max Size     : 268435455
   Debug Enable : 1
   size         : 870000
   average_time :   16.498 # [msec]
   throughput   :   52.733 # [mwords/sec]
   Debug_Time(0):   14.187 # [msec]
   Debug_Time(1):    6.091 # [msec]
   Debug_Time(2):    3.866 # [msec]
   Debug_Time(3):    2.200 # [msec]
   Debug_Time(4):    2.031 # [msec]
-
   Version      : 1.6
   Ways         : 32
   Words        : 2
   Feedback     : 0
   WordBits     : 32
   IndexBits    : 32
   Sort Order   : 0
   Sign Compare : 0
   Max Size     : 268435455
   Debug Enable : 1
   size         : 875000
   average_time :   16.651 # [msec]
   throughput   :   52.551 # [mwords/sec]
   Debug_Time(0):   14.257 # [msec]
   Debug_Time(1):    6.132 # [msec]
   Debug_Time(2):    3.885 # [msec]
   Debug_Time(3):    2.218 # [msec]
   Debug_Time(4):    2.021 # [msec]
-
   Version      : 1.6
   Ways         : 32
   Words        : 2
   Feedback     : 0
   WordBits     : 32
   IndexBits    : 32
   Sort Order   : 0
   Sign Compare : 0
   Max Size     : 268435455
   Debug Enable : 1
   size         : 880000
   average_time :   16.681 # [msec]
   throughput   :   52.756 # [mwords/sec]
   Debug_Time(0):   14.411 # [msec]
   Debug_Time(1):    6.225 # [msec]
   Debug_Time(2):    3.910 # [msec]
   Debug_Time(3):    2.230 # [msec]
   Debug_Time(4):    2.046 # [msec]
-
   Version      : 1.6
   Ways         : 32
   Words        : 2
   Feedback     : 0
   WordBits     : 32
   IndexBits    : 32
   Sort Order   : 0
   Sign Compare : 0
   Max Size     : 268435455
   Debug Enable : 1
   size         : 885000
   average_time :   16.818 # [msec]
   throughput   :   52.622 # [mwords/sec]
   Debug_Time(0):   14.488 # [msec]
   Debug_Time(1):    6.264 # [msec]
   Debug_Time(2):    3.929 # [msec]
   Debug_Time(3):    2.246 # [msec]
   Debug_Time(4):    2.049 # [msec]
-
   Version      : 1.6
   Ways         : 32
   Words        : 2
   Feedback     : 0
   WordBits     : 32
   IndexBits    : 32
   Sort Order   : 0
   Sign Compare : 0
   Max Size     : 268435455
   Debug Enable : 1
   size         : 890000
   average_time :   16.902 # [msec]
   throughput   :   52.656 # [mwords/sec]
   Debug_Time(0):   14.548 # [msec]
   Debug_Time(1):    6.268 # [msec]
   Debug_Time(2):    3.952 # [msec]
   Debug_Time(3):    2.261 # [msec]
   Debug_Time(4):    2.066 # [msec]
-
   Version      : 1.6
   Ways         : 32
   Words        : 2
   Feedback     : 0
   WordBits     : 32
   IndexBits    : 32
   Sort Order   : 0
   Sign Compare : 0
   Max Size     : 268435455
   Debug Enable : 1
   size         : 895000
   average_time :   16.979 # [msec]
   throughput   :   52.711 # [mwords/sec]
   Debug_Time(0):   14.569 # [msec]
   Debug_Time(1):    6.248 # [msec]
   Debug_Time(2):    3.974 # [msec]
   Debug_Time(3):    2.272 # [msec]
   Debug_Time(4):    2.075 # [msec]
-
   Version      : 1.6
   Ways         : 32
   Words        : 2
   Feedback     : 0
   WordBits     : 32
   IndexBits    : 32
   Sort Order   : 0
   Sign Compare : 0
   Max Size     : 268435455
   Debug Enable : 1
   size         : 900000
   average_time :   17.079 # [msec]
   throughput   :   52.697 # [mwords/sec]
   Debug_Time(0):   14.695 # [msec]
   Debug_Time(1):    6.296 # [msec]
   Debug_Time(2):    4.017 # [msec]
   Debug_Time(3):    2.290 # [msec]
   Debug_Time(4):    2.091 # [msec]
-
   Version      : 1.6
   Ways         : 32
   Words        : 2
   Feedback     : 0
   WordBits     : 32
   IndexBits    : 32
   Sort Order   : 0
   Sign Compare : 0
   Max Size     : 268435455
   Debug Enable : 1
   size         : 905000
   average_time :   17.174 # [msec]
   throughput   :   52.696 # [mwords/sec]
   Debug_Time(0):   14.843 # [msec]
   Debug_Time(1):    6.424 # [msec]
   Debug_Time(2):    4.019 # [msec]
   Debug_Time(3):    2.304 # [msec]
   Debug_Time(4):    2.097 # [msec]
-
   Version      : 1.6
   Ways         : 32
   Words        : 2
   Feedback     : 0
   WordBits     : 32
   IndexBits    : 32
   Sort Order   : 0
   Sign Compare : 0
   Max Size     : 268435455
   Debug Enable : 1
   size         : 910000
   average_time :   17.296 # [msec]
   throughput   :   52.613 # [mwords/sec]
   Debug_Time(0):   14.968 # [msec]
   Debug_Time(1):    6.440 # [msec]
   Debug_Time(2):    4.103 # [msec]
   Debug_Time(3):    2.315 # [msec]
   Debug_Time(4):    2.109 # [msec]
-
   Version      : 1.6
   Ways         : 32
   Words        : 2
   Feedback     : 0
   WordBits     : 32
   IndexBits    : 32
   Sort Order   : 0
   Sign Compare : 0
   Max Size     : 268435455
   Debug Enable : 1
   size         : 915000
   average_time :   17.359 # [msec]
   throughput   :   52.710 # [mwords/sec]
   Debug_Time(0):   14.991 # [msec]
   Debug_Time(1):    6.487 # [msec]
   Debug_Time(2):    4.063 # [msec]
   Debug_Time(3):    2.321 # [msec]
   Debug_Time(4):    2.120 # [msec]
-
   Version      : 1.6
   Ways         : 32
   Words        : 2
   Feedback     : 0
   WordBits     : 32
   IndexBits    : 32
   Sort Order   : 0
   Sign Compare : 0
   Max Size     : 268435455
   Debug Enable : 1
   size         : 920000
   average_time :   17.459 # [msec]
   throughput   :   52.694 # [mwords/sec]
   Debug_Time(0):   15.080 # [msec]
   Debug_Time(1):    6.498 # [msec]
   Debug_Time(2):    4.106 # [msec]
   Debug_Time(3):    2.335 # [msec]
   Debug_Time(4):    2.141 # [msec]
-
   Version      : 1.6
   Ways         : 32
   Words        : 2
   Feedback     : 0
   WordBits     : 32
   IndexBits    : 32
   Sort Order   : 0
   Sign Compare : 0
   Max Size     : 268435455
   Debug Enable : 1
   size         : 925000
   average_time :   17.554 # [msec]
   throughput   :   52.693 # [mwords/sec]
   Debug_Time(0):   15.135 # [msec]
   Debug_Time(1):    6.533 # [msec]
   Debug_Time(2):    4.107 # [msec]
   Debug_Time(3):    2.348 # [msec]
   Debug_Time(4):    2.148 # [msec]
-
   Version      : 1.6
   Ways         : 32
   Words        : 2
   Feedback     : 0
   WordBits     : 32
   IndexBits    : 32
   Sort Order   : 0
   Sign Compare : 0
   Max Size     : 268435455
   Debug Enable : 1
   size         : 930000
   average_time :   17.627 # [msec]
   throughput   :   52.760 # [mwords/sec]
   Debug_Time(0):   15.207 # [msec]
   Debug_Time(1):    6.558 # [msec]
   Debug_Time(2):    4.131 # [msec]
   Debug_Time(3):    2.359 # [msec]
   Debug_Time(4):    2.158 # [msec]
-
   Version      : 1.6
   Ways         : 32
   Words        : 2
   Feedback     : 0
   WordBits     : 32
   IndexBits    : 32
   Sort Order   : 0
   Sign Compare : 0
   Max Size     : 268435455
   Debug Enable : 1
   size         : 935000
   average_time :   17.734 # [msec]
   throughput   :   52.725 # [mwords/sec]
   Debug_Time(0):   15.284 # [msec]
   Debug_Time(1):    6.592 # [msec]
   Debug_Time(2):    4.151 # [msec]
   Debug_Time(3):    2.366 # [msec]
   Debug_Time(4):    2.175 # [msec]
-
   Version      : 1.6
   Ways         : 32
   Words        : 2
   Feedback     : 0
   WordBits     : 32
   IndexBits    : 32
   Sort Order   : 0
   Sign Compare : 0
   Max Size     : 268435455
   Debug Enable : 1
   size         : 940000
   average_time :   17.811 # [msec]
   throughput   :   52.776 # [mwords/sec]
   Debug_Time(0):   15.382 # [msec]
   Debug_Time(1):    6.635 # [msec]
   Debug_Time(2):    4.174 # [msec]
   Debug_Time(3):    2.387 # [msec]
   Debug_Time(4):    2.187 # [msec]
-
   Version      : 1.6
   Ways         : 32
   Words        : 2
   Feedback     : 0
   WordBits     : 32
   IndexBits    : 32
   Sort Order   : 0
   Sign Compare : 0
   Max Size     : 268435455
   Debug Enable : 1
   size         : 945000
   average_time :   17.884 # [msec]
   throughput   :   52.839 # [mwords/sec]
   Debug_Time(0):   15.453 # [msec]
   Debug_Time(1):    6.662 # [msec]
   Debug_Time(2):    4.194 # [msec]
   Debug_Time(3):    2.398 # [msec]
   Debug_Time(4):    2.199 # [msec]
-
   Version      : 1.6
   Ways         : 32
   Words        : 2
   Feedback     : 0
   WordBits     : 32
   IndexBits    : 32
   Sort Order   : 0
   Sign Compare : 0
   Max Size     : 268435455
   Debug Enable : 1
   size         : 950000
   average_time :   17.982 # [msec]
   throughput   :   52.832 # [mwords/sec]
   Debug_Time(0):   15.524 # [msec]
   Debug_Time(1):    6.681 # [msec]
   Debug_Time(2):    4.219 # [msec]
   Debug_Time(3):    2.414 # [msec]
   Debug_Time(4):    2.211 # [msec]
-
   Version      : 1.6
   Ways         : 32
   Words        : 2
   Feedback     : 0
   WordBits     : 32
   IndexBits    : 32
   Sort Order   : 0
   Sign Compare : 0
   Max Size     : 268435455
   Debug Enable : 1
   size         : 955000
   average_time :   18.075 # [msec]
   throughput   :   52.835 # [mwords/sec]
   Debug_Time(0):   15.565 # [msec]
   Debug_Time(1):    6.689 # [msec]
   Debug_Time(2):    4.240 # [msec]
   Debug_Time(3):    2.423 # [msec]
   Debug_Time(4):    2.213 # [msec]
-
   Version      : 1.6
   Ways         : 32
   Words        : 2
   Feedback     : 0
   WordBits     : 32
   IndexBits    : 32
   Sort Order   : 0
   Sign Compare : 0
   Max Size     : 268435455
   Debug Enable : 1
   size         : 960000
   average_time :   18.150 # [msec]
   throughput   :   52.894 # [mwords/sec]
   Debug_Time(0):   15.701 # [msec]
   Debug_Time(1):    6.766 # [msec]
   Debug_Time(2):    4.263 # [msec]
   Debug_Time(3):    2.454 # [msec]
   Debug_Time(4):    2.217 # [msec]
-
   Version      : 1.6
   Ways         : 32
   Words        : 2
   Feedback     : 0
   WordBits     : 32
   IndexBits    : 32
   Sort Order   : 0
   Sign Compare : 0
   Max Size     : 268435455
   Debug Enable : 1
   size         : 965000
   average_time :   18.238 # [msec]
   throughput   :   52.913 # [mwords/sec]
   Debug_Time(0):   15.772 # [msec]
   Debug_Time(1):    6.796 # [msec]
   Debug_Time(2):    4.284 # [msec]
   Debug_Time(3):    2.453 # [msec]
   Debug_Time(4):    2.239 # [msec]
-
   Version      : 1.6
   Ways         : 32
   Words        : 2
   Feedback     : 0
   WordBits     : 32
   IndexBits    : 32
   Sort Order   : 0
   Sign Compare : 0
   Max Size     : 268435455
   Debug Enable : 1
   size         : 970000
   average_time :   18.300 # [msec]
   throughput   :   53.005 # [mwords/sec]
   Debug_Time(0):   15.821 # [msec]
   Debug_Time(1):    6.828 # [msec]
   Debug_Time(2):    4.306 # [msec]
   Debug_Time(3):    2.466 # [msec]
   Debug_Time(4):    2.221 # [msec]
-
   Version      : 1.6
   Ways         : 32
   Words        : 2
   Feedback     : 0
   WordBits     : 32
   IndexBits    : 32
   Sort Order   : 0
   Sign Compare : 0
   Max Size     : 268435455
   Debug Enable : 1
   size         : 975000
   average_time :   18.479 # [msec]
   throughput   :   52.762 # [mwords/sec]
   Debug_Time(0):   15.909 # [msec]
   Debug_Time(1):    6.831 # [msec]
   Debug_Time(2):    4.329 # [msec]
   Debug_Time(3):    2.482 # [msec]
   Debug_Time(4):    2.267 # [msec]
-
   Version      : 1.6
   Ways         : 32
   Words        : 2
   Feedback     : 0
   WordBits     : 32
   IndexBits    : 32
   Sort Order   : 0
   Sign Compare : 0
   Max Size     : 268435455
   Debug Enable : 1
   size         : 980000
   average_time :   18.467 # [msec]
   throughput   :   53.067 # [mwords/sec]
   Debug_Time(0):   15.990 # [msec]
   Debug_Time(1):    6.898 # [msec]
   Debug_Time(2):    4.349 # [msec]
   Debug_Time(3):    2.496 # [msec]
   Debug_Time(4):    2.247 # [msec]
-
   Version      : 1.6
   Ways         : 32
   Words        : 2
   Feedback     : 0
   WordBits     : 32
   IndexBits    : 32
   Sort Order   : 0
   Sign Compare : 0
   Max Size     : 268435455
   Debug Enable : 1
   size         : 985000
   average_time :   18.638 # [msec]
   throughput   :   52.849 # [mwords/sec]
   Debug_Time(0):   16.040 # [msec]
   Debug_Time(1):    6.873 # [msec]
   Debug_Time(2):    4.375 # [msec]
   Debug_Time(3):    2.490 # [msec]
   Debug_Time(4):    2.303 # [msec]
-
   Version      : 1.6
   Ways         : 32
   Words        : 2
   Feedback     : 0
   WordBits     : 32
   IndexBits    : 32
   Sort Order   : 0
   Sign Compare : 0
   Max Size     : 268435455
   Debug Enable : 1
   size         : 990000
   average_time :   18.772 # [msec]
   throughput   :   52.739 # [mwords/sec]
   Debug_Time(0):   16.142 # [msec]
   Debug_Time(1):    6.948 # [msec]
   Debug_Time(2):    4.394 # [msec]
   Debug_Time(3):    2.508 # [msec]
   Debug_Time(4):    2.293 # [msec]
-
   Version      : 1.6
   Ways         : 32
   Words        : 2
   Feedback     : 0
   WordBits     : 32
   IndexBits    : 32
   Sort Order   : 0
   Sign Compare : 0
   Max Size     : 268435455
   Debug Enable : 1
   size         : 995000
   average_time :   18.788 # [msec]
   throughput   :   52.959 # [mwords/sec]
   Debug_Time(0):   16.132 # [msec]
   Debug_Time(1):    6.895 # [msec]
   Debug_Time(2):    4.427 # [msec]
   Debug_Time(3):    2.527 # [msec]
   Debug_Time(4):    2.283 # [msec]
-
   Version      : 1.6
   Ways         : 32
   Words        : 2
   Feedback     : 0
   WordBits     : 32
   IndexBits    : 32
   Sort Order   : 0
   Sign Compare : 0
   Max Size     : 268435455
   Debug Enable : 1
   size         : 1000000
   average_time :   18.835 # [msec]
   throughput   :   53.093 # [mwords/sec]
   Debug_Time(0):   16.284 # [msec]
   Debug_Time(1):    7.012 # [msec]
   Debug_Time(2):    4.442 # [msec]
   Debug_Time(3):    2.532 # [msec]
   Debug_Time(4):    2.298 # [msec]
