---
-
   Version      : 1.6
   Ways         : 32
   Words        : 1
   Feedback     : 0
   WordBits     : 32
   IndexBits    : 32
   Sort Order   : 0
   Sign Compare : 0
   Max Size     : 268435455
   Debug Enable : 1
   size         : 5000
   average_time :    0.245 # [msec]
   throughput   :   20.416 # [mwords/sec]
   Debug_Time(0):    0.090 # [msec]
   Debug_Time(1):    0.023 # [msec]
   Debug_Time(2):    0.042 # [msec]
   Debug_Time(3):    0.026 # [msec]
-
   Version      : 1.6
   Ways         : 32
   Words        : 1
   Feedback     : 0
   WordBits     : 32
   IndexBits    : 32
   Sort Order   : 0
   Sign Compare : 0
   Max Size     : 268435455
   Debug Enable : 1
   size         : 10000
   average_time :    0.329 # [msec]
   throughput   :   30.371 # [mwords/sec]
   Debug_Time(0):    0.173 # [msec]
   Debug_Time(1):    0.043 # [msec]
   Debug_Time(2):    0.079 # [msec]
   Debug_Time(3):    0.051 # [msec]
-
   Version      : 1.6
   Ways         : 32
   Words        : 1
   Feedback     : 0
   WordBits     : 32
   IndexBits    : 32
   Sort Order   : 0
   Sign Compare : 0
   Max Size     : 268435455
   Debug Enable : 1
   size         : 15000
   average_time :    0.415 # [msec]
   throughput   :   36.183 # [mwords/sec]
   Debug_Time(0):    0.256 # [msec]
   Debug_Time(1):    0.065 # [msec]
   Debug_Time(2):    0.115 # [msec]
   Debug_Time(3):    0.076 # [msec]
-
   Version      : 1.6
   Ways         : 32
   Words        : 1
   Feedback     : 0
   WordBits     : 32
   IndexBits    : 32
   Sort Order   : 0
   Sign Compare : 0
   Max Size     : 268435455
   Debug Enable : 1
   size         : 20000
   average_time :    0.491 # [msec]
   throughput   :   40.712 # [mwords/sec]
   Debug_Time(0):    0.339 # [msec]
   Debug_Time(1):    0.086 # [msec]
   Debug_Time(2):    0.152 # [msec]
   Debug_Time(3):    0.101 # [msec]
-
   Version      : 1.6
   Ways         : 32
   Words        : 1
   Feedback     : 0
   WordBits     : 32
   IndexBits    : 32
   Sort Order   : 0
   Sign Compare : 0
   Max Size     : 268435455
   Debug Enable : 1
   size         : 25000
   average_time :    0.578 # [msec]
   throughput   :   43.276 # [mwords/sec]
   Debug_Time(0):    0.423 # [msec]
   Debug_Time(1):    0.108 # [msec]
   Debug_Time(2):    0.190 # [msec]
   Debug_Time(3):    0.126 # [msec]
-
   Version      : 1.6
   Ways         : 32
   Words        : 1
   Feedback     : 0
   WordBits     : 32
   IndexBits    : 32
   Sort Order   : 0
   Sign Compare : 0
   Max Size     : 268435455
   Debug Enable : 1
   size         : 30000
   average_time :    0.659 # [msec]
   throughput   :   45.506 # [mwords/sec]
   Debug_Time(0):    0.506 # [msec]
   Debug_Time(1):    0.129 # [msec]
   Debug_Time(2):    0.227 # [msec]
   Debug_Time(3):    0.151 # [msec]
-
   Version      : 1.6
   Ways         : 32
   Words        : 1
   Feedback     : 0
   WordBits     : 32
   IndexBits    : 32
   Sort Order   : 0
   Sign Compare : 0
   Max Size     : 268435455
   Debug Enable : 1
   size         : 35000
   average_time :    0.892 # [msec]
   throughput   :   39.243 # [mwords/sec]
   Debug_Time(0):    0.730 # [msec]
   Debug_Time(1):    0.150 # [msec]
   Debug_Time(2):    0.265 # [msec]
   Debug_Time(3):    0.173 # [msec]
   Debug_Time(4):    0.142 # [msec]
-
   Version      : 1.6
   Ways         : 32
   Words        : 1
   Feedback     : 0
   WordBits     : 32
   IndexBits    : 32
   Sort Order   : 0
   Sign Compare : 0
   Max Size     : 268435455
   Debug Enable : 1
   size         : 40000
   average_time :    0.986 # [msec]
   throughput   :   40.556 # [mwords/sec]
   Debug_Time(0):    0.831 # [msec]
   Debug_Time(1):    0.171 # [msec]
   Debug_Time(2):    0.303 # [msec]
   Debug_Time(3):    0.194 # [msec]
   Debug_Time(4):    0.162 # [msec]
-
   Version      : 1.6
   Ways         : 32
   Words        : 1
   Feedback     : 0
   WordBits     : 32
   IndexBits    : 32
   Sort Order   : 0
   Sign Compare : 0
   Max Size     : 268435455
   Debug Enable : 1
   size         : 45000
   average_time :    1.092 # [msec]
   throughput   :   41.197 # [mwords/sec]
   Debug_Time(0):    0.932 # [msec]
   Debug_Time(1):    0.193 # [msec]
   Debug_Time(2):    0.340 # [msec]
   Debug_Time(3):    0.217 # [msec]
   Debug_Time(4):    0.183 # [msec]
-
   Version      : 1.6
   Ways         : 32
   Words        : 1
   Feedback     : 0
   WordBits     : 32
   IndexBits    : 32
   Sort Order   : 0
   Sign Compare : 0
   Max Size     : 268435455
   Debug Enable : 1
   size         : 50000
   average_time :    1.211 # [msec]
   throughput   :   41.287 # [mwords/sec]
   Debug_Time(0):    1.042 # [msec]
   Debug_Time(1):    0.214 # [msec]
   Debug_Time(2):    0.376 # [msec]
   Debug_Time(3):    0.250 # [msec]
   Debug_Time(4):    0.203 # [msec]
-
   Version      : 1.6
   Ways         : 32
   Words        : 1
   Feedback     : 0
   WordBits     : 32
   IndexBits    : 32
   Sort Order   : 0
   Sign Compare : 0
   Max Size     : 268435455
   Debug Enable : 1
   size         : 55000
   average_time :    1.323 # [msec]
   throughput   :   41.564 # [mwords/sec]
   Debug_Time(0):    1.148 # [msec]
   Debug_Time(1):    0.235 # [msec]
   Debug_Time(2):    0.413 # [msec]
   Debug_Time(3):    0.277 # [msec]
   Debug_Time(4):    0.222 # [msec]
-
   Version      : 1.6
   Ways         : 32
   Words        : 1
   Feedback     : 0
   WordBits     : 32
   IndexBits    : 32
   Sort Order   : 0
   Sign Compare : 0
   Max Size     : 268435455
   Debug Enable : 1
   size         : 60000
   average_time :    1.407 # [msec]
   throughput   :   42.637 # [mwords/sec]
   Debug_Time(0):    1.250 # [msec]
   Debug_Time(1):    0.256 # [msec]
   Debug_Time(2):    0.450 # [msec]
   Debug_Time(3):    0.301 # [msec]
   Debug_Time(4):    0.242 # [msec]
-
   Version      : 1.6
   Ways         : 32
   Words        : 1
   Feedback     : 0
   WordBits     : 32
   IndexBits    : 32
   Sort Order   : 0
   Sign Compare : 0
   Max Size     : 268435455
   Debug Enable : 1
   size         : 65000
   average_time :    1.511 # [msec]
   throughput   :   43.016 # [mwords/sec]
   Debug_Time(0):    1.351 # [msec]
   Debug_Time(1):    0.278 # [msec]
   Debug_Time(2):    0.487 # [msec]
   Debug_Time(3):    0.324 # [msec]
   Debug_Time(4):    0.262 # [msec]
-
   Version      : 1.6
   Ways         : 32
   Words        : 1
   Feedback     : 0
   WordBits     : 32
   IndexBits    : 32
   Sort Order   : 0
   Sign Compare : 0
   Max Size     : 268435455
   Debug Enable : 1
   size         : 70000
   average_time :    1.619 # [msec]
   throughput   :   43.236 # [mwords/sec]
   Debug_Time(0):    1.451 # [msec]
   Debug_Time(1):    0.299 # [msec]
   Debug_Time(2):    0.525 # [msec]
   Debug_Time(3):    0.344 # [msec]
   Debug_Time(4):    0.283 # [msec]
-
   Version      : 1.6
   Ways         : 32
   Words        : 1
   Feedback     : 0
   WordBits     : 32
   IndexBits    : 32
   Sort Order   : 0
   Sign Compare : 0
   Max Size     : 268435455
   Debug Enable : 1
   size         : 75000
   average_time :    1.727 # [msec]
   throughput   :   43.424 # [mwords/sec]
   Debug_Time(0):    1.556 # [msec]
   Debug_Time(1):    0.320 # [msec]
   Debug_Time(2):    0.562 # [msec]
   Debug_Time(3):    0.370 # [msec]
   Debug_Time(4):    0.303 # [msec]
-
   Version      : 1.6
   Ways         : 32
   Words        : 1
   Feedback     : 0
   WordBits     : 32
   IndexBits    : 32
   Sort Order   : 0
   Sign Compare : 0
   Max Size     : 268435455
   Debug Enable : 1
   size         : 80000
   average_time :    1.823 # [msec]
   throughput   :   43.884 # [mwords/sec]
   Debug_Time(0):    1.661 # [msec]
   Debug_Time(1):    0.341 # [msec]
   Debug_Time(2):    0.601 # [msec]
   Debug_Time(3):    0.396 # [msec]
   Debug_Time(4):    0.323 # [msec]
-
   Version      : 1.6
   Ways         : 32
   Words        : 1
   Feedback     : 0
   WordBits     : 32
   IndexBits    : 32
   Sort Order   : 0
   Sign Compare : 0
   Max Size     : 268435455
   Debug Enable : 1
   size         : 85000
   average_time :    2.026 # [msec]
   throughput   :   41.965 # [mwords/sec]
   Debug_Time(0):    1.774 # [msec]
   Debug_Time(1):    0.363 # [msec]
   Debug_Time(2):    0.642 # [msec]
   Debug_Time(3):    0.425 # [msec]
   Debug_Time(4):    0.344 # [msec]
-
   Version      : 1.6
   Ways         : 32
   Words        : 1
   Feedback     : 0
   WordBits     : 32
   IndexBits    : 32
   Sort Order   : 0
   Sign Compare : 0
   Max Size     : 268435455
   Debug Enable : 1
   size         : 90000
   average_time :    2.059 # [msec]
   throughput   :   43.721 # [mwords/sec]
   Debug_Time(0):    1.876 # [msec]
   Debug_Time(1):    0.384 # [msec]
   Debug_Time(2):    0.675 # [msec]
   Debug_Time(3):    0.453 # [msec]
   Debug_Time(4):    0.364 # [msec]
-
   Version      : 1.6
   Ways         : 32
   Words        : 1
   Feedback     : 0
   WordBits     : 32
   IndexBits    : 32
   Sort Order   : 0
   Sign Compare : 0
   Max Size     : 268435455
   Debug Enable : 1
   size         : 95000
   average_time :    2.137 # [msec]
   throughput   :   44.447 # [mwords/sec]
   Debug_Time(0):    1.966 # [msec]
   Debug_Time(1):    0.405 # [msec]
   Debug_Time(2):    0.711 # [msec]
   Debug_Time(3):    0.466 # [msec]
   Debug_Time(4):    0.384 # [msec]
-
   Version      : 1.6
   Ways         : 32
   Words        : 1
   Feedback     : 0
   WordBits     : 32
   IndexBits    : 32
   Sort Order   : 0
   Sign Compare : 0
   Max Size     : 268435455
   Debug Enable : 1
   size         : 100000
   average_time :    2.304 # [msec]
   throughput   :   43.409 # [mwords/sec]
   Debug_Time(0):    2.073 # [msec]
   Debug_Time(1):    0.426 # [msec]
   Debug_Time(2):    0.748 # [msec]
   Debug_Time(3):    0.494 # [msec]
   Debug_Time(4):    0.405 # [msec]
-
   Version      : 1.6
   Ways         : 32
   Words        : 1
   Feedback     : 0
   WordBits     : 32
   IndexBits    : 32
   Sort Order   : 0
   Sign Compare : 0
   Max Size     : 268435455
   Debug Enable : 1
   size         : 105000
   average_time :    2.402 # [msec]
   throughput   :   43.715 # [mwords/sec]
   Debug_Time(0):    2.172 # [msec]
   Debug_Time(1):    0.448 # [msec]
   Debug_Time(2):    0.785 # [msec]
   Debug_Time(3):    0.514 # [msec]
   Debug_Time(4):    0.425 # [msec]
-
   Version      : 1.6
   Ways         : 32
   Words        : 1
   Feedback     : 0
   WordBits     : 32
   IndexBits    : 32
   Sort Order   : 0
   Sign Compare : 0
   Max Size     : 268435455
   Debug Enable : 1
   size         : 110000
   average_time :    2.678 # [msec]
   throughput   :   41.072 # [mwords/sec]
   Debug_Time(0):    2.587 # [msec]
   Debug_Time(1):    0.788 # [msec]
   Debug_Time(2):    0.822 # [msec]
   Debug_Time(3):    0.532 # [msec]
   Debug_Time(4):    0.445 # [msec]
-
   Version      : 1.6
   Ways         : 32
   Words        : 1
   Feedback     : 0
   WordBits     : 32
   IndexBits    : 32
   Sort Order   : 0
   Sign Compare : 0
   Max Size     : 268435455
   Debug Enable : 1
   size         : 115000
   average_time :    2.561 # [msec]
   throughput   :   44.897 # [mwords/sec]
   Debug_Time(0):    2.385 # [msec]
   Debug_Time(1):    0.490 # [msec]
   Debug_Time(2):    0.860 # [msec]
   Debug_Time(3):    0.570 # [msec]
   Debug_Time(4):    0.465 # [msec]
-
   Version      : 1.6
   Ways         : 32
   Words        : 1
   Feedback     : 0
   WordBits     : 32
   IndexBits    : 32
   Sort Order   : 0
   Sign Compare : 0
   Max Size     : 268435455
   Debug Enable : 1
   size         : 120000
   average_time :    2.713 # [msec]
   throughput   :   44.227 # [mwords/sec]
   Debug_Time(0):    2.507 # [msec]
   Debug_Time(1):    0.529 # [msec]
   Debug_Time(2):    0.897 # [msec]
   Debug_Time(3):    0.596 # [msec]
   Debug_Time(4):    0.485 # [msec]
-
   Version      : 1.6
   Ways         : 32
   Words        : 1
   Feedback     : 0
   WordBits     : 32
   IndexBits    : 32
   Sort Order   : 0
   Sign Compare : 0
   Max Size     : 268435455
   Debug Enable : 1
   size         : 125000
   average_time :    2.824 # [msec]
   throughput   :   44.260 # [mwords/sec]
   Debug_Time(0):    2.630 # [msec]
   Debug_Time(1):    0.569 # [msec]
   Debug_Time(2):    0.935 # [msec]
   Debug_Time(3):    0.620 # [msec]
   Debug_Time(4):    0.505 # [msec]
-
   Version      : 1.6
   Ways         : 32
   Words        : 1
   Feedback     : 0
   WordBits     : 32
   IndexBits    : 32
   Sort Order   : 0
   Sign Compare : 0
   Max Size     : 268435455
   Debug Enable : 1
   size         : 130000
   average_time :    2.908 # [msec]
   throughput   :   44.703 # [mwords/sec]
   Debug_Time(0):    2.728 # [msec]
   Debug_Time(1):    0.587 # [msec]
   Debug_Time(2):    0.975 # [msec]
   Debug_Time(3):    0.641 # [msec]
   Debug_Time(4):    0.526 # [msec]
-
   Version      : 1.6
   Ways         : 32
   Words        : 1
   Feedback     : 0
   WordBits     : 32
   IndexBits    : 32
   Sort Order   : 0
   Sign Compare : 0
   Max Size     : 268435455
   Debug Enable : 1
   size         : 135000
   average_time :    3.053 # [msec]
   throughput   :   44.216 # [mwords/sec]
   Debug_Time(0):    2.864 # [msec]
   Debug_Time(1):    0.646 # [msec]
   Debug_Time(2):    1.009 # [msec]
   Debug_Time(3):    0.663 # [msec]
   Debug_Time(4):    0.547 # [msec]
-
   Version      : 1.6
   Ways         : 32
   Words        : 1
   Feedback     : 0
   WordBits     : 32
   IndexBits    : 32
   Sort Order   : 0
   Sign Compare : 0
   Max Size     : 268435455
   Debug Enable : 1
   size         : 140000
   average_time :    3.175 # [msec]
   throughput   :   44.098 # [mwords/sec]
   Debug_Time(0):    2.993 # [msec]
   Debug_Time(1):    0.712 # [msec]
   Debug_Time(2):    1.046 # [msec]
   Debug_Time(3):    0.669 # [msec]
   Debug_Time(4):    0.566 # [msec]
-
   Version      : 1.6
   Ways         : 32
   Words        : 1
   Feedback     : 0
   WordBits     : 32
   IndexBits    : 32
   Sort Order   : 0
   Sign Compare : 0
   Max Size     : 268435455
   Debug Enable : 1
   size         : 145000
   average_time :    3.347 # [msec]
   throughput   :   43.319 # [mwords/sec]
   Debug_Time(0):    3.151 # [msec]
   Debug_Time(1):    0.775 # [msec]
   Debug_Time(2):    1.083 # [msec]
   Debug_Time(3):    0.707 # [msec]
   Debug_Time(4):    0.586 # [msec]
-
   Version      : 1.6
   Ways         : 32
   Words        : 1
   Feedback     : 0
   WordBits     : 32
   IndexBits    : 32
   Sort Order   : 0
   Sign Compare : 0
   Max Size     : 268435455
   Debug Enable : 1
   size         : 150000
   average_time :    3.503 # [msec]
   throughput   :   42.822 # [mwords/sec]
   Debug_Time(0):    3.372 # [msec]
   Debug_Time(1):    0.904 # [msec]
   Debug_Time(2):    1.121 # [msec]
   Debug_Time(3):    0.741 # [msec]
   Debug_Time(4):    0.606 # [msec]
-
   Version      : 1.6
   Ways         : 32
   Words        : 1
   Feedback     : 0
   WordBits     : 32
   IndexBits    : 32
   Sort Order   : 0
   Sign Compare : 0
   Max Size     : 268435455
   Debug Enable : 1
   size         : 155000
   average_time :    3.638 # [msec]
   throughput   :   42.609 # [mwords/sec]
   Debug_Time(0):    3.477 # [msec]
   Debug_Time(1):    0.922 # [msec]
   Debug_Time(2):    1.158 # [msec]
   Debug_Time(3):    0.770 # [msec]
   Debug_Time(4):    0.626 # [msec]
-
   Version      : 1.6
   Ways         : 32
   Words        : 1
   Feedback     : 0
   WordBits     : 32
   IndexBits    : 32
   Sort Order   : 0
   Sign Compare : 0
   Max Size     : 268435455
   Debug Enable : 1
   size         : 160000
   average_time :    3.767 # [msec]
   throughput   :   42.473 # [mwords/sec]
   Debug_Time(0):    3.600 # [msec]
   Debug_Time(1):    0.966 # [msec]
   Debug_Time(2):    1.197 # [msec]
   Debug_Time(3):    0.791 # [msec]
   Debug_Time(4):    0.646 # [msec]
-
   Version      : 1.6
   Ways         : 32
   Words        : 1
   Feedback     : 0
   WordBits     : 32
   IndexBits    : 32
   Sort Order   : 0
   Sign Compare : 0
   Max Size     : 268435455
   Debug Enable : 1
   size         : 165000
   average_time :    4.173 # [msec]
   throughput   :   39.543 # [mwords/sec]
   Debug_Time(0):    3.925 # [msec]
   Debug_Time(1):    1.214 # [msec]
   Debug_Time(2):    1.234 # [msec]
   Debug_Time(3):    0.810 # [msec]
   Debug_Time(4):    0.668 # [msec]
-
   Version      : 1.6
   Ways         : 32
   Words        : 1
   Feedback     : 0
   WordBits     : 32
   IndexBits    : 32
   Sort Order   : 0
   Sign Compare : 0
   Max Size     : 268435455
   Debug Enable : 1
   size         : 170000
   average_time :    4.081 # [msec]
   throughput   :   41.652 # [mwords/sec]
   Debug_Time(0):    3.936 # [msec]
   Debug_Time(1):    1.149 # [msec]
   Debug_Time(2):    1.271 # [msec]
   Debug_Time(3):    0.828 # [msec]
   Debug_Time(4):    0.688 # [msec]
-
   Version      : 1.6
   Ways         : 32
   Words        : 1
   Feedback     : 0
   WordBits     : 32
   IndexBits    : 32
   Sort Order   : 0
   Sign Compare : 0
   Max Size     : 268435455
   Debug Enable : 1
   size         : 175000
   average_time :    4.177 # [msec]
   throughput   :   41.897 # [mwords/sec]
   Debug_Time(0):    4.064 # [msec]
   Debug_Time(1):    1.191 # [msec]
   Debug_Time(2):    1.308 # [msec]
   Debug_Time(3):    0.857 # [msec]
   Debug_Time(4):    0.708 # [msec]
-
   Version      : 1.6
   Ways         : 32
   Words        : 1
   Feedback     : 0
   WordBits     : 32
   IndexBits    : 32
   Sort Order   : 0
   Sign Compare : 0
   Max Size     : 268435455
   Debug Enable : 1
   size         : 180000
   average_time :    4.336 # [msec]
   throughput   :   41.516 # [mwords/sec]
   Debug_Time(0):    4.229 # [msec]
   Debug_Time(1):    1.274 # [msec]
   Debug_Time(2):    1.344 # [msec]
   Debug_Time(3):    0.884 # [msec]
   Debug_Time(4):    0.728 # [msec]
-
   Version      : 1.6
   Ways         : 32
   Words        : 1
   Feedback     : 0
   WordBits     : 32
   IndexBits    : 32
   Sort Order   : 0
   Sign Compare : 0
   Max Size     : 268435455
   Debug Enable : 1
   size         : 185000
   average_time :    4.505 # [msec]
   throughput   :   41.061 # [mwords/sec]
   Debug_Time(0):    4.385 # [msec]
   Debug_Time(1):    1.347 # [msec]
   Debug_Time(2):    1.381 # [msec]
   Debug_Time(3):    0.909 # [msec]
   Debug_Time(4):    0.747 # [msec]
-
   Version      : 1.6
   Ways         : 32
   Words        : 1
   Feedback     : 0
   WordBits     : 32
   IndexBits    : 32
   Sort Order   : 0
   Sign Compare : 0
   Max Size     : 268435455
   Debug Enable : 1
   size         : 190000
   average_time :    4.649 # [msec]
   throughput   :   40.865 # [mwords/sec]
   Debug_Time(0):    4.567 # [msec]
   Debug_Time(1):    1.407 # [msec]
   Debug_Time(2):    1.454 # [msec]
   Debug_Time(3):    0.938 # [msec]
   Debug_Time(4):    0.767 # [msec]
-
   Version      : 1.6
   Ways         : 32
   Words        : 1
   Feedback     : 0
   WordBits     : 32
   IndexBits    : 32
   Sort Order   : 0
   Sign Compare : 0
   Max Size     : 268435455
   Debug Enable : 1
   size         : 195000
   average_time :    4.809 # [msec]
   throughput   :   40.553 # [mwords/sec]
   Debug_Time(0):    4.800 # [msec]
   Debug_Time(1):    1.596 # [msec]
   Debug_Time(2):    1.469 # [msec]
   Debug_Time(3):    0.947 # [msec]
   Debug_Time(4):    0.788 # [msec]
-
   Version      : 1.6
   Ways         : 32
   Words        : 1
   Feedback     : 0
   WordBits     : 32
   IndexBits    : 32
   Sort Order   : 0
   Sign Compare : 0
   Max Size     : 268435455
   Debug Enable : 1
   size         : 200000
   average_time :    4.970 # [msec]
   throughput   :   40.243 # [mwords/sec]
   Debug_Time(0):    4.960 # [msec]
   Debug_Time(1):    1.680 # [msec]
   Debug_Time(2):    1.501 # [msec]
   Debug_Time(3):    0.971 # [msec]
   Debug_Time(4):    0.809 # [msec]
-
   Version      : 1.6
   Ways         : 32
   Words        : 1
   Feedback     : 0
   WordBits     : 32
   IndexBits    : 32
   Sort Order   : 0
   Sign Compare : 0
   Max Size     : 268435455
   Debug Enable : 1
   size         : 205000
   average_time :    5.126 # [msec]
   throughput   :   39.996 # [mwords/sec]
   Debug_Time(0):    5.090 # [msec]
   Debug_Time(1):    1.731 # [msec]
   Debug_Time(2):    1.534 # [msec]
   Debug_Time(3):    0.996 # [msec]
   Debug_Time(4):    0.829 # [msec]
-
   Version      : 1.6
   Ways         : 32
   Words        : 1
   Feedback     : 0
   WordBits     : 32
   IndexBits    : 32
   Sort Order   : 0
   Sign Compare : 0
   Max Size     : 268435455
   Debug Enable : 1
   size         : 210000
   average_time :    5.258 # [msec]
   throughput   :   39.938 # [mwords/sec]
   Debug_Time(0):    5.230 # [msec]
   Debug_Time(1):    1.790 # [msec]
   Debug_Time(2):    1.568 # [msec]
   Debug_Time(3):    1.024 # [msec]
   Debug_Time(4):    0.849 # [msec]
-
   Version      : 1.6
   Ways         : 32
   Words        : 1
   Feedback     : 0
   WordBits     : 32
   IndexBits    : 32
   Sort Order   : 0
   Sign Compare : 0
   Max Size     : 268435455
   Debug Enable : 1
   size         : 215000
   average_time :    5.455 # [msec]
   throughput   :   39.413 # [mwords/sec]
   Debug_Time(0):    5.392 # [msec]
   Debug_Time(1):    1.836 # [msec]
   Debug_Time(2):    1.621 # [msec]
   Debug_Time(3):    1.065 # [msec]
   Debug_Time(4):    0.869 # [msec]
-
   Version      : 1.6
   Ways         : 32
   Words        : 1
   Feedback     : 0
   WordBits     : 32
   IndexBits    : 32
   Sort Order   : 0
   Sign Compare : 0
   Max Size     : 268435455
   Debug Enable : 1
   size         : 220000
   average_time :    5.586 # [msec]
   throughput   :   39.381 # [mwords/sec]
   Debug_Time(0):    5.537 # [msec]
   Debug_Time(1):    1.897 # [msec]
   Debug_Time(2):    1.661 # [msec]
   Debug_Time(3):    1.090 # [msec]
   Debug_Time(4):    0.889 # [msec]
-
   Version      : 1.6
   Ways         : 32
   Words        : 1
   Feedback     : 0
   WordBits     : 32
   IndexBits    : 32
   Sort Order   : 0
   Sign Compare : 0
   Max Size     : 268435455
   Debug Enable : 1
   size         : 225000
   average_time :    5.690 # [msec]
   throughput   :   39.540 # [mwords/sec]
   Debug_Time(0):    5.589 # [msec]
   Debug_Time(1):    1.888 # [msec]
   Debug_Time(2):    1.683 # [msec]
   Debug_Time(3):    1.109 # [msec]
   Debug_Time(4):    0.909 # [msec]
-
   Version      : 1.6
   Ways         : 32
   Words        : 1
   Feedback     : 0
   WordBits     : 32
   IndexBits    : 32
   Sort Order   : 0
   Sign Compare : 0
   Max Size     : 268435455
   Debug Enable : 1
   size         : 230000
   average_time :    5.830 # [msec]
   throughput   :   39.453 # [mwords/sec]
   Debug_Time(0):    5.732 # [msec]
   Debug_Time(1):    1.959 # [msec]
   Debug_Time(2):    1.721 # [msec]
   Debug_Time(3):    1.123 # [msec]
   Debug_Time(4):    0.930 # [msec]
-
   Version      : 1.6
   Ways         : 32
   Words        : 1
   Feedback     : 0
   WordBits     : 32
   IndexBits    : 32
   Sort Order   : 0
   Sign Compare : 0
   Max Size     : 268435455
   Debug Enable : 1
   size         : 235000
   average_time :    6.068 # [msec]
   throughput   :   38.729 # [mwords/sec]
   Debug_Time(0):    5.878 # [msec]
   Debug_Time(1):    2.028 # [msec]
   Debug_Time(2):    1.753 # [msec]
   Debug_Time(3):    1.148 # [msec]
   Debug_Time(4):    0.949 # [msec]
-
   Version      : 1.6
   Ways         : 32
   Words        : 1
   Feedback     : 0
   WordBits     : 32
   IndexBits    : 32
   Sort Order   : 0
   Sign Compare : 0
   Max Size     : 268435455
   Debug Enable : 1
   size         : 240000
   average_time :    6.133 # [msec]
   throughput   :   39.131 # [mwords/sec]
   Debug_Time(0):    6.005 # [msec]
   Debug_Time(1):    2.058 # [msec]
   Debug_Time(2):    1.795 # [msec]
   Debug_Time(3):    1.182 # [msec]
   Debug_Time(4):    0.970 # [msec]
-
   Version      : 1.6
   Ways         : 32
   Words        : 1
   Feedback     : 0
   WordBits     : 32
   IndexBits    : 32
   Sort Order   : 0
   Sign Compare : 0
   Max Size     : 268435455
   Debug Enable : 1
   size         : 245000
   average_time :    6.274 # [msec]
   throughput   :   39.051 # [mwords/sec]
   Debug_Time(0):    6.183 # [msec]
   Debug_Time(1):    2.109 # [msec]
   Debug_Time(2):    1.882 # [msec]
   Debug_Time(3):    1.202 # [msec]
   Debug_Time(4):    0.990 # [msec]
-
   Version      : 1.6
   Ways         : 32
   Words        : 1
   Feedback     : 0
   WordBits     : 32
   IndexBits    : 32
   Sort Order   : 0
   Sign Compare : 0
   Max Size     : 268435455
   Debug Enable : 1
   size         : 250000
   average_time :    6.395 # [msec]
   throughput   :   39.095 # [mwords/sec]
   Debug_Time(0):    6.350 # [msec]
   Debug_Time(1):    2.184 # [msec]
   Debug_Time(2):    1.934 # [msec]
   Debug_Time(3):    1.222 # [msec]
   Debug_Time(4):    1.010 # [msec]
-
   Version      : 1.6
   Ways         : 32
   Words        : 1
   Feedback     : 0
   WordBits     : 32
   IndexBits    : 32
   Sort Order   : 0
   Sign Compare : 0
   Max Size     : 268435455
   Debug Enable : 1
   size         : 255000
   average_time :    6.522 # [msec]
   throughput   :   39.097 # [mwords/sec]
   Debug_Time(0):    6.491 # [msec]
   Debug_Time(1):    2.249 # [msec]
   Debug_Time(2):    1.964 # [msec]
   Debug_Time(3):    1.248 # [msec]
   Debug_Time(4):    1.031 # [msec]
-
   Version      : 1.6
   Ways         : 32
   Words        : 1
   Feedback     : 0
   WordBits     : 32
   IndexBits    : 32
   Sort Order   : 0
   Sign Compare : 0
   Max Size     : 268435455
   Debug Enable : 1
   size         : 260000
   average_time :    6.867 # [msec]
   throughput   :   37.862 # [mwords/sec]
   Debug_Time(0):    6.468 # [msec]
   Debug_Time(1):    2.150 # [msec]
   Debug_Time(2):    1.985 # [msec]
   Debug_Time(3):    1.282 # [msec]
   Debug_Time(4):    1.050 # [msec]
-
   Version      : 1.6
   Ways         : 32
   Words        : 1
   Feedback     : 0
   WordBits     : 32
   IndexBits    : 32
   Sort Order   : 0
   Sign Compare : 0
   Max Size     : 268435455
   Debug Enable : 1
   size         : 265000
   average_time :    6.793 # [msec]
   throughput   :   39.013 # [mwords/sec]
   Debug_Time(0):    6.621 # [msec]
   Debug_Time(1):    2.239 # [msec]
   Debug_Time(2):    2.006 # [msec]
   Debug_Time(3):    1.304 # [msec]
   Debug_Time(4):    1.071 # [msec]
-
   Version      : 1.6
   Ways         : 32
   Words        : 1
   Feedback     : 0
   WordBits     : 32
   IndexBits    : 32
   Sort Order   : 0
   Sign Compare : 0
   Max Size     : 268435455
   Debug Enable : 1
   size         : 270000
   average_time :    6.927 # [msec]
   throughput   :   38.981 # [mwords/sec]
   Debug_Time(0):    6.697 # [msec]
   Debug_Time(1):    2.253 # [msec]
   Debug_Time(2):    2.033 # [msec]
   Debug_Time(3):    1.321 # [msec]
   Debug_Time(4):    1.091 # [msec]
-
   Version      : 1.6
   Ways         : 32
   Words        : 1
   Feedback     : 0
   WordBits     : 32
   IndexBits    : 32
   Sort Order   : 0
   Sign Compare : 0
   Max Size     : 268435455
   Debug Enable : 1
   size         : 275000
   average_time :    7.077 # [msec]
   throughput   :   38.859 # [mwords/sec]
   Debug_Time(0):    6.857 # [msec]
   Debug_Time(1):    2.346 # [msec]
   Debug_Time(2):    2.054 # [msec]
   Debug_Time(3):    1.346 # [msec]
   Debug_Time(4):    1.111 # [msec]
-
   Version      : 1.6
   Ways         : 32
   Words        : 1
   Feedback     : 0
   WordBits     : 32
   IndexBits    : 32
   Sort Order   : 0
   Sign Compare : 0
   Max Size     : 268435455
   Debug Enable : 1
   size         : 280000
   average_time :    7.172 # [msec]
   throughput   :   39.041 # [mwords/sec]
   Debug_Time(0):    6.931 # [msec]
   Debug_Time(1):    2.344 # [msec]
   Debug_Time(2):    2.088 # [msec]
   Debug_Time(3):    1.368 # [msec]
   Debug_Time(4):    1.131 # [msec]
-
   Version      : 1.6
   Ways         : 32
   Words        : 1
   Feedback     : 0
   WordBits     : 32
   IndexBits    : 32
   Sort Order   : 0
   Sign Compare : 0
   Max Size     : 268435455
   Debug Enable : 1
   size         : 285000
   average_time :    7.536 # [msec]
   throughput   :   37.819 # [mwords/sec]
   Debug_Time(0):    7.086 # [msec]
   Debug_Time(1):    2.401 # [msec]
   Debug_Time(2):    2.129 # [msec]
   Debug_Time(3):    1.404 # [msec]
   Debug_Time(4):    1.151 # [msec]
-
   Version      : 1.6
   Ways         : 32
   Words        : 1
   Feedback     : 0
   WordBits     : 32
   IndexBits    : 32
   Sort Order   : 0
   Sign Compare : 0
   Max Size     : 268435455
   Debug Enable : 1
   size         : 290000
   average_time :    7.417 # [msec]
   throughput   :   39.098 # [mwords/sec]
   Debug_Time(0):    7.168 # [msec]
   Debug_Time(1):    2.415 # [msec]
   Debug_Time(2):    2.166 # [msec]
   Debug_Time(3):    1.415 # [msec]
   Debug_Time(4):    1.171 # [msec]
-
   Version      : 1.6
   Ways         : 32
   Words        : 1
   Feedback     : 0
   WordBits     : 32
   IndexBits    : 32
   Sort Order   : 0
   Sign Compare : 0
   Max Size     : 268435455
   Debug Enable : 1
   size         : 295000
   average_time :    7.534 # [msec]
   throughput   :   39.158 # [mwords/sec]
   Debug_Time(0):    7.382 # [msec]
   Debug_Time(1):    2.487 # [msec]
   Debug_Time(2):    2.249 # [msec]
   Debug_Time(3):    1.454 # [msec]
   Debug_Time(4):    1.193 # [msec]
-
   Version      : 1.6
   Ways         : 32
   Words        : 1
   Feedback     : 0
   WordBits     : 32
   IndexBits    : 32
   Sort Order   : 0
   Sign Compare : 0
   Max Size     : 268435455
   Debug Enable : 1
   size         : 300000
   average_time :    7.668 # [msec]
   throughput   :   39.122 # [mwords/sec]
   Debug_Time(0):    7.435 # [msec]
   Debug_Time(1):    2.511 # [msec]
   Debug_Time(2):    2.239 # [msec]
   Debug_Time(3):    1.474 # [msec]
   Debug_Time(4):    1.212 # [msec]
-
   Version      : 1.6
   Ways         : 32
   Words        : 1
   Feedback     : 0
   WordBits     : 32
   IndexBits    : 32
   Sort Order   : 0
   Sign Compare : 0
   Max Size     : 268435455
   Debug Enable : 1
   size         : 305000
   average_time :    7.811 # [msec]
   throughput   :   39.047 # [mwords/sec]
   Debug_Time(0):    7.548 # [msec]
   Debug_Time(1):    2.552 # [msec]
   Debug_Time(2):    2.274 # [msec]
   Debug_Time(3):    1.490 # [msec]
   Debug_Time(4):    1.232 # [msec]
-
   Version      : 1.6
   Ways         : 32
   Words        : 1
   Feedback     : 0
   WordBits     : 32
   IndexBits    : 32
   Sort Order   : 0
   Sign Compare : 0
   Max Size     : 268435455
   Debug Enable : 1
   size         : 310000
   average_time :    7.981 # [msec]
   throughput   :   38.841 # [mwords/sec]
   Debug_Time(0):    7.720 # [msec]
   Debug_Time(1):    2.632 # [msec]
   Debug_Time(2):    2.313 # [msec]
   Debug_Time(3):    1.523 # [msec]
   Debug_Time(4):    1.252 # [msec]
-
   Version      : 1.6
   Ways         : 32
   Words        : 1
   Feedback     : 0
   WordBits     : 32
   IndexBits    : 32
   Sort Order   : 0
   Sign Compare : 0
   Max Size     : 268435455
   Debug Enable : 1
   size         : 315000
   average_time :    8.092 # [msec]
   throughput   :   38.926 # [mwords/sec]
   Debug_Time(0):    7.854 # [msec]
   Debug_Time(1):    2.671 # [msec]
   Debug_Time(2):    2.357 # [msec]
   Debug_Time(3):    1.554 # [msec]
   Debug_Time(4):    1.272 # [msec]
-
   Version      : 1.6
   Ways         : 32
   Words        : 1
   Feedback     : 0
   WordBits     : 32
   IndexBits    : 32
   Sort Order   : 0
   Sign Compare : 0
   Max Size     : 268435455
   Debug Enable : 1
   size         : 320000
   average_time :    8.179 # [msec]
   throughput   :   39.124 # [mwords/sec]
   Debug_Time(0):    7.883 # [msec]
   Debug_Time(1):    2.630 # [msec]
   Debug_Time(2):    2.386 # [msec]
   Debug_Time(3):    1.574 # [msec]
   Debug_Time(4):    1.292 # [msec]
-
   Version      : 1.6
   Ways         : 32
   Words        : 1
   Feedback     : 0
   WordBits     : 32
   IndexBits    : 32
   Sort Order   : 0
   Sign Compare : 0
   Max Size     : 268435455
   Debug Enable : 1
   size         : 325000
   average_time :    8.324 # [msec]
   throughput   :   39.044 # [mwords/sec]
   Debug_Time(0):    8.140 # [msec]
   Debug_Time(1):    2.814 # [msec]
   Debug_Time(2):    2.422 # [msec]
   Debug_Time(3):    1.592 # [msec]
   Debug_Time(4):    1.312 # [msec]
-
   Version      : 1.6
   Ways         : 32
   Words        : 1
   Feedback     : 0
   WordBits     : 32
   IndexBits    : 32
   Sort Order   : 0
   Sign Compare : 0
   Max Size     : 268435455
   Debug Enable : 1
   size         : 330000
   average_time :    8.443 # [msec]
   throughput   :   39.085 # [mwords/sec]
   Debug_Time(0):    8.210 # [msec]
   Debug_Time(1):    2.798 # [msec]
   Debug_Time(2):    2.461 # [msec]
   Debug_Time(3):    1.619 # [msec]
   Debug_Time(4):    1.333 # [msec]
-
   Version      : 1.6
   Ways         : 32
   Words        : 1
   Feedback     : 0
   WordBits     : 32
   IndexBits    : 32
   Sort Order   : 0
   Sign Compare : 0
   Max Size     : 268435455
   Debug Enable : 1
   size         : 335000
   average_time :    8.563 # [msec]
   throughput   :   39.121 # [mwords/sec]
   Debug_Time(0):    8.298 # [msec]
   Debug_Time(1):    2.805 # [msec]
   Debug_Time(2):    2.498 # [msec]
   Debug_Time(3):    1.641 # [msec]
   Debug_Time(4):    1.353 # [msec]
-
   Version      : 1.6
   Ways         : 32
   Words        : 1
   Feedback     : 0
   WordBits     : 32
   IndexBits    : 32
   Sort Order   : 0
   Sign Compare : 0
   Max Size     : 268435455
   Debug Enable : 1
   size         : 340000
   average_time :    8.671 # [msec]
   throughput   :   39.209 # [mwords/sec]
   Debug_Time(0):    8.482 # [msec]
   Debug_Time(1):    2.910 # [msec]
   Debug_Time(2):    2.537 # [msec]
   Debug_Time(3):    1.661 # [msec]
   Debug_Time(4):    1.373 # [msec]
-
   Version      : 1.6
   Ways         : 32
   Words        : 1
   Feedback     : 0
   WordBits     : 32
   IndexBits    : 32
   Sort Order   : 0
   Sign Compare : 0
   Max Size     : 268435455
   Debug Enable : 1
   size         : 345000
   average_time :    8.824 # [msec]
   throughput   :   39.097 # [mwords/sec]
   Debug_Time(0):    8.626 # [msec]
   Debug_Time(1):    2.961 # [msec]
   Debug_Time(2):    2.574 # [msec]
   Debug_Time(3):    1.697 # [msec]
   Debug_Time(4):    1.394 # [msec]
-
   Version      : 1.6
   Ways         : 32
   Words        : 1
   Feedback     : 0
   WordBits     : 32
   IndexBits    : 32
   Sort Order   : 0
   Sign Compare : 0
   Max Size     : 268435455
   Debug Enable : 1
   size         : 350000
   average_time :    8.955 # [msec]
   throughput   :   39.084 # [mwords/sec]
   Debug_Time(0):    8.735 # [msec]
   Debug_Time(1):    2.981 # [msec]
   Debug_Time(2):    2.614 # [msec]
   Debug_Time(3):    1.727 # [msec]
   Debug_Time(4):    1.413 # [msec]
-
   Version      : 1.6
   Ways         : 32
   Words        : 1
   Feedback     : 0
   WordBits     : 32
   IndexBits    : 32
   Sort Order   : 0
   Sign Compare : 0
   Max Size     : 268435455
   Debug Enable : 1
   size         : 355000
   average_time :    9.066 # [msec]
   throughput   :   39.155 # [mwords/sec]
   Debug_Time(0):    8.860 # [msec]
   Debug_Time(1):    3.035 # [msec]
   Debug_Time(2):    2.648 # [msec]
   Debug_Time(3):    1.744 # [msec]
   Debug_Time(4):    1.433 # [msec]
-
   Version      : 1.6
   Ways         : 32
   Words        : 1
   Feedback     : 0
   WordBits     : 32
   IndexBits    : 32
   Sort Order   : 0
   Sign Compare : 0
   Max Size     : 268435455
   Debug Enable : 1
   size         : 360000
   average_time :    9.159 # [msec]
   throughput   :   39.307 # [mwords/sec]
   Debug_Time(0):    8.989 # [msec]
   Debug_Time(1):    3.077 # [msec]
   Debug_Time(2):    2.684 # [msec]
   Debug_Time(3):    1.776 # [msec]
   Debug_Time(4):    1.453 # [msec]
-
   Version      : 1.6
   Ways         : 32
   Words        : 1
   Feedback     : 0
   WordBits     : 32
   IndexBits    : 32
   Sort Order   : 0
   Sign Compare : 0
   Max Size     : 268435455
   Debug Enable : 1
   size         : 365000
   average_time :    9.303 # [msec]
   throughput   :   39.236 # [mwords/sec]
   Debug_Time(0):    9.097 # [msec]
   Debug_Time(1):    3.127 # [msec]
   Debug_Time(2):    2.720 # [msec]
   Debug_Time(3):    1.775 # [msec]
   Debug_Time(4):    1.474 # [msec]
-
   Version      : 1.6
   Ways         : 32
   Words        : 1
   Feedback     : 0
   WordBits     : 32
   IndexBits    : 32
   Sort Order   : 0
   Sign Compare : 0
   Max Size     : 268435455
   Debug Enable : 1
   size         : 370000
   average_time :    9.451 # [msec]
   throughput   :   39.149 # [mwords/sec]
   Debug_Time(0):    9.217 # [msec]
   Debug_Time(1):    3.145 # [msec]
   Debug_Time(2):    2.758 # [msec]
   Debug_Time(3):    1.820 # [msec]
   Debug_Time(4):    1.494 # [msec]
-
   Version      : 1.6
   Ways         : 32
   Words        : 1
   Feedback     : 0
   WordBits     : 32
   IndexBits    : 32
   Sort Order   : 0
   Sign Compare : 0
   Max Size     : 268435455
   Debug Enable : 1
   size         : 375000
   average_time :    9.552 # [msec]
   throughput   :   39.259 # [mwords/sec]
   Debug_Time(0):    9.340 # [msec]
   Debug_Time(1):    3.197 # [msec]
   Debug_Time(2):    2.797 # [msec]
   Debug_Time(3):    1.832 # [msec]
   Debug_Time(4):    1.514 # [msec]
-
   Version      : 1.6
   Ways         : 32
   Words        : 1
   Feedback     : 0
   WordBits     : 32
   IndexBits    : 32
   Sort Order   : 0
   Sign Compare : 0
   Max Size     : 268435455
   Debug Enable : 1
   size         : 380000
   average_time :    9.685 # [msec]
   throughput   :   39.235 # [mwords/sec]
   Debug_Time(0):    9.494 # [msec]
   Debug_Time(1):    3.254 # [msec]
   Debug_Time(2):    2.834 # [msec]
   Debug_Time(3):    1.872 # [msec]
   Debug_Time(4):    1.534 # [msec]
-
   Version      : 1.6
   Ways         : 32
   Words        : 1
   Feedback     : 0
   WordBits     : 32
   IndexBits    : 32
   Sort Order   : 0
   Sign Compare : 0
   Max Size     : 268435455
   Debug Enable : 1
   size         : 385000
   average_time :    9.787 # [msec]
   throughput   :   39.337 # [mwords/sec]
   Debug_Time(0):    9.614 # [msec]
   Debug_Time(1):    3.289 # [msec]
   Debug_Time(2):    2.876 # [msec]
   Debug_Time(3):    1.895 # [msec]
   Debug_Time(4):    1.555 # [msec]
-
   Version      : 1.6
   Ways         : 32
   Words        : 1
   Feedback     : 0
   WordBits     : 32
   IndexBits    : 32
   Sort Order   : 0
   Sign Compare : 0
   Max Size     : 268435455
   Debug Enable : 1
   size         : 390000
   average_time :   10.118 # [msec]
   throughput   :   38.545 # [mwords/sec]
   Debug_Time(0):    9.711 # [msec]
   Debug_Time(1):    3.313 # [msec]
   Debug_Time(2):    2.910 # [msec]
   Debug_Time(3):    1.913 # [msec]
   Debug_Time(4):    1.574 # [msec]
-
   Version      : 1.6
   Ways         : 32
   Words        : 1
   Feedback     : 0
   WordBits     : 32
   IndexBits    : 32
   Sort Order   : 0
   Sign Compare : 0
   Max Size     : 268435455
   Debug Enable : 1
   size         : 395000
   average_time :   10.028 # [msec]
   throughput   :   39.388 # [mwords/sec]
   Debug_Time(0):    9.841 # [msec]
   Debug_Time(1):    3.363 # [msec]
   Debug_Time(2):    2.950 # [msec]
   Debug_Time(3):    1.932 # [msec]
   Debug_Time(4):    1.595 # [msec]
-
   Version      : 1.6
   Ways         : 32
   Words        : 1
   Feedback     : 0
   WordBits     : 32
   IndexBits    : 32
   Sort Order   : 0
   Sign Compare : 0
   Max Size     : 268435455
   Debug Enable : 1
   size         : 400000
   average_time :   10.163 # [msec]
   throughput   :   39.358 # [mwords/sec]
   Debug_Time(0):    9.968 # [msec]
   Debug_Time(1):    3.416 # [msec]
   Debug_Time(2):    2.983 # [msec]
   Debug_Time(3):    1.955 # [msec]
   Debug_Time(4):    1.615 # [msec]
-
   Version      : 1.6
   Ways         : 32
   Words        : 1
   Feedback     : 0
   WordBits     : 32
   IndexBits    : 32
   Sort Order   : 0
   Sign Compare : 0
   Max Size     : 268435455
   Debug Enable : 1
   size         : 405000
   average_time :   10.302 # [msec]
   throughput   :   39.313 # [mwords/sec]
   Debug_Time(0):   10.095 # [msec]
   Debug_Time(1):    3.455 # [msec]
   Debug_Time(2):    3.019 # [msec]
   Debug_Time(3):    1.986 # [msec]
   Debug_Time(4):    1.635 # [msec]
-
   Version      : 1.6
   Ways         : 32
   Words        : 1
   Feedback     : 0
   WordBits     : 32
   IndexBits    : 32
   Sort Order   : 0
   Sign Compare : 0
   Max Size     : 268435455
   Debug Enable : 1
   size         : 410000
   average_time :   10.403 # [msec]
   throughput   :   39.412 # [mwords/sec]
   Debug_Time(0):   10.219 # [msec]
   Debug_Time(1):    3.482 # [msec]
   Debug_Time(2):    3.058 # [msec]
   Debug_Time(3):    2.024 # [msec]
   Debug_Time(4):    1.655 # [msec]
-
   Version      : 1.6
   Ways         : 32
   Words        : 1
   Feedback     : 0
   WordBits     : 32
   IndexBits    : 32
   Sort Order   : 0
   Sign Compare : 0
   Max Size     : 268435455
   Debug Enable : 1
   size         : 415000
   average_time :   10.511 # [msec]
   throughput   :   39.482 # [mwords/sec]
   Debug_Time(0):   10.290 # [msec]
   Debug_Time(1):    3.482 # [msec]
   Debug_Time(2):    3.095 # [msec]
   Debug_Time(3):    2.038 # [msec]
   Debug_Time(4):    1.675 # [msec]
-
   Version      : 1.6
   Ways         : 32
   Words        : 1
   Feedback     : 0
   WordBits     : 32
   IndexBits    : 32
   Sort Order   : 0
   Sign Compare : 0
   Max Size     : 268435455
   Debug Enable : 1
   size         : 420000
   average_time :   10.682 # [msec]
   throughput   :   39.317 # [mwords/sec]
   Debug_Time(0):   10.446 # [msec]
   Debug_Time(1):    3.546 # [msec]
   Debug_Time(2):    3.134 # [msec]
   Debug_Time(3):    2.071 # [msec]
   Debug_Time(4):    1.695 # [msec]
-
   Version      : 1.6
   Ways         : 32
   Words        : 1
   Feedback     : 0
   WordBits     : 32
   IndexBits    : 32
   Sort Order   : 0
   Sign Compare : 0
   Max Size     : 268435455
   Debug Enable : 1
   size         : 425000
   average_time :   10.787 # [msec]
   throughput   :   39.401 # [mwords/sec]
   Debug_Time(0):   10.542 # [msec]
   Debug_Time(1):    3.571 # [msec]
   Debug_Time(2):    3.169 # [msec]
   Debug_Time(3):    2.087 # [msec]
   Debug_Time(4):    1.716 # [msec]
-
   Version      : 1.6
   Ways         : 32
   Words        : 1
   Feedback     : 0
   WordBits     : 32
   IndexBits    : 32
   Sort Order   : 0
   Sign Compare : 0
   Max Size     : 268435455
   Debug Enable : 1
   size         : 430000
   average_time :   10.871 # [msec]
   throughput   :   39.555 # [mwords/sec]
   Debug_Time(0):   10.556 # [msec]
   Debug_Time(1):    3.524 # [msec]
   Debug_Time(2):    3.208 # [msec]
   Debug_Time(3):    2.087 # [msec]
   Debug_Time(4):    1.736 # [msec]
-
   Version      : 1.6
   Ways         : 32
   Words        : 1
   Feedback     : 0
   WordBits     : 32
   IndexBits    : 32
   Sort Order   : 0
   Sign Compare : 0
   Max Size     : 268435455
   Debug Enable : 1
   size         : 435000
   average_time :   11.059 # [msec]
   throughput   :   39.335 # [mwords/sec]
   Debug_Time(0):   10.804 # [msec]
   Debug_Time(1):    3.664 # [msec]
   Debug_Time(2):    3.243 # [msec]
   Debug_Time(3):    2.141 # [msec]
   Debug_Time(4):    1.756 # [msec]
-
   Version      : 1.6
   Ways         : 32
   Words        : 1
   Feedback     : 0
   WordBits     : 32
   IndexBits    : 32
   Sort Order   : 0
   Sign Compare : 0
   Max Size     : 268435455
   Debug Enable : 1
   size         : 440000
   average_time :   11.156 # [msec]
   throughput   :   39.442 # [mwords/sec]
   Debug_Time(0):   10.877 # [msec]
   Debug_Time(1):    3.676 # [msec]
   Debug_Time(2):    3.279 # [msec]
   Debug_Time(3):    2.146 # [msec]
   Debug_Time(4):    1.776 # [msec]
-
   Version      : 1.6
   Ways         : 32
   Words        : 1
   Feedback     : 0
   WordBits     : 32
   IndexBits    : 32
   Sort Order   : 0
   Sign Compare : 0
   Max Size     : 268435455
   Debug Enable : 1
   size         : 445000
   average_time :   11.271 # [msec]
   throughput   :   39.483 # [mwords/sec]
   Debug_Time(0):   11.016 # [msec]
   Debug_Time(1):    3.716 # [msec]
   Debug_Time(2):    3.320 # [msec]
   Debug_Time(3):    2.184 # [msec]
   Debug_Time(4):    1.796 # [msec]
-
   Version      : 1.6
   Ways         : 32
   Words        : 1
   Feedback     : 0
   WordBits     : 32
   IndexBits    : 32
   Sort Order   : 0
   Sign Compare : 0
   Max Size     : 268435455
   Debug Enable : 1
   size         : 450000
   average_time :   11.416 # [msec]
   throughput   :   39.418 # [mwords/sec]
   Debug_Time(0):   11.168 # [msec]
   Debug_Time(1):    3.780 # [msec]
   Debug_Time(2):    3.356 # [msec]
   Debug_Time(3):    2.216 # [msec]
   Debug_Time(4):    1.816 # [msec]
-
   Version      : 1.6
   Ways         : 32
   Words        : 1
   Feedback     : 0
   WordBits     : 32
   IndexBits    : 32
   Sort Order   : 0
   Sign Compare : 0
   Max Size     : 268435455
   Debug Enable : 1
   size         : 455000
   average_time :   11.524 # [msec]
   throughput   :   39.482 # [mwords/sec]
   Debug_Time(0):   11.231 # [msec]
   Debug_Time(1):    3.758 # [msec]
   Debug_Time(2):    3.398 # [msec]
   Debug_Time(3):    2.238 # [msec]
   Debug_Time(4):    1.836 # [msec]
-
   Version      : 1.6
   Ways         : 32
   Words        : 1
   Feedback     : 0
   WordBits     : 32
   IndexBits    : 32
   Sort Order   : 0
   Sign Compare : 0
   Max Size     : 268435455
   Debug Enable : 1
   size         : 460000
   average_time :   11.659 # [msec]
   throughput   :   39.455 # [mwords/sec]
   Debug_Time(0):   11.409 # [msec]
   Debug_Time(1):    3.849 # [msec]
   Debug_Time(2):    3.454 # [msec]
   Debug_Time(3):    2.249 # [msec]
   Debug_Time(4):    1.857 # [msec]
-
   Version      : 1.6
   Ways         : 32
   Words        : 1
   Feedback     : 0
   WordBits     : 32
   IndexBits    : 32
   Sort Order   : 0
   Sign Compare : 0
   Max Size     : 268435455
   Debug Enable : 1
   size         : 465000
   average_time :   11.788 # [msec]
   throughput   :   39.446 # [mwords/sec]
   Debug_Time(0):   11.571 # [msec]
   Debug_Time(1):    3.895 # [msec]
   Debug_Time(2):    3.526 # [msec]
   Debug_Time(3):    2.272 # [msec]
   Debug_Time(4):    1.878 # [msec]
-
   Version      : 1.6
   Ways         : 32
   Words        : 1
   Feedback     : 0
   WordBits     : 32
   IndexBits    : 32
   Sort Order   : 0
   Sign Compare : 0
   Max Size     : 268435455
   Debug Enable : 1
   size         : 470000
   average_time :   11.899 # [msec]
   throughput   :   39.500 # [mwords/sec]
   Debug_Time(0):   11.668 # [msec]
   Debug_Time(1):    3.891 # [msec]
   Debug_Time(2):    3.568 # [msec]
   Debug_Time(3):    2.311 # [msec]
   Debug_Time(4):    1.898 # [msec]
-
   Version      : 1.6
   Ways         : 32
   Words        : 1
   Feedback     : 0
   WordBits     : 32
   IndexBits    : 32
   Sort Order   : 0
   Sign Compare : 0
   Max Size     : 268435455
   Debug Enable : 1
   size         : 475000
   average_time :   12.016 # [msec]
   throughput   :   39.531 # [mwords/sec]
   Debug_Time(0):   11.825 # [msec]
   Debug_Time(1):    3.972 # [msec]
   Debug_Time(2):    3.607 # [msec]
   Debug_Time(3):    2.328 # [msec]
   Debug_Time(4):    1.917 # [msec]
-
   Version      : 1.6
   Ways         : 32
   Words        : 1
   Feedback     : 0
   WordBits     : 32
   IndexBits    : 32
   Sort Order   : 0
   Sign Compare : 0
   Max Size     : 268435455
   Debug Enable : 1
   size         : 480000
   average_time :   12.126 # [msec]
   throughput   :   39.585 # [mwords/sec]
   Debug_Time(0):   11.776 # [msec]
   Debug_Time(1):    3.889 # [msec]
   Debug_Time(2):    3.591 # [msec]
   Debug_Time(3):    2.358 # [msec]
   Debug_Time(4):    1.937 # [msec]
-
   Version      : 1.6
   Ways         : 32
   Words        : 1
   Feedback     : 0
   WordBits     : 32
   IndexBits    : 32
   Sort Order   : 0
   Sign Compare : 0
   Max Size     : 268435455
   Debug Enable : 1
   size         : 485000
   average_time :   12.303 # [msec]
   throughput   :   39.422 # [mwords/sec]
   Debug_Time(0):   12.072 # [msec]
   Debug_Time(1):    4.102 # [msec]
   Debug_Time(2):    3.626 # [msec]
   Debug_Time(3):    2.387 # [msec]
   Debug_Time(4):    1.957 # [msec]
-
   Version      : 1.6
   Ways         : 32
   Words        : 1
   Feedback     : 0
   WordBits     : 32
   IndexBits    : 32
   Sort Order   : 0
   Sign Compare : 0
   Max Size     : 268435455
   Debug Enable : 1
   size         : 490000
   average_time :   12.368 # [msec]
   throughput   :   39.620 # [mwords/sec]
   Debug_Time(0):   12.131 # [msec]
   Debug_Time(1):    4.068 # [msec]
   Debug_Time(2):    3.681 # [msec]
   Debug_Time(3):    2.406 # [msec]
   Debug_Time(4):    1.977 # [msec]
-
   Version      : 1.6
   Ways         : 32
   Words        : 1
   Feedback     : 0
   WordBits     : 32
   IndexBits    : 32
   Sort Order   : 0
   Sign Compare : 0
   Max Size     : 268435455
   Debug Enable : 1
   size         : 495000
   average_time :   12.502 # [msec]
   throughput   :   39.593 # [mwords/sec]
   Debug_Time(0):   12.141 # [msec]
   Debug_Time(1):    4.026 # [msec]
   Debug_Time(2):    3.699 # [msec]
   Debug_Time(3):    2.417 # [msec]
   Debug_Time(4):    1.998 # [msec]
-
   Version      : 1.6
   Ways         : 32
   Words        : 1
   Feedback     : 0
   WordBits     : 32
   IndexBits    : 32
   Sort Order   : 0
   Sign Compare : 0
   Max Size     : 268435455
   Debug Enable : 1
   size         : 500000
   average_time :   12.612 # [msec]
   throughput   :   39.644 # [mwords/sec]
   Debug_Time(0):   12.234 # [msec]
   Debug_Time(1):    4.047 # [msec]
   Debug_Time(2):    3.735 # [msec]
   Debug_Time(3):    2.434 # [msec]
   Debug_Time(4):    2.018 # [msec]
-
   Version      : 1.6
   Ways         : 32
   Words        : 1
   Feedback     : 0
   WordBits     : 32
   IndexBits    : 32
   Sort Order   : 0
   Sign Compare : 0
   Max Size     : 268435455
   Debug Enable : 1
   size         : 505000
   average_time :   12.734 # [msec]
   throughput   :   39.656 # [mwords/sec]
   Debug_Time(0):   12.407 # [msec]
   Debug_Time(1):    4.115 # [msec]
   Debug_Time(2):    3.779 # [msec]
   Debug_Time(3):    2.475 # [msec]
   Debug_Time(4):    2.038 # [msec]
-
   Version      : 1.6
   Ways         : 32
   Words        : 1
   Feedback     : 0
   WordBits     : 32
   IndexBits    : 32
   Sort Order   : 0
   Sign Compare : 0
   Max Size     : 268435455
   Debug Enable : 1
   size         : 510000
   average_time :   12.889 # [msec]
   throughput   :   39.570 # [mwords/sec]
   Debug_Time(0):   12.536 # [msec]
   Debug_Time(1):    4.166 # [msec]
   Debug_Time(2):    3.807 # [msec]
   Debug_Time(3):    2.505 # [msec]
   Debug_Time(4):    2.059 # [msec]
-
   Version      : 1.6
   Ways         : 32
   Words        : 1
   Feedback     : 0
   WordBits     : 32
   IndexBits    : 32
   Sort Order   : 0
   Sign Compare : 0
   Max Size     : 268435455
   Debug Enable : 1
   size         : 515000
   average_time :   13.030 # [msec]
   throughput   :   39.524 # [mwords/sec]
   Debug_Time(0):   12.685 # [msec]
   Debug_Time(1):    4.233 # [msec]
   Debug_Time(2):    3.855 # [msec]
   Debug_Time(3):    2.518 # [msec]
   Debug_Time(4):    2.079 # [msec]
-
   Version      : 1.6
   Ways         : 32
   Words        : 1
   Feedback     : 0
   WordBits     : 32
   IndexBits    : 32
   Sort Order   : 0
   Sign Compare : 0
   Max Size     : 268435455
   Debug Enable : 1
   size         : 520000
   average_time :   13.111 # [msec]
   throughput   :   39.662 # [mwords/sec]
   Debug_Time(0):   12.812 # [msec]
   Debug_Time(1):    4.289 # [msec]
   Debug_Time(2):    3.881 # [msec]
   Debug_Time(3):    2.544 # [msec]
   Debug_Time(4):    2.098 # [msec]
-
   Version      : 1.6
   Ways         : 32
   Words        : 1
   Feedback     : 0
   WordBits     : 32
   IndexBits    : 32
   Sort Order   : 0
   Sign Compare : 0
   Max Size     : 268435455
   Debug Enable : 1
   size         : 525000
   average_time :   13.262 # [msec]
   throughput   :   39.588 # [mwords/sec]
   Debug_Time(0):   12.897 # [msec]
   Debug_Time(1):    4.268 # [msec]
   Debug_Time(2):    3.940 # [msec]
   Debug_Time(3):    2.570 # [msec]
   Debug_Time(4):    2.119 # [msec]
-
   Version      : 1.6
   Ways         : 32
   Words        : 1
   Feedback     : 0
   WordBits     : 32
   IndexBits    : 32
   Sort Order   : 0
   Sign Compare : 0
   Max Size     : 268435455
   Debug Enable : 1
   size         : 530000
   average_time :   13.399 # [msec]
   throughput   :   39.554 # [mwords/sec]
   Debug_Time(0):   13.173 # [msec]
   Debug_Time(1):    4.359 # [msec]
   Debug_Time(2):    4.079 # [msec]
   Debug_Time(3):    2.596 # [msec]
   Debug_Time(4):    2.139 # [msec]
-
   Version      : 1.6
   Ways         : 32
   Words        : 1
   Feedback     : 0
   WordBits     : 32
   IndexBits    : 32
   Sort Order   : 0
   Sign Compare : 0
   Max Size     : 268435455
   Debug Enable : 1
   size         : 535000
   average_time :   13.491 # [msec]
   throughput   :   39.656 # [mwords/sec]
   Debug_Time(0):   13.338 # [msec]
   Debug_Time(1):    4.440 # [msec]
   Debug_Time(2):    4.121 # [msec]
   Debug_Time(3):    2.617 # [msec]
   Debug_Time(4):    2.159 # [msec]
-
   Version      : 1.6
   Ways         : 32
   Words        : 1
   Feedback     : 0
   WordBits     : 32
   IndexBits    : 32
   Sort Order   : 0
   Sign Compare : 0
   Max Size     : 268435455
   Debug Enable : 1
   size         : 540000
   average_time :   13.595 # [msec]
   throughput   :   39.721 # [mwords/sec]
   Debug_Time(0):   13.386 # [msec]
   Debug_Time(1):    4.406 # [msec]
   Debug_Time(2):    4.148 # [msec]
   Debug_Time(3):    2.653 # [msec]
   Debug_Time(4):    2.179 # [msec]
-
   Version      : 1.6
   Ways         : 32
   Words        : 1
   Feedback     : 0
   WordBits     : 32
   IndexBits    : 32
   Sort Order   : 0
   Sign Compare : 0
   Max Size     : 268435455
   Debug Enable : 1
   size         : 545000
   average_time :   13.729 # [msec]
   throughput   :   39.696 # [mwords/sec]
   Debug_Time(0):   13.639 # [msec]
   Debug_Time(1):    4.613 # [msec]
   Debug_Time(2):    4.161 # [msec]
   Debug_Time(3):    2.665 # [msec]
   Debug_Time(4):    2.200 # [msec]
-
   Version      : 1.6
   Ways         : 32
   Words        : 1
   Feedback     : 0
   WordBits     : 32
   IndexBits    : 32
   Sort Order   : 0
   Sign Compare : 0
   Max Size     : 268435455
   Debug Enable : 1
   size         : 550000
   average_time :   13.873 # [msec]
   throughput   :   39.646 # [mwords/sec]
   Debug_Time(0):   13.709 # [msec]
   Debug_Time(1):    4.639 # [msec]
   Debug_Time(2):    4.154 # [msec]
   Debug_Time(3):    2.696 # [msec]
   Debug_Time(4):    2.220 # [msec]
-
   Version      : 1.6
   Ways         : 32
   Words        : 1
   Feedback     : 0
   WordBits     : 32
   IndexBits    : 32
   Sort Order   : 0
   Sign Compare : 0
   Max Size     : 268435455
   Debug Enable : 1
   size         : 555000
   average_time :   14.055 # [msec]
   throughput   :   39.487 # [mwords/sec]
   Debug_Time(0):   13.684 # [msec]
   Debug_Time(1):    4.575 # [msec]
   Debug_Time(2):    4.154 # [msec]
   Debug_Time(3):    2.716 # [msec]
   Debug_Time(4):    2.240 # [msec]
-
   Version      : 1.6
   Ways         : 32
   Words        : 1
   Feedback     : 0
   WordBits     : 32
   IndexBits    : 32
   Sort Order   : 0
   Sign Compare : 0
   Max Size     : 268435455
   Debug Enable : 1
   size         : 560000
   average_time :   14.087 # [msec]
   throughput   :   39.752 # [mwords/sec]
   Debug_Time(0):   13.802 # [msec]
   Debug_Time(1):    4.615 # [msec]
   Debug_Time(2):    4.176 # [msec]
   Debug_Time(3):    2.751 # [msec]
   Debug_Time(4):    2.260 # [msec]
-
   Version      : 1.6
   Ways         : 32
   Words        : 1
   Feedback     : 0
   WordBits     : 32
   IndexBits    : 32
   Sort Order   : 0
   Sign Compare : 0
   Max Size     : 268435455
   Debug Enable : 1
   size         : 565000
   average_time :   14.172 # [msec]
   throughput   :   39.866 # [mwords/sec]
   Debug_Time(0):   13.927 # [msec]
   Debug_Time(1):    4.675 # [msec]
   Debug_Time(2):    4.216 # [msec]
   Debug_Time(3):    2.754 # [msec]
   Debug_Time(4):    2.281 # [msec]
-
   Version      : 1.6
   Ways         : 32
   Words        : 1
   Feedback     : 0
   WordBits     : 32
   IndexBits    : 32
   Sort Order   : 0
   Sign Compare : 0
   Max Size     : 268435455
   Debug Enable : 1
   size         : 570000
   average_time :   14.338 # [msec]
   throughput   :   39.754 # [mwords/sec]
   Debug_Time(0):   13.982 # [msec]
   Debug_Time(1):    4.638 # [msec]
   Debug_Time(2):    4.247 # [msec]
   Debug_Time(3):    2.797 # [msec]
   Debug_Time(4):    2.300 # [msec]
-
   Version      : 1.6
   Ways         : 32
   Words        : 1
   Feedback     : 0
   WordBits     : 32
   IndexBits    : 32
   Sort Order   : 0
   Sign Compare : 0
   Max Size     : 268435455
   Debug Enable : 1
   size         : 575000
   average_time :   14.423 # [msec]
   throughput   :   39.867 # [mwords/sec]
   Debug_Time(0):   14.125 # [msec]
   Debug_Time(1):    4.695 # [msec]
   Debug_Time(2):    4.285 # [msec]
   Debug_Time(3):    2.824 # [msec]
   Debug_Time(4):    2.320 # [msec]
-
   Version      : 1.6
   Ways         : 32
   Words        : 1
   Feedback     : 0
   WordBits     : 32
   IndexBits    : 32
   Sort Order   : 0
   Sign Compare : 0
   Max Size     : 268435455
   Debug Enable : 1
   size         : 580000
   average_time :   14.569 # [msec]
   throughput   :   39.812 # [mwords/sec]
   Debug_Time(0):   14.180 # [msec]
   Debug_Time(1):    4.666 # [msec]
   Debug_Time(2):    4.323 # [msec]
   Debug_Time(3):    2.850 # [msec]
   Debug_Time(4):    2.340 # [msec]
-
   Version      : 1.6
   Ways         : 32
   Words        : 1
   Feedback     : 0
   WordBits     : 32
   IndexBits    : 32
   Sort Order   : 0
   Sign Compare : 0
   Max Size     : 268435455
   Debug Enable : 1
   size         : 585000
   average_time :   14.696 # [msec]
   throughput   :   39.807 # [mwords/sec]
   Debug_Time(0):   14.262 # [msec]
   Debug_Time(1):    4.675 # [msec]
   Debug_Time(2):    4.360 # [msec]
   Debug_Time(3):    2.866 # [msec]
   Debug_Time(4):    2.361 # [msec]
-
   Version      : 1.6
   Ways         : 32
   Words        : 1
   Feedback     : 0
   WordBits     : 32
   IndexBits    : 32
   Sort Order   : 0
   Sign Compare : 0
   Max Size     : 268435455
   Debug Enable : 1
   size         : 590000
   average_time :   14.808 # [msec]
   throughput   :   39.844 # [mwords/sec]
   Debug_Time(0):   14.486 # [msec]
   Debug_Time(1):    4.806 # [msec]
   Debug_Time(2):    4.411 # [msec]
   Debug_Time(3):    2.887 # [msec]
   Debug_Time(4):    2.382 # [msec]
-
   Version      : 1.6
   Ways         : 32
   Words        : 1
   Feedback     : 0
   WordBits     : 32
   IndexBits    : 32
   Sort Order   : 0
   Sign Compare : 0
   Max Size     : 268435455
   Debug Enable : 1
   size         : 595000
   average_time :   14.920 # [msec]
   throughput   :   39.879 # [mwords/sec]
   Debug_Time(0):   14.585 # [msec]
   Debug_Time(1):    4.835 # [msec]
   Debug_Time(2):    4.443 # [msec]
   Debug_Time(3):    2.905 # [msec]
   Debug_Time(4):    2.402 # [msec]
-
   Version      : 1.6
   Ways         : 32
   Words        : 1
   Feedback     : 0
   WordBits     : 32
   IndexBits    : 32
   Sort Order   : 0
   Sign Compare : 0
   Max Size     : 268435455
   Debug Enable : 1
   size         : 600000
   average_time :   15.051 # [msec]
   throughput   :   39.863 # [mwords/sec]
   Debug_Time(0):   14.713 # [msec]
   Debug_Time(1):    4.865 # [msec]
   Debug_Time(2):    4.481 # [msec]
   Debug_Time(3):    2.945 # [msec]
   Debug_Time(4):    2.422 # [msec]
-
   Version      : 1.6
   Ways         : 32
   Words        : 1
   Feedback     : 0
   WordBits     : 32
   IndexBits    : 32
   Sort Order   : 0
   Sign Compare : 0
   Max Size     : 268435455
   Debug Enable : 1
   size         : 605000
   average_time :   15.186 # [msec]
   throughput   :   39.840 # [mwords/sec]
   Debug_Time(0):   14.812 # [msec]
   Debug_Time(1):    4.901 # [msec]
   Debug_Time(2):    4.512 # [msec]
   Debug_Time(3):    2.957 # [msec]
   Debug_Time(4):    2.441 # [msec]
-
   Version      : 1.6
   Ways         : 32
   Words        : 1
   Feedback     : 0
   WordBits     : 32
   IndexBits    : 32
   Sort Order   : 0
   Sign Compare : 0
   Max Size     : 268435455
   Debug Enable : 1
   size         : 610000
   average_time :   15.309 # [msec]
   throughput   :   39.846 # [mwords/sec]
   Debug_Time(0):   14.992 # [msec]
   Debug_Time(1):    4.999 # [msec]
   Debug_Time(2):    4.551 # [msec]
   Debug_Time(3):    2.982 # [msec]
   Debug_Time(4):    2.461 # [msec]
-
   Version      : 1.6
   Ways         : 32
   Words        : 1
   Feedback     : 0
   WordBits     : 32
   IndexBits    : 32
   Sort Order   : 0
   Sign Compare : 0
   Max Size     : 268435455
   Debug Enable : 1
   size         : 615000
   average_time :   15.467 # [msec]
   throughput   :   39.761 # [mwords/sec]
   Debug_Time(0):   15.110 # [msec]
   Debug_Time(1):    5.027 # [msec]
   Debug_Time(2):    4.584 # [msec]
   Debug_Time(3):    3.017 # [msec]
   Debug_Time(4):    2.482 # [msec]
-
   Version      : 1.6
   Ways         : 32
   Words        : 1
   Feedback     : 0
   WordBits     : 32
   IndexBits    : 32
   Sort Order   : 0
   Sign Compare : 0
   Max Size     : 268435455
   Debug Enable : 1
   size         : 620000
   average_time :   15.592 # [msec]
   throughput   :   39.763 # [mwords/sec]
   Debug_Time(0):   15.209 # [msec]
   Debug_Time(1):    5.045 # [msec]
   Debug_Time(2):    4.620 # [msec]
   Debug_Time(3):    3.042 # [msec]
   Debug_Time(4):    2.501 # [msec]
-
   Version      : 1.6
   Ways         : 32
   Words        : 1
   Feedback     : 0
   WordBits     : 32
   IndexBits    : 32
   Sort Order   : 0
   Sign Compare : 0
   Max Size     : 268435455
   Debug Enable : 1
   size         : 625000
   average_time :   15.663 # [msec]
   throughput   :   39.903 # [mwords/sec]
   Debug_Time(0):   15.312 # [msec]
   Debug_Time(1):    5.057 # [msec]
   Debug_Time(2):    4.658 # [msec]
   Debug_Time(3):    3.075 # [msec]
   Debug_Time(4):    2.523 # [msec]
-
   Version      : 1.6
   Ways         : 32
   Words        : 1
   Feedback     : 0
   WordBits     : 32
   IndexBits    : 32
   Sort Order   : 0
   Sign Compare : 0
   Max Size     : 268435455
   Debug Enable : 1
   size         : 630000
   average_time :   15.765 # [msec]
   throughput   :   39.962 # [mwords/sec]
   Debug_Time(0):   15.438 # [msec]
   Debug_Time(1):    5.095 # [msec]
   Debug_Time(2):    4.710 # [msec]
   Debug_Time(3):    3.091 # [msec]
   Debug_Time(4):    2.543 # [msec]
-
   Version      : 1.6
   Ways         : 32
   Words        : 1
   Feedback     : 0
   WordBits     : 32
   IndexBits    : 32
   Sort Order   : 0
   Sign Compare : 0
   Max Size     : 268435455
   Debug Enable : 1
   size         : 635000
   average_time :   15.853 # [msec]
   throughput   :   40.056 # [mwords/sec]
   Debug_Time(0):   15.541 # [msec]
   Debug_Time(1):    5.134 # [msec]
   Debug_Time(2):    4.737 # [msec]
   Debug_Time(3):    3.108 # [msec]
   Debug_Time(4):    2.563 # [msec]
-
   Version      : 1.6
   Ways         : 32
   Words        : 1
   Feedback     : 0
   WordBits     : 32
   IndexBits    : 32
   Sort Order   : 0
   Sign Compare : 0
   Max Size     : 268435455
   Debug Enable : 1
   size         : 640000
   average_time :   16.022 # [msec]
   throughput   :   39.946 # [mwords/sec]
   Debug_Time(0):   15.754 # [msec]
   Debug_Time(1):    5.278 # [msec]
   Debug_Time(2):    4.777 # [msec]
   Debug_Time(3):    3.116 # [msec]
   Debug_Time(4):    2.583 # [msec]
-
   Version      : 1.6
   Ways         : 32
   Words        : 1
   Feedback     : 0
   WordBits     : 32
   IndexBits    : 32
   Sort Order   : 0
   Sign Compare : 0
   Max Size     : 268435455
   Debug Enable : 1
   size         : 645000
   average_time :   16.129 # [msec]
   throughput   :   39.990 # [mwords/sec]
   Debug_Time(0):   15.846 # [msec]
   Debug_Time(1):    5.284 # [msec]
   Debug_Time(2):    4.809 # [msec]
   Debug_Time(3):    3.150 # [msec]
   Debug_Time(4):    2.603 # [msec]
-
   Version      : 1.6
   Ways         : 32
   Words        : 1
   Feedback     : 0
   WordBits     : 32
   IndexBits    : 32
   Sort Order   : 0
   Sign Compare : 0
   Max Size     : 268435455
   Debug Enable : 1
   size         : 650000
   average_time :   16.252 # [msec]
   throughput   :   39.995 # [mwords/sec]
   Debug_Time(0):   16.009 # [msec]
   Debug_Time(1):    5.351 # [msec]
   Debug_Time(2):    4.850 # [msec]
   Debug_Time(3):    3.185 # [msec]
   Debug_Time(4):    2.622 # [msec]
-
   Version      : 1.6
   Ways         : 32
   Words        : 1
   Feedback     : 0
   WordBits     : 32
   IndexBits    : 32
   Sort Order   : 0
   Sign Compare : 0
   Max Size     : 268435455
   Debug Enable : 1
   size         : 655000
   average_time :   16.359 # [msec]
   throughput   :   40.039 # [mwords/sec]
   Debug_Time(0):   16.099 # [msec]
   Debug_Time(1):    5.358 # [msec]
   Debug_Time(2):    4.883 # [msec]
   Debug_Time(3):    3.215 # [msec]
   Debug_Time(4):    2.642 # [msec]
-
   Version      : 1.6
   Ways         : 32
   Words        : 1
   Feedback     : 0
   WordBits     : 32
   IndexBits    : 32
   Sort Order   : 0
   Sign Compare : 0
   Max Size     : 268435455
   Debug Enable : 1
   size         : 660000
   average_time :   16.539 # [msec]
   throughput   :   39.907 # [mwords/sec]
   Debug_Time(0):   16.258 # [msec]
   Debug_Time(1):    5.447 # [msec]
   Debug_Time(2):    4.922 # [msec]
   Debug_Time(3):    3.226 # [msec]
   Debug_Time(4):    2.663 # [msec]
-
   Version      : 1.6
   Ways         : 32
   Words        : 1
   Feedback     : 0
   WordBits     : 32
   IndexBits    : 32
   Sort Order   : 0
   Sign Compare : 0
   Max Size     : 268435455
   Debug Enable : 1
   size         : 665000
   average_time :   16.629 # [msec]
   throughput   :   39.990 # [mwords/sec]
   Debug_Time(0):   16.324 # [msec]
   Debug_Time(1):    5.430 # [msec]
   Debug_Time(2):    4.959 # [msec]
   Debug_Time(3):    3.250 # [msec]
   Debug_Time(4):    2.684 # [msec]
-
   Version      : 1.6
   Ways         : 32
   Words        : 1
   Feedback     : 0
   WordBits     : 32
   IndexBits    : 32
   Sort Order   : 0
   Sign Compare : 0
   Max Size     : 268435455
   Debug Enable : 1
   size         : 670000
   average_time :   16.841 # [msec]
   throughput   :   39.783 # [mwords/sec]
   Debug_Time(0):   16.467 # [msec]
   Debug_Time(1):    5.483 # [msec]
   Debug_Time(2):    4.996 # [msec]
   Debug_Time(3):    3.284 # [msec]
   Debug_Time(4):    2.704 # [msec]
-
   Version      : 1.6
   Ways         : 32
   Words        : 1
   Feedback     : 0
   WordBits     : 32
   IndexBits    : 32
   Sort Order   : 0
   Sign Compare : 0
   Max Size     : 268435455
   Debug Enable : 1
   size         : 675000
   average_time :   16.929 # [msec]
   throughput   :   39.874 # [mwords/sec]
   Debug_Time(0):   16.565 # [msec]
   Debug_Time(1):    5.504 # [msec]
   Debug_Time(2):    5.033 # [msec]
   Debug_Time(3):    3.305 # [msec]
   Debug_Time(4):    2.724 # [msec]
-
   Version      : 1.6
   Ways         : 32
   Words        : 1
   Feedback     : 0
   WordBits     : 32
   IndexBits    : 32
   Sort Order   : 0
   Sign Compare : 0
   Max Size     : 268435455
   Debug Enable : 1
   size         : 680000
   average_time :   17.037 # [msec]
   throughput   :   39.914 # [mwords/sec]
   Debug_Time(0):   16.735 # [msec]
   Debug_Time(1):    5.591 # [msec]
   Debug_Time(2):    5.068 # [msec]
   Debug_Time(3):    3.333 # [msec]
   Debug_Time(4):    2.744 # [msec]
-
   Version      : 1.6
   Ways         : 32
   Words        : 1
   Feedback     : 0
   WordBits     : 32
   IndexBits    : 32
   Sort Order   : 0
   Sign Compare : 0
   Max Size     : 268435455
   Debug Enable : 1
   size         : 685000
   average_time :   17.176 # [msec]
   throughput   :   39.881 # [mwords/sec]
   Debug_Time(0):   16.885 # [msec]
   Debug_Time(1):    5.641 # [msec]
   Debug_Time(2):    5.106 # [msec]
   Debug_Time(3):    3.374 # [msec]
   Debug_Time(4):    2.764 # [msec]
-
   Version      : 1.6
   Ways         : 32
   Words        : 1
   Feedback     : 0
   WordBits     : 32
   IndexBits    : 32
   Sort Order   : 0
   Sign Compare : 0
   Max Size     : 268435455
   Debug Enable : 1
   size         : 690000
   average_time :   17.302 # [msec]
   throughput   :   39.879 # [mwords/sec]
   Debug_Time(0):   16.970 # [msec]
   Debug_Time(1):    5.674 # [msec]
   Debug_Time(2):    5.144 # [msec]
   Debug_Time(3):    3.368 # [msec]
   Debug_Time(4):    2.785 # [msec]
-
   Version      : 1.6
   Ways         : 32
   Words        : 1
   Feedback     : 0
   WordBits     : 32
   IndexBits    : 32
   Sort Order   : 0
   Sign Compare : 0
   Max Size     : 268435455
   Debug Enable : 1
   size         : 695000
   average_time :   17.397 # [msec]
   throughput   :   39.949 # [mwords/sec]
   Debug_Time(0):   17.082 # [msec]
   Debug_Time(1):    5.689 # [msec]
   Debug_Time(2):    5.181 # [msec]
   Debug_Time(3):    3.408 # [msec]
   Debug_Time(4):    2.804 # [msec]
-
   Version      : 1.6
   Ways         : 32
   Words        : 1
   Feedback     : 0
   WordBits     : 32
   IndexBits    : 32
   Sort Order   : 0
   Sign Compare : 0
   Max Size     : 268435455
   Debug Enable : 1
   size         : 700000
   average_time :   17.511 # [msec]
   throughput   :   39.975 # [mwords/sec]
   Debug_Time(0):   17.199 # [msec]
   Debug_Time(1):    5.731 # [msec]
   Debug_Time(2):    5.217 # [msec]
   Debug_Time(3):    3.427 # [msec]
   Debug_Time(4):    2.824 # [msec]
-
   Version      : 1.6
   Ways         : 32
   Words        : 1
   Feedback     : 0
   WordBits     : 32
   IndexBits    : 32
   Sort Order   : 0
   Sign Compare : 0
   Max Size     : 268435455
   Debug Enable : 1
   size         : 705000
   average_time :   17.630 # [msec]
   throughput   :   39.988 # [mwords/sec]
   Debug_Time(0):   17.292 # [msec]
   Debug_Time(1):    5.738 # [msec]
   Debug_Time(2):    5.259 # [msec]
   Debug_Time(3):    3.450 # [msec]
   Debug_Time(4):    2.845 # [msec]
-
   Version      : 1.6
   Ways         : 32
   Words        : 1
   Feedback     : 0
   WordBits     : 32
   IndexBits    : 32
   Sort Order   : 0
   Sign Compare : 0
   Max Size     : 268435455
   Debug Enable : 1
   size         : 710000
   average_time :   17.877 # [msec]
   throughput   :   39.717 # [mwords/sec]
   Debug_Time(0):   17.578 # [msec]
   Debug_Time(1):    5.863 # [msec]
   Debug_Time(2):    5.361 # [msec]
   Debug_Time(3):    3.489 # [msec]
   Debug_Time(4):    2.864 # [msec]
-
   Version      : 1.6
   Ways         : 32
   Words        : 1
   Feedback     : 0
   WordBits     : 32
   IndexBits    : 32
   Sort Order   : 0
   Sign Compare : 0
   Max Size     : 268435455
   Debug Enable : 1
   size         : 715000
   average_time :   17.835 # [msec]
   throughput   :   40.090 # [mwords/sec]
   Debug_Time(0):   17.563 # [msec]
   Debug_Time(1):    5.837 # [msec]
   Debug_Time(2):    5.330 # [msec]
   Debug_Time(3):    3.511 # [msec]
   Debug_Time(4):    2.885 # [msec]
-
   Version      : 1.6
   Ways         : 32
   Words        : 1
   Feedback     : 0
   WordBits     : 32
   IndexBits    : 32
   Sort Order   : 0
   Sign Compare : 0
   Max Size     : 268435455
   Debug Enable : 1
   size         : 720000
   average_time :   17.939 # [msec]
   throughput   :   40.136 # [mwords/sec]
   Debug_Time(0):   17.589 # [msec]
   Debug_Time(1):    5.797 # [msec]
   Debug_Time(2):    5.366 # [msec]
   Debug_Time(3):    3.521 # [msec]
   Debug_Time(4):    2.905 # [msec]
-
   Version      : 1.6
   Ways         : 32
   Words        : 1
   Feedback     : 0
   WordBits     : 32
   IndexBits    : 32
   Sort Order   : 0
   Sign Compare : 0
   Max Size     : 268435455
   Debug Enable : 1
   size         : 725000
   average_time :   18.065 # [msec]
   throughput   :   40.133 # [mwords/sec]
   Debug_Time(0):   17.726 # [msec]
   Debug_Time(1):    5.838 # [msec]
   Debug_Time(2):    5.402 # [msec]
   Debug_Time(3):    3.561 # [msec]
   Debug_Time(4):    2.925 # [msec]
-
   Version      : 1.6
   Ways         : 32
   Words        : 1
   Feedback     : 0
   WordBits     : 32
   IndexBits    : 32
   Sort Order   : 0
   Sign Compare : 0
   Max Size     : 268435455
   Debug Enable : 1
   size         : 730000
   average_time :   18.183 # [msec]
   throughput   :   40.148 # [mwords/sec]
   Debug_Time(0):   17.921 # [msec]
   Debug_Time(1):    5.965 # [msec]
   Debug_Time(2):    5.443 # [msec]
   Debug_Time(3):    3.567 # [msec]
   Debug_Time(4):    2.946 # [msec]
-
   Version      : 1.6
   Ways         : 32
   Words        : 1
   Feedback     : 0
   WordBits     : 32
   IndexBits    : 32
   Sort Order   : 0
   Sign Compare : 0
   Max Size     : 268435455
   Debug Enable : 1
   size         : 735000
   average_time :   18.315 # [msec]
   throughput   :   40.131 # [mwords/sec]
   Debug_Time(0):   17.963 # [msec]
   Debug_Time(1):    5.927 # [msec]
   Debug_Time(2):    5.480 # [msec]
   Debug_Time(3):    3.590 # [msec]
   Debug_Time(4):    2.965 # [msec]
-
   Version      : 1.6
   Ways         : 32
   Words        : 1
   Feedback     : 0
   WordBits     : 32
   IndexBits    : 32
   Sort Order   : 0
   Sign Compare : 0
   Max Size     : 268435455
   Debug Enable : 1
   size         : 740000
   average_time :   18.420 # [msec]
   throughput   :   40.173 # [mwords/sec]
   Debug_Time(0):   18.158 # [msec]
   Debug_Time(1):    6.041 # [msec]
   Debug_Time(2):    5.511 # [msec]
   Debug_Time(3):    3.620 # [msec]
   Debug_Time(4):    2.985 # [msec]
-
   Version      : 1.6
   Ways         : 32
   Words        : 1
   Feedback     : 0
   WordBits     : 32
   IndexBits    : 32
   Sort Order   : 0
   Sign Compare : 0
   Max Size     : 268435455
   Debug Enable : 1
   size         : 745000
   average_time :   18.567 # [msec]
   throughput   :   40.125 # [mwords/sec]
   Debug_Time(0):   18.245 # [msec]
   Debug_Time(1):    6.041 # [msec]
   Debug_Time(2):    5.555 # [msec]
   Debug_Time(3):    3.644 # [msec]
   Debug_Time(4):    3.006 # [msec]
-
   Version      : 1.6
   Ways         : 32
   Words        : 1
   Feedback     : 0
   WordBits     : 32
   IndexBits    : 32
   Sort Order   : 0
   Sign Compare : 0
   Max Size     : 268435455
   Debug Enable : 1
   size         : 750000
   average_time :   18.695 # [msec]
   throughput   :   40.117 # [mwords/sec]
   Debug_Time(0):   18.440 # [msec]
   Debug_Time(1):    6.099 # [msec]
   Debug_Time(2):    5.641 # [msec]
   Debug_Time(3):    3.675 # [msec]
   Debug_Time(4):    3.025 # [msec]
-
   Version      : 1.6
   Ways         : 32
   Words        : 1
   Feedback     : 0
   WordBits     : 32
   IndexBits    : 32
   Sort Order   : 0
   Sign Compare : 0
   Max Size     : 268435455
   Debug Enable : 1
   size         : 755000
   average_time :   18.785 # [msec]
   throughput   :   40.192 # [mwords/sec]
   Debug_Time(0):   18.474 # [msec]
   Debug_Time(1):    6.042 # [msec]
   Debug_Time(2):    5.694 # [msec]
   Debug_Time(3):    3.691 # [msec]
   Debug_Time(4):    3.047 # [msec]
-
   Version      : 1.6
   Ways         : 32
   Words        : 1
   Feedback     : 0
   WordBits     : 32
   IndexBits    : 32
   Sort Order   : 0
   Sign Compare : 0
   Max Size     : 268435455
   Debug Enable : 1
   size         : 760000
   average_time :   18.949 # [msec]
   throughput   :   40.107 # [mwords/sec]
   Debug_Time(0):   18.689 # [msec]
   Debug_Time(1):    6.189 # [msec]
   Debug_Time(2):    5.716 # [msec]
   Debug_Time(3):    3.717 # [msec]
   Debug_Time(4):    3.067 # [msec]
-
   Version      : 1.6
   Ways         : 32
   Words        : 1
   Feedback     : 0
   WordBits     : 32
   IndexBits    : 32
   Sort Order   : 0
   Sign Compare : 0
   Max Size     : 268435455
   Debug Enable : 1
   size         : 765000
   average_time :   19.061 # [msec]
   throughput   :   40.134 # [mwords/sec]
   Debug_Time(0):   18.819 # [msec]
   Debug_Time(1):    6.215 # [msec]
   Debug_Time(2):    5.764 # [msec]
   Debug_Time(3):    3.753 # [msec]
   Debug_Time(4):    3.087 # [msec]
-
   Version      : 1.6
   Ways         : 32
   Words        : 1
   Feedback     : 0
   WordBits     : 32
   IndexBits    : 32
   Sort Order   : 0
   Sign Compare : 0
   Max Size     : 268435455
   Debug Enable : 1
   size         : 770000
   average_time :   19.161 # [msec]
   throughput   :   40.186 # [mwords/sec]
   Debug_Time(0):   18.956 # [msec]
   Debug_Time(1):    6.299 # [msec]
   Debug_Time(2):    5.786 # [msec]
   Debug_Time(3):    3.763 # [msec]
   Debug_Time(4):    3.107 # [msec]
-
   Version      : 1.6
   Ways         : 32
   Words        : 1
   Feedback     : 0
   WordBits     : 32
   IndexBits    : 32
   Sort Order   : 0
   Sign Compare : 0
   Max Size     : 268435455
   Debug Enable : 1
   size         : 775000
   average_time :   19.314 # [msec]
   throughput   :   40.127 # [mwords/sec]
   Debug_Time(0):   19.103 # [msec]
   Debug_Time(1):    6.382 # [msec]
   Debug_Time(2):    5.793 # [msec]
   Debug_Time(3):    3.802 # [msec]
   Debug_Time(4):    3.127 # [msec]
-
   Version      : 1.6
   Ways         : 32
   Words        : 1
   Feedback     : 0
   WordBits     : 32
   IndexBits    : 32
   Sort Order   : 0
   Sign Compare : 0
   Max Size     : 268435455
   Debug Enable : 1
   size         : 780000
   average_time :   19.438 # [msec]
   throughput   :   40.127 # [mwords/sec]
   Debug_Time(0):   19.254 # [msec]
   Debug_Time(1):    6.449 # [msec]
   Debug_Time(2):    5.825 # [msec]
   Debug_Time(3):    3.834 # [msec]
   Debug_Time(4):    3.146 # [msec]
-
   Version      : 1.6
   Ways         : 32
   Words        : 1
   Feedback     : 0
   WordBits     : 32
   IndexBits    : 32
   Sort Order   : 0
   Sign Compare : 0
   Max Size     : 268435455
   Debug Enable : 1
   size         : 785000
   average_time :   19.565 # [msec]
   throughput   :   40.122 # [mwords/sec]
   Debug_Time(0):   19.354 # [msec]
   Debug_Time(1):    6.479 # [msec]
   Debug_Time(2):    5.863 # [msec]
   Debug_Time(3):    3.846 # [msec]
   Debug_Time(4):    3.166 # [msec]
-
   Version      : 1.6
   Ways         : 32
   Words        : 1
   Feedback     : 0
   WordBits     : 32
   IndexBits    : 32
   Sort Order   : 0
   Sign Compare : 0
   Max Size     : 268435455
   Debug Enable : 1
   size         : 790000
   average_time :   19.670 # [msec]
   throughput   :   40.162 # [mwords/sec]
   Debug_Time(0):   19.412 # [msec]
   Debug_Time(1):    6.461 # [msec]
   Debug_Time(2):    5.901 # [msec]
   Debug_Time(3):    3.863 # [msec]
   Debug_Time(4):    3.187 # [msec]
-
   Version      : 1.6
   Ways         : 32
   Words        : 1
   Feedback     : 0
   WordBits     : 32
   IndexBits    : 32
   Sort Order   : 0
   Sign Compare : 0
   Max Size     : 268435455
   Debug Enable : 1
   size         : 795000
   average_time :   19.764 # [msec]
   throughput   :   40.225 # [mwords/sec]
   Debug_Time(0):   19.515 # [msec]
   Debug_Time(1):    6.500 # [msec]
   Debug_Time(2):    5.937 # [msec]
   Debug_Time(3):    3.871 # [msec]
   Debug_Time(4):    3.208 # [msec]
-
   Version      : 1.6
   Ways         : 32
   Words        : 1
   Feedback     : 0
   WordBits     : 32
   IndexBits    : 32
   Sort Order   : 0
   Sign Compare : 0
   Max Size     : 268435455
   Debug Enable : 1
   size         : 800000
   average_time :   19.882 # [msec]
   throughput   :   40.238 # [mwords/sec]
   Debug_Time(0):   19.568 # [msec]
   Debug_Time(1):    6.452 # [msec]
   Debug_Time(2):    5.967 # [msec]
   Debug_Time(3):    3.921 # [msec]
   Debug_Time(4):    3.228 # [msec]
-
   Version      : 1.6
   Ways         : 32
   Words        : 1
   Feedback     : 0
   WordBits     : 32
   IndexBits    : 32
   Sort Order   : 0
   Sign Compare : 0
   Max Size     : 268435455
   Debug Enable : 1
   size         : 805000
   average_time :   20.053 # [msec]
   throughput   :   40.144 # [mwords/sec]
   Debug_Time(0):   19.655 # [msec]
   Debug_Time(1):    6.450 # [msec]
   Debug_Time(2):    6.020 # [msec]
   Debug_Time(3):    3.938 # [msec]
   Debug_Time(4):    3.248 # [msec]
-
   Version      : 1.6
   Ways         : 32
   Words        : 1
   Feedback     : 0
   WordBits     : 32
   IndexBits    : 32
   Sort Order   : 0
   Sign Compare : 0
   Max Size     : 268435455
   Debug Enable : 1
   size         : 810000
   average_time :   20.203 # [msec]
   throughput   :   40.092 # [mwords/sec]
   Debug_Time(0):   19.874 # [msec]
   Debug_Time(1):    6.529 # [msec]
   Debug_Time(2):    6.095 # [msec]
   Debug_Time(3):    3.981 # [msec]
   Debug_Time(4):    3.268 # [msec]
-
   Version      : 1.6
   Ways         : 32
   Words        : 1
   Feedback     : 0
   WordBits     : 32
   IndexBits    : 32
   Sort Order   : 0
   Sign Compare : 0
   Max Size     : 268435455
   Debug Enable : 1
   size         : 815000
   average_time :   20.313 # [msec]
   throughput   :   40.122 # [mwords/sec]
   Debug_Time(0):   20.017 # [msec]
   Debug_Time(1):    6.560 # [msec]
   Debug_Time(2):    6.176 # [msec]
   Debug_Time(3):    3.993 # [msec]
   Debug_Time(4):    3.288 # [msec]
-
   Version      : 1.6
   Ways         : 32
   Words        : 1
   Feedback     : 0
   WordBits     : 32
   IndexBits    : 32
   Sort Order   : 0
   Sign Compare : 0
   Max Size     : 268435455
   Debug Enable : 1
   size         : 820000
   average_time :   20.404 # [msec]
   throughput   :   40.188 # [mwords/sec]
   Debug_Time(0):   20.149 # [msec]
   Debug_Time(1):    6.593 # [msec]
   Debug_Time(2):    6.242 # [msec]
   Debug_Time(3):    4.006 # [msec]
   Debug_Time(4):    3.309 # [msec]
-
   Version      : 1.6
   Ways         : 32
   Words        : 1
   Feedback     : 0
   WordBits     : 32
   IndexBits    : 32
   Sort Order   : 0
   Sign Compare : 0
   Max Size     : 268435455
   Debug Enable : 1
   size         : 825000
   average_time :   20.528 # [msec]
   throughput   :   40.188 # [mwords/sec]
   Debug_Time(0):   20.298 # [msec]
   Debug_Time(1):    6.615 # [msec]
   Debug_Time(2):    6.307 # [msec]
   Debug_Time(3):    4.048 # [msec]
   Debug_Time(4):    3.328 # [msec]
-
   Version      : 1.6
   Ways         : 32
   Words        : 1
   Feedback     : 0
   WordBits     : 32
   IndexBits    : 32
   Sort Order   : 0
   Sign Compare : 0
   Max Size     : 268435455
   Debug Enable : 1
   size         : 830000
   average_time :   20.630 # [msec]
   throughput   :   40.232 # [mwords/sec]
   Debug_Time(0):   20.432 # [msec]
   Debug_Time(1):    6.649 # [msec]
   Debug_Time(2):    6.364 # [msec]
   Debug_Time(3):    4.069 # [msec]
   Debug_Time(4):    3.350 # [msec]
-
   Version      : 1.6
   Ways         : 32
   Words        : 1
   Feedback     : 0
   WordBits     : 32
   IndexBits    : 32
   Sort Order   : 0
   Sign Compare : 0
   Max Size     : 268435455
   Debug Enable : 1
   size         : 835000
   average_time :   20.789 # [msec]
   throughput   :   40.165 # [mwords/sec]
   Debug_Time(0):   20.649 # [msec]
   Debug_Time(1):    6.791 # [msec]
   Debug_Time(2):    6.400 # [msec]
   Debug_Time(3):    4.090 # [msec]
   Debug_Time(4):    3.369 # [msec]
-
   Version      : 1.6
   Ways         : 32
   Words        : 1
   Feedback     : 0
   WordBits     : 32
   IndexBits    : 32
   Sort Order   : 0
   Sign Compare : 0
   Max Size     : 268435455
   Debug Enable : 1
   size         : 840000
   average_time :   20.953 # [msec]
   throughput   :   40.089 # [mwords/sec]
   Debug_Time(0):   20.808 # [msec]
   Debug_Time(1):    6.914 # [msec]
   Debug_Time(2):    6.378 # [msec]
   Debug_Time(3):    4.127 # [msec]
   Debug_Time(4):    3.389 # [msec]
-
   Version      : 1.6
   Ways         : 32
   Words        : 1
   Feedback     : 0
   WordBits     : 32
   IndexBits    : 32
   Sort Order   : 0
   Sign Compare : 0
   Max Size     : 268435455
   Debug Enable : 1
   size         : 845000
   average_time :   21.049 # [msec]
   throughput   :   40.144 # [mwords/sec]
   Debug_Time(0):   20.966 # [msec]
   Debug_Time(1):    7.019 # [msec]
   Debug_Time(2):    6.391 # [msec]
   Debug_Time(3):    4.146 # [msec]
   Debug_Time(4):    3.409 # [msec]
-
   Version      : 1.6
   Ways         : 32
   Words        : 1
   Feedback     : 0
   WordBits     : 32
   IndexBits    : 32
   Sort Order   : 0
   Sign Compare : 0
   Max Size     : 268435455
   Debug Enable : 1
   size         : 850000
   average_time :   21.111 # [msec]
   throughput   :   40.264 # [mwords/sec]
   Debug_Time(0):   20.887 # [msec]
   Debug_Time(1):    6.810 # [msec]
   Debug_Time(2):    6.515 # [msec]
   Debug_Time(3):    4.133 # [msec]
   Debug_Time(4):    3.429 # [msec]
-
   Version      : 1.6
   Ways         : 32
   Words        : 1
   Feedback     : 0
   WordBits     : 32
   IndexBits    : 32
   Sort Order   : 0
   Sign Compare : 0
   Max Size     : 268435455
   Debug Enable : 1
   size         : 855000
   average_time :   21.258 # [msec]
   throughput   :   40.221 # [mwords/sec]
   Debug_Time(0):   21.165 # [msec]
   Debug_Time(1):    7.119 # [msec]
   Debug_Time(2):    6.421 # [msec]
   Debug_Time(3):    4.174 # [msec]
   Debug_Time(4):    3.450 # [msec]
-
   Version      : 1.6
   Ways         : 32
   Words        : 1
   Feedback     : 0
   WordBits     : 32
   IndexBits    : 32
   Sort Order   : 0
   Sign Compare : 0
   Max Size     : 268435455
   Debug Enable : 1
   size         : 860000
   average_time :   21.391 # [msec]
   throughput   :   40.204 # [mwords/sec]
   Debug_Time(0):   21.290 # [msec]
   Debug_Time(1):    7.156 # [msec]
   Debug_Time(2):    6.450 # [msec]
   Debug_Time(3):    4.214 # [msec]
   Debug_Time(4):    3.470 # [msec]
-
   Version      : 1.6
   Ways         : 32
   Words        : 1
   Feedback     : 0
   WordBits     : 32
   IndexBits    : 32
   Sort Order   : 0
   Sign Compare : 0
   Max Size     : 268435455
   Debug Enable : 1
   size         : 865000
   average_time :   21.484 # [msec]
   throughput   :   40.262 # [mwords/sec]
   Debug_Time(0):   21.413 # [msec]
   Debug_Time(1):    7.204 # [msec]
   Debug_Time(2):    6.484 # [msec]
   Debug_Time(3):    4.235 # [msec]
   Debug_Time(4):    3.490 # [msec]
-
   Version      : 1.6
   Ways         : 32
   Words        : 1
   Feedback     : 0
   WordBits     : 32
   IndexBits    : 32
   Sort Order   : 0
   Sign Compare : 0
   Max Size     : 268435455
   Debug Enable : 1
   size         : 870000
   average_time :   21.616 # [msec]
   throughput   :   40.248 # [mwords/sec]
   Debug_Time(0):   21.515 # [msec]
   Debug_Time(1):    7.124 # [msec]
   Debug_Time(2):    6.621 # [msec]
   Debug_Time(3):    4.260 # [msec]
   Debug_Time(4):    3.509 # [msec]
-
   Version      : 1.6
   Ways         : 32
   Words        : 1
   Feedback     : 0
   WordBits     : 32
   IndexBits    : 32
   Sort Order   : 0
   Sign Compare : 0
   Max Size     : 268435455
   Debug Enable : 1
   size         : 875000
   average_time :   21.730 # [msec]
   throughput   :   40.267 # [mwords/sec]
   Debug_Time(0):   21.435 # [msec]
   Debug_Time(1):    7.103 # [msec]
   Debug_Time(2):    6.519 # [msec]
   Debug_Time(3):    4.283 # [msec]
   Debug_Time(4):    3.530 # [msec]
-
   Version      : 1.6
   Ways         : 32
   Words        : 1
   Feedback     : 0
   WordBits     : 32
   IndexBits    : 32
   Sort Order   : 0
   Sign Compare : 0
   Max Size     : 268435455
   Debug Enable : 1
   size         : 880000
   average_time :   21.859 # [msec]
   throughput   :   40.258 # [mwords/sec]
   Debug_Time(0):   21.521 # [msec]
   Debug_Time(1):    7.106 # [msec]
   Debug_Time(2):    6.561 # [msec]
   Debug_Time(3):    4.304 # [msec]
   Debug_Time(4):    3.550 # [msec]
-
   Version      : 1.6
   Ways         : 32
   Words        : 1
   Feedback     : 0
   WordBits     : 32
   IndexBits    : 32
   Sort Order   : 0
   Sign Compare : 0
   Max Size     : 268435455
   Debug Enable : 1
   size         : 885000
   average_time :   21.997 # [msec]
   throughput   :   40.234 # [mwords/sec]
   Debug_Time(0):   21.619 # [msec]
   Debug_Time(1):    7.095 # [msec]
   Debug_Time(2):    6.602 # [msec]
   Debug_Time(3):    4.352 # [msec]
   Debug_Time(4):    3.571 # [msec]
-
   Version      : 1.6
   Ways         : 32
   Words        : 1
   Feedback     : 0
   WordBits     : 32
   IndexBits    : 32
   Sort Order   : 0
   Sign Compare : 0
   Max Size     : 268435455
   Debug Enable : 1
   size         : 890000
   average_time :   22.084 # [msec]
   throughput   :   40.301 # [mwords/sec]
   Debug_Time(0):   21.662 # [msec]
   Debug_Time(1):    7.078 # [msec]
   Debug_Time(2):    6.637 # [msec]
   Debug_Time(3):    4.356 # [msec]
   Debug_Time(4):    3.591 # [msec]
-
   Version      : 1.6
   Ways         : 32
   Words        : 1
   Feedback     : 0
   WordBits     : 32
   IndexBits    : 32
   Sort Order   : 0
   Sign Compare : 0
   Max Size     : 268435455
   Debug Enable : 1
   size         : 895000
   average_time :   22.221 # [msec]
   throughput   :   40.278 # [mwords/sec]
   Debug_Time(0):   21.850 # [msec]
   Debug_Time(1):    7.191 # [msec]
   Debug_Time(2):    6.674 # [msec]
   Debug_Time(3):    4.373 # [msec]
   Debug_Time(4):    3.611 # [msec]
-
   Version      : 1.6
   Ways         : 32
   Words        : 1
   Feedback     : 0
   WordBits     : 32
   IndexBits    : 32
   Sort Order   : 0
   Sign Compare : 0
   Max Size     : 268435455
   Debug Enable : 1
   size         : 900000
   average_time :   22.353 # [msec]
   throughput   :   40.263 # [mwords/sec]
   Debug_Time(0):   21.973 # [msec]
   Debug_Time(1):    7.222 # [msec]
   Debug_Time(2):    6.712 # [msec]
   Debug_Time(3):    4.407 # [msec]
   Debug_Time(4):    3.631 # [msec]
-
   Version      : 1.6
   Ways         : 32
   Words        : 1
   Feedback     : 0
   WordBits     : 32
   IndexBits    : 32
   Sort Order   : 0
   Sign Compare : 0
   Max Size     : 268435455
   Debug Enable : 1
   size         : 905000
   average_time :   22.480 # [msec]
   throughput   :   40.259 # [mwords/sec]
   Debug_Time(0):   22.083 # [msec]
   Debug_Time(1):    7.256 # [msec]
   Debug_Time(2):    6.749 # [msec]
   Debug_Time(3):    4.427 # [msec]
   Debug_Time(4):    3.651 # [msec]
-
   Version      : 1.6
   Ways         : 32
   Words        : 1
   Feedback     : 0
   WordBits     : 32
   IndexBits    : 32
   Sort Order   : 0
   Sign Compare : 0
   Max Size     : 268435455
   Debug Enable : 1
   size         : 910000
   average_time :   22.626 # [msec]
   throughput   :   40.219 # [mwords/sec]
   Debug_Time(0):   22.250 # [msec]
   Debug_Time(1):    7.330 # [msec]
   Debug_Time(2):    6.779 # [msec]
   Debug_Time(3):    4.471 # [msec]
   Debug_Time(4):    3.670 # [msec]
-
   Version      : 1.6
   Ways         : 32
   Words        : 1
   Feedback     : 0
   WordBits     : 32
   IndexBits    : 32
   Sort Order   : 0
   Sign Compare : 0
   Max Size     : 268435455
   Debug Enable : 1
   size         : 915000
   average_time :   22.742 # [msec]
   throughput   :   40.234 # [mwords/sec]
   Debug_Time(0):   22.282 # [msec]
   Debug_Time(1):    7.292 # [msec]
   Debug_Time(2):    6.815 # [msec]
   Debug_Time(3):    4.484 # [msec]
   Debug_Time(4):    3.691 # [msec]
-
   Version      : 1.6
   Ways         : 32
   Words        : 1
   Feedback     : 0
   WordBits     : 32
   IndexBits    : 32
   Sort Order   : 0
   Sign Compare : 0
   Max Size     : 268435455
   Debug Enable : 1
   size         : 920000
   average_time :   22.870 # [msec]
   throughput   :   40.227 # [mwords/sec]
   Debug_Time(0):   22.515 # [msec]
   Debug_Time(1):    7.434 # [msec]
   Debug_Time(2):    6.859 # [msec]
   Debug_Time(3):    4.510 # [msec]
   Debug_Time(4):    3.712 # [msec]
-
   Version      : 1.6
   Ways         : 32
   Words        : 1
   Feedback     : 0
   WordBits     : 32
   IndexBits    : 32
   Sort Order   : 0
   Sign Compare : 0
   Max Size     : 268435455
   Debug Enable : 1
   size         : 925000
   average_time :   22.977 # [msec]
   throughput   :   40.258 # [mwords/sec]
   Debug_Time(0):   22.580 # [msec]
   Debug_Time(1):    7.419 # [msec]
   Debug_Time(2):    6.896 # [msec]
   Debug_Time(3):    4.534 # [msec]
   Debug_Time(4):    3.732 # [msec]
-
   Version      : 1.6
   Ways         : 32
   Words        : 1
   Feedback     : 0
   WordBits     : 32
   IndexBits    : 32
   Sort Order   : 0
   Sign Compare : 0
   Max Size     : 268435455
   Debug Enable : 1
   size         : 930000
   average_time :   23.117 # [msec]
   throughput   :   40.230 # [mwords/sec]
   Debug_Time(0):   22.698 # [msec]
   Debug_Time(1):    7.458 # [msec]
   Debug_Time(2):    6.933 # [msec]
   Debug_Time(3):    4.554 # [msec]
   Debug_Time(4):    3.752 # [msec]
-
   Version      : 1.6
   Ways         : 32
   Words        : 1
   Feedback     : 0
   WordBits     : 32
   IndexBits    : 32
   Sort Order   : 0
   Sign Compare : 0
   Max Size     : 268435455
   Debug Enable : 1
   size         : 935000
   average_time :   23.254 # [msec]
   throughput   :   40.208 # [mwords/sec]
   Debug_Time(0):   22.856 # [msec]
   Debug_Time(1):    7.544 # [msec]
   Debug_Time(2):    6.965 # [msec]
   Debug_Time(3):    4.574 # [msec]
   Debug_Time(4):    3.773 # [msec]
-
   Version      : 1.6
   Ways         : 32
   Words        : 1
   Feedback     : 0
   WordBits     : 32
   IndexBits    : 32
   Sort Order   : 0
   Sign Compare : 0
   Max Size     : 268435455
   Debug Enable : 1
   size         : 940000
   average_time :   23.373 # [msec]
   throughput   :   40.218 # [mwords/sec]
   Debug_Time(0):   22.979 # [msec]
   Debug_Time(1):    7.580 # [msec]
   Debug_Time(2):    7.010 # [msec]
   Debug_Time(3):    4.597 # [msec]
   Debug_Time(4):    3.792 # [msec]
-
   Version      : 1.6
   Ways         : 32
   Words        : 1
   Feedback     : 0
   WordBits     : 32
   IndexBits    : 32
   Sort Order   : 0
   Sign Compare : 0
   Max Size     : 268435455
   Debug Enable : 1
   size         : 945000
   average_time :   23.467 # [msec]
   throughput   :   40.268 # [mwords/sec]
   Debug_Time(0):   23.058 # [msec]
   Debug_Time(1):    7.592 # [msec]
   Debug_Time(2):    7.041 # [msec]
   Debug_Time(3):    4.613 # [msec]
   Debug_Time(4):    3.812 # [msec]
-
   Version      : 1.6
   Ways         : 32
   Words        : 1
   Feedback     : 0
   WordBits     : 32
   IndexBits    : 32
   Sort Order   : 0
   Sign Compare : 0
   Max Size     : 268435455
   Debug Enable : 1
   size         : 950000
   average_time :   23.611 # [msec]
   throughput   :   40.235 # [mwords/sec]
   Debug_Time(0):   23.157 # [msec]
   Debug_Time(1):    7.596 # [msec]
   Debug_Time(2):    7.080 # [msec]
   Debug_Time(3):    4.650 # [msec]
   Debug_Time(4):    3.832 # [msec]
-
   Version      : 1.6
   Ways         : 32
   Words        : 1
   Feedback     : 0
   WordBits     : 32
   IndexBits    : 32
   Sort Order   : 0
   Sign Compare : 0
   Max Size     : 268435455
   Debug Enable : 1
   size         : 955000
   average_time :   23.752 # [msec]
   throughput   :   40.208 # [mwords/sec]
   Debug_Time(0):   23.384 # [msec]
   Debug_Time(1):    7.728 # [msec]
   Debug_Time(2):    7.120 # [msec]
   Debug_Time(3):    4.683 # [msec]
   Debug_Time(4):    3.853 # [msec]
-
   Version      : 1.6
   Ways         : 32
   Words        : 1
   Feedback     : 0
   WordBits     : 32
   IndexBits    : 32
   Sort Order   : 0
   Sign Compare : 0
   Max Size     : 268435455
   Debug Enable : 1
   size         : 960000
   average_time :   23.746 # [msec]
   throughput   :   40.427 # [mwords/sec]
   Debug_Time(0):   23.391 # [msec]
   Debug_Time(1):    7.679 # [msec]
   Debug_Time(2):    7.157 # [msec]
   Debug_Time(3):    4.682 # [msec]
   Debug_Time(4):    3.873 # [msec]
-
   Version      : 1.6
   Ways         : 32
   Words        : 1
   Feedback     : 0
   WordBits     : 32
   IndexBits    : 32
   Sort Order   : 0
   Sign Compare : 0
   Max Size     : 268435455
   Debug Enable : 1
   size         : 965000
   average_time :   23.951 # [msec]
   throughput   :   40.291 # [mwords/sec]
   Debug_Time(0):   23.580 # [msec]
   Debug_Time(1):    7.785 # [msec]
   Debug_Time(2):    7.192 # [msec]
   Debug_Time(3):    4.710 # [msec]
   Debug_Time(4):    3.893 # [msec]
-
   Version      : 1.6
   Ways         : 32
   Words        : 1
   Feedback     : 0
   WordBits     : 32
   IndexBits    : 32
   Sort Order   : 0
   Sign Compare : 0
   Max Size     : 268435455
   Debug Enable : 1
   size         : 970000
   average_time :   24.055 # [msec]
   throughput   :   40.325 # [mwords/sec]
   Debug_Time(0):   23.674 # [msec]
   Debug_Time(1):    7.775 # [msec]
   Debug_Time(2):    7.232 # [msec]
   Debug_Time(3):    4.753 # [msec]
   Debug_Time(4):    3.913 # [msec]
-
   Version      : 1.6
   Ways         : 32
   Words        : 1
   Feedback     : 0
   WordBits     : 32
   IndexBits    : 32
   Sort Order   : 0
   Sign Compare : 0
   Max Size     : 268435455
   Debug Enable : 1
   size         : 975000
   average_time :   24.181 # [msec]
   throughput   :   40.321 # [mwords/sec]
   Debug_Time(0):   23.810 # [msec]
   Debug_Time(1):    7.823 # [msec]
   Debug_Time(2):    7.271 # [msec]
   Debug_Time(3):    4.783 # [msec]
   Debug_Time(4):    3.933 # [msec]
-
   Version      : 1.6
   Ways         : 32
   Words        : 1
   Feedback     : 0
   WordBits     : 32
   IndexBits    : 32
   Sort Order   : 0
   Sign Compare : 0
   Max Size     : 268435455
   Debug Enable : 1
   size         : 980000
   average_time :   24.291 # [msec]
   throughput   :   40.344 # [mwords/sec]
   Debug_Time(0):   23.936 # [msec]
   Debug_Time(1):    7.887 # [msec]
   Debug_Time(2):    7.303 # [msec]
   Debug_Time(3):    4.793 # [msec]
   Debug_Time(4):    3.953 # [msec]
-
   Version      : 1.6
   Ways         : 32
   Words        : 1
   Feedback     : 0
   WordBits     : 32
   IndexBits    : 32
   Sort Order   : 0
   Sign Compare : 0
   Max Size     : 268435455
   Debug Enable : 1
   size         : 985000
   average_time :   24.406 # [msec]
   throughput   :   40.359 # [mwords/sec]
   Debug_Time(0):   24.055 # [msec]
   Debug_Time(1):    7.916 # [msec]
   Debug_Time(2):    7.339 # [msec]
   Debug_Time(3):    4.825 # [msec]
   Debug_Time(4):    3.974 # [msec]
-
   Version      : 1.6
   Ways         : 32
   Words        : 1
   Feedback     : 0
   WordBits     : 32
   IndexBits    : 32
   Sort Order   : 0
   Sign Compare : 0
   Max Size     : 268435455
   Debug Enable : 1
   size         : 990000
   average_time :   24.501 # [msec]
   throughput   :   40.407 # [mwords/sec]
   Debug_Time(0):   24.156 # [msec]
   Debug_Time(1):    7.959 # [msec]
   Debug_Time(2):    7.380 # [msec]
   Debug_Time(3):    4.823 # [msec]
   Debug_Time(4):    3.994 # [msec]
-
   Version      : 1.6
   Ways         : 32
   Words        : 1
   Feedback     : 0
   WordBits     : 32
   IndexBits    : 32
   Sort Order   : 0
   Sign Compare : 0
   Max Size     : 268435455
   Debug Enable : 1
   size         : 995000
   average_time :   24.679 # [msec]
   throughput   :   40.317 # [mwords/sec]
   Debug_Time(0):   24.324 # [msec]
   Debug_Time(1):    7.999 # [msec]
   Debug_Time(2):    7.421 # [msec]
   Debug_Time(3):    4.890 # [msec]
   Debug_Time(4):    4.013 # [msec]
-
   Version      : 1.6
   Ways         : 32
   Words        : 1
   Feedback     : 0
   WordBits     : 32
   IndexBits    : 32
   Sort Order   : 0
   Sign Compare : 0
   Max Size     : 268435455
   Debug Enable : 1
   size         : 1000000
   average_time :   24.744 # [msec]
   throughput   :   40.414 # [mwords/sec]
   Debug_Time(0):   24.413 # [msec]
   Debug_Time(1):    8.032 # [msec]
   Debug_Time(2):    7.454 # [msec]
   Debug_Time(3):    4.894 # [msec]
   Debug_Time(4):    4.034 # [msec]
