---
-
   Version      : 1.6
   Ways         : 16
   Words        : 2
   Feedback     : 2
   WordBits     : 32
   IndexBits    : 32
   Sort Order   : 0
   Sign Compare : 0
   Max Size     : 268435455
   Debug Enable : 1
   size         : 5000
   average_time :    0.202 # [msec]
   throughput   :   24.696 # [mwords/sec]
   Debug_Time(0):    0.052 # [msec]
   Debug_Time(1):    0.052 # [msec]
-
   Version      : 1.6
   Ways         : 16
   Words        : 2
   Feedback     : 2
   WordBits     : 32
   IndexBits    : 32
   Sort Order   : 0
   Sign Compare : 0
   Max Size     : 268435455
   Debug Enable : 1
   size         : 10000
   average_time :    0.285 # [msec]
   throughput   :   35.090 # [mwords/sec]
   Debug_Time(0):    0.127 # [msec]
   Debug_Time(1):    0.103 # [msec]
   Debug_Time(2):    0.025 # [msec]
-
   Version      : 1.6
   Ways         : 16
   Words        : 2
   Feedback     : 2
   WordBits     : 32
   IndexBits    : 32
   Sort Order   : 0
   Sign Compare : 0
   Max Size     : 268435455
   Debug Enable : 1
   size         : 15000
   average_time :    0.297 # [msec]
   throughput   :   50.530 # [mwords/sec]
   Debug_Time(0):    0.137 # [msec]
   Debug_Time(1):    0.103 # [msec]
   Debug_Time(2):    0.034 # [msec]
-
   Version      : 1.6
   Ways         : 16
   Words        : 2
   Feedback     : 2
   WordBits     : 32
   IndexBits    : 32
   Sort Order   : 0
   Sign Compare : 0
   Max Size     : 268435455
   Debug Enable : 1
   size         : 20000
   average_time :    0.360 # [msec]
   throughput   :   55.591 # [mwords/sec]
   Debug_Time(0):    0.199 # [msec]
   Debug_Time(1):    0.154 # [msec]
   Debug_Time(2):    0.046 # [msec]
-
   Version      : 1.6
   Ways         : 16
   Words        : 2
   Feedback     : 2
   WordBits     : 32
   IndexBits    : 32
   Sort Order   : 0
   Sign Compare : 0
   Max Size     : 268435455
   Debug Enable : 1
   size         : 25000
   average_time :    0.373 # [msec]
   throughput   :   66.976 # [mwords/sec]
   Debug_Time(0):    0.212 # [msec]
   Debug_Time(1):    0.157 # [msec]
   Debug_Time(2):    0.055 # [msec]
-
   Version      : 1.6
   Ways         : 16
   Words        : 2
   Feedback     : 2
   WordBits     : 32
   IndexBits    : 32
   Sort Order   : 0
   Sign Compare : 0
   Max Size     : 268435455
   Debug Enable : 1
   size         : 30000
   average_time :    0.505 # [msec]
   throughput   :   59.407 # [mwords/sec]
   Debug_Time(0):    0.272 # [msec]
   Debug_Time(1):    0.206 # [msec]
   Debug_Time(2):    0.067 # [msec]
-
   Version      : 1.6
   Ways         : 16
   Words        : 2
   Feedback     : 2
   WordBits     : 32
   IndexBits    : 32
   Sort Order   : 0
   Sign Compare : 0
   Max Size     : 268435455
   Debug Enable : 1
   size         : 35000
   average_time :    0.553 # [msec]
   throughput   :   63.323 # [mwords/sec]
   Debug_Time(0):    0.341 # [msec]
   Debug_Time(1):    0.256 # [msec]
   Debug_Time(2):    0.085 # [msec]
-
   Version      : 1.6
   Ways         : 16
   Words        : 2
   Feedback     : 2
   WordBits     : 32
   IndexBits    : 32
   Sort Order   : 0
   Sign Compare : 0
   Max Size     : 268435455
   Debug Enable : 1
   size         : 40000
   average_time :    0.513 # [msec]
   throughput   :   78.015 # [mwords/sec]
   Debug_Time(0):    0.348 # [msec]
   Debug_Time(1):    0.257 # [msec]
   Debug_Time(2):    0.092 # [msec]
-
   Version      : 1.6
   Ways         : 16
   Words        : 2
   Feedback     : 2
   WordBits     : 32
   IndexBits    : 32
   Sort Order   : 0
   Sign Compare : 0
   Max Size     : 268435455
   Debug Enable : 1
   size         : 45000
   average_time :    0.579 # [msec]
   throughput   :   77.784 # [mwords/sec]
   Debug_Time(0):    0.415 # [msec]
   Debug_Time(1):    0.308 # [msec]
   Debug_Time(2):    0.107 # [msec]
-
   Version      : 1.6
   Ways         : 16
   Words        : 2
   Feedback     : 2
   WordBits     : 32
   IndexBits    : 32
   Sort Order   : 0
   Sign Compare : 0
   Max Size     : 268435455
   Debug Enable : 1
   size         : 50000
   average_time :    0.649 # [msec]
   throughput   :   76.999 # [mwords/sec]
   Debug_Time(0):    0.471 # [msec]
   Debug_Time(1):    0.359 # [msec]
   Debug_Time(2):    0.112 # [msec]
-
   Version      : 1.6
   Ways         : 16
   Words        : 2
   Feedback     : 2
   WordBits     : 32
   IndexBits    : 32
   Sort Order   : 0
   Sign Compare : 0
   Max Size     : 268435455
   Debug Enable : 1
   size         : 55000
   average_time :    0.655 # [msec]
   throughput   :   84.027 # [mwords/sec]
   Debug_Time(0):    0.483 # [msec]
   Debug_Time(1):    0.359 # [msec]
   Debug_Time(2):    0.124 # [msec]
-
   Version      : 1.6
   Ways         : 16
   Words        : 2
   Feedback     : 2
   WordBits     : 32
   IndexBits    : 32
   Sort Order   : 0
   Sign Compare : 0
   Max Size     : 268435455
   Debug Enable : 1
   size         : 60000
   average_time :    0.703 # [msec]
   throughput   :   85.308 # [mwords/sec]
   Debug_Time(0):    0.543 # [msec]
   Debug_Time(1):    0.410 # [msec]
   Debug_Time(2):    0.134 # [msec]
-
   Version      : 1.6
   Ways         : 16
   Words        : 2
   Feedback     : 2
   WordBits     : 32
   IndexBits    : 32
   Sort Order   : 0
   Sign Compare : 0
   Max Size     : 268435455
   Debug Enable : 1
   size         : 65000
   average_time :    0.726 # [msec]
   throughput   :   89.587 # [mwords/sec]
   Debug_Time(0):    0.555 # [msec]
   Debug_Time(1):    0.412 # [msec]
   Debug_Time(2):    0.143 # [msec]
-
   Version      : 1.6
   Ways         : 16
   Words        : 2
   Feedback     : 2
   WordBits     : 32
   IndexBits    : 32
   Sort Order   : 0
   Sign Compare : 0
   Max Size     : 268435455
   Debug Enable : 1
   size         : 70000
   average_time :    0.796 # [msec]
   throughput   :   87.955 # [mwords/sec]
   Debug_Time(0):    0.628 # [msec]
   Debug_Time(1):    0.463 # [msec]
   Debug_Time(2):    0.165 # [msec]
-
   Version      : 1.6
   Ways         : 16
   Words        : 2
   Feedback     : 2
   WordBits     : 32
   IndexBits    : 32
   Sort Order   : 0
   Sign Compare : 0
   Max Size     : 268435455
   Debug Enable : 1
   size         : 75000
   average_time :    0.998 # [msec]
   throughput   :   75.145 # [mwords/sec]
   Debug_Time(0):    0.853 # [msec]
   Debug_Time(1):    0.671 # [msec]
   Debug_Time(2):    0.182 # [msec]
-
   Version      : 1.6
   Ways         : 16
   Words        : 2
   Feedback     : 2
   WordBits     : 32
   IndexBits    : 32
   Sort Order   : 0
   Sign Compare : 0
   Max Size     : 268435455
   Debug Enable : 1
   size         : 80000
   average_time :    0.948 # [msec]
   throughput   :   84.350 # [mwords/sec]
   Debug_Time(0):    0.812 # [msec]
   Debug_Time(1):    0.625 # [msec]
   Debug_Time(2):    0.187 # [msec]
-
   Version      : 1.6
   Ways         : 16
   Words        : 2
   Feedback     : 2
   WordBits     : 32
   IndexBits    : 32
   Sort Order   : 0
   Sign Compare : 0
   Max Size     : 268435455
   Debug Enable : 1
   size         : 85000
   average_time :    1.368 # [msec]
   throughput   :   62.153 # [mwords/sec]
   Debug_Time(0):    1.142 # [msec]
   Debug_Time(1):    0.937 # [msec]
   Debug_Time(2):    0.204 # [msec]
-
   Version      : 1.6
   Ways         : 16
   Words        : 2
   Feedback     : 2
   WordBits     : 32
   IndexBits    : 32
   Sort Order   : 0
   Sign Compare : 0
   Max Size     : 268435455
   Debug Enable : 1
   size         : 90000
   average_time :    1.309 # [msec]
   throughput   :   68.738 # [mwords/sec]
   Debug_Time(0):    1.177 # [msec]
   Debug_Time(1):    0.960 # [msec]
   Debug_Time(2):    0.217 # [msec]
-
   Version      : 1.6
   Ways         : 16
   Words        : 2
   Feedback     : 2
   WordBits     : 32
   IndexBits    : 32
   Sort Order   : 0
   Sign Compare : 0
   Max Size     : 268435455
   Debug Enable : 1
   size         : 95000
   average_time :    1.527 # [msec]
   throughput   :   62.208 # [mwords/sec]
   Debug_Time(0):    1.337 # [msec]
   Debug_Time(1):    1.085 # [msec]
   Debug_Time(2):    0.251 # [msec]
-
   Version      : 1.6
   Ways         : 16
   Words        : 2
   Feedback     : 2
   WordBits     : 32
   IndexBits    : 32
   Sort Order   : 0
   Sign Compare : 0
   Max Size     : 268435455
   Debug Enable : 1
   size         : 100000
   average_time :    1.129 # [msec]
   throughput   :   88.596 # [mwords/sec]
   Debug_Time(0):    0.968 # [msec]
   Debug_Time(1):    0.738 # [msec]
   Debug_Time(2):    0.229 # [msec]
-
   Version      : 1.6
   Ways         : 16
   Words        : 2
   Feedback     : 2
   WordBits     : 32
   IndexBits    : 32
   Sort Order   : 0
   Sign Compare : 0
   Max Size     : 268435455
   Debug Enable : 1
   size         : 105000
   average_time :    1.599 # [msec]
   throughput   :   65.655 # [mwords/sec]
   Debug_Time(0):    1.421 # [msec]
   Debug_Time(1):    1.155 # [msec]
   Debug_Time(2):    0.266 # [msec]
-
   Version      : 1.6
   Ways         : 16
   Words        : 2
   Feedback     : 2
   WordBits     : 32
   IndexBits    : 32
   Sort Order   : 0
   Sign Compare : 0
   Max Size     : 268435455
   Debug Enable : 1
   size         : 110000
   average_time :    1.722 # [msec]
   throughput   :   63.861 # [mwords/sec]
   Debug_Time(0):    1.514 # [msec]
   Debug_Time(1):    1.228 # [msec]
   Debug_Time(2):    0.286 # [msec]
-
   Version      : 1.6
   Ways         : 16
   Words        : 2
   Feedback     : 2
   WordBits     : 32
   IndexBits    : 32
   Sort Order   : 0
   Sign Compare : 0
   Max Size     : 268435455
   Debug Enable : 1
   size         : 115000
   average_time :    1.641 # [msec]
   throughput   :   70.079 # [mwords/sec]
   Debug_Time(0):    1.508 # [msec]
   Debug_Time(1):    1.218 # [msec]
   Debug_Time(2):    0.290 # [msec]
-
   Version      : 1.6
   Ways         : 16
   Words        : 2
   Feedback     : 2
   WordBits     : 32
   IndexBits    : 32
   Sort Order   : 0
   Sign Compare : 0
   Max Size     : 268435455
   Debug Enable : 1
   size         : 120000
   average_time :    1.860 # [msec]
   throughput   :   64.524 # [mwords/sec]
   Debug_Time(0):    1.647 # [msec]
   Debug_Time(1):    1.339 # [msec]
   Debug_Time(2):    0.308 # [msec]
-
   Version      : 1.6
   Ways         : 16
   Words        : 2
   Feedback     : 2
   WordBits     : 32
   IndexBits    : 32
   Sort Order   : 0
   Sign Compare : 0
   Max Size     : 268435455
   Debug Enable : 1
   size         : 125000
   average_time :    1.967 # [msec]
   throughput   :   63.545 # [mwords/sec]
   Debug_Time(0):    1.751 # [msec]
   Debug_Time(1):    1.432 # [msec]
   Debug_Time(2):    0.319 # [msec]
-
   Version      : 1.6
   Ways         : 16
   Words        : 2
   Feedback     : 2
   WordBits     : 32
   IndexBits    : 32
   Sort Order   : 0
   Sign Compare : 0
   Max Size     : 268435455
   Debug Enable : 1
   size         : 130000
   average_time :    1.962 # [msec]
   throughput   :   66.246 # [mwords/sec]
   Debug_Time(0):    1.750 # [msec]
   Debug_Time(1):    1.420 # [msec]
   Debug_Time(2):    0.330 # [msec]
-
   Version      : 1.6
   Ways         : 16
   Words        : 2
   Feedback     : 2
   WordBits     : 32
   IndexBits    : 32
   Sort Order   : 0
   Sign Compare : 0
   Max Size     : 268435455
   Debug Enable : 1
   size         : 135000
   average_time :    2.388 # [msec]
   throughput   :   56.530 # [mwords/sec]
   Debug_Time(0):    2.154 # [msec]
   Debug_Time(1):    1.516 # [msec]
   Debug_Time(2):    0.305 # [msec]
   Debug_Time(3):    0.334 # [msec]
-
   Version      : 1.6
   Ways         : 16
   Words        : 2
   Feedback     : 2
   WordBits     : 32
   IndexBits    : 32
   Sort Order   : 0
   Sign Compare : 0
   Max Size     : 268435455
   Debug Enable : 1
   size         : 140000
   average_time :    2.431 # [msec]
   throughput   :   57.597 # [mwords/sec]
   Debug_Time(0):    2.178 # [msec]
   Debug_Time(1):    1.537 # [msec]
   Debug_Time(2):    0.315 # [msec]
   Debug_Time(3):    0.326 # [msec]
-
   Version      : 1.6
   Ways         : 16
   Words        : 2
   Feedback     : 2
   WordBits     : 32
   IndexBits    : 32
   Sort Order   : 0
   Sign Compare : 0
   Max Size     : 268435455
   Debug Enable : 1
   size         : 145000
   average_time :    2.593 # [msec]
   throughput   :   55.928 # [mwords/sec]
   Debug_Time(0):    2.328 # [msec]
   Debug_Time(1):    1.647 # [msec]
   Debug_Time(2):    0.326 # [msec]
   Debug_Time(3):    0.355 # [msec]
-
   Version      : 1.6
   Ways         : 16
   Words        : 2
   Feedback     : 2
   WordBits     : 32
   IndexBits    : 32
   Sort Order   : 0
   Sign Compare : 0
   Max Size     : 268435455
   Debug Enable : 1
   size         : 150000
   average_time :    2.659 # [msec]
   throughput   :   56.422 # [mwords/sec]
   Debug_Time(0):    2.364 # [msec]
   Debug_Time(1):    1.657 # [msec]
   Debug_Time(2):    0.337 # [msec]
   Debug_Time(3):    0.370 # [msec]
-
   Version      : 1.6
   Ways         : 16
   Words        : 2
   Feedback     : 2
   WordBits     : 32
   IndexBits    : 32
   Sort Order   : 0
   Sign Compare : 0
   Max Size     : 268435455
   Debug Enable : 1
   size         : 155000
   average_time :    2.551 # [msec]
   throughput   :   60.760 # [mwords/sec]
   Debug_Time(0):    2.362 # [msec]
   Debug_Time(1):    1.646 # [msec]
   Debug_Time(2):    0.347 # [msec]
   Debug_Time(3):    0.369 # [msec]
-
   Version      : 1.6
   Ways         : 16
   Words        : 2
   Feedback     : 2
   WordBits     : 32
   IndexBits    : 32
   Sort Order   : 0
   Sign Compare : 0
   Max Size     : 268435455
   Debug Enable : 1
   size         : 160000
   average_time :    2.688 # [msec]
   throughput   :   59.518 # [mwords/sec]
   Debug_Time(0):    2.478 # [msec]
   Debug_Time(1):    1.743 # [msec]
   Debug_Time(2):    0.358 # [msec]
   Debug_Time(3):    0.377 # [msec]
-
   Version      : 1.6
   Ways         : 16
   Words        : 2
   Feedback     : 2
   WordBits     : 32
   IndexBits    : 32
   Sort Order   : 0
   Sign Compare : 0
   Max Size     : 268435455
   Debug Enable : 1
   size         : 165000
   average_time :    2.755 # [msec]
   throughput   :   59.894 # [mwords/sec]
   Debug_Time(0):    2.571 # [msec]
   Debug_Time(1):    1.811 # [msec]
   Debug_Time(2):    0.368 # [msec]
   Debug_Time(3):    0.392 # [msec]
-
   Version      : 1.6
   Ways         : 16
   Words        : 2
   Feedback     : 2
   WordBits     : 32
   IndexBits    : 32
   Sort Order   : 0
   Sign Compare : 0
   Max Size     : 268435455
   Debug Enable : 1
   size         : 170000
   average_time :    2.986 # [msec]
   throughput   :   56.930 # [mwords/sec]
   Debug_Time(0):    2.650 # [msec]
   Debug_Time(1):    1.844 # [msec]
   Debug_Time(2):    0.380 # [msec]
   Debug_Time(3):    0.426 # [msec]
-
   Version      : 1.6
   Ways         : 16
   Words        : 2
   Feedback     : 2
   WordBits     : 32
   IndexBits    : 32
   Sort Order   : 0
   Sign Compare : 0
   Max Size     : 268435455
   Debug Enable : 1
   size         : 175000
   average_time :    2.620 # [msec]
   throughput   :   66.789 # [mwords/sec]
   Debug_Time(0):    2.497 # [msec]
   Debug_Time(1):    1.670 # [msec]
   Debug_Time(2):    0.391 # [msec]
   Debug_Time(3):    0.437 # [msec]
-
   Version      : 1.6
   Ways         : 16
   Words        : 2
   Feedback     : 2
   WordBits     : 32
   IndexBits    : 32
   Sort Order   : 0
   Sign Compare : 0
   Max Size     : 268435455
   Debug Enable : 1
   size         : 180000
   average_time :    2.720 # [msec]
   throughput   :   66.187 # [mwords/sec]
   Debug_Time(0):    2.596 # [msec]
   Debug_Time(1):    1.749 # [msec]
   Debug_Time(2):    0.400 # [msec]
   Debug_Time(3):    0.446 # [msec]
-
   Version      : 1.6
   Ways         : 16
   Words        : 2
   Feedback     : 2
   WordBits     : 32
   IndexBits    : 32
   Sort Order   : 0
   Sign Compare : 0
   Max Size     : 268435455
   Debug Enable : 1
   size         : 185000
   average_time :    2.882 # [msec]
   throughput   :   64.197 # [mwords/sec]
   Debug_Time(0):    2.758 # [msec]
   Debug_Time(1):    1.890 # [msec]
   Debug_Time(2):    0.411 # [msec]
   Debug_Time(3):    0.457 # [msec]
-
   Version      : 1.6
   Ways         : 16
   Words        : 2
   Feedback     : 2
   WordBits     : 32
   IndexBits    : 32
   Sort Order   : 0
   Sign Compare : 0
   Max Size     : 268435455
   Debug Enable : 1
   size         : 190000
   average_time :    2.958 # [msec]
   throughput   :   64.240 # [mwords/sec]
   Debug_Time(0):    2.820 # [msec]
   Debug_Time(1):    1.927 # [msec]
   Debug_Time(2):    0.422 # [msec]
   Debug_Time(3):    0.471 # [msec]
-
   Version      : 1.6
   Ways         : 16
   Words        : 2
   Feedback     : 2
   WordBits     : 32
   IndexBits    : 32
   Sort Order   : 0
   Sign Compare : 0
   Max Size     : 268435455
   Debug Enable : 1
   size         : 195000
   average_time :    3.011 # [msec]
   throughput   :   64.764 # [mwords/sec]
   Debug_Time(0):    2.887 # [msec]
   Debug_Time(1):    1.970 # [msec]
   Debug_Time(2):    0.432 # [msec]
   Debug_Time(3):    0.485 # [msec]
-
   Version      : 1.6
   Ways         : 16
   Words        : 2
   Feedback     : 2
   WordBits     : 32
   IndexBits    : 32
   Sort Order   : 0
   Sign Compare : 0
   Max Size     : 268435455
   Debug Enable : 1
   size         : 200000
   average_time :    3.116 # [msec]
   throughput   :   64.183 # [mwords/sec]
   Debug_Time(0):    2.999 # [msec]
   Debug_Time(1):    2.056 # [msec]
   Debug_Time(2):    0.443 # [msec]
   Debug_Time(3):    0.500 # [msec]
-
   Version      : 1.6
   Ways         : 16
   Words        : 2
   Feedback     : 2
   WordBits     : 32
   IndexBits    : 32
   Sort Order   : 0
   Sign Compare : 0
   Max Size     : 268435455
   Debug Enable : 1
   size         : 205000
   average_time :    3.167 # [msec]
   throughput   :   64.724 # [mwords/sec]
   Debug_Time(0):    3.039 # [msec]
   Debug_Time(1):    2.074 # [msec]
   Debug_Time(2):    0.454 # [msec]
   Debug_Time(3):    0.511 # [msec]
-
   Version      : 1.6
   Ways         : 16
   Words        : 2
   Feedback     : 2
   WordBits     : 32
   IndexBits    : 32
   Sort Order   : 0
   Sign Compare : 0
   Max Size     : 268435455
   Debug Enable : 1
   size         : 210000
   average_time :    3.270 # [msec]
   throughput   :   64.211 # [mwords/sec]
   Debug_Time(0):    3.138 # [msec]
   Debug_Time(1):    2.148 # [msec]
   Debug_Time(2):    0.464 # [msec]
   Debug_Time(3):    0.526 # [msec]
-
   Version      : 1.6
   Ways         : 16
   Words        : 2
   Feedback     : 2
   WordBits     : 32
   IndexBits    : 32
   Sort Order   : 0
   Sign Compare : 0
   Max Size     : 268435455
   Debug Enable : 1
   size         : 215000
   average_time :    3.454 # [msec]
   throughput   :   62.255 # [mwords/sec]
   Debug_Time(0):    3.272 # [msec]
   Debug_Time(1):    2.258 # [msec]
   Debug_Time(2):    0.475 # [msec]
   Debug_Time(3):    0.539 # [msec]
-
   Version      : 1.6
   Ways         : 16
   Words        : 2
   Feedback     : 2
   WordBits     : 32
   IndexBits    : 32
   Sort Order   : 0
   Sign Compare : 0
   Max Size     : 268435455
   Debug Enable : 1
   size         : 220000
   average_time :    3.683 # [msec]
   throughput   :   59.726 # [mwords/sec]
   Debug_Time(0):    3.394 # [msec]
   Debug_Time(1):    2.363 # [msec]
   Debug_Time(2):    0.486 # [msec]
   Debug_Time(3):    0.545 # [msec]
-
   Version      : 1.6
   Ways         : 16
   Words        : 2
   Feedback     : 2
   WordBits     : 32
   IndexBits    : 32
   Sort Order   : 0
   Sign Compare : 0
   Max Size     : 268435455
   Debug Enable : 1
   size         : 225000
   average_time :    3.490 # [msec]
   throughput   :   64.463 # [mwords/sec]
   Debug_Time(0):    3.324 # [msec]
   Debug_Time(1):    2.284 # [msec]
   Debug_Time(2):    0.496 # [msec]
   Debug_Time(3):    0.543 # [msec]
-
   Version      : 1.6
   Ways         : 16
   Words        : 2
   Feedback     : 2
   WordBits     : 32
   IndexBits    : 32
   Sort Order   : 0
   Sign Compare : 0
   Max Size     : 268435455
   Debug Enable : 1
   size         : 230000
   average_time :    3.740 # [msec]
   throughput   :   61.496 # [mwords/sec]
   Debug_Time(0):    3.541 # [msec]
   Debug_Time(1):    2.456 # [msec]
   Debug_Time(2):    0.507 # [msec]
   Debug_Time(3):    0.578 # [msec]
-
   Version      : 1.6
   Ways         : 16
   Words        : 2
   Feedback     : 2
   WordBits     : 32
   IndexBits    : 32
   Sort Order   : 0
   Sign Compare : 0
   Max Size     : 268435455
   Debug Enable : 1
   size         : 235000
   average_time :    3.797 # [msec]
   throughput   :   61.892 # [mwords/sec]
   Debug_Time(0):    3.600 # [msec]
   Debug_Time(1):    2.484 # [msec]
   Debug_Time(2):    0.524 # [msec]
   Debug_Time(3):    0.592 # [msec]
-
   Version      : 1.6
   Ways         : 16
   Words        : 2
   Feedback     : 2
   WordBits     : 32
   IndexBits    : 32
   Sort Order   : 0
   Sign Compare : 0
   Max Size     : 268435455
   Debug Enable : 1
   size         : 240000
   average_time :    3.894 # [msec]
   throughput   :   61.629 # [mwords/sec]
   Debug_Time(0):    3.704 # [msec]
   Debug_Time(1):    2.566 # [msec]
   Debug_Time(2):    0.536 # [msec]
   Debug_Time(3):    0.602 # [msec]
-
   Version      : 1.6
   Ways         : 16
   Words        : 2
   Feedback     : 2
   WordBits     : 32
   IndexBits    : 32
   Sort Order   : 0
   Sign Compare : 0
   Max Size     : 268435455
   Debug Enable : 1
   size         : 245000
   average_time :    3.887 # [msec]
   throughput   :   63.025 # [mwords/sec]
   Debug_Time(0):    3.754 # [msec]
   Debug_Time(1):    2.596 # [msec]
   Debug_Time(2):    0.540 # [msec]
   Debug_Time(3):    0.618 # [msec]
-
   Version      : 1.6
   Ways         : 16
   Words        : 2
   Feedback     : 2
   WordBits     : 32
   IndexBits    : 32
   Sort Order   : 0
   Sign Compare : 0
   Max Size     : 268435455
   Debug Enable : 1
   size         : 250000
   average_time :    4.056 # [msec]
   throughput   :   61.633 # [mwords/sec]
   Debug_Time(0):    3.854 # [msec]
   Debug_Time(1):    2.675 # [msec]
   Debug_Time(2):    0.549 # [msec]
   Debug_Time(3):    0.630 # [msec]
-
   Version      : 1.6
   Ways         : 16
   Words        : 2
   Feedback     : 2
   WordBits     : 32
   IndexBits    : 32
   Sort Order   : 0
   Sign Compare : 0
   Max Size     : 268435455
   Debug Enable : 1
   size         : 255000
   average_time :    4.102 # [msec]
   throughput   :   62.167 # [mwords/sec]
   Debug_Time(0):    3.942 # [msec]
   Debug_Time(1):    2.741 # [msec]
   Debug_Time(2):    0.560 # [msec]
   Debug_Time(3):    0.641 # [msec]
-
   Version      : 1.6
   Ways         : 16
   Words        : 2
   Feedback     : 2
   WordBits     : 32
   IndexBits    : 32
   Sort Order   : 0
   Sign Compare : 0
   Max Size     : 268435455
   Debug Enable : 1
   size         : 260000
   average_time :    4.178 # [msec]
   throughput   :   62.237 # [mwords/sec]
   Debug_Time(0):    3.997 # [msec]
   Debug_Time(1):    2.769 # [msec]
   Debug_Time(2):    0.571 # [msec]
   Debug_Time(3):    0.657 # [msec]
-
   Version      : 1.6
   Ways         : 16
   Words        : 2
   Feedback     : 2
   WordBits     : 32
   IndexBits    : 32
   Sort Order   : 0
   Sign Compare : 0
   Max Size     : 268435455
   Debug Enable : 1
   size         : 265000
   average_time :    4.252 # [msec]
   throughput   :   62.329 # [mwords/sec]
   Debug_Time(0):    4.085 # [msec]
   Debug_Time(1):    2.836 # [msec]
   Debug_Time(2):    0.582 # [msec]
   Debug_Time(3):    0.667 # [msec]
-
   Version      : 1.6
   Ways         : 16
   Words        : 2
   Feedback     : 2
   WordBits     : 32
   IndexBits    : 32
   Sort Order   : 0
   Sign Compare : 0
   Max Size     : 268435455
   Debug Enable : 1
   size         : 270000
   average_time :    4.385 # [msec]
   throughput   :   61.577 # [mwords/sec]
   Debug_Time(0):    4.151 # [msec]
   Debug_Time(1):    2.874 # [msec]
   Debug_Time(2):    0.592 # [msec]
   Debug_Time(3):    0.685 # [msec]
-
   Version      : 1.6
   Ways         : 16
   Words        : 2
   Feedback     : 2
   WordBits     : 32
   IndexBits    : 32
   Sort Order   : 0
   Sign Compare : 0
   Max Size     : 268435455
   Debug Enable : 1
   size         : 275000
   average_time :    4.399 # [msec]
   throughput   :   62.518 # [mwords/sec]
   Debug_Time(0):    4.269 # [msec]
   Debug_Time(1):    2.979 # [msec]
   Debug_Time(2):    0.603 # [msec]
   Debug_Time(3):    0.687 # [msec]
-
   Version      : 1.6
   Ways         : 16
   Words        : 2
   Feedback     : 2
   WordBits     : 32
   IndexBits    : 32
   Sort Order   : 0
   Sign Compare : 0
   Max Size     : 268435455
   Debug Enable : 1
   size         : 280000
   average_time :    4.590 # [msec]
   throughput   :   60.999 # [mwords/sec]
   Debug_Time(0):    4.355 # [msec]
   Debug_Time(1):    3.041 # [msec]
   Debug_Time(2):    0.613 # [msec]
   Debug_Time(3):    0.700 # [msec]
-
   Version      : 1.6
   Ways         : 16
   Words        : 2
   Feedback     : 2
   WordBits     : 32
   IndexBits    : 32
   Sort Order   : 0
   Sign Compare : 0
   Max Size     : 268435455
   Debug Enable : 1
   size         : 285000
   average_time :    4.551 # [msec]
   throughput   :   62.626 # [mwords/sec]
   Debug_Time(0):    4.387 # [msec]
   Debug_Time(1):    3.050 # [msec]
   Debug_Time(2):    0.624 # [msec]
   Debug_Time(3):    0.713 # [msec]
-
   Version      : 1.6
   Ways         : 16
   Words        : 2
   Feedback     : 2
   WordBits     : 32
   IndexBits    : 32
   Sort Order   : 0
   Sign Compare : 0
   Max Size     : 268435455
   Debug Enable : 1
   size         : 290000
   average_time :    4.746 # [msec]
   throughput   :   61.100 # [mwords/sec]
   Debug_Time(0):    4.371 # [msec]
   Debug_Time(1):    3.007 # [msec]
   Debug_Time(2):    0.634 # [msec]
   Debug_Time(3):    0.730 # [msec]
-
   Version      : 1.6
   Ways         : 16
   Words        : 2
   Feedback     : 2
   WordBits     : 32
   IndexBits    : 32
   Sort Order   : 0
   Sign Compare : 0
   Max Size     : 268435455
   Debug Enable : 1
   size         : 295000
   average_time :    4.701 # [msec]
   throughput   :   62.751 # [mwords/sec]
   Debug_Time(0):    4.453 # [msec]
   Debug_Time(1):    3.070 # [msec]
   Debug_Time(2):    0.645 # [msec]
   Debug_Time(3):    0.738 # [msec]
-
   Version      : 1.6
   Ways         : 16
   Words        : 2
   Feedback     : 2
   WordBits     : 32
   IndexBits    : 32
   Sort Order   : 0
   Sign Compare : 0
   Max Size     : 268435455
   Debug Enable : 1
   size         : 300000
   average_time :    4.846 # [msec]
   throughput   :   61.906 # [mwords/sec]
   Debug_Time(0):    4.573 # [msec]
   Debug_Time(1):    3.160 # [msec]
   Debug_Time(2):    0.656 # [msec]
   Debug_Time(3):    0.757 # [msec]
-
   Version      : 1.6
   Ways         : 16
   Words        : 2
   Feedback     : 2
   WordBits     : 32
   IndexBits    : 32
   Sort Order   : 0
   Sign Compare : 0
   Max Size     : 268435455
   Debug Enable : 1
   size         : 305000
   average_time :    4.959 # [msec]
   throughput   :   61.510 # [mwords/sec]
   Debug_Time(0):    4.644 # [msec]
   Debug_Time(1):    3.206 # [msec]
   Debug_Time(2):    0.666 # [msec]
   Debug_Time(3):    0.771 # [msec]
-
   Version      : 1.6
   Ways         : 16
   Words        : 2
   Feedback     : 2
   WordBits     : 32
   IndexBits    : 32
   Sort Order   : 0
   Sign Compare : 0
   Max Size     : 268435455
   Debug Enable : 1
   size         : 310000
   average_time :    4.949 # [msec]
   throughput   :   62.636 # [mwords/sec]
   Debug_Time(0):    4.682 # [msec]
   Debug_Time(1):    3.219 # [msec]
   Debug_Time(2):    0.677 # [msec]
   Debug_Time(3):    0.786 # [msec]
-
   Version      : 1.6
   Ways         : 16
   Words        : 2
   Feedback     : 2
   WordBits     : 32
   IndexBits    : 32
   Sort Order   : 0
   Sign Compare : 0
   Max Size     : 268435455
   Debug Enable : 1
   size         : 315000
   average_time :    5.034 # [msec]
   throughput   :   62.580 # [mwords/sec]
   Debug_Time(0):    4.788 # [msec]
   Debug_Time(1):    3.305 # [msec]
   Debug_Time(2):    0.688 # [msec]
   Debug_Time(3):    0.795 # [msec]
-
   Version      : 1.6
   Ways         : 16
   Words        : 2
   Feedback     : 2
   WordBits     : 32
   IndexBits    : 32
   Sort Order   : 0
   Sign Compare : 0
   Max Size     : 268435455
   Debug Enable : 1
   size         : 320000
   average_time :    5.081 # [msec]
   throughput   :   62.986 # [mwords/sec]
   Debug_Time(0):    4.836 # [msec]
   Debug_Time(1):    3.331 # [msec]
   Debug_Time(2):    0.699 # [msec]
   Debug_Time(3):    0.806 # [msec]
-
   Version      : 1.6
   Ways         : 16
   Words        : 2
   Feedback     : 2
   WordBits     : 32
   IndexBits    : 32
   Sort Order   : 0
   Sign Compare : 0
   Max Size     : 268435455
   Debug Enable : 1
   size         : 325000
   average_time :    5.269 # [msec]
   throughput   :   61.676 # [mwords/sec]
   Debug_Time(0):    4.924 # [msec]
   Debug_Time(1):    3.394 # [msec]
   Debug_Time(2):    0.709 # [msec]
   Debug_Time(3):    0.821 # [msec]
-
   Version      : 1.6
   Ways         : 16
   Words        : 2
   Feedback     : 2
   WordBits     : 32
   IndexBits    : 32
   Sort Order   : 0
   Sign Compare : 0
   Max Size     : 268435455
   Debug Enable : 1
   size         : 330000
   average_time :    5.374 # [msec]
   throughput   :   61.409 # [mwords/sec]
   Debug_Time(0):    5.023 # [msec]
   Debug_Time(1):    3.473 # [msec]
   Debug_Time(2):    0.720 # [msec]
   Debug_Time(3):    0.830 # [msec]
-
   Version      : 1.6
   Ways         : 16
   Words        : 2
   Feedback     : 2
   WordBits     : 32
   IndexBits    : 32
   Sort Order   : 0
   Sign Compare : 0
   Max Size     : 268435455
   Debug Enable : 1
   size         : 335000
   average_time :    5.424 # [msec]
   throughput   :   61.757 # [mwords/sec]
   Debug_Time(0):    5.085 # [msec]
   Debug_Time(1):    3.507 # [msec]
   Debug_Time(2):    0.730 # [msec]
   Debug_Time(3):    0.847 # [msec]
-
   Version      : 1.6
   Ways         : 16
   Words        : 2
   Feedback     : 2
   WordBits     : 32
   IndexBits    : 32
   Sort Order   : 0
   Sign Compare : 0
   Max Size     : 268435455
   Debug Enable : 1
   size         : 340000
   average_time :    5.412 # [msec]
   throughput   :   62.825 # [mwords/sec]
   Debug_Time(0):    5.203 # [msec]
   Debug_Time(1):    3.610 # [msec]
   Debug_Time(2):    0.741 # [msec]
   Debug_Time(3):    0.852 # [msec]
-
   Version      : 1.6
   Ways         : 16
   Words        : 2
   Feedback     : 2
   WordBits     : 32
   IndexBits    : 32
   Sort Order   : 0
   Sign Compare : 0
   Max Size     : 268435455
   Debug Enable : 1
   size         : 345000
   average_time :    5.532 # [msec]
   throughput   :   62.370 # [mwords/sec]
   Debug_Time(0):    5.284 # [msec]
   Debug_Time(1):    3.667 # [msec]
   Debug_Time(2):    0.752 # [msec]
   Debug_Time(3):    0.865 # [msec]
-
   Version      : 1.6
   Ways         : 16
   Words        : 2
   Feedback     : 2
   WordBits     : 32
   IndexBits    : 32
   Sort Order   : 0
   Sign Compare : 0
   Max Size     : 268435455
   Debug Enable : 1
   size         : 350000
   average_time :    5.579 # [msec]
   throughput   :   62.731 # [mwords/sec]
   Debug_Time(0):    5.305 # [msec]
   Debug_Time(1):    3.662 # [msec]
   Debug_Time(2):    0.762 # [msec]
   Debug_Time(3):    0.880 # [msec]
-
   Version      : 1.6
   Ways         : 16
   Words        : 2
   Feedback     : 2
   WordBits     : 32
   IndexBits    : 32
   Sort Order   : 0
   Sign Compare : 0
   Max Size     : 268435455
   Debug Enable : 1
   size         : 355000
   average_time :    5.658 # [msec]
   throughput   :   62.739 # [mwords/sec]
   Debug_Time(0):    5.410 # [msec]
   Debug_Time(1):    3.738 # [msec]
   Debug_Time(2):    0.773 # [msec]
   Debug_Time(3):    0.899 # [msec]
-
   Version      : 1.6
   Ways         : 16
   Words        : 2
   Feedback     : 2
   WordBits     : 32
   IndexBits    : 32
   Sort Order   : 0
   Sign Compare : 0
   Max Size     : 268435455
   Debug Enable : 1
   size         : 360000
   average_time :    5.711 # [msec]
   throughput   :   63.032 # [mwords/sec]
   Debug_Time(0):    5.444 # [msec]
   Debug_Time(1):    3.749 # [msec]
   Debug_Time(2):    0.784 # [msec]
   Debug_Time(3):    0.911 # [msec]
-
   Version      : 1.6
   Ways         : 16
   Words        : 2
   Feedback     : 2
   WordBits     : 32
   IndexBits    : 32
   Sort Order   : 0
   Sign Compare : 0
   Max Size     : 268435455
   Debug Enable : 1
   size         : 365000
   average_time :    5.805 # [msec]
   throughput   :   62.877 # [mwords/sec]
   Debug_Time(0):    5.537 # [msec]
   Debug_Time(1):    3.813 # [msec]
   Debug_Time(2):    0.799 # [msec]
   Debug_Time(3):    0.926 # [msec]
-
   Version      : 1.6
   Ways         : 16
   Words        : 2
   Feedback     : 2
   WordBits     : 32
   IndexBits    : 32
   Sort Order   : 0
   Sign Compare : 0
   Max Size     : 268435455
   Debug Enable : 1
   size         : 370000
   average_time :    5.901 # [msec]
   throughput   :   62.704 # [mwords/sec]
   Debug_Time(0):    5.629 # [msec]
   Debug_Time(1):    3.892 # [msec]
   Debug_Time(2):    0.805 # [msec]
   Debug_Time(3):    0.931 # [msec]
-
   Version      : 1.6
   Ways         : 16
   Words        : 2
   Feedback     : 2
   WordBits     : 32
   IndexBits    : 32
   Sort Order   : 0
   Sign Compare : 0
   Max Size     : 268435455
   Debug Enable : 1
   size         : 375000
   average_time :    5.972 # [msec]
   throughput   :   62.788 # [mwords/sec]
   Debug_Time(0):    5.690 # [msec]
   Debug_Time(1):    3.914 # [msec]
   Debug_Time(2):    0.816 # [msec]
   Debug_Time(3):    0.959 # [msec]
-
   Version      : 1.6
   Ways         : 16
   Words        : 2
   Feedback     : 2
   WordBits     : 32
   IndexBits    : 32
   Sort Order   : 0
   Sign Compare : 0
   Max Size     : 268435455
   Debug Enable : 1
   size         : 380000
   average_time :    6.049 # [msec]
   throughput   :   62.817 # [mwords/sec]
   Debug_Time(0):    5.803 # [msec]
   Debug_Time(1):    4.007 # [msec]
   Debug_Time(2):    0.826 # [msec]
   Debug_Time(3):    0.970 # [msec]
-
   Version      : 1.6
   Ways         : 16
   Words        : 2
   Feedback     : 2
   WordBits     : 32
   IndexBits    : 32
   Sort Order   : 0
   Sign Compare : 0
   Max Size     : 268435455
   Debug Enable : 1
   size         : 385000
   average_time :    6.083 # [msec]
   throughput   :   63.290 # [mwords/sec]
   Debug_Time(0):    5.873 # [msec]
   Debug_Time(1):    4.053 # [msec]
   Debug_Time(2):    0.837 # [msec]
   Debug_Time(3):    0.983 # [msec]
-
   Version      : 1.6
   Ways         : 16
   Words        : 2
   Feedback     : 2
   WordBits     : 32
   IndexBits    : 32
   Sort Order   : 0
   Sign Compare : 0
   Max Size     : 268435455
   Debug Enable : 1
   size         : 390000
   average_time :    6.192 # [msec]
   throughput   :   62.987 # [mwords/sec]
   Debug_Time(0):    5.980 # [msec]
   Debug_Time(1):    4.140 # [msec]
   Debug_Time(2):    0.847 # [msec]
   Debug_Time(3):    0.993 # [msec]
-
   Version      : 1.6
   Ways         : 16
   Words        : 2
   Feedback     : 2
   WordBits     : 32
   IndexBits    : 32
   Sort Order   : 0
   Sign Compare : 0
   Max Size     : 268435455
   Debug Enable : 1
   size         : 395000
   average_time :    6.296 # [msec]
   throughput   :   62.738 # [mwords/sec]
   Debug_Time(0):    6.067 # [msec]
   Debug_Time(1):    4.208 # [msec]
   Debug_Time(2):    0.859 # [msec]
   Debug_Time(3):    1.000 # [msec]
-
   Version      : 1.6
   Ways         : 16
   Words        : 2
   Feedback     : 2
   WordBits     : 32
   IndexBits    : 32
   Sort Order   : 0
   Sign Compare : 0
   Max Size     : 268435455
   Debug Enable : 1
   size         : 400000
   average_time :    6.415 # [msec]
   throughput   :   62.353 # [mwords/sec]
   Debug_Time(0):    6.035 # [msec]
   Debug_Time(1):    4.145 # [msec]
   Debug_Time(2):    0.869 # [msec]
   Debug_Time(3):    1.021 # [msec]
-
   Version      : 1.6
   Ways         : 16
   Words        : 2
   Feedback     : 2
   WordBits     : 32
   IndexBits    : 32
   Sort Order   : 0
   Sign Compare : 0
   Max Size     : 268435455
   Debug Enable : 1
   size         : 405000
   average_time :    6.433 # [msec]
   throughput   :   62.952 # [mwords/sec]
   Debug_Time(0):    6.135 # [msec]
   Debug_Time(1):    4.202 # [msec]
   Debug_Time(2):    0.879 # [msec]
   Debug_Time(3):    1.054 # [msec]
-
   Version      : 1.6
   Ways         : 16
   Words        : 2
   Feedback     : 2
   WordBits     : 32
   IndexBits    : 32
   Sort Order   : 0
   Sign Compare : 0
   Max Size     : 268435455
   Debug Enable : 1
   size         : 410000
   average_time :    6.471 # [msec]
   throughput   :   63.356 # [mwords/sec]
   Debug_Time(0):    6.202 # [msec]
   Debug_Time(1):    4.244 # [msec]
   Debug_Time(2):    0.890 # [msec]
   Debug_Time(3):    1.068 # [msec]
-
   Version      : 1.6
   Ways         : 16
   Words        : 2
   Feedback     : 2
   WordBits     : 32
   IndexBits    : 32
   Sort Order   : 0
   Sign Compare : 0
   Max Size     : 268435455
   Debug Enable : 1
   size         : 415000
   average_time :    6.582 # [msec]
   throughput   :   63.048 # [mwords/sec]
   Debug_Time(0):    6.299 # [msec]
   Debug_Time(1):    4.318 # [msec]
   Debug_Time(2):    0.901 # [msec]
   Debug_Time(3):    1.081 # [msec]
-
   Version      : 1.6
   Ways         : 16
   Words        : 2
   Feedback     : 2
   WordBits     : 32
   IndexBits    : 32
   Sort Order   : 0
   Sign Compare : 0
   Max Size     : 268435455
   Debug Enable : 1
   size         : 420000
   average_time :    6.665 # [msec]
   throughput   :   63.013 # [mwords/sec]
   Debug_Time(0):    6.347 # [msec]
   Debug_Time(1):    4.347 # [msec]
   Debug_Time(2):    0.911 # [msec]
   Debug_Time(3):    1.089 # [msec]
-
   Version      : 1.6
   Ways         : 16
   Words        : 2
   Feedback     : 2
   WordBits     : 32
   IndexBits    : 32
   Sort Order   : 0
   Sign Compare : 0
   Max Size     : 268435455
   Debug Enable : 1
   size         : 425000
   average_time :    6.710 # [msec]
   throughput   :   63.342 # [mwords/sec]
   Debug_Time(0):    6.419 # [msec]
   Debug_Time(1):    4.400 # [msec]
   Debug_Time(2):    0.922 # [msec]
   Debug_Time(3):    1.096 # [msec]
-
   Version      : 1.6
   Ways         : 16
   Words        : 2
   Feedback     : 2
   WordBits     : 32
   IndexBits    : 32
   Sort Order   : 0
   Sign Compare : 0
   Max Size     : 268435455
   Debug Enable : 1
   size         : 430000
   average_time :    6.802 # [msec]
   throughput   :   63.213 # [mwords/sec]
   Debug_Time(0):    6.517 # [msec]
   Debug_Time(1):    4.475 # [msec]
   Debug_Time(2):    0.933 # [msec]
   Debug_Time(3):    1.108 # [msec]
-
   Version      : 1.6
   Ways         : 16
   Words        : 2
   Feedback     : 2
   WordBits     : 32
   IndexBits    : 32
   Sort Order   : 0
   Sign Compare : 0
   Max Size     : 268435455
   Debug Enable : 1
   size         : 435000
   average_time :    6.888 # [msec]
   throughput   :   63.157 # [mwords/sec]
   Debug_Time(0):    6.580 # [msec]
   Debug_Time(1):    4.511 # [msec]
   Debug_Time(2):    0.943 # [msec]
   Debug_Time(3):    1.126 # [msec]
-
   Version      : 1.6
   Ways         : 16
   Words        : 2
   Feedback     : 2
   WordBits     : 32
   IndexBits    : 32
   Sort Order   : 0
   Sign Compare : 0
   Max Size     : 268435455
   Debug Enable : 1
   size         : 440000
   average_time :    6.927 # [msec]
   throughput   :   63.523 # [mwords/sec]
   Debug_Time(0):    6.592 # [msec]
   Debug_Time(1):    4.501 # [msec]
   Debug_Time(2):    0.955 # [msec]
   Debug_Time(3):    1.136 # [msec]
-
   Version      : 1.6
   Ways         : 16
   Words        : 2
   Feedback     : 2
   WordBits     : 32
   IndexBits    : 32
   Sort Order   : 0
   Sign Compare : 0
   Max Size     : 268435455
   Debug Enable : 1
   size         : 445000
   average_time :    7.024 # [msec]
   throughput   :   63.353 # [mwords/sec]
   Debug_Time(0):    6.698 # [msec]
   Debug_Time(1):    4.581 # [msec]
   Debug_Time(2):    0.965 # [msec]
   Debug_Time(3):    1.153 # [msec]
-
   Version      : 1.6
   Ways         : 16
   Words        : 2
   Feedback     : 2
   WordBits     : 32
   IndexBits    : 32
   Sort Order   : 0
   Sign Compare : 0
   Max Size     : 268435455
   Debug Enable : 1
   size         : 450000
   average_time :    7.066 # [msec]
   throughput   :   63.689 # [mwords/sec]
   Debug_Time(0):    6.753 # [msec]
   Debug_Time(1):    4.619 # [msec]
   Debug_Time(2):    0.975 # [msec]
   Debug_Time(3):    1.159 # [msec]
-
   Version      : 1.6
   Ways         : 16
   Words        : 2
   Feedback     : 2
   WordBits     : 32
   IndexBits    : 32
   Sort Order   : 0
   Sign Compare : 0
   Max Size     : 268435455
   Debug Enable : 1
   size         : 455000
   average_time :    7.169 # [msec]
   throughput   :   63.467 # [mwords/sec]
   Debug_Time(0):    6.863 # [msec]
   Debug_Time(1):    4.707 # [msec]
   Debug_Time(2):    0.986 # [msec]
   Debug_Time(3):    1.170 # [msec]
-
   Version      : 1.6
   Ways         : 16
   Words        : 2
   Feedback     : 2
   WordBits     : 32
   IndexBits    : 32
   Sort Order   : 0
   Sign Compare : 0
   Max Size     : 268435455
   Debug Enable : 1
   size         : 460000
   average_time :    7.261 # [msec]
   throughput   :   63.355 # [mwords/sec]
   Debug_Time(0):    6.949 # [msec]
   Debug_Time(1):    4.764 # [msec]
   Debug_Time(2):    0.996 # [msec]
   Debug_Time(3):    1.189 # [msec]
-
   Version      : 1.6
   Ways         : 16
   Words        : 2
   Feedback     : 2
   WordBits     : 32
   IndexBits    : 32
   Sort Order   : 0
   Sign Compare : 0
   Max Size     : 268435455
   Debug Enable : 1
   size         : 465000
   average_time :    7.381 # [msec]
   throughput   :   62.997 # [mwords/sec]
   Debug_Time(0):    7.023 # [msec]
   Debug_Time(1):    4.816 # [msec]
   Debug_Time(2):    1.007 # [msec]
   Debug_Time(3):    1.200 # [msec]
-
   Version      : 1.6
   Ways         : 16
   Words        : 2
   Feedback     : 2
   WordBits     : 32
   IndexBits    : 32
   Sort Order   : 0
   Sign Compare : 0
   Max Size     : 268435455
   Debug Enable : 1
   size         : 470000
   average_time :    7.389 # [msec]
   throughput   :   63.612 # [mwords/sec]
   Debug_Time(0):    7.087 # [msec]
   Debug_Time(1):    4.856 # [msec]
   Debug_Time(2):    1.018 # [msec]
   Debug_Time(3):    1.213 # [msec]
-
   Version      : 1.6
   Ways         : 16
   Words        : 2
   Feedback     : 2
   WordBits     : 32
   IndexBits    : 32
   Sort Order   : 0
   Sign Compare : 0
   Max Size     : 268435455
   Debug Enable : 1
   size         : 475000
   average_time :    7.454 # [msec]
   throughput   :   63.724 # [mwords/sec]
   Debug_Time(0):    7.191 # [msec]
   Debug_Time(1):    4.940 # [msec]
   Debug_Time(2):    1.029 # [msec]
   Debug_Time(3):    1.222 # [msec]
-
   Version      : 1.6
   Ways         : 16
   Words        : 2
   Feedback     : 2
   WordBits     : 32
   IndexBits    : 32
   Sort Order   : 0
   Sign Compare : 0
   Max Size     : 268435455
   Debug Enable : 1
   size         : 480000
   average_time :    7.519 # [msec]
   throughput   :   63.838 # [mwords/sec]
   Debug_Time(0):    7.150 # [msec]
   Debug_Time(1):    4.869 # [msec]
   Debug_Time(2):    1.039 # [msec]
   Debug_Time(3):    1.242 # [msec]
-
   Version      : 1.6
   Ways         : 16
   Words        : 2
   Feedback     : 2
   WordBits     : 32
   IndexBits    : 32
   Sort Order   : 0
   Sign Compare : 0
   Max Size     : 268435455
   Debug Enable : 1
   size         : 485000
   average_time :    7.646 # [msec]
   throughput   :   63.430 # [mwords/sec]
   Debug_Time(0):    7.355 # [msec]
   Debug_Time(1):    5.040 # [msec]
   Debug_Time(2):    1.050 # [msec]
   Debug_Time(3):    1.264 # [msec]
-
   Version      : 1.6
   Ways         : 16
   Words        : 2
   Feedback     : 2
   WordBits     : 32
   IndexBits    : 32
   Sort Order   : 0
   Sign Compare : 0
   Max Size     : 268435455
   Debug Enable : 1
   size         : 490000
   average_time :    7.694 # [msec]
   throughput   :   63.682 # [mwords/sec]
   Debug_Time(0):    7.441 # [msec]
   Debug_Time(1):    5.103 # [msec]
   Debug_Time(2):    1.061 # [msec]
   Debug_Time(3):    1.277 # [msec]
-
   Version      : 1.6
   Ways         : 16
   Words        : 2
   Feedback     : 2
   WordBits     : 32
   IndexBits    : 32
   Sort Order   : 0
   Sign Compare : 0
   Max Size     : 268435455
   Debug Enable : 1
   size         : 495000
   average_time :    7.774 # [msec]
   throughput   :   63.677 # [mwords/sec]
   Debug_Time(0):    7.449 # [msec]
   Debug_Time(1):    5.101 # [msec]
   Debug_Time(2):    1.071 # [msec]
   Debug_Time(3):    1.277 # [msec]
-
   Version      : 1.6
   Ways         : 16
   Words        : 2
   Feedback     : 2
   WordBits     : 32
   IndexBits    : 32
   Sort Order   : 0
   Sign Compare : 0
   Max Size     : 268435455
   Debug Enable : 1
   size         : 500000
   average_time :    7.843 # [msec]
   throughput   :   63.748 # [mwords/sec]
   Debug_Time(0):    7.565 # [msec]
   Debug_Time(1):    5.187 # [msec]
   Debug_Time(2):    1.082 # [msec]
   Debug_Time(3):    1.296 # [msec]
-
   Version      : 1.6
   Ways         : 16
   Words        : 2
   Feedback     : 2
   WordBits     : 32
   IndexBits    : 32
   Sort Order   : 0
   Sign Compare : 0
   Max Size     : 268435455
   Debug Enable : 1
   size         : 505000
   average_time :    7.903 # [msec]
   throughput   :   63.901 # [mwords/sec]
   Debug_Time(0):    7.651 # [msec]
   Debug_Time(1):    5.251 # [msec]
   Debug_Time(2):    1.092 # [msec]
   Debug_Time(3):    1.307 # [msec]
-
   Version      : 1.6
   Ways         : 16
   Words        : 2
   Feedback     : 2
   WordBits     : 32
   IndexBits    : 32
   Sort Order   : 0
   Sign Compare : 0
   Max Size     : 268435455
   Debug Enable : 1
   size         : 510000
   average_time :    7.990 # [msec]
   throughput   :   63.829 # [mwords/sec]
   Debug_Time(0):    7.751 # [msec]
   Debug_Time(1):    5.327 # [msec]
   Debug_Time(2):    1.103 # [msec]
   Debug_Time(3):    1.321 # [msec]
-
   Version      : 1.6
   Ways         : 16
   Words        : 2
   Feedback     : 2
   WordBits     : 32
   IndexBits    : 32
   Sort Order   : 0
   Sign Compare : 0
   Max Size     : 268435455
   Debug Enable : 1
   size         : 515000
   average_time :    8.042 # [msec]
   throughput   :   64.037 # [mwords/sec]
   Debug_Time(0):    7.799 # [msec]
   Debug_Time(1):    5.347 # [msec]
   Debug_Time(2):    1.114 # [msec]
   Debug_Time(3):    1.338 # [msec]
-
   Version      : 1.6
   Ways         : 16
   Words        : 2
   Feedback     : 2
   WordBits     : 32
   IndexBits    : 32
   Sort Order   : 0
   Sign Compare : 0
   Max Size     : 268435455
   Debug Enable : 1
   size         : 520000
   average_time :    8.132 # [msec]
   throughput   :   63.948 # [mwords/sec]
   Debug_Time(0):    7.907 # [msec]
   Debug_Time(1):    5.429 # [msec]
   Debug_Time(2):    1.125 # [msec]
   Debug_Time(3):    1.352 # [msec]
-
   Version      : 1.6
   Ways         : 16
   Words        : 2
   Feedback     : 2
   WordBits     : 32
   IndexBits    : 32
   Sort Order   : 0
   Sign Compare : 0
   Max Size     : 268435455
   Debug Enable : 1
   size         : 525000
   average_time :    8.231 # [msec]
   throughput   :   63.785 # [mwords/sec]
   Debug_Time(0):    7.989 # [msec]
   Debug_Time(1):    5.495 # [msec]
   Debug_Time(2):    1.135 # [msec]
   Debug_Time(3):    1.359 # [msec]
-
   Version      : 1.6
   Ways         : 16
   Words        : 2
   Feedback     : 2
   WordBits     : 32
   IndexBits    : 32
   Sort Order   : 0
   Sign Compare : 0
   Max Size     : 268435455
   Debug Enable : 1
   size         : 530000
   average_time :    8.282 # [msec]
   throughput   :   63.992 # [mwords/sec]
   Debug_Time(0):    8.030 # [msec]
   Debug_Time(1):    5.509 # [msec]
   Debug_Time(2):    1.146 # [msec]
   Debug_Time(3):    1.375 # [msec]
-
   Version      : 1.6
   Ways         : 16
   Words        : 2
   Feedback     : 2
   WordBits     : 32
   IndexBits    : 32
   Sort Order   : 0
   Sign Compare : 0
   Max Size     : 268435455
   Debug Enable : 1
   size         : 535000
   average_time :    8.352 # [msec]
   throughput   :   64.053 # [mwords/sec]
   Debug_Time(0):    8.125 # [msec]
   Debug_Time(1):    5.581 # [msec]
   Debug_Time(2):    1.156 # [msec]
   Debug_Time(3):    1.388 # [msec]
-
   Version      : 1.6
   Ways         : 16
   Words        : 2
   Feedback     : 2
   WordBits     : 32
   IndexBits    : 32
   Sort Order   : 0
   Sign Compare : 0
   Max Size     : 268435455
   Debug Enable : 1
   size         : 540000
   average_time :    8.438 # [msec]
   throughput   :   63.994 # [mwords/sec]
   Debug_Time(0):    8.169 # [msec]
   Debug_Time(1):    5.599 # [msec]
   Debug_Time(2):    1.167 # [msec]
   Debug_Time(3):    1.403 # [msec]
-
   Version      : 1.6
   Ways         : 16
   Words        : 2
   Feedback     : 2
   WordBits     : 32
   IndexBits    : 32
   Sort Order   : 0
   Sign Compare : 0
   Max Size     : 268435455
   Debug Enable : 1
   size         : 545000
   average_time :    8.508 # [msec]
   throughput   :   64.055 # [mwords/sec]
   Debug_Time(0):    8.279 # [msec]
   Debug_Time(1):    5.655 # [msec]
   Debug_Time(2):    1.177 # [msec]
   Debug_Time(3):    1.446 # [msec]
-
   Version      : 1.6
   Ways         : 16
   Words        : 2
   Feedback     : 2
   WordBits     : 32
   IndexBits    : 32
   Sort Order   : 0
   Sign Compare : 0
   Max Size     : 268435455
   Debug Enable : 1
   size         : 550000
   average_time :    8.602 # [msec]
   throughput   :   63.937 # [mwords/sec]
   Debug_Time(0):    8.326 # [msec]
   Debug_Time(1):    5.710 # [msec]
   Debug_Time(2):    1.188 # [msec]
   Debug_Time(3):    1.427 # [msec]
-
   Version      : 1.6
   Ways         : 16
   Words        : 2
   Feedback     : 2
   WordBits     : 32
   IndexBits    : 32
   Sort Order   : 0
   Sign Compare : 0
   Max Size     : 268435455
   Debug Enable : 1
   size         : 555000
   average_time :    8.665 # [msec]
   throughput   :   64.050 # [mwords/sec]
   Debug_Time(0):    8.382 # [msec]
   Debug_Time(1):    5.738 # [msec]
   Debug_Time(2):    1.199 # [msec]
   Debug_Time(3):    1.446 # [msec]
-
   Version      : 1.6
   Ways         : 16
   Words        : 2
   Feedback     : 2
   WordBits     : 32
   IndexBits    : 32
   Sort Order   : 0
   Sign Compare : 0
   Max Size     : 268435455
   Debug Enable : 1
   size         : 560000
   average_time :    8.725 # [msec]
   throughput   :   64.180 # [mwords/sec]
   Debug_Time(0):    8.484 # [msec]
   Debug_Time(1):    5.817 # [msec]
   Debug_Time(2):    1.209 # [msec]
   Debug_Time(3):    1.457 # [msec]
-
   Version      : 1.6
   Ways         : 16
   Words        : 2
   Feedback     : 2
   WordBits     : 32
   IndexBits    : 32
   Sort Order   : 0
   Sign Compare : 0
   Max Size     : 268435455
   Debug Enable : 1
   size         : 565000
   average_time :    8.811 # [msec]
   throughput   :   64.127 # [mwords/sec]
   Debug_Time(0):    8.539 # [msec]
   Debug_Time(1):    5.851 # [msec]
   Debug_Time(2):    1.220 # [msec]
   Debug_Time(3):    1.469 # [msec]
-
   Version      : 1.6
   Ways         : 16
   Words        : 2
   Feedback     : 2
   WordBits     : 32
   IndexBits    : 32
   Sort Order   : 0
   Sign Compare : 0
   Max Size     : 268435455
   Debug Enable : 1
   size         : 570000
   average_time :    8.903 # [msec]
   throughput   :   64.021 # [mwords/sec]
   Debug_Time(0):    8.639 # [msec]
   Debug_Time(1):    5.923 # [msec]
   Debug_Time(2):    1.231 # [msec]
   Debug_Time(3):    1.484 # [msec]
-
   Version      : 1.6
   Ways         : 16
   Words        : 2
   Feedback     : 2
   WordBits     : 32
   IndexBits    : 32
   Sort Order   : 0
   Sign Compare : 0
   Max Size     : 268435455
   Debug Enable : 1
   size         : 575000
   average_time :    8.987 # [msec]
   throughput   :   63.980 # [mwords/sec]
   Debug_Time(0):    8.721 # [msec]
   Debug_Time(1):    5.980 # [msec]
   Debug_Time(2):    1.241 # [msec]
   Debug_Time(3):    1.499 # [msec]
-
   Version      : 1.6
   Ways         : 16
   Words        : 2
   Feedback     : 2
   WordBits     : 32
   IndexBits    : 32
   Sort Order   : 0
   Sign Compare : 0
   Max Size     : 268435455
   Debug Enable : 1
   size         : 580000
   average_time :    9.040 # [msec]
   throughput   :   64.162 # [mwords/sec]
   Debug_Time(0):    8.732 # [msec]
   Debug_Time(1):    5.968 # [msec]
   Debug_Time(2):    1.252 # [msec]
   Debug_Time(3):    1.512 # [msec]
-
   Version      : 1.6
   Ways         : 16
   Words        : 2
   Feedback     : 2
   WordBits     : 32
   IndexBits    : 32
   Sort Order   : 0
   Sign Compare : 0
   Max Size     : 268435455
   Debug Enable : 1
   size         : 585000
   average_time :    9.109 # [msec]
   throughput   :   64.224 # [mwords/sec]
   Debug_Time(0):    8.864 # [msec]
   Debug_Time(1):    6.088 # [msec]
   Debug_Time(2):    1.263 # [msec]
   Debug_Time(3):    1.513 # [msec]
-
   Version      : 1.6
   Ways         : 16
   Words        : 2
   Feedback     : 2
   WordBits     : 32
   IndexBits    : 32
   Sort Order   : 0
   Sign Compare : 0
   Max Size     : 268435455
   Debug Enable : 1
   size         : 590000
   average_time :    9.139 # [msec]
   throughput   :   64.559 # [mwords/sec]
   Debug_Time(0):    8.912 # [msec]
   Debug_Time(1):    6.105 # [msec]
   Debug_Time(2):    1.274 # [msec]
   Debug_Time(3):    1.533 # [msec]
-
   Version      : 1.6
   Ways         : 16
   Words        : 2
   Feedback     : 2
   WordBits     : 32
   IndexBits    : 32
   Sort Order   : 0
   Sign Compare : 0
   Max Size     : 268435455
   Debug Enable : 1
   size         : 595000
   average_time :    9.248 # [msec]
   throughput   :   64.335 # [mwords/sec]
   Debug_Time(0):    8.995 # [msec]
   Debug_Time(1):    6.171 # [msec]
   Debug_Time(2):    1.284 # [msec]
   Debug_Time(3):    1.541 # [msec]
-
   Version      : 1.6
   Ways         : 16
   Words        : 2
   Feedback     : 2
   WordBits     : 32
   IndexBits    : 32
   Sort Order   : 0
   Sign Compare : 0
   Max Size     : 268435455
   Debug Enable : 1
   size         : 600000
   average_time :    9.331 # [msec]
   throughput   :   64.299 # [mwords/sec]
   Debug_Time(0):    9.092 # [msec]
   Debug_Time(1):    6.240 # [msec]
   Debug_Time(2):    1.295 # [msec]
   Debug_Time(3):    1.557 # [msec]
-
   Version      : 1.6
   Ways         : 16
   Words        : 2
   Feedback     : 2
   WordBits     : 32
   IndexBits    : 32
   Sort Order   : 0
   Sign Compare : 0
   Max Size     : 268435455
   Debug Enable : 1
   size         : 605000
   average_time :    9.382 # [msec]
   throughput   :   64.482 # [mwords/sec]
   Debug_Time(0):    9.133 # [msec]
   Debug_Time(1):    6.250 # [msec]
   Debug_Time(2):    1.306 # [msec]
   Debug_Time(3):    1.578 # [msec]
-
   Version      : 1.6
   Ways         : 16
   Words        : 2
   Feedback     : 2
   WordBits     : 32
   IndexBits    : 32
   Sort Order   : 0
   Sign Compare : 0
   Max Size     : 268435455
   Debug Enable : 1
   size         : 610000
   average_time :    9.466 # [msec]
   throughput   :   64.439 # [mwords/sec]
   Debug_Time(0):    9.232 # [msec]
   Debug_Time(1):    6.312 # [msec]
   Debug_Time(2):    1.316 # [msec]
   Debug_Time(3):    1.604 # [msec]
-
   Version      : 1.6
   Ways         : 16
   Words        : 2
   Feedback     : 2
   WordBits     : 32
   IndexBits    : 32
   Sort Order   : 0
   Sign Compare : 0
   Max Size     : 268435455
   Debug Enable : 1
   size         : 615000
   average_time :    9.788 # [msec]
   throughput   :   62.835 # [mwords/sec]
   Debug_Time(0):    9.278 # [msec]
   Debug_Time(1):    6.347 # [msec]
   Debug_Time(2):    1.327 # [msec]
   Debug_Time(3):    1.604 # [msec]
-
   Version      : 1.6
   Ways         : 16
   Words        : 2
   Feedback     : 2
   WordBits     : 32
   IndexBits    : 32
   Sort Order   : 0
   Sign Compare : 0
   Max Size     : 268435455
   Debug Enable : 1
   size         : 620000
   average_time :    9.601 # [msec]
   throughput   :   64.575 # [mwords/sec]
   Debug_Time(0):    9.350 # [msec]
   Debug_Time(1):    6.398 # [msec]
   Debug_Time(2):    1.337 # [msec]
   Debug_Time(3):    1.615 # [msec]
-
   Version      : 1.6
   Ways         : 16
   Words        : 2
   Feedback     : 2
   WordBits     : 32
   IndexBits    : 32
   Sort Order   : 0
   Sign Compare : 0
   Max Size     : 268435455
   Debug Enable : 1
   size         : 625000
   average_time :    9.694 # [msec]
   throughput   :   64.475 # [mwords/sec]
   Debug_Time(0):    9.456 # [msec]
   Debug_Time(1):    6.479 # [msec]
   Debug_Time(2):    1.348 # [msec]
   Debug_Time(3):    1.630 # [msec]
-
   Version      : 1.6
   Ways         : 16
   Words        : 2
   Feedback     : 2
   WordBits     : 32
   IndexBits    : 32
   Sort Order   : 0
   Sign Compare : 0
   Max Size     : 268435455
   Debug Enable : 1
   size         : 630000
   average_time :    9.760 # [msec]
   throughput   :   64.547 # [mwords/sec]
   Debug_Time(0):    9.511 # [msec]
   Debug_Time(1):    6.509 # [msec]
   Debug_Time(2):    1.360 # [msec]
   Debug_Time(3):    1.642 # [msec]
-
   Version      : 1.6
   Ways         : 16
   Words        : 2
   Feedback     : 2
   WordBits     : 32
   IndexBits    : 32
   Sort Order   : 0
   Sign Compare : 0
   Max Size     : 268435455
   Debug Enable : 1
   size         : 635000
   average_time :    9.809 # [msec]
   throughput   :   64.735 # [mwords/sec]
   Debug_Time(0):    9.590 # [msec]
   Debug_Time(1):    6.567 # [msec]
   Debug_Time(2):    1.369 # [msec]
   Debug_Time(3):    1.654 # [msec]
-
   Version      : 1.6
   Ways         : 16
   Words        : 2
   Feedback     : 2
   WordBits     : 32
   IndexBits    : 32
   Sort Order   : 0
   Sign Compare : 0
   Max Size     : 268435455
   Debug Enable : 1
   size         : 640000
   average_time :    9.886 # [msec]
   throughput   :   64.736 # [mwords/sec]
   Debug_Time(0):    9.717 # [msec]
   Debug_Time(1):    6.629 # [msec]
   Debug_Time(2):    1.380 # [msec]
   Debug_Time(3):    1.708 # [msec]
-
   Version      : 1.6
   Ways         : 16
   Words        : 2
   Feedback     : 2
   WordBits     : 32
   IndexBits    : 32
   Sort Order   : 0
   Sign Compare : 0
   Max Size     : 268435455
   Debug Enable : 1
   size         : 645000
   average_time :    9.968 # [msec]
   throughput   :   64.707 # [mwords/sec]
   Debug_Time(0):    9.660 # [msec]
   Debug_Time(1):    6.589 # [msec]
   Debug_Time(2):    1.390 # [msec]
   Debug_Time(3):    1.682 # [msec]
-
   Version      : 1.6
   Ways         : 16
   Words        : 2
   Feedback     : 2
   WordBits     : 32
   IndexBits    : 32
   Sort Order   : 0
   Sign Compare : 0
   Max Size     : 268435455
   Debug Enable : 1
   size         : 650000
   average_time :   10.077 # [msec]
   throughput   :   64.505 # [mwords/sec]
   Debug_Time(0):    9.806 # [msec]
   Debug_Time(1):    6.704 # [msec]
   Debug_Time(2):    1.401 # [msec]
   Debug_Time(3):    1.701 # [msec]
-
   Version      : 1.6
   Ways         : 16
   Words        : 2
   Feedback     : 2
   WordBits     : 32
   IndexBits    : 32
   Sort Order   : 0
   Sign Compare : 0
   Max Size     : 268435455
   Debug Enable : 1
   size         : 655000
   average_time :   10.118 # [msec]
   throughput   :   64.734 # [mwords/sec]
   Debug_Time(0):    9.855 # [msec]
   Debug_Time(1):    6.750 # [msec]
   Debug_Time(2):    1.412 # [msec]
   Debug_Time(3):    1.693 # [msec]
-
   Version      : 1.6
   Ways         : 16
   Words        : 2
   Feedback     : 2
   WordBits     : 32
   IndexBits    : 32
   Sort Order   : 0
   Sign Compare : 0
   Max Size     : 268435455
   Debug Enable : 1
   size         : 660000
   average_time :   10.229 # [msec]
   throughput   :   64.521 # [mwords/sec]
   Debug_Time(0):   10.058 # [msec]
   Debug_Time(1):    6.898 # [msec]
   Debug_Time(2):    1.424 # [msec]
   Debug_Time(3):    1.736 # [msec]
-
   Version      : 1.6
   Ways         : 16
   Words        : 2
   Feedback     : 2
   WordBits     : 32
   IndexBits    : 32
   Sort Order   : 0
   Sign Compare : 0
   Max Size     : 268435455
   Debug Enable : 1
   size         : 665000
   average_time :   10.300 # [msec]
   throughput   :   64.564 # [mwords/sec]
   Debug_Time(0):   10.049 # [msec]
   Debug_Time(1):    6.880 # [msec]
   Debug_Time(2):    1.433 # [msec]
   Debug_Time(3):    1.736 # [msec]
-
   Version      : 1.6
   Ways         : 16
   Words        : 2
   Feedback     : 2
   WordBits     : 32
   IndexBits    : 32
   Sort Order   : 0
   Sign Compare : 0
   Max Size     : 268435455
   Debug Enable : 1
   size         : 670000
   average_time :   10.336 # [msec]
   throughput   :   64.823 # [mwords/sec]
   Debug_Time(0):   10.041 # [msec]
   Debug_Time(1):    6.847 # [msec]
   Debug_Time(2):    1.444 # [msec]
   Debug_Time(3):    1.751 # [msec]
-
   Version      : 1.6
   Ways         : 16
   Words        : 2
   Feedback     : 2
   WordBits     : 32
   IndexBits    : 32
   Sort Order   : 0
   Sign Compare : 0
   Max Size     : 268435455
   Debug Enable : 1
   size         : 675000
   average_time :   10.478 # [msec]
   throughput   :   64.422 # [mwords/sec]
   Debug_Time(0):   10.181 # [msec]
   Debug_Time(1):    6.980 # [msec]
   Debug_Time(2):    1.456 # [msec]
   Debug_Time(3):    1.744 # [msec]
-
   Version      : 1.6
   Ways         : 16
   Words        : 2
   Feedback     : 2
   WordBits     : 32
   IndexBits    : 32
   Sort Order   : 0
   Sign Compare : 0
   Max Size     : 268435455
   Debug Enable : 1
   size         : 680000
   average_time :   10.502 # [msec]
   throughput   :   64.751 # [mwords/sec]
   Debug_Time(0):   10.165 # [msec]
   Debug_Time(1):    6.930 # [msec]
   Debug_Time(2):    1.465 # [msec]
   Debug_Time(3):    1.770 # [msec]
-
   Version      : 1.6
   Ways         : 16
   Words        : 2
   Feedback     : 2
   WordBits     : 32
   IndexBits    : 32
   Sort Order   : 0
   Sign Compare : 0
   Max Size     : 268435455
   Debug Enable : 1
   size         : 685000
   average_time :   10.602 # [msec]
   throughput   :   64.609 # [mwords/sec]
   Debug_Time(0):   10.304 # [msec]
   Debug_Time(1):    7.029 # [msec]
   Debug_Time(2):    1.476 # [msec]
   Debug_Time(3):    1.799 # [msec]
-
   Version      : 1.6
   Ways         : 16
   Words        : 2
   Feedback     : 2
   WordBits     : 32
   IndexBits    : 32
   Sort Order   : 0
   Sign Compare : 0
   Max Size     : 268435455
   Debug Enable : 1
   size         : 690000
   average_time :   10.776 # [msec]
   throughput   :   64.028 # [mwords/sec]
   Debug_Time(0):   10.239 # [msec]
   Debug_Time(1):    6.957 # [msec]
   Debug_Time(2):    1.486 # [msec]
   Debug_Time(3):    1.795 # [msec]
-
   Version      : 1.6
   Ways         : 16
   Words        : 2
   Feedback     : 2
   WordBits     : 32
   IndexBits    : 32
   Sort Order   : 0
   Sign Compare : 0
   Max Size     : 268435455
   Debug Enable : 1
   size         : 695000
   average_time :   10.716 # [msec]
   throughput   :   64.856 # [mwords/sec]
   Debug_Time(0):   10.454 # [msec]
   Debug_Time(1):    7.141 # [msec]
   Debug_Time(2):    1.497 # [msec]
   Debug_Time(3):    1.816 # [msec]
-
   Version      : 1.6
   Ways         : 16
   Words        : 2
   Feedback     : 2
   WordBits     : 32
   IndexBits    : 32
   Sort Order   : 0
   Sign Compare : 0
   Max Size     : 268435455
   Debug Enable : 1
   size         : 700000
   average_time :   10.820 # [msec]
   throughput   :   64.696 # [mwords/sec]
   Debug_Time(0):   10.547 # [msec]
   Debug_Time(1):    7.211 # [msec]
   Debug_Time(2):    1.508 # [msec]
   Debug_Time(3):    1.828 # [msec]
-
   Version      : 1.6
   Ways         : 16
   Words        : 2
   Feedback     : 2
   WordBits     : 32
   IndexBits    : 32
   Sort Order   : 0
   Sign Compare : 0
   Max Size     : 268435455
   Debug Enable : 1
   size         : 705000
   average_time :   10.844 # [msec]
   throughput   :   65.014 # [mwords/sec]
   Debug_Time(0):   10.590 # [msec]
   Debug_Time(1):    7.222 # [msec]
   Debug_Time(2):    1.518 # [msec]
   Debug_Time(3):    1.850 # [msec]
-
   Version      : 1.6
   Ways         : 16
   Words        : 2
   Feedback     : 2
   WordBits     : 32
   IndexBits    : 32
   Sort Order   : 0
   Sign Compare : 0
   Max Size     : 268435455
   Debug Enable : 1
   size         : 710000
   average_time :   10.913 # [msec]
   throughput   :   65.061 # [mwords/sec]
   Debug_Time(0):   10.685 # [msec]
   Debug_Time(1):    7.302 # [msec]
   Debug_Time(2):    1.529 # [msec]
   Debug_Time(3):    1.854 # [msec]
-
   Version      : 1.6
   Ways         : 16
   Words        : 2
   Feedback     : 2
   WordBits     : 32
   IndexBits    : 32
   Sort Order   : 0
   Sign Compare : 0
   Max Size     : 268435455
   Debug Enable : 1
   size         : 715000
   average_time :   11.048 # [msec]
   throughput   :   64.720 # [mwords/sec]
   Debug_Time(0):   10.706 # [msec]
   Debug_Time(1):    7.322 # [msec]
   Debug_Time(2):    1.540 # [msec]
   Debug_Time(3):    1.844 # [msec]
-
   Version      : 1.6
   Ways         : 16
   Words        : 2
   Feedback     : 2
   WordBits     : 32
   IndexBits    : 32
   Sort Order   : 0
   Sign Compare : 0
   Max Size     : 268435455
   Debug Enable : 1
   size         : 720000
   average_time :   11.090 # [msec]
   throughput   :   64.921 # [mwords/sec]
   Debug_Time(0):   10.722 # [msec]
   Debug_Time(1):    7.285 # [msec]
   Debug_Time(2):    1.550 # [msec]
   Debug_Time(3):    1.887 # [msec]
-
   Version      : 1.6
   Ways         : 16
   Words        : 2
   Feedback     : 2
   WordBits     : 32
   IndexBits    : 32
   Sort Order   : 0
   Sign Compare : 0
   Max Size     : 268435455
   Debug Enable : 1
   size         : 725000
   average_time :   11.207 # [msec]
   throughput   :   64.692 # [mwords/sec]
   Debug_Time(0):   10.897 # [msec]
   Debug_Time(1):    7.439 # [msec]
   Debug_Time(2):    1.562 # [msec]
   Debug_Time(3):    1.895 # [msec]
-
   Version      : 1.6
   Ways         : 16
   Words        : 2
   Feedback     : 2
   WordBits     : 32
   IndexBits    : 32
   Sort Order   : 0
   Sign Compare : 0
   Max Size     : 268435455
   Debug Enable : 1
   size         : 730000
   average_time :   11.263 # [msec]
   throughput   :   64.812 # [mwords/sec]
   Debug_Time(0):   10.909 # [msec]
   Debug_Time(1):    7.424 # [msec]
   Debug_Time(2):    1.571 # [msec]
   Debug_Time(3):    1.913 # [msec]
-
   Version      : 1.6
   Ways         : 16
   Words        : 2
   Feedback     : 2
   WordBits     : 32
   IndexBits    : 32
   Sort Order   : 0
   Sign Compare : 0
   Max Size     : 268435455
   Debug Enable : 1
   size         : 735000
   average_time :   11.346 # [msec]
   throughput   :   64.779 # [mwords/sec]
   Debug_Time(0):   11.006 # [msec]
   Debug_Time(1):    7.523 # [msec]
   Debug_Time(2):    1.582 # [msec]
   Debug_Time(3):    1.902 # [msec]
-
   Version      : 1.6
   Ways         : 16
   Words        : 2
   Feedback     : 2
   WordBits     : 32
   IndexBits    : 32
   Sort Order   : 0
   Sign Compare : 0
   Max Size     : 268435455
   Debug Enable : 1
   size         : 740000
   average_time :   11.506 # [msec]
   throughput   :   64.312 # [mwords/sec]
   Debug_Time(0):   11.090 # [msec]
   Debug_Time(1):    7.585 # [msec]
   Debug_Time(2):    1.594 # [msec]
   Debug_Time(3):    1.911 # [msec]
-
   Version      : 1.6
   Ways         : 16
   Words        : 2
   Feedback     : 2
   WordBits     : 32
   IndexBits    : 32
   Sort Order   : 0
   Sign Compare : 0
   Max Size     : 268435455
   Debug Enable : 1
   size         : 745000
   average_time :   11.449 # [msec]
   throughput   :   65.069 # [mwords/sec]
   Debug_Time(0):   11.187 # [msec]
   Debug_Time(1):    7.667 # [msec]
   Debug_Time(2):    1.603 # [msec]
   Debug_Time(3):    1.916 # [msec]
-
   Version      : 1.6
   Ways         : 16
   Words        : 2
   Feedback     : 2
   WordBits     : 32
   IndexBits    : 32
   Sort Order   : 0
   Sign Compare : 0
   Max Size     : 268435455
   Debug Enable : 1
   size         : 750000
   average_time :   11.543 # [msec]
   throughput   :   64.975 # [mwords/sec]
   Debug_Time(0):   11.245 # [msec]
   Debug_Time(1):    7.668 # [msec]
   Debug_Time(2):    1.614 # [msec]
   Debug_Time(3):    1.963 # [msec]
-
   Version      : 1.6
   Ways         : 16
   Words        : 2
   Feedback     : 2
   WordBits     : 32
   IndexBits    : 32
   Sort Order   : 0
   Sign Compare : 0
   Max Size     : 268435455
   Debug Enable : 1
   size         : 755000
   average_time :   11.650 # [msec]
   throughput   :   64.805 # [mwords/sec]
   Debug_Time(0):   11.407 # [msec]
   Debug_Time(1):    7.817 # [msec]
   Debug_Time(2):    1.625 # [msec]
   Debug_Time(3):    1.965 # [msec]
-
   Version      : 1.6
   Ways         : 16
   Words        : 2
   Feedback     : 2
   WordBits     : 32
   IndexBits    : 32
   Sort Order   : 0
   Sign Compare : 0
   Max Size     : 268435455
   Debug Enable : 1
   size         : 760000
   average_time :   11.696 # [msec]
   throughput   :   64.981 # [mwords/sec]
   Debug_Time(0):   11.353 # [msec]
   Debug_Time(1):    7.756 # [msec]
   Debug_Time(2):    1.636 # [msec]
   Debug_Time(3):    1.961 # [msec]
-
   Version      : 1.6
   Ways         : 16
   Words        : 2
   Feedback     : 2
   WordBits     : 32
   IndexBits    : 32
   Sort Order   : 0
   Sign Compare : 0
   Max Size     : 268435455
   Debug Enable : 1
   size         : 765000
   average_time :   11.756 # [msec]
   throughput   :   65.075 # [mwords/sec]
   Debug_Time(0):   11.514 # [msec]
   Debug_Time(1):    7.898 # [msec]
   Debug_Time(2):    1.646 # [msec]
   Debug_Time(3):    1.970 # [msec]
-
   Version      : 1.6
   Ways         : 16
   Words        : 2
   Feedback     : 2
   WordBits     : 32
   IndexBits    : 32
   Sort Order   : 0
   Sign Compare : 0
   Max Size     : 268435455
   Debug Enable : 1
   size         : 770000
   average_time :   11.829 # [msec]
   throughput   :   65.094 # [mwords/sec]
   Debug_Time(0):   11.500 # [msec]
   Debug_Time(1):    7.859 # [msec]
   Debug_Time(2):    1.656 # [msec]
   Debug_Time(3):    1.984 # [msec]
-
   Version      : 1.6
   Ways         : 16
   Words        : 2
   Feedback     : 2
   WordBits     : 32
   IndexBits    : 32
   Sort Order   : 0
   Sign Compare : 0
   Max Size     : 268435455
   Debug Enable : 1
   size         : 775000
   average_time :   11.911 # [msec]
   throughput   :   65.066 # [mwords/sec]
   Debug_Time(0):   11.532 # [msec]
   Debug_Time(1):    7.870 # [msec]
   Debug_Time(2):    1.667 # [msec]
   Debug_Time(3):    1.995 # [msec]
-
   Version      : 1.6
   Ways         : 16
   Words        : 2
   Feedback     : 2
   WordBits     : 32
   IndexBits    : 32
   Sort Order   : 0
   Sign Compare : 0
   Max Size     : 268435455
   Debug Enable : 1
   size         : 780000
   average_time :   11.983 # [msec]
   throughput   :   65.092 # [mwords/sec]
   Debug_Time(0):   11.616 # [msec]
   Debug_Time(1):    7.929 # [msec]
   Debug_Time(2):    1.679 # [msec]
   Debug_Time(3):    2.009 # [msec]
-
   Version      : 1.6
   Ways         : 16
   Words        : 2
   Feedback     : 2
   WordBits     : 32
   IndexBits    : 32
   Sort Order   : 0
   Sign Compare : 0
   Max Size     : 268435455
   Debug Enable : 1
   size         : 785000
   average_time :   12.037 # [msec]
   throughput   :   65.216 # [mwords/sec]
   Debug_Time(0):   11.652 # [msec]
   Debug_Time(1):    7.940 # [msec]
   Debug_Time(2):    1.688 # [msec]
   Debug_Time(3):    2.024 # [msec]
-
   Version      : 1.6
   Ways         : 16
   Words        : 2
   Feedback     : 2
   WordBits     : 32
   IndexBits    : 32
   Sort Order   : 0
   Sign Compare : 0
   Max Size     : 268435455
   Debug Enable : 1
   size         : 790000
   average_time :   12.143 # [msec]
   throughput   :   65.059 # [mwords/sec]
   Debug_Time(0):   11.864 # [msec]
   Debug_Time(1):    8.117 # [msec]
   Debug_Time(2):    1.699 # [msec]
   Debug_Time(3):    2.047 # [msec]
-
   Version      : 1.6
   Ways         : 16
   Words        : 2
   Feedback     : 2
   WordBits     : 32
   IndexBits    : 32
   Sort Order   : 0
   Sign Compare : 0
   Max Size     : 268435455
   Debug Enable : 1
   size         : 795000
   average_time :   12.189 # [msec]
   throughput   :   65.220 # [mwords/sec]
   Debug_Time(0):   11.863 # [msec]
   Debug_Time(1):    8.091 # [msec]
   Debug_Time(2):    1.710 # [msec]
   Debug_Time(3):    2.062 # [msec]
-
   Version      : 1.6
   Ways         : 16
   Words        : 2
   Feedback     : 2
   WordBits     : 32
   IndexBits    : 32
   Sort Order   : 0
   Sign Compare : 0
   Max Size     : 268435455
   Debug Enable : 1
   size         : 800000
   average_time :   12.230 # [msec]
   throughput   :   65.416 # [mwords/sec]
   Debug_Time(0):   11.844 # [msec]
   Debug_Time(1):    8.040 # [msec]
   Debug_Time(2):    1.720 # [msec]
   Debug_Time(3):    2.083 # [msec]
-
   Version      : 1.6
   Ways         : 16
   Words        : 2
   Feedback     : 2
   WordBits     : 32
   IndexBits    : 32
   Sort Order   : 0
   Sign Compare : 0
   Max Size     : 268435455
   Debug Enable : 1
   size         : 805000
   average_time :   12.380 # [msec]
   throughput   :   65.025 # [mwords/sec]
   Debug_Time(0):   12.026 # [msec]
   Debug_Time(1):    8.218 # [msec]
   Debug_Time(2):    1.731 # [msec]
   Debug_Time(3):    2.078 # [msec]
-
   Version      : 1.6
   Ways         : 16
   Words        : 2
   Feedback     : 2
   WordBits     : 32
   IndexBits    : 32
   Sort Order   : 0
   Sign Compare : 0
   Max Size     : 268435455
   Debug Enable : 1
   size         : 810000
   average_time :   12.479 # [msec]
   throughput   :   64.911 # [mwords/sec]
   Debug_Time(0):   12.043 # [msec]
   Debug_Time(1):    8.206 # [msec]
   Debug_Time(2):    1.742 # [msec]
   Debug_Time(3):    2.096 # [msec]
-
   Version      : 1.6
   Ways         : 16
   Words        : 2
   Feedback     : 2
   WordBits     : 32
   IndexBits    : 32
   Sort Order   : 0
   Sign Compare : 0
   Max Size     : 268435455
   Debug Enable : 1
   size         : 815000
   average_time :   12.506 # [msec]
   throughput   :   65.167 # [mwords/sec]
   Debug_Time(0):   12.239 # [msec]
   Debug_Time(1):    8.362 # [msec]
   Debug_Time(2):    1.754 # [msec]
   Debug_Time(3):    2.123 # [msec]
-
   Version      : 1.6
   Ways         : 16
   Words        : 2
   Feedback     : 2
   WordBits     : 32
   IndexBits    : 32
   Sort Order   : 0
   Sign Compare : 0
   Max Size     : 268435455
   Debug Enable : 1
   size         : 820000
   average_time :   12.599 # [msec]
   throughput   :   65.085 # [mwords/sec]
   Debug_Time(0):   12.270 # [msec]
   Debug_Time(1):    8.379 # [msec]
   Debug_Time(2):    1.763 # [msec]
   Debug_Time(3):    2.127 # [msec]
-
   Version      : 1.6
   Ways         : 16
   Words        : 2
   Feedback     : 2
   WordBits     : 32
   IndexBits    : 32
   Sort Order   : 0
   Sign Compare : 0
   Max Size     : 268435455
   Debug Enable : 1
   size         : 825000
   average_time :   12.622 # [msec]
   throughput   :   65.361 # [mwords/sec]
   Debug_Time(0):   12.204 # [msec]
   Debug_Time(1):    8.299 # [msec]
   Debug_Time(2):    1.774 # [msec]
   Debug_Time(3):    2.132 # [msec]
-
   Version      : 1.6
   Ways         : 16
   Words        : 2
   Feedback     : 2
   WordBits     : 32
   IndexBits    : 32
   Sort Order   : 0
   Sign Compare : 0
   Max Size     : 268435455
   Debug Enable : 1
   size         : 830000
   average_time :   12.724 # [msec]
   throughput   :   65.232 # [mwords/sec]
   Debug_Time(0):   12.408 # [msec]
   Debug_Time(1):    8.478 # [msec]
   Debug_Time(2):    1.784 # [msec]
   Debug_Time(3):    2.146 # [msec]
-
   Version      : 1.6
   Ways         : 16
   Words        : 2
   Feedback     : 2
   WordBits     : 32
   IndexBits    : 32
   Sort Order   : 0
   Sign Compare : 0
   Max Size     : 268435455
   Debug Enable : 1
   size         : 835000
   average_time :   12.841 # [msec]
   throughput   :   65.028 # [mwords/sec]
   Debug_Time(0):   12.398 # [msec]
   Debug_Time(1):    8.444 # [msec]
   Debug_Time(2):    1.795 # [msec]
   Debug_Time(3):    2.159 # [msec]
-
   Version      : 1.6
   Ways         : 16
   Words        : 2
   Feedback     : 2
   WordBits     : 32
   IndexBits    : 32
   Sort Order   : 0
   Sign Compare : 0
   Max Size     : 268435455
   Debug Enable : 1
   size         : 840000
   average_time :   12.966 # [msec]
   throughput   :   64.784 # [mwords/sec]
   Debug_Time(0):   12.496 # [msec]
   Debug_Time(1):    8.510 # [msec]
   Debug_Time(2):    1.807 # [msec]
   Debug_Time(3):    2.179 # [msec]
-
   Version      : 1.6
   Ways         : 16
   Words        : 2
   Feedback     : 2
   WordBits     : 32
   IndexBits    : 32
   Sort Order   : 0
   Sign Compare : 0
   Max Size     : 268435455
   Debug Enable : 1
   size         : 845000
   average_time :   12.961 # [msec]
   throughput   :   65.194 # [mwords/sec]
   Debug_Time(0):   12.612 # [msec]
   Debug_Time(1):    8.615 # [msec]
   Debug_Time(2):    1.816 # [msec]
   Debug_Time(3):    2.181 # [msec]
-
   Version      : 1.6
   Ways         : 16
   Words        : 2
   Feedback     : 2
   WordBits     : 32
   IndexBits    : 32
   Sort Order   : 0
   Sign Compare : 0
   Max Size     : 268435455
   Debug Enable : 1
   size         : 850000
   average_time :   13.004 # [msec]
   throughput   :   65.364 # [mwords/sec]
   Debug_Time(0):   12.624 # [msec]
   Debug_Time(1):    8.589 # [msec]
   Debug_Time(2):    1.827 # [msec]
   Debug_Time(3):    2.208 # [msec]
-
   Version      : 1.6
   Ways         : 16
   Words        : 2
   Feedback     : 2
   WordBits     : 32
   IndexBits    : 32
   Sort Order   : 0
   Sign Compare : 0
   Max Size     : 268435455
   Debug Enable : 1
   size         : 855000
   average_time :   13.084 # [msec]
   throughput   :   65.348 # [mwords/sec]
   Debug_Time(0):   12.849 # [msec]
   Debug_Time(1):    8.819 # [msec]
   Debug_Time(2):    1.838 # [msec]
   Debug_Time(3):    2.192 # [msec]
-
   Version      : 1.6
   Ways         : 16
   Words        : 2
   Feedback     : 2
   WordBits     : 32
   IndexBits    : 32
   Sort Order   : 0
   Sign Compare : 0
   Max Size     : 268435455
   Debug Enable : 1
   size         : 860000
   average_time :   13.146 # [msec]
   throughput   :   65.418 # [mwords/sec]
   Debug_Time(0):   12.869 # [msec]
   Debug_Time(1):    8.831 # [msec]
   Debug_Time(2):    1.848 # [msec]
   Debug_Time(3):    2.190 # [msec]
-
   Version      : 1.6
   Ways         : 16
   Words        : 2
   Feedback     : 2
   WordBits     : 32
   IndexBits    : 32
   Sort Order   : 0
   Sign Compare : 0
   Max Size     : 268435455
   Debug Enable : 1
   size         : 865000
   average_time :   13.251 # [msec]
   throughput   :   65.278 # [mwords/sec]
   Debug_Time(0):   13.063 # [msec]
   Debug_Time(1):    8.957 # [msec]
   Debug_Time(2):    1.859 # [msec]
   Debug_Time(3):    2.246 # [msec]
-
   Version      : 1.6
   Ways         : 16
   Words        : 2
   Feedback     : 2
   WordBits     : 32
   IndexBits    : 32
   Sort Order   : 0
   Sign Compare : 0
   Max Size     : 268435455
   Debug Enable : 1
   size         : 870000
   average_time :   13.316 # [msec]
   throughput   :   65.336 # [mwords/sec]
   Debug_Time(0):   12.970 # [msec]
   Debug_Time(1):    8.842 # [msec]
   Debug_Time(2):    1.870 # [msec]
   Debug_Time(3):    2.259 # [msec]
-
   Version      : 1.6
   Ways         : 16
   Words        : 2
   Feedback     : 2
   WordBits     : 32
   IndexBits    : 32
   Sort Order   : 0
   Sign Compare : 0
   Max Size     : 268435455
   Debug Enable : 1
   size         : 875000
   average_time :   13.377 # [msec]
   throughput   :   65.410 # [mwords/sec]
   Debug_Time(0):   13.227 # [msec]
   Debug_Time(1):    9.033 # [msec]
   Debug_Time(2):    1.880 # [msec]
   Debug_Time(3):    2.313 # [msec]
-
   Version      : 1.6
   Ways         : 16
   Words        : 2
   Feedback     : 2
   WordBits     : 32
   IndexBits    : 32
   Sort Order   : 0
   Sign Compare : 0
   Max Size     : 268435455
   Debug Enable : 1
   size         : 880000
   average_time :   13.485 # [msec]
   throughput   :   65.256 # [mwords/sec]
   Debug_Time(0):   13.199 # [msec]
   Debug_Time(1):    9.053 # [msec]
   Debug_Time(2):    1.891 # [msec]
   Debug_Time(3):    2.256 # [msec]
-
   Version      : 1.6
   Ways         : 16
   Words        : 2
   Feedback     : 2
   WordBits     : 32
   IndexBits    : 32
   Sort Order   : 0
   Sign Compare : 0
   Max Size     : 268435455
   Debug Enable : 1
   size         : 885000
   average_time :   13.533 # [msec]
   throughput   :   65.398 # [mwords/sec]
   Debug_Time(0):   13.258 # [msec]
   Debug_Time(1):    9.090 # [msec]
   Debug_Time(2):    1.901 # [msec]
   Debug_Time(3):    2.267 # [msec]
-
   Version      : 1.6
   Ways         : 16
   Words        : 2
   Feedback     : 2
   WordBits     : 32
   IndexBits    : 32
   Sort Order   : 0
   Sign Compare : 0
   Max Size     : 268435455
   Debug Enable : 1
   size         : 890000
   average_time :   13.609 # [msec]
   throughput   :   65.398 # [mwords/sec]
   Debug_Time(0):   13.370 # [msec]
   Debug_Time(1):    9.116 # [msec]
   Debug_Time(2):    1.912 # [msec]
   Debug_Time(3):    2.341 # [msec]
-
   Version      : 1.6
   Ways         : 16
   Words        : 2
   Feedback     : 2
   WordBits     : 32
   IndexBits    : 32
   Sort Order   : 0
   Sign Compare : 0
   Max Size     : 268435455
   Debug Enable : 1
   size         : 895000
   average_time :   13.702 # [msec]
   throughput   :   65.319 # [mwords/sec]
   Debug_Time(0):   13.528 # [msec]
   Debug_Time(1):    9.241 # [msec]
   Debug_Time(2):    1.924 # [msec]
   Debug_Time(3):    2.363 # [msec]
-
   Version      : 1.6
   Ways         : 16
   Words        : 2
   Feedback     : 2
   WordBits     : 32
   IndexBits    : 32
   Sort Order   : 0
   Sign Compare : 0
   Max Size     : 268435455
   Debug Enable : 1
   size         : 900000
   average_time :   13.745 # [msec]
   throughput   :   65.478 # [mwords/sec]
   Debug_Time(0):   13.389 # [msec]
   Debug_Time(1):    9.091 # [msec]
   Debug_Time(2):    1.933 # [msec]
   Debug_Time(3):    2.365 # [msec]
-
   Version      : 1.6
   Ways         : 16
   Words        : 2
   Feedback     : 2
   WordBits     : 32
   IndexBits    : 32
   Sort Order   : 0
   Sign Compare : 0
   Max Size     : 268435455
   Debug Enable : 1
   size         : 905000
   average_time :   13.824 # [msec]
   throughput   :   65.466 # [mwords/sec]
   Debug_Time(0):   13.551 # [msec]
   Debug_Time(1):    9.199 # [msec]
   Debug_Time(2):    1.944 # [msec]
   Debug_Time(3):    2.408 # [msec]
-
   Version      : 1.6
   Ways         : 16
   Words        : 2
   Feedback     : 2
   WordBits     : 32
   IndexBits    : 32
   Sort Order   : 0
   Sign Compare : 0
   Max Size     : 268435455
   Debug Enable : 1
   size         : 910000
   average_time :   13.902 # [msec]
   throughput   :   65.459 # [mwords/sec]
   Debug_Time(0):   13.613 # [msec]
   Debug_Time(1):    9.246 # [msec]
   Debug_Time(2):    1.955 # [msec]
   Debug_Time(3):    2.412 # [msec]
-
   Version      : 1.6
   Ways         : 16
   Words        : 2
   Feedback     : 2
   WordBits     : 32
   IndexBits    : 32
   Sort Order   : 0
   Sign Compare : 0
   Max Size     : 268435455
   Debug Enable : 1
   size         : 915000
   average_time :   13.967 # [msec]
   throughput   :   65.513 # [mwords/sec]
   Debug_Time(0):   13.630 # [msec]
   Debug_Time(1):    9.254 # [msec]
   Debug_Time(2):    1.965 # [msec]
   Debug_Time(3):    2.411 # [msec]
-
   Version      : 1.6
   Ways         : 16
   Words        : 2
   Feedback     : 2
   WordBits     : 32
   IndexBits    : 32
   Sort Order   : 0
   Sign Compare : 0
   Max Size     : 268435455
   Debug Enable : 1
   size         : 920000
   average_time :   14.098 # [msec]
   throughput   :   65.258 # [mwords/sec]
   Debug_Time(0):   13.743 # [msec]
   Debug_Time(1):    9.349 # [msec]
   Debug_Time(2):    1.976 # [msec]
   Debug_Time(3):    2.418 # [msec]
-
   Version      : 1.6
   Ways         : 16
   Words        : 2
   Feedback     : 2
   WordBits     : 32
   IndexBits    : 32
   Sort Order   : 0
   Sign Compare : 0
   Max Size     : 268435455
   Debug Enable : 1
   size         : 925000
   average_time :   14.108 # [msec]
   throughput   :   65.566 # [mwords/sec]
   Debug_Time(0):   13.776 # [msec]
   Debug_Time(1):    9.357 # [msec]
   Debug_Time(2):    1.986 # [msec]
   Debug_Time(3):    2.433 # [msec]
-
   Version      : 1.6
   Ways         : 16
   Words        : 2
   Feedback     : 2
   WordBits     : 32
   IndexBits    : 32
   Sort Order   : 0
   Sign Compare : 0
   Max Size     : 268435455
   Debug Enable : 1
   size         : 930000
   average_time :   14.223 # [msec]
   throughput   :   65.388 # [mwords/sec]
   Debug_Time(0):   13.915 # [msec]
   Debug_Time(1):    9.493 # [msec]
   Debug_Time(2):    1.997 # [msec]
   Debug_Time(3):    2.425 # [msec]
-
   Version      : 1.6
   Ways         : 16
   Words        : 2
   Feedback     : 2
   WordBits     : 32
   IndexBits    : 32
   Sort Order   : 0
   Sign Compare : 0
   Max Size     : 268435455
   Debug Enable : 1
   size         : 935000
   average_time :   14.320 # [msec]
   throughput   :   65.295 # [mwords/sec]
   Debug_Time(0):   13.947 # [msec]
   Debug_Time(1):    9.481 # [msec]
   Debug_Time(2):    2.009 # [msec]
   Debug_Time(3):    2.456 # [msec]
-
   Version      : 1.6
   Ways         : 16
   Words        : 2
   Feedback     : 2
   WordBits     : 32
   IndexBits    : 32
   Sort Order   : 0
   Sign Compare : 0
   Max Size     : 268435455
   Debug Enable : 1
   size         : 940000
   average_time :   14.366 # [msec]
   throughput   :   65.433 # [mwords/sec]
   Debug_Time(0):   13.997 # [msec]
   Debug_Time(1):    9.510 # [msec]
   Debug_Time(2):    2.018 # [msec]
   Debug_Time(3):    2.469 # [msec]
-
   Version      : 1.6
   Ways         : 16
   Words        : 2
   Feedback     : 2
   WordBits     : 32
   IndexBits    : 32
   Sort Order   : 0
   Sign Compare : 0
   Max Size     : 268435455
   Debug Enable : 1
   size         : 945000
   average_time :   14.446 # [msec]
   throughput   :   65.414 # [mwords/sec]
   Debug_Time(0):   14.072 # [msec]
   Debug_Time(1):    9.567 # [msec]
   Debug_Time(2):    2.029 # [msec]
   Debug_Time(3):    2.476 # [msec]
-
   Version      : 1.6
   Ways         : 16
   Words        : 2
   Feedback     : 2
   WordBits     : 32
   IndexBits    : 32
   Sort Order   : 0
   Sign Compare : 0
   Max Size     : 268435455
   Debug Enable : 1
   size         : 950000
   average_time :   14.495 # [msec]
   throughput   :   65.540 # [mwords/sec]
   Debug_Time(0):   14.117 # [msec]
   Debug_Time(1):    9.588 # [msec]
   Debug_Time(2):    2.040 # [msec]
   Debug_Time(3):    2.489 # [msec]
-
   Version      : 1.6
   Ways         : 16
   Words        : 2
   Feedback     : 2
   WordBits     : 32
   IndexBits    : 32
   Sort Order   : 0
   Sign Compare : 0
   Max Size     : 268435455
   Debug Enable : 1
   size         : 955000
   average_time :   14.586 # [msec]
   throughput   :   65.475 # [mwords/sec]
   Debug_Time(0):   14.245 # [msec]
   Debug_Time(1):    9.690 # [msec]
   Debug_Time(2):    2.050 # [msec]
   Debug_Time(3):    2.505 # [msec]
-
   Version      : 1.6
   Ways         : 16
   Words        : 2
   Feedback     : 2
   WordBits     : 32
   IndexBits    : 32
   Sort Order   : 0
   Sign Compare : 0
   Max Size     : 268435455
   Debug Enable : 1
   size         : 960000
   average_time :   14.678 # [msec]
   throughput   :   65.405 # [mwords/sec]
   Debug_Time(0):   14.368 # [msec]
   Debug_Time(1):    9.787 # [msec]
   Debug_Time(2):    2.061 # [msec]
   Debug_Time(3):    2.519 # [msec]
-
   Version      : 1.6
   Ways         : 16
   Words        : 2
   Feedback     : 2
   WordBits     : 32
   IndexBits    : 32
   Sort Order   : 0
   Sign Compare : 0
   Max Size     : 268435455
   Debug Enable : 1
   size         : 965000
   average_time :   14.745 # [msec]
   throughput   :   65.445 # [mwords/sec]
   Debug_Time(0):   14.419 # [msec]
   Debug_Time(1):    9.808 # [msec]
   Debug_Time(2):    2.072 # [msec]
   Debug_Time(3):    2.539 # [msec]
-
   Version      : 1.6
   Ways         : 16
   Words        : 2
   Feedback     : 2
   WordBits     : 32
   IndexBits    : 32
   Sort Order   : 0
   Sign Compare : 0
   Max Size     : 268435455
   Debug Enable : 1
   size         : 970000
   average_time :   14.827 # [msec]
   throughput   :   65.420 # [mwords/sec]
   Debug_Time(0):   14.505 # [msec]
   Debug_Time(1):    9.871 # [msec]
   Debug_Time(2):    2.082 # [msec]
   Debug_Time(3):    2.551 # [msec]
-
   Version      : 1.6
   Ways         : 16
   Words        : 2
   Feedback     : 2
   WordBits     : 32
   IndexBits    : 32
   Sort Order   : 0
   Sign Compare : 0
   Max Size     : 268435455
   Debug Enable : 1
   size         : 975000
   average_time :   14.853 # [msec]
   throughput   :   65.644 # [mwords/sec]
   Debug_Time(0):   14.551 # [msec]
   Debug_Time(1):    9.894 # [msec]
   Debug_Time(2):    2.093 # [msec]
   Debug_Time(3):    2.564 # [msec]
-
   Version      : 1.6
   Ways         : 16
   Words        : 2
   Feedback     : 2
   WordBits     : 32
   IndexBits    : 32
   Sort Order   : 0
   Sign Compare : 0
   Max Size     : 268435455
   Debug Enable : 1
   size         : 980000
   average_time :   14.950 # [msec]
   throughput   :   65.550 # [mwords/sec]
   Debug_Time(0):   14.625 # [msec]
   Debug_Time(1):    9.947 # [msec]
   Debug_Time(2):    2.104 # [msec]
   Debug_Time(3):    2.574 # [msec]
-
   Version      : 1.6
   Ways         : 16
   Words        : 2
   Feedback     : 2
   WordBits     : 32
   IndexBits    : 32
   Sort Order   : 0
   Sign Compare : 0
   Max Size     : 268435455
   Debug Enable : 1
   size         : 985000
   average_time :   15.028 # [msec]
   throughput   :   65.545 # [mwords/sec]
   Debug_Time(0):   14.721 # [msec]
   Debug_Time(1):   10.013 # [msec]
   Debug_Time(2):    2.114 # [msec]
   Debug_Time(3):    2.593 # [msec]
-
   Version      : 1.6
   Ways         : 16
   Words        : 2
   Feedback     : 2
   WordBits     : 32
   IndexBits    : 32
   Sort Order   : 0
   Sign Compare : 0
   Max Size     : 268435455
   Debug Enable : 1
   size         : 990000
   average_time :   15.085 # [msec]
   throughput   :   65.627 # [mwords/sec]
   Debug_Time(0):   14.702 # [msec]
   Debug_Time(1):    9.981 # [msec]
   Debug_Time(2):    2.125 # [msec]
   Debug_Time(3):    2.596 # [msec]
-
   Version      : 1.6
   Ways         : 16
   Words        : 2
   Feedback     : 2
   WordBits     : 32
   IndexBits    : 32
   Sort Order   : 0
   Sign Compare : 0
   Max Size     : 268435455
   Debug Enable : 1
   size         : 995000
   average_time :   15.170 # [msec]
   throughput   :   65.588 # [mwords/sec]
   Debug_Time(0):   14.831 # [msec]
   Debug_Time(1):   10.082 # [msec]
   Debug_Time(2):    2.136 # [msec]
   Debug_Time(3):    2.613 # [msec]
-
   Version      : 1.6
   Ways         : 16
   Words        : 2
   Feedback     : 2
   WordBits     : 32
   IndexBits    : 32
   Sort Order   : 0
   Sign Compare : 0
   Max Size     : 268435455
   Debug Enable : 1
   size         : 1000000
   average_time :   15.259 # [msec]
   throughput   :   65.536 # [mwords/sec]
   Debug_Time(0):   14.962 # [msec]
   Debug_Time(1):   10.194 # [msec]
   Debug_Time(2):    2.146 # [msec]
   Debug_Time(3):    2.622 # [msec]
