Copyright 1986-2021 Xilinx, Inc. All Rights Reserved.
------------------------------------------------------------------------------------
| Tool Version : Vivado v.2021.2 (lin64) Build 3367213 Tue Oct 19 02:47:39 MDT 2021
| Date         : Sun Mar 13 15:07:53 2022
| Host         : Jabberwock running 64-bit Ubuntu 18.04.4 LTS
| Command      : report_utilization -file ./project.rpt
| Design       : design_1_wrapper
| Device       : xck26-sfvc784-2LV-c
| Speed File   : -2LV
| Design State : Physopt postRoute
------------------------------------------------------------------------------------

Utilization Design Information

Table of Contents
-----------------
1. CLB Logic
1.1 Summary of Registers by Type
2. CLB Logic Distribution
3. BLOCKRAM
4. ARITHMETIC
5. I/O
6. CLOCK
7. ADVANCED
8. CONFIGURATION
9. Primitives
10. Black Boxes
11. Instantiated Netlists

1. CLB Logic
------------

+----------------------------+--------+-------+------------+-----------+-------+
|          Site Type         |  Used  | Fixed | Prohibited | Available | Util% |
+----------------------------+--------+-------+------------+-----------+-------+
| CLB LUTs                   | 109295 |     0 |          0 |    117120 | 93.32 |
|   LUT as Logic             | 104072 |     0 |          0 |    117120 | 88.86 |
|   LUT as Memory            |   5223 |     0 |          0 |     57600 |  9.07 |
|     LUT as Distributed RAM |   5180 |     0 |            |           |       |
|     LUT as Shift Register  |     43 |     0 |            |           |       |
| CLB Registers              | 106776 |     0 |          0 |    234240 | 45.58 |
|   Register as Flip Flop    | 106776 |     0 |          0 |    234240 | 45.58 |
|   Register as Latch        |      0 |     0 |          0 |    234240 |  0.00 |
| CARRY8                     |   2251 |     0 |          0 |     14640 | 15.38 |
| F7 Muxes                   |    145 |     0 |          0 |     58560 |  0.25 |
| F8 Muxes                   |      0 |     0 |          0 |     29280 |  0.00 |
| F9 Muxes                   |      0 |     0 |          0 |     14640 |  0.00 |
+----------------------------+--------+-------+------------+-----------+-------+


1.1 Summary of Registers by Type
--------------------------------

+--------+--------------+-------------+--------------+
|  Total | Clock Enable | Synchronous | Asynchronous |
+--------+--------------+-------------+--------------+
| 0      |            _ |           - |            - |
| 0      |            _ |           - |          Set |
| 0      |            _ |           - |        Reset |
| 0      |            _ |         Set |            - |
| 0      |            _ |       Reset |            - |
| 0      |          Yes |           - |            - |
| 433    |          Yes |           - |          Set |
| 100892 |          Yes |           - |        Reset |
| 24     |          Yes |         Set |            - |
| 5427   |          Yes |       Reset |            - |
+--------+--------------+-------------+--------------+


2. CLB Logic Distribution
-------------------------

+--------------------------------------------+--------+-------+------------+-----------+-------+
|                  Site Type                 |  Used  | Fixed | Prohibited | Available | Util% |
+--------------------------------------------+--------+-------+------------+-----------+-------+
| CLB                                        |  14559 |     0 |          0 |     14640 | 99.45 |
|   CLBL                                     |   7403 |     0 |            |           |       |
|   CLBM                                     |   7156 |     0 |            |           |       |
| LUT as Logic                               | 104072 |     0 |          0 |    117120 | 88.86 |
|   using O5 output only                     |    583 |       |            |           |       |
|   using O6 output only                     |  66812 |       |            |           |       |
|   using O5 and O6                          |  36677 |       |            |           |       |
| LUT as Memory                              |   5223 |     0 |          0 |     57600 |  9.07 |
|   LUT as Distributed RAM                   |   5180 |     0 |            |           |       |
|     using O5 output only                   |      0 |       |            |           |       |
|     using O6 output only                   |   4996 |       |            |           |       |
|     using O5 and O6                        |    184 |       |            |           |       |
|   LUT as Shift Register                    |     43 |     0 |            |           |       |
|     using O5 output only                   |      0 |       |            |           |       |
|     using O6 output only                   |     43 |       |            |           |       |
|     using O5 and O6                        |      0 |       |            |           |       |
| CLB Registers                              | 106776 |     0 |          0 |    234240 | 45.58 |
|   Register driven from within the CLB      |  93684 |       |            |           |       |
|   Register driven from outside the CLB     |  13092 |       |            |           |       |
|     LUT in front of the register is unused |    862 |       |            |           |       |
|     LUT in front of the register is used   |  12230 |       |            |           |       |
| Unique Control Sets                        |    999 |       |          0 |     29280 |  3.41 |
+--------------------------------------------+--------+-------+------------+-----------+-------+
* * Note: Available Control Sets calculated as Slices * 2, Review the Control Sets Report for more information regarding control sets.


3. BLOCKRAM
-----------

+-------------------+------+-------+------------+-----------+-------+
|     Site Type     | Used | Fixed | Prohibited | Available | Util% |
+-------------------+------+-------+------------+-----------+-------+
| Block RAM Tile    |   70 |     0 |          0 |       144 | 48.61 |
|   RAMB36/FIFO*    |   70 |     0 |          0 |       144 | 48.61 |
|     RAMB36E2 only |   70 |       |            |           |       |
|   RAMB18          |    0 |     0 |          0 |       288 |  0.00 |
| URAM              |    0 |     0 |          0 |        64 |  0.00 |
+-------------------+------+-------+------------+-----------+-------+
* Note: Each Block RAM Tile only has one FIFO logic available and therefore can accommodate only one FIFO36E2 or one FIFO18E2. However, if a FIFO18E2 occupies a Block RAM Tile, that tile can still accommodate a RAMB18E2


4. ARITHMETIC
-------------

+-----------+------+-------+------------+-----------+-------+
| Site Type | Used | Fixed | Prohibited | Available | Util% |
+-----------+------+-------+------------+-----------+-------+
| DSPs      |    0 |     0 |          0 |      1248 |  0.00 |
+-----------+------+-------+------------+-----------+-------+


5. I/O
------

+------------------+------+-------+------------+-----------+-------+
|     Site Type    | Used | Fixed | Prohibited | Available | Util% |
+------------------+------+-------+------------+-----------+-------+
| Bonded IOB       |    0 |     0 |          0 |       189 |  0.00 |
| HPIOB_M          |    0 |     0 |          0 |        58 |  0.00 |
| HPIOB_S          |    0 |     0 |          0 |        58 |  0.00 |
| HDIOB_M          |    0 |     0 |          0 |        35 |  0.00 |
| HDIOB_S          |    0 |     0 |          0 |        35 |  0.00 |
| HPIOB_SNGL       |    0 |     0 |          0 |         3 |  0.00 |
| HPIOBDIFFINBUF   |    0 |     0 |          0 |        82 |  0.00 |
| HPIOBDIFFOUTBUF  |    0 |     0 |          0 |        82 |  0.00 |
| HDIOBDIFFINBUF   |    0 |     0 |          0 |        35 |  0.00 |
| BITSLICE_CONTROL |    0 |     0 |          0 |        32 |  0.00 |
| BITSLICE_RX_TX   |    0 |     0 |          0 |      1248 |  0.00 |
| BITSLICE_TX      |    0 |     0 |          0 |        32 |  0.00 |
| RIU_OR           |    0 |     0 |          0 |        16 |  0.00 |
+------------------+------+-------+------------+-----------+-------+


6. CLOCK
--------

+----------------------+------+-------+------------+-----------+-------+
|       Site Type      | Used | Fixed | Prohibited | Available | Util% |
+----------------------+------+-------+------------+-----------+-------+
| GLOBAL CLOCK BUFFERs |    3 |     0 |          0 |       352 |  0.85 |
|   BUFGCE             |    2 |     0 |          0 |       112 |  1.79 |
|   BUFGCE_DIV         |    0 |     0 |          0 |        16 |  0.00 |
|   BUFG_GT            |    0 |     0 |          0 |        96 |  0.00 |
|   BUFG_PS            |    1 |     0 |          0 |        96 |  1.04 |
|   BUFGCTRL*          |    0 |     0 |          0 |        32 |  0.00 |
| PLL                  |    1 |     0 |          0 |         8 | 12.50 |
| MMCM                 |    0 |     0 |          0 |         4 |  0.00 |
+----------------------+------+-------+------------+-----------+-------+
* Note: Each used BUFGCTRL counts as two GLOBAL CLOCK BUFFERs. This table does not include global clocking resources, only buffer cell usage. See the Clock Utilization Report (report_clock_utilization) for detailed accounting of global clocking resource availability.


7. ADVANCED
-----------

+-----------------+------+-------+------------+-----------+--------+
|    Site Type    | Used | Fixed | Prohibited | Available |  Util% |
+-----------------+------+-------+------------+-----------+--------+
| GTHE4_CHANNEL   |    0 |     0 |          0 |         4 |   0.00 |
| GTHE4_COMMON    |    0 |     0 |          0 |         1 |   0.00 |
| OBUFDS_GTE4     |    0 |     0 |          0 |         2 |   0.00 |
| OBUFDS_GTE4_ADV |    0 |     0 |          0 |         2 |   0.00 |
| PCIE40E4        |    0 |     0 |          0 |         2 |   0.00 |
| PS8             |    1 |     0 |          0 |         1 | 100.00 |
| SYSMONE4        |    0 |     0 |          0 |         1 |   0.00 |
| VCU             |    0 |     0 |          0 |         1 |   0.00 |
+-----------------+------+-------+------------+-----------+--------+


8. CONFIGURATION
----------------

+-------------+------+-------+------------+-----------+-------+
|  Site Type  | Used | Fixed | Prohibited | Available | Util% |
+-------------+------+-------+------------+-----------+-------+
| BSCANE2     |    0 |     0 |          0 |         4 |  0.00 |
| DNA_PORTE2  |    0 |     0 |          0 |         1 |  0.00 |
| EFUSE_USR   |    0 |     0 |          0 |         1 |  0.00 |
| FRAME_ECCE4 |    0 |     0 |          0 |         1 |  0.00 |
| ICAPE3      |    0 |     0 |          0 |         2 |  0.00 |
| MASTER_JTAG |    0 |     0 |          0 |         1 |  0.00 |
| STARTUPE3   |    0 |     0 |          0 |         1 |  0.00 |
+-------------+------+-------+------------+-----------+-------+


9. Primitives
-------------

+-----------+--------+---------------------+
|  Ref Name |  Used  | Functional Category |
+-----------+--------+---------------------+
| FDCE      | 100892 |            Register |
| LUT3      |  41848 |                 CLB |
| LUT4      |  37278 |                 CLB |
| LUT6      |  33070 |                 CLB |
| LUT2      |  14455 |                 CLB |
| LUT5      |  13462 |                 CLB |
| FDRE      |   5427 |            Register |
| RAMD64E   |   4992 |                 CLB |
| CARRY8    |   2251 |                 CLB |
| LUT1      |    636 |                 CLB |
| FDPE      |    433 |            Register |
| RAMD32    |    362 |                 CLB |
| MUXF7     |    145 |                 CLB |
| RAMB36E2  |     70 |            BLOCKRAM |
| SRLC32E   |     33 |                 CLB |
| FDSE      |     24 |            Register |
| SRL16E    |     10 |                 CLB |
| RAMS32    |     10 |                 CLB |
| BUFGCE    |      2 |               Clock |
| PS8       |      1 |            Advanced |
| PLLE4_ADV |      1 |               Clock |
| BUFG_PS   |      1 |               Clock |
+-----------+--------+---------------------+


10. Black Boxes
---------------

+----------+------+
| Ref Name | Used |
+----------+------+


11. Instantiated Netlists
-------------------------

+---------------------------------+------+
|             Ref Name            | Used |
+---------------------------------+------+
| design_1_zynq_ultra_ps_e_0_0    |    1 |
| design_1_rst_ps8_0_99M_0        |    1 |
| design_1_clk_wiz_0_0            |    1 |
| design_1_auto_pc_0              |    1 |
| design_1_auto_ds_0              |    1 |
| design_1_ZYNQMP_ACP_ADAPTER_0_0 |    1 |
| design_1_ArgSort_AXI_1_0        |    1 |
+---------------------------------+------+


Copyright 1986-2021 Xilinx, Inc. All Rights Reserved.
-----------------------------------------------------------------------------------------
| Tool Version      : Vivado v.2021.2 (lin64) Build 3367213 Tue Oct 19 02:47:39 MDT 2021
| Date              : Sun Mar 13 15:08:08 2022
| Host              : Jabberwock running 64-bit Ubuntu 18.04.4 LTS
| Command           : report_timing -file ./project.rpt -append
| Design            : design_1_wrapper
| Device            : xck26-sfvc784
| Speed File        : -2LV  PRODUCTION 1.29 08-03-2020
| Temperature Grade : C
-----------------------------------------------------------------------------------------

Timing Report

Slack (VIOLATED) :        -0.061ns  (required time - arrival time)
  Source:                 design_1_i/ArgSort_AXI_1/U0/ARGSORT_IF/MRG_RD/READER/CH[6].CTRL/O_SIDE.VALVE/flow_counter_reg[5]/C
                            (rising edge-triggered cell FDCE clocked by clk_out1_design_1_clk_wiz_0_0  {rise@0.000ns fall@2.273ns period=4.545ns})
  Destination:            design_1_i/ArgSort_AXI_1/U0/ARGSORT_IF/MRG_RD/READER/CH[6].RAM/GEN_B32K_W64_R64.B[0].RAM/ADDRARDADDR[14]
                            (rising edge-triggered cell RAMB36E2 clocked by clk_out1_design_1_clk_wiz_0_0  {rise@0.000ns fall@2.273ns period=4.545ns})
  Path Group:             clk_out1_design_1_clk_wiz_0_0
  Path Type:              Setup (Max at Slow Process Corner)
  Requirement:            4.545ns  (clk_out1_design_1_clk_wiz_0_0 rise@4.545ns - clk_out1_design_1_clk_wiz_0_0 rise@0.000ns)
  Data Path Delay:        3.920ns  (logic 1.505ns (38.393%)  route 2.415ns (61.607%))
  Logic Levels:           9  (CARRY8=2 LUT3=4 LUT4=1 LUT5=1 LUT6=1)
  Clock Path Skew:        -0.194ns (DCD - SCD + CPR)
    Destination Clock Delay (DCD):    4.656ns = ( 9.201 - 4.545 ) 
    Source Clock Delay      (SCD):    4.738ns
    Clock Pessimism Removal (CPR):    -0.112ns
  Clock Uncertainty:      0.064ns  ((TSJ^2 + DJ^2)^1/2) / 2 + PE
    Total System Jitter     (TSJ):    0.071ns
    Discrete Jitter          (DJ):    0.107ns
    Phase Error              (PE):    0.000ns
  Clock Net Delay (Source):      1.741ns (routing 0.246ns, distribution 1.495ns)
  Clock Net Delay (Destination): 1.464ns (routing 0.231ns, distribution 1.233ns)

    Location             Delay type                Incr(ns)  Path(ns)    Netlist Resource(s)
  -------------------------------------------------------------------    -------------------
                         (clock clk_out1_design_1_clk_wiz_0_0 rise edge)
                                                      0.000     0.000 r  
    BUFG_PS_X0Y73        BUFG_PS                      0.000     0.000 r  design_1_i/zynq_ultra_ps_e_0/U0/buffer_pl_clk_0.PL_CLK_0_BUFG/O
                         net (fo=1, routed)           2.428     2.428    design_1_i/clk_wiz_0/inst/clk_in1
    PLL_X0Y2             PLLE4_ADV (Prop_PLL_CLKIN_CLKOUT0)
                                                      0.147     2.575 r  design_1_i/clk_wiz_0/inst/plle4_adv_inst/CLKOUT0
                         net (fo=1, routed)           0.378     2.953    design_1_i/clk_wiz_0/inst/clk_out1_design_1_clk_wiz_0_0
    BUFGCE_X0Y39         BUFGCE (Prop_BUFCE_BUFGCE_I_O)
                                                      0.044     2.997 r  design_1_i/clk_wiz_0/inst/clkout1_buf/O
    X1Y1 (CLOCK_ROOT)    net (fo=112327, routed)      1.741     4.738    design_1_i/ArgSort_AXI_1/U0/ARGSORT_IF/MRG_RD/READER/CH[6].CTRL/O_SIDE.VALVE/ACLK
    SLICE_X19Y90         FDCE                                         r  design_1_i/ArgSort_AXI_1/U0/ARGSORT_IF/MRG_RD/READER/CH[6].CTRL/O_SIDE.VALVE/flow_counter_reg[5]/C
  -------------------------------------------------------------------    -------------------
    SLICE_X19Y90         FDCE (Prop_CFF_SLICEL_C_Q)
                                                      0.114     4.852 f  design_1_i/ArgSort_AXI_1/U0/ARGSORT_IF/MRG_RD/READER/CH[6].CTRL/O_SIDE.VALVE/flow_counter_reg[5]/Q
                         net (fo=8, routed)           0.131     4.983    design_1_i/ArgSort_AXI_1/U0/ARGSORT_IF/MRG_RD/READER/CH[6].CTRL/flow_count[5]
    SLICE_X18Y90         LUT6 (Prop_H6LUT_SLICEM_I4_O)
                                                      0.228     5.211 f  design_1_i/ArgSort_AXI_1/U0/ARGSORT_IF/MRG_RD/READER/CH[6].CTRL/i___56_i_5/O
                         net (fo=3, routed)           0.213     5.424    design_1_i/ArgSort_AXI_1/U0/ARGSORT_IF/MRG_RD/READER/CH[6].CTRL/i___56_i_5_n_0
    SLICE_X19Y90         LUT5 (Prop_A6LUT_SLICEL_I0_O)
                                                      0.082     5.506 f  design_1_i/ArgSort_AXI_1/U0/ARGSORT_IF/MRG_RD/READER/CH[6].CTRL/i___56_i_1/O
                         net (fo=12, routed)          0.214     5.720    design_1_i/ArgSort_AXI_1/U0/ARGSORT_IF/MRG_RD/READER/CH[6].CTRL/O_SIDE.VALVE/POOL_DVAL[2]
    SLICE_X20Y88         LUT3 (Prop_C6LUT_SLICEM_I2_O)
                                                      0.149     5.869 r  design_1_i/ArgSort_AXI_1/U0/ARGSORT_IF/MRG_RD/READER/CH[6].CTRL/O_SIDE.VALVE/i___56_i_7__5/O
                         net (fo=4, routed)           0.226     6.095    design_1_i/ArgSort_AXI_1/U0/ARGSORT_IF/MRG_RD/READER/CH[6].CTRL/O_SIDE.VALVE/O_SIDE.O_PORT/count_assert_bit[1]
    SLICE_X20Y89         LUT4 (Prop_H6LUT_SLICEM_I1_O)
                                                      0.189     6.284 r  design_1_i/ArgSort_AXI_1/U0/ARGSORT_IF/MRG_RD/READER/CH[6].CTRL/O_SIDE.VALVE/i___56_i_11__5/O
                         net (fo=4, routed)           0.127     6.411    design_1_i/ArgSort_AXI_1/U0/ARGSORT_IF/MRG_RD/READER/CH[6].CTRL/O_SIDE.VALVE/i___56_i_11__5_n_0
    SLICE_X19Y89         LUT3 (Prop_A6LUT_SLICEL_I2_O)
                                                      0.225     6.636 r  design_1_i/ArgSort_AXI_1/U0/ARGSORT_IF/MRG_RD/READER/CH[6].CTRL/O_SIDE.VALVE/next_counter0__0_carry_i_21__6/O
                         net (fo=6, routed)           0.676     7.312    design_1_i/ArgSort_AXI_1/U0/ARGSORT_IF/MRG_RD/READER/CH[6].CTRL/O_SIDE.VALVE/o_pull_fin_size[1]
    SLICE_X23Y93         LUT3 (Prop_B6LUT_SLICEL_I2_O)
                                                      0.058     7.370 r  design_1_i/ArgSort_AXI_1/U0/ARGSORT_IF/MRG_RD/READER/CH[6].CTRL/O_SIDE.VALVE/INTAKE_CTRL.curr_read_ptr[7]_i_6__6/O
                         net (fo=1, routed)           0.013     7.383    design_1_i/ArgSort_AXI_1/U0/ARGSORT_IF/MRG_RD/READER/CH[6].CTRL/O_SIDE.O_PORT/S[1]
    SLICE_X23Y93         CARRY8 (Prop_CARRY8_SLICEL_S[1]_CO[7])
                                                      0.261     7.644 r  design_1_i/ArgSort_AXI_1/U0/ARGSORT_IF/MRG_RD/READER/CH[6].CTRL/O_SIDE.O_PORT/INTAKE_CTRL.curr_read_ptr_reg[7]_i_2__6/CO[7]
                         net (fo=1, routed)           0.030     7.674    design_1_i/ArgSort_AXI_1/U0/ARGSORT_IF/MRG_RD/READER/CH[6].CTRL/O_SIDE.O_PORT/INTAKE_CTRL.curr_read_ptr_reg[7]_i_2__6_n_0
    SLICE_X23Y94         CARRY8 (Prop_CARRY8_SLICEL_CI_O[4])
                                                      0.119     7.793 r  design_1_i/ArgSort_AXI_1/U0/ARGSORT_IF/MRG_RD/READER/CH[6].CTRL/O_SIDE.O_PORT/INTAKE_CTRL.curr_read_ptr_reg[12]_i_2__6/O[4]
                         net (fo=2, routed)           0.332     8.125    design_1_i/ArgSort_AXI_1/U0/ARGSORT_IF/MRG_RD/READER/CH[6].CTRL/I_SIDE/CTRL_REGS/GEN_B32K_W64_R64.B[0].RAM_2[4]
    SLICE_X25Y94         LUT3 (Prop_F6LUT_SLICEM_I0_O)
                                                      0.080     8.205 r  design_1_i/ArgSort_AXI_1/U0/ARGSORT_IF/MRG_RD/READER/CH[6].CTRL/I_SIDE/CTRL_REGS/GEN_B32K_W64_R64.B[0].RAM_i_1__6/O
                         net (fo=2, routed)           0.453     8.658    design_1_i/ArgSort_AXI_1/U0/ARGSORT_IF/MRG_RD/READER/CH[6].RAM/RADDR[15]
    RAMB36_X0Y16         RAMB36E2                                     r  design_1_i/ArgSort_AXI_1/U0/ARGSORT_IF/MRG_RD/READER/CH[6].RAM/GEN_B32K_W64_R64.B[0].RAM/ADDRARDADDR[14]
  -------------------------------------------------------------------    -------------------

                         (clock clk_out1_design_1_clk_wiz_0_0 rise edge)
                                                      4.545     4.545 r  
    BUFG_PS_X0Y73        BUFG_PS                      0.000     4.545 r  design_1_i/zynq_ultra_ps_e_0/U0/buffer_pl_clk_0.PL_CLK_0_BUFG/O
                         net (fo=1, routed)           2.206     6.751    design_1_i/clk_wiz_0/inst/clk_in1
    PLL_X0Y2             PLLE4_ADV (Prop_PLL_CLKIN_CLKOUT0)
                                                      0.615     7.366 r  design_1_i/clk_wiz_0/inst/plle4_adv_inst/CLKOUT0
                         net (fo=1, routed)           0.332     7.698    design_1_i/clk_wiz_0/inst/clk_out1_design_1_clk_wiz_0_0
    BUFGCE_X0Y39         BUFGCE (Prop_BUFCE_BUFGCE_I_O)
                                                      0.039     7.737 r  design_1_i/clk_wiz_0/inst/clkout1_buf/O
    X1Y1 (CLOCK_ROOT)    net (fo=112327, routed)      1.464     9.201    design_1_i/ArgSort_AXI_1/U0/ARGSORT_IF/MRG_RD/READER/CH[6].RAM/ACLK
    RAMB36_X0Y16         RAMB36E2                                     r  design_1_i/ArgSort_AXI_1/U0/ARGSORT_IF/MRG_RD/READER/CH[6].RAM/GEN_B32K_W64_R64.B[0].RAM/CLKARDCLK
                         clock pessimism             -0.112     9.089    
                         clock uncertainty           -0.064     9.025    
    RAMB36_X0Y16         RAMB36E2 (Setup_RAMB36E2_RAMB36_CLKARDCLK_ADDRARDADDR[14])
                                                     -0.428     8.597    design_1_i/ArgSort_AXI_1/U0/ARGSORT_IF/MRG_RD/READER/CH[6].RAM/GEN_B32K_W64_R64.B[0].RAM
  -------------------------------------------------------------------
                         required time                          8.597    
                         arrival time                          -8.658    
  -------------------------------------------------------------------
                         slack                                 -0.061    




