Copyright 1986-2021 Xilinx, Inc. All Rights Reserved.
------------------------------------------------------------------------------------
| Tool Version : Vivado v.2021.2 (lin64) Build 3367213 Tue Oct 19 02:47:39 MDT 2021
| Date         : Tue May 27 19:57:57 2025
| Host         : Jabberwock running 64-bit Ubuntu 20.04.6 LTS
| Command      : report_utilization -file ./project.rpt
| Design       : design_1_wrapper
| Device       : xck26-sfvc784-2LV-c
| Speed File   : -2LV
| Design State : Physopt postRoute
------------------------------------------------------------------------------------

Utilization Design Information

Table of Contents
-----------------
1. CLB Logic
1.1 Summary of Registers by Type
2. CLB Logic Distribution
3. BLOCKRAM
4. ARITHMETIC
5. I/O
6. CLOCK
7. ADVANCED
8. CONFIGURATION
9. Primitives
10. Black Boxes
11. Instantiated Netlists

1. CLB Logic
------------

+----------------------------+-------+-------+------------+-----------+-------+
|          Site Type         |  Used | Fixed | Prohibited | Available | Util% |
+----------------------------+-------+-------+------------+-----------+-------+
| CLB LUTs                   | 66473 |     0 |          0 |    117120 | 56.76 |
|   LUT as Logic             | 66242 |     0 |          0 |    117120 | 56.56 |
|   LUT as Memory            |   231 |     0 |          0 |     57600 |  0.40 |
|     LUT as Distributed RAM |   188 |     0 |            |           |       |
|     LUT as Shift Register  |    43 |     0 |            |           |       |
| CLB Registers              | 46318 |     0 |          0 |    234240 | 19.77 |
|   Register as Flip Flop    | 46318 |     0 |          0 |    234240 | 19.77 |
|   Register as Latch        |     0 |     0 |          0 |    234240 |  0.00 |
| CARRY8                     |  1890 |     0 |          0 |     14640 | 12.91 |
| F7 Muxes                   |   145 |     0 |          0 |     58560 |  0.25 |
| F8 Muxes                   |     0 |     0 |          0 |     29280 |  0.00 |
| F9 Muxes                   |     0 |     0 |          0 |     14640 |  0.00 |
+----------------------------+-------+-------+------------+-----------+-------+


1.1 Summary of Registers by Type
--------------------------------

+-------+--------------+-------------+--------------+
| Total | Clock Enable | Synchronous | Asynchronous |
+-------+--------------+-------------+--------------+
| 0     |            _ |           - |            - |
| 0     |            _ |           - |          Set |
| 0     |            _ |           - |        Reset |
| 0     |            _ |         Set |            - |
| 0     |            _ |       Reset |            - |
| 0     |          Yes |           - |            - |
| 218   |          Yes |           - |          Set |
| 45001 |          Yes |           - |        Reset |
| 24    |          Yes |         Set |            - |
| 1075  |          Yes |       Reset |            - |
+-------+--------------+-------------+--------------+


2. CLB Logic Distribution
-------------------------

+--------------------------------------------+-------+-------+------------+-----------+-------+
|                  Site Type                 |  Used | Fixed | Prohibited | Available | Util% |
+--------------------------------------------+-------+-------+------------+-----------+-------+
| CLB                                        | 12053 |     0 |          0 |     14640 | 82.33 |
|   CLBL                                     |  5966 |     0 |            |           |       |
|   CLBM                                     |  6087 |     0 |            |           |       |
| LUT as Logic                               | 66242 |     0 |          0 |    117120 | 56.56 |
|   using O5 output only                     |   711 |       |            |           |       |
|   using O6 output only                     | 48226 |       |            |           |       |
|   using O5 and O6                          | 17305 |       |            |           |       |
| LUT as Memory                              |   231 |     0 |          0 |     57600 |  0.40 |
|   LUT as Distributed RAM                   |   188 |     0 |            |           |       |
|     using O5 output only                   |     0 |       |            |           |       |
|     using O6 output only                   |     4 |       |            |           |       |
|     using O5 and O6                        |   184 |       |            |           |       |
|   LUT as Shift Register                    |    43 |     0 |            |           |       |
|     using O5 output only                   |     0 |       |            |           |       |
|     using O6 output only                   |    43 |       |            |           |       |
|     using O5 and O6                        |     0 |       |            |           |       |
| CLB Registers                              | 46318 |     0 |          0 |    234240 | 19.77 |
|   Register driven from within the CLB      | 42401 |       |            |           |       |
|   Register driven from outside the CLB     |  3917 |       |            |           |       |
|     LUT in front of the register is unused |  2130 |       |            |           |       |
|     LUT in front of the register is used   |  1787 |       |            |           |       |
| Unique Control Sets                        |   707 |       |          0 |     29280 |  2.41 |
+--------------------------------------------+-------+-------+------------+-----------+-------+
* * Note: Available Control Sets calculated as Slices * 2, Review the Control Sets Report for more information regarding control sets.


3. BLOCKRAM
-----------

+-------------------+------+-------+------------+-----------+-------+
|     Site Type     | Used | Fixed | Prohibited | Available | Util% |
+-------------------+------+-------+------------+-----------+-------+
| Block RAM Tile    |   70 |     0 |          0 |       144 | 48.61 |
|   RAMB36/FIFO*    |   70 |     0 |          0 |       144 | 48.61 |
|     RAMB36E2 only |   70 |       |            |           |       |
|   RAMB18          |    0 |     0 |          0 |       288 |  0.00 |
| URAM              |   32 |     0 |          0 |        64 | 50.00 |
+-------------------+------+-------+------------+-----------+-------+
* Note: Each Block RAM Tile only has one FIFO logic available and therefore can accommodate only one FIFO36E2 or one FIFO18E2. However, if a FIFO18E2 occupies a Block RAM Tile, that tile can still accommodate a RAMB18E2


4. ARITHMETIC
-------------

+----------------+------+-------+------------+-----------+-------+
|    Site Type   | Used | Fixed | Prohibited | Available | Util% |
+----------------+------+-------+------------+-----------+-------+
| DSPs           |   15 |     0 |          0 |      1248 |  1.20 |
|   DSP48E2 only |   15 |       |            |           |       |
+----------------+------+-------+------------+-----------+-------+


5. I/O
------

+------------------+------+-------+------------+-----------+-------+
|     Site Type    | Used | Fixed | Prohibited | Available | Util% |
+------------------+------+-------+------------+-----------+-------+
| Bonded IOB       |    1 |     1 |          0 |       189 |  0.53 |
| HPIOB_M          |    0 |     0 |          0 |        58 |  0.00 |
| HPIOB_S          |    0 |     0 |          0 |        58 |  0.00 |
| HDIOB_M          |    1 |     1 |          0 |        35 |  2.86 |
|   INPUT          |    0 |       |            |           |       |
|   OUTPUT         |    1 |       |            |           |       |
|   BIDIR          |    0 |       |            |           |       |
| HDIOB_S          |    0 |     0 |          0 |        35 |  0.00 |
| HPIOB_SNGL       |    0 |     0 |          0 |         3 |  0.00 |
| HPIOBDIFFINBUF   |    0 |     0 |          0 |        82 |  0.00 |
| HPIOBDIFFOUTBUF  |    0 |     0 |          0 |        82 |  0.00 |
| HDIOBDIFFINBUF   |    0 |     0 |          0 |        35 |  0.00 |
| BITSLICE_CONTROL |    0 |     0 |          0 |        32 |  0.00 |
| BITSLICE_RX_TX   |    0 |     0 |          0 |      1248 |  0.00 |
| BITSLICE_TX      |    0 |     0 |          0 |        32 |  0.00 |
| RIU_OR           |    0 |     0 |          0 |        16 |  0.00 |
+------------------+------+-------+------------+-----------+-------+


6. CLOCK
--------

+----------------------+------+-------+------------+-----------+-------+
|       Site Type      | Used | Fixed | Prohibited | Available | Util% |
+----------------------+------+-------+------------+-----------+-------+
| GLOBAL CLOCK BUFFERs |    3 |     0 |          0 |       352 |  0.85 |
|   BUFGCE             |    2 |     0 |          0 |       112 |  1.79 |
|   BUFGCE_DIV         |    0 |     0 |          0 |        16 |  0.00 |
|   BUFG_GT            |    0 |     0 |          0 |        96 |  0.00 |
|   BUFG_PS            |    1 |     0 |          0 |        96 |  1.04 |
|   BUFGCTRL*          |    0 |     0 |          0 |        32 |  0.00 |
| PLL                  |    1 |     0 |          0 |         8 | 12.50 |
| MMCM                 |    0 |     0 |          0 |         4 |  0.00 |
+----------------------+------+-------+------------+-----------+-------+
* Note: Each used BUFGCTRL counts as two GLOBAL CLOCK BUFFERs. This table does not include global clocking resources, only buffer cell usage. See the Clock Utilization Report (report_clock_utilization) for detailed accounting of global clocking resource availability.


7. ADVANCED
-----------

+-----------------+------+-------+------------+-----------+--------+
|    Site Type    | Used | Fixed | Prohibited | Available |  Util% |
+-----------------+------+-------+------------+-----------+--------+
| GTHE4_CHANNEL   |    0 |     0 |          0 |         4 |   0.00 |
| GTHE4_COMMON    |    0 |     0 |          0 |         1 |   0.00 |
| OBUFDS_GTE4     |    0 |     0 |          0 |         2 |   0.00 |
| OBUFDS_GTE4_ADV |    0 |     0 |          0 |         2 |   0.00 |
| PCIE40E4        |    0 |     0 |          0 |         2 |   0.00 |
| PS8             |    1 |     0 |          0 |         1 | 100.00 |
| SYSMONE4        |    0 |     0 |          0 |         1 |   0.00 |
| VCU             |    0 |     0 |          0 |         1 |   0.00 |
+-----------------+------+-------+------------+-----------+--------+


8. CONFIGURATION
----------------

+-------------+------+-------+------------+-----------+-------+
|  Site Type  | Used | Fixed | Prohibited | Available | Util% |
+-------------+------+-------+------------+-----------+-------+
| BSCANE2     |    0 |     0 |          0 |         4 |  0.00 |
| DNA_PORTE2  |    0 |     0 |          0 |         1 |  0.00 |
| EFUSE_USR   |    0 |     0 |          0 |         1 |  0.00 |
| FRAME_ECCE4 |    0 |     0 |          0 |         1 |  0.00 |
| ICAPE3      |    0 |     0 |          0 |         2 |  0.00 |
| MASTER_JTAG |    0 |     0 |          0 |         1 |  0.00 |
| STARTUPE3   |    0 |     0 |          0 |         1 |  0.00 |
+-------------+------+-------+------------+-----------+-------+


9. Primitives
-------------

+-----------+-------+---------------------+
|  Ref Name |  Used | Functional Category |
+-----------+-------+---------------------+
| FDCE      | 45001 |            Register |
| LUT6      | 24918 |                 CLB |
| LUT4      | 16907 |                 CLB |
| LUT3      | 15854 |                 CLB |
| LUT2      | 13041 |                 CLB |
| LUT5      | 12156 |                 CLB |
| CARRY8    |  1890 |                 CLB |
| FDRE      |  1075 |            Register |
| LUT1      |   671 |                 CLB |
| RAMD32    |   362 |                 CLB |
| FDPE      |   218 |            Register |
| MUXF7     |   145 |                 CLB |
| RAMB36E2  |    70 |            BLOCKRAM |
| SRLC32E   |    33 |                 CLB |
| URAM288   |    32 |            BLOCKRAM |
| FDSE      |    24 |            Register |
| DSP48E2   |    15 |          Arithmetic |
| SRL16E    |    10 |                 CLB |
| RAMS32    |    10 |                 CLB |
| BUFGCE    |     2 |               Clock |
| PS8       |     1 |            Advanced |
| PLLE4_ADV |     1 |               Clock |
| OBUF      |     1 |                 I/O |
| BUFG_PS   |     1 |               Clock |
+-----------+-------+---------------------+


10. Black Boxes
---------------

+----------+------+
| Ref Name | Used |
+----------+------+


11. Instantiated Netlists
-------------------------

+---------------------------------+------+
|             Ref Name            | Used |
+---------------------------------+------+
| design_1_zynq_ultra_ps_e_0_0    |    1 |
| design_1_rst_ps8_0_99M_0        |    1 |
| design_1_clk_wiz_0_0            |    1 |
| design_1_auto_pc_0              |    1 |
| design_1_auto_ds_0              |    1 |
| design_1_ZYNQMP_ACP_ADAPTER_0_0 |    1 |
| design_1_ArgSort_AXI_1_0        |    1 |
+---------------------------------+------+


Copyright 1986-2021 Xilinx, Inc. All Rights Reserved.
-----------------------------------------------------------------------------------------
| Tool Version      : Vivado v.2021.2 (lin64) Build 3367213 Tue Oct 19 02:47:39 MDT 2021
| Date              : Tue May 27 19:58:04 2025
| Host              : Jabberwock running 64-bit Ubuntu 20.04.6 LTS
| Command           : report_timing -file ./project.rpt -append
| Design            : design_1_wrapper
| Device            : xck26-sfvc784
| Speed File        : -2LV  PRODUCTION 1.29 08-03-2020
| Temperature Grade : C
-----------------------------------------------------------------------------------------

Timing Report

Slack (MET) :             0.008ns  (required time - arrival time)
  Source:                 design_1_i/ArgSort_AXI_1/U0/CORE/SORT.TREE/TREE.B/TREE.A/TREE.B/OUTLET.QUEUE/Q__0/QUEUE_SIZE_GT_0.curr_queue_data_reg[1][43]/C
                            (rising edge-triggered cell FDCE clocked by clk_out1_design_1_clk_wiz_0_0  {rise@0.000ns fall@2.000ns period=4.000ns})
  Destination:            design_1_i/ArgSort_AXI_1/U0/CORE/SORT.TREE/TREE.B/TREE.A/OUTLET.QUEUE/Q__0/QUEUE_SIZE_GT_0.curr_queue_data_reg[1][61]/D
                            (rising edge-triggered cell FDCE clocked by clk_out1_design_1_clk_wiz_0_0  {rise@0.000ns fall@2.000ns period=4.000ns})
  Path Group:             clk_out1_design_1_clk_wiz_0_0
  Path Type:              Setup (Max at Slow Process Corner)
  Requirement:            4.000ns  (clk_out1_design_1_clk_wiz_0_0 rise@4.000ns - clk_out1_design_1_clk_wiz_0_0 rise@0.000ns)
  Data Path Delay:        3.894ns  (logic 0.848ns (21.777%)  route 3.046ns (78.223%))
  Logic Levels:           7  (CARRY8=2 LUT3=1 LUT4=1 LUT5=1 LUT6=2)
  Clock Path Skew:        -0.076ns (DCD - SCD + CPR)
    Destination Clock Delay (DCD):    4.798ns = ( 8.798 - 4.000 ) 
    Source Clock Delay      (SCD):    4.757ns
    Clock Pessimism Removal (CPR):    -0.117ns
  Clock Uncertainty:      0.066ns  ((TSJ^2 + DJ^2)^1/2) / 2 + PE
    Total System Jitter     (TSJ):    0.071ns
    Discrete Jitter          (DJ):    0.111ns
    Phase Error              (PE):    0.000ns
  Clock Net Delay (Source):      1.760ns (routing 0.246ns, distribution 1.514ns)
  Clock Net Delay (Destination): 1.606ns (routing 0.231ns, distribution 1.375ns)

    Location             Delay type                Incr(ns)  Path(ns)    Netlist Resource(s)
  -------------------------------------------------------------------    -------------------
                         (clock clk_out1_design_1_clk_wiz_0_0 rise edge)
                                                      0.000     0.000 r  
    BUFG_PS_X0Y73        BUFG_PS                      0.000     0.000 r  design_1_i/zynq_ultra_ps_e_0/U0/buffer_pl_clk_0.PL_CLK_0_BUFG/O
                         net (fo=1, routed)           2.428     2.428    design_1_i/clk_wiz_0/inst/clk_in1
    PLL_X0Y2             PLLE4_ADV (Prop_PLL_CLKIN_CLKOUT0)
                                                      0.147     2.575 r  design_1_i/clk_wiz_0/inst/plle4_adv_inst/CLKOUT0
                         net (fo=1, routed)           0.378     2.953    design_1_i/clk_wiz_0/inst/clk_out1_design_1_clk_wiz_0_0
    BUFGCE_X0Y39         BUFGCE (Prop_BUFCE_BUFGCE_I_O)
                                                      0.044     2.997 r  design_1_i/clk_wiz_0/inst/clkout1_buf/O
    X1Y1 (CLOCK_ROOT)    net (fo=46909, routed)       1.760     4.757    design_1_i/ArgSort_AXI_1/U0/CORE/SORT.TREE/TREE.B/TREE.A/TREE.B/OUTLET.QUEUE/Q__0/ACLK
    SLICE_X45Y54         FDCE                                         r  design_1_i/ArgSort_AXI_1/U0/CORE/SORT.TREE/TREE.B/TREE.A/TREE.B/OUTLET.QUEUE/Q__0/QUEUE_SIZE_GT_0.curr_queue_data_reg[1][43]/C
  -------------------------------------------------------------------    -------------------
    SLICE_X45Y54         FDCE (Prop_AFF_SLICEM_C_Q)
                                                      0.113     4.870 r  design_1_i/ArgSort_AXI_1/U0/CORE/SORT.TREE/TREE.B/TREE.A/TREE.B/OUTLET.QUEUE/Q__0/QUEUE_SIZE_GT_0.curr_queue_data_reg[1][43]/Q
                         net (fo=3, routed)           0.487     5.357    design_1_i/ArgSort_AXI_1/U0/CORE/SORT.TREE/TREE.B/TREE.A/TREE.A/OUTLET.QUEUE/Q__0/b_word[11]
    SLICE_X34Y53         LUT4 (Prop_F6LUT_SLICEM_I1_O)
                                                      0.135     5.492 r  design_1_i/ArgSort_AXI_1/U0/CORE/SORT.TREE/TREE.B/TREE.A/TREE.A/OUTLET.QUEUE/Q__0/select_a_unsigned_carry_i_11__20/O
                         net (fo=1, routed)           0.029     5.521    design_1_i/ArgSort_AXI_1/U0/CORE/SORT.TREE/TREE.B/TREE.A/TREE.NODE/COMP/S[5]
    SLICE_X34Y53         CARRY8 (Prop_CARRY8_SLICEM_S[5]_CO[7])
                                                      0.238     5.759 f  design_1_i/ArgSort_AXI_1/U0/CORE/SORT.TREE/TREE.B/TREE.A/TREE.NODE/COMP/select_a_unsigned_carry/CO[7]
                         net (fo=1, routed)           0.030     5.789    design_1_i/ArgSort_AXI_1/U0/CORE/SORT.TREE/TREE.B/TREE.A/TREE.NODE/COMP/select_a_unsigned_carry_n_0
    SLICE_X34Y54         CARRY8 (Prop_CARRY8_SLICEM_CI_CO[7])
                                                      0.073     5.862 f  design_1_i/ArgSort_AXI_1/U0/CORE/SORT.TREE/TREE.B/TREE.A/TREE.NODE/COMP/select_a_unsigned_carry__0/CO[7]
                         net (fo=1, routed)           0.446     6.308    design_1_i/ArgSort_AXI_1/U0/CORE/SORT.TREE/TREE.B/TREE.A/TREE.B/OUTLET.QUEUE/Q__0/CO[0]
    SLICE_X36Y45         LUT6 (Prop_G6LUT_SLICEL_I2_O)
                                                      0.057     6.365 r  design_1_i/ArgSort_AXI_1/U0/CORE/SORT.TREE/TREE.B/TREE.A/TREE.B/OUTLET.QUEUE/Q__0/i___27_i_3__1/O
                         net (fo=5, routed)           0.176     6.541    design_1_i/ArgSort_AXI_1/U0/CORE/SORT.TREE/TREE.B/TREE.A/TREE.NODE/SEL_B
    SLICE_X36Y41         LUT6 (Prop_G6LUT_SLICEL_I5_O)
                                                      0.057     6.598 r  design_1_i/ArgSort_AXI_1/U0/CORE/SORT.TREE/TREE.B/TREE.A/TREE.NODE/i___27_i_1__1/O
                         net (fo=79, routed)          0.557     7.155    design_1_i/ArgSort_AXI_1/U0/CORE/SORT.TREE/TREE.B/TREE.A/TREE.B/OUTLET.QUEUE/Q__0/QUEUE_SIZE_GT_0.curr_queue_data_reg[2][73]_0
    SLICE_X31Y54         LUT3 (Prop_C5LUT_SLICEM_I1_O)
                                                      0.093     7.248 r  design_1_i/ArgSort_AXI_1/U0/CORE/SORT.TREE/TREE.B/TREE.A/TREE.B/OUTLET.QUEUE/Q__0/QUEUE_SIZE_GT_0.curr_queue_data[2][61]_i_1__20/O
                         net (fo=2, routed)           1.254     8.502    design_1_i/ArgSort_AXI_1/U0/CORE/SORT.TREE/TREE.B/TREE.A/OUTLET.QUEUE/Q__0/D[61]
    SLICE_X9Y54          LUT5 (Prop_A6LUT_SLICEL_I1_O)
                                                      0.082     8.584 r  design_1_i/ArgSort_AXI_1/U0/CORE/SORT.TREE/TREE.B/TREE.A/OUTLET.QUEUE/Q__0/QUEUE_SIZE_GT_0.curr_queue_data[1][61]_i_1__22/O
                         net (fo=1, routed)           0.067     8.651    design_1_i/ArgSort_AXI_1/U0/CORE/SORT.TREE/TREE.B/TREE.A/OUTLET.QUEUE/Q__0/p_0_in[61]
    SLICE_X9Y54          FDCE                                         r  design_1_i/ArgSort_AXI_1/U0/CORE/SORT.TREE/TREE.B/TREE.A/OUTLET.QUEUE/Q__0/QUEUE_SIZE_GT_0.curr_queue_data_reg[1][61]/D
  -------------------------------------------------------------------    -------------------

                         (clock clk_out1_design_1_clk_wiz_0_0 rise edge)
                                                      4.000     4.000 r  
    BUFG_PS_X0Y73        BUFG_PS                      0.000     4.000 r  design_1_i/zynq_ultra_ps_e_0/U0/buffer_pl_clk_0.PL_CLK_0_BUFG/O
                         net (fo=1, routed)           2.206     6.206    design_1_i/clk_wiz_0/inst/clk_in1
    PLL_X0Y2             PLLE4_ADV (Prop_PLL_CLKIN_CLKOUT0)
                                                      0.615     6.821 r  design_1_i/clk_wiz_0/inst/plle4_adv_inst/CLKOUT0
                         net (fo=1, routed)           0.332     7.153    design_1_i/clk_wiz_0/inst/clk_out1_design_1_clk_wiz_0_0
    BUFGCE_X0Y39         BUFGCE (Prop_BUFCE_BUFGCE_I_O)
                                                      0.039     7.192 r  design_1_i/clk_wiz_0/inst/clkout1_buf/O
    X1Y1 (CLOCK_ROOT)    net (fo=46909, routed)       1.606     8.798    design_1_i/ArgSort_AXI_1/U0/CORE/SORT.TREE/TREE.B/TREE.A/OUTLET.QUEUE/Q__0/ACLK
    SLICE_X9Y54          FDCE                                         r  design_1_i/ArgSort_AXI_1/U0/CORE/SORT.TREE/TREE.B/TREE.A/OUTLET.QUEUE/Q__0/QUEUE_SIZE_GT_0.curr_queue_data_reg[1][61]/C
                         clock pessimism             -0.117     8.681    
                         clock uncertainty           -0.066     8.615    
    SLICE_X9Y54          FDCE (Setup_AFF_SLICEL_C_D)
                                                      0.044     8.659    design_1_i/ArgSort_AXI_1/U0/CORE/SORT.TREE/TREE.B/TREE.A/OUTLET.QUEUE/Q__0/QUEUE_SIZE_GT_0.curr_queue_data_reg[1][61]
  -------------------------------------------------------------------
                         required time                          8.659    
                         arrival time                          -8.651    
  -------------------------------------------------------------------
                         slack                                  0.008    




