Copyright 1986-2022 Xilinx, Inc. All Rights Reserved. Copyright 2022-2023 Advanced Micro Devices, Inc. All Rights Reserved.
---------------------------------------------------------------------------------------------------------------------------------------------
| Tool Version : Vivado v.2023.1 (win64) Build 3865809 Sun May  7 15:05:29 MDT 2023
| Date         : Tue May 27 12:48:56 2025
| Host         : Jabberwock running 64-bit major release  (build 9200)
| Command      : report_utilization -file D:/ichiro/work/ArgSort-Kv260/argsort_32_1_1/project.rpt
| Design       : design_1_wrapper
| Device       : xck26-sfvc784-2LV-c
| Speed File   : -2LV
| Design State : Physopt postRoute
---------------------------------------------------------------------------------------------------------------------------------------------

Utilization Design Information

Table of Contents
-----------------
1. CLB Logic
1.1 Summary of Registers by Type
2. CLB Logic Distribution
3. BLOCKRAM
4. ARITHMETIC
5. I/O
6. CLOCK
7. ADVANCED
8. CONFIGURATION
9. Primitives
10. Black Boxes
11. Instantiated Netlists

1. CLB Logic
------------

+----------------------------+-------+-------+------------+-----------+-------+
|          Site Type         |  Used | Fixed | Prohibited | Available | Util% |
+----------------------------+-------+-------+------------+-----------+-------+
| CLB LUTs                   | 67923 |     0 |          0 |    117120 | 57.99 |
|   LUT as Logic             | 65136 |     0 |          0 |    117120 | 55.61 |
|   LUT as Memory            |  2787 |     0 |          0 |     57600 |  4.84 |
|     LUT as Distributed RAM |  2744 |     0 |            |           |       |
|     LUT as Shift Register  |    43 |     0 |            |           |       |
| CLB Registers              | 47922 |     0 |          0 |    234240 | 20.46 |
|   Register as Flip Flop    | 47922 |     0 |          0 |    234240 | 20.46 |
|   Register as Latch        |     0 |     0 |          0 |    234240 |  0.00 |
| CARRY8                     |  1792 |     0 |          0 |     14640 | 12.24 |
| F7 Muxes                   |   145 |     0 |          0 |     58560 |  0.25 |
| F8 Muxes                   |     0 |     0 |          0 |     29280 |  0.00 |
| F9 Muxes                   |     0 |     0 |          0 |     14640 |  0.00 |
+----------------------------+-------+-------+------------+-----------+-------+
* Warning! LUT value is adjusted to account for LUT combining.


1.1 Summary of Registers by Type
--------------------------------

+-------+--------------+-------------+--------------+
| Total | Clock Enable | Synchronous | Asynchronous |
+-------+--------------+-------------+--------------+
| 0     |            _ |           - |            - |
| 0     |            _ |           - |          Set |
| 0     |            _ |           - |        Reset |
| 0     |            _ |         Set |            - |
| 0     |            _ |       Reset |            - |
| 0     |          Yes |           - |            - |
| 217   |          Yes |           - |          Set |
| 44398 |          Yes |           - |        Reset |
| 24    |          Yes |         Set |            - |
| 3283  |          Yes |       Reset |            - |
+-------+--------------+-------------+--------------+


2. CLB Logic Distribution
-------------------------

+--------------------------------------------+-------+-------+------------+-----------+-------+
|                  Site Type                 |  Used | Fixed | Prohibited | Available | Util% |
+--------------------------------------------+-------+-------+------------+-----------+-------+
| CLB                                        | 12140 |     0 |          0 |     14640 | 82.92 |
|   CLBL                                     |  6067 |     0 |            |           |       |
|   CLBM                                     |  6073 |     0 |            |           |       |
| LUT as Logic                               | 65136 |     0 |          0 |    117120 | 55.61 |
|   using O5 output only                     |   592 |       |            |           |       |
|   using O6 output only                     | 47156 |       |            |           |       |
|   using O5 and O6                          | 17388 |       |            |           |       |
| LUT as Memory                              |  2787 |     0 |          0 |     57600 |  4.84 |
|   LUT as Distributed RAM                   |  2744 |     0 |            |           |       |
|     using O5 output only                   |     0 |       |            |           |       |
|     using O6 output only                   |  2564 |       |            |           |       |
|     using O5 and O6                        |   180 |       |            |           |       |
|   LUT as Shift Register                    |    43 |     0 |            |           |       |
|     using O5 output only                   |     0 |       |            |           |       |
|     using O6 output only                   |    43 |       |            |           |       |
|     using O5 and O6                        |     0 |       |            |           |       |
| CLB Registers                              | 47922 |     0 |          0 |    234240 | 20.46 |
|   Register driven from within the CLB      | 43923 |       |            |           |       |
|   Register driven from outside the CLB     |  3999 |       |            |           |       |
|     LUT in front of the register is unused |  2079 |       |            |           |       |
|     LUT in front of the register is used   |  1920 |       |            |           |       |
| Unique Control Sets                        |   724 |       |          0 |     29280 |  2.47 |
+--------------------------------------------+-------+-------+------------+-----------+-------+
* * Note: Available Control Sets calculated as Slices * 2, Review the Control Sets Report for more information regarding control sets.


3. BLOCKRAM
-----------

+-------------------+------+-------+------------+-----------+-------+
|     Site Type     | Used | Fixed | Prohibited | Available | Util% |
+-------------------+------+-------+------------+-----------+-------+
| Block RAM Tile    |   70 |     0 |          0 |       144 | 48.61 |
|   RAMB36/FIFO*    |   70 |     0 |          0 |       144 | 48.61 |
|     RAMB36E2 only |   70 |       |            |           |       |
|   RAMB18          |    0 |     0 |          0 |       288 |  0.00 |
| URAM              |    0 |     0 |          0 |        64 |  0.00 |
+-------------------+------+-------+------------+-----------+-------+
* Note: Each Block RAM Tile only has one FIFO logic available and therefore can accommodate only one FIFO36E2 or one FIFO18E2. However, if a FIFO18E2 occupies a Block RAM Tile, that tile can still accommodate a RAMB18E2


4. ARITHMETIC
-------------

+----------------+------+-------+------------+-----------+-------+
|    Site Type   | Used | Fixed | Prohibited | Available | Util% |
+----------------+------+-------+------------+-----------+-------+
| DSPs           |   15 |     0 |          0 |      1248 |  1.20 |
|   DSP48E2 only |   15 |       |            |           |       |
+----------------+------+-------+------------+-----------+-------+


5. I/O
------

+------------------+------+-------+------------+-----------+-------+
|     Site Type    | Used | Fixed | Prohibited | Available | Util% |
+------------------+------+-------+------------+-----------+-------+
| Bonded IOB       |    1 |     1 |          0 |       189 |  0.53 |
| HPIOB_M          |    0 |     0 |          0 |        58 |  0.00 |
| HPIOB_S          |    0 |     0 |          0 |        58 |  0.00 |
| HDIOB_M          |    1 |     1 |          0 |        35 |  2.86 |
|   INPUT          |    0 |       |            |           |       |
|   OUTPUT         |    1 |       |            |           |       |
|   BIDIR          |    0 |       |            |           |       |
| HDIOB_S          |    0 |     0 |          0 |        35 |  0.00 |
| HPIOB_SNGL       |    0 |     0 |          0 |         3 |  0.00 |
| HPIOBDIFFINBUF   |    0 |     0 |          0 |        82 |  0.00 |
| HPIOBDIFFOUTBUF  |    0 |     0 |          0 |        82 |  0.00 |
| HDIOBDIFFINBUF   |    0 |     0 |          0 |        35 |  0.00 |
| BITSLICE_CONTROL |    0 |     0 |          0 |        32 |  0.00 |
| BITSLICE_RX_TX   |    0 |     0 |          0 |      1248 |  0.00 |
| BITSLICE_TX      |    0 |     0 |          0 |        32 |  0.00 |
| RIU_OR           |    0 |     0 |          0 |        16 |  0.00 |
+------------------+------+-------+------------+-----------+-------+


6. CLOCK
--------

+----------------------+------+-------+------------+-----------+-------+
|       Site Type      | Used | Fixed | Prohibited | Available | Util% |
+----------------------+------+-------+------------+-----------+-------+
| GLOBAL CLOCK BUFFERs |    3 |     0 |          0 |       352 |  0.85 |
|   BUFGCE             |    2 |     0 |          0 |       112 |  1.79 |
|   BUFGCE_DIV         |    0 |     0 |          0 |        16 |  0.00 |
|   BUFG_GT            |    0 |     0 |          0 |        96 |  0.00 |
|   BUFG_PS            |    1 |     0 |          0 |        96 |  1.04 |
|   BUFGCTRL*          |    0 |     0 |          0 |        32 |  0.00 |
| PLL                  |    1 |     0 |          0 |         8 | 12.50 |
| MMCM                 |    0 |     0 |          0 |         4 |  0.00 |
+----------------------+------+-------+------------+-----------+-------+
* Note: Each used BUFGCTRL counts as two GLOBAL CLOCK BUFFERs. This table does not include global clocking resources, only buffer cell usage. See the Clock Utilization Report (report_clock_utilization) for detailed accounting of global clocking resource availability.


7. ADVANCED
-----------

+-----------------+------+-------+------------+-----------+--------+
|    Site Type    | Used | Fixed | Prohibited | Available |  Util% |
+-----------------+------+-------+------------+-----------+--------+
| GTHE4_CHANNEL   |    0 |     0 |          0 |         4 |   0.00 |
| GTHE4_COMMON    |    0 |     0 |          0 |         1 |   0.00 |
| OBUFDS_GTE4     |    0 |     0 |          0 |         2 |   0.00 |
| OBUFDS_GTE4_ADV |    0 |     0 |          0 |         2 |   0.00 |
| PCIE40E4        |    0 |     0 |          0 |         2 |   0.00 |
| PS8             |    1 |     0 |          0 |         1 | 100.00 |
| SYSMONE4        |    0 |     0 |          0 |         1 |   0.00 |
| VCU             |    0 |     0 |          0 |         1 |   0.00 |
+-----------------+------+-------+------------+-----------+--------+


8. CONFIGURATION
----------------

+-------------+------+-------+------------+-----------+-------+
|  Site Type  | Used | Fixed | Prohibited | Available | Util% |
+-------------+------+-------+------------+-----------+-------+
| BSCANE2     |    0 |     0 |          0 |         4 |  0.00 |
| DNA_PORTE2  |    0 |     0 |          0 |         1 |  0.00 |
| EFUSE_USR   |    0 |     0 |          0 |         1 |  0.00 |
| FRAME_ECCE4 |    0 |     0 |          0 |         1 |  0.00 |
| ICAPE3      |    0 |     0 |          0 |         2 |  0.00 |
| MASTER_JTAG |    0 |     0 |          0 |         1 |  0.00 |
| STARTUPE3   |    0 |     0 |          0 |         1 |  0.00 |
+-------------+------+-------+------------+-----------+-------+


9. Primitives
-------------

+-----------+-------+---------------------+
|  Ref Name |  Used | Functional Category |
+-----------+-------+---------------------+
| FDCE      | 44398 |            Register |
| LUT6      | 24821 |                 CLB |
| LUT4      | 16610 |                 CLB |
| LUT3      | 16140 |                 CLB |
| LUT2      | 12403 |                 CLB |
| LUT5      | 11978 |                 CLB |
| FDRE      |  3283 |            Register |
| RAMD64E   |  2560 |                 CLB |
| CARRY8    |  1792 |                 CLB |
| LUT1      |   572 |                 CLB |
| RAMD32    |   354 |                 CLB |
| FDPE      |   217 |            Register |
| MUXF7     |   145 |                 CLB |
| RAMB36E2  |    70 |            BLOCKRAM |
| SRLC32E   |    33 |                 CLB |
| FDSE      |    24 |            Register |
| DSP48E2   |    15 |          Arithmetic |
| SRL16E    |    10 |                 CLB |
| RAMS32    |    10 |                 CLB |
| BUFGCE    |     2 |               Clock |
| PS8       |     1 |            Advanced |
| PLLE4_ADV |     1 |               Clock |
| OBUF      |     1 |                 I/O |
| BUFG_PS   |     1 |               Clock |
+-----------+-------+---------------------+


10. Black Boxes
---------------

+----------+------+
| Ref Name | Used |
+----------+------+


11. Instantiated Netlists
-------------------------

+---------------------------------+------+
|             Ref Name            | Used |
+---------------------------------+------+
| design_1_zynq_ultra_ps_e_0_0    |    1 |
| design_1_rst_ps8_0_99M_0        |    1 |
| design_1_clk_wiz_0_0            |    1 |
| design_1_auto_pc_0              |    1 |
| design_1_auto_ds_0              |    1 |
| design_1_ZYNQMP_ACP_ADAPTER_0_0 |    1 |
| design_1_ArgSort_AXI_1_0        |    1 |
+---------------------------------+------+


Copyright 1986-2022 Xilinx, Inc. All Rights Reserved. Copyright 2022-2023 Advanced Micro Devices, Inc. All Rights Reserved.
--------------------------------------------------------------------------------------------------------------------------------------------------
| Tool Version      : Vivado v.2023.1 (win64) Build 3865809 Sun May  7 15:05:29 MDT 2023
| Date              : Tue May 27 12:49:18 2025
| Host              : Jabberwock running 64-bit major release  (build 9200)
| Command           : report_timing -file D:/ichiro/work/ArgSort-Kv260/argsort_32_1_1/project.rpt -append
| Design            : design_1_wrapper
| Device            : xck26-sfvc784
| Speed File        : -2LV  PRODUCTION 1.30 05-15-2022
| Design State      : Physopt postRoute
| Temperature Grade : C
--------------------------------------------------------------------------------------------------------------------------------------------------

Timing Report

Slack (MET) :             0.017ns  (required time - arrival time)
  Source:                 design_1_i/ArgSort_AXI_1/U0/ARGSORT_IF/MRG_RD/AXI_IF/REQ_QUEUE/QUEUE_SIZE_GT_0.curr_queue_valid_reg[1]_replica/C
                            (rising edge-triggered cell FDCE clocked by clk_out1_design_1_clk_wiz_0_0  {rise@0.000ns fall@2.000ns period=4.000ns})
  Destination:            design_1_i/ArgSort_AXI_1/U0/ARGSORT_IF/MRG_RD/MRG[10].READER/CTRL/I_SIDE/CTRL_REGS/curr_state_reg[0]/D
                            (rising edge-triggered cell FDCE clocked by clk_out1_design_1_clk_wiz_0_0  {rise@0.000ns fall@2.000ns period=4.000ns})
  Path Group:             clk_out1_design_1_clk_wiz_0_0
  Path Type:              Setup (Max at Slow Process Corner)
  Requirement:            4.000ns  (clk_out1_design_1_clk_wiz_0_0 rise@4.000ns - clk_out1_design_1_clk_wiz_0_0 rise@0.000ns)
  Data Path Delay:        3.863ns  (logic 1.447ns (37.459%)  route 2.416ns (62.541%))
  Logic Levels:           12  (LUT2=2 LUT5=1 LUT6=9)
  Clock Path Skew:        -0.099ns (DCD - SCD + CPR)
    Destination Clock Delay (DCD):    4.727ns = ( 8.727 - 4.000 ) 
    Source Clock Delay      (SCD):    4.646ns
    Clock Pessimism Removal (CPR):    -0.180ns
  Clock Uncertainty:      0.066ns  ((TSJ^2 + DJ^2)^1/2) / 2 + PE
    Total System Jitter     (TSJ):    0.071ns
    Discrete Jitter          (DJ):    0.111ns
    Phase Error              (PE):    0.000ns
  Clock Net Delay (Source):      1.649ns (routing 0.246ns, distribution 1.403ns)
  Clock Net Delay (Destination): 1.535ns (routing 0.231ns, distribution 1.304ns)

    Location             Delay type                Incr(ns)  Path(ns)    Netlist Resource(s)
  -------------------------------------------------------------------    -------------------
                         (clock clk_out1_design_1_clk_wiz_0_0 rise edge)
                                                      0.000     0.000 r  
    BUFG_PS_X0Y73        BUFG_PS                      0.000     0.000 r  design_1_i/zynq_ultra_ps_e_0/U0/buffer_pl_clk_0.PL_CLK_0_BUFG/O
                         net (fo=1, routed)           2.428     2.428    design_1_i/clk_wiz_0/inst/clk_in1
    PLL_X0Y2             PLLE4_ADV (Prop_PLL_CLKIN_CLKOUT0)
                                                      0.147     2.575 r  design_1_i/clk_wiz_0/inst/plle4_adv_inst/CLKOUT0
                         net (fo=1, routed)           0.378     2.953    design_1_i/clk_wiz_0/inst/clk_out1_design_1_clk_wiz_0_0
    BUFGCE_X0Y39         BUFGCE (Prop_BUFCE_BUFGCE_I_O)
                                                      0.044     2.997 r  design_1_i/clk_wiz_0/inst/clkout1_buf/O
    X1Y1 (CLOCK_ROOT)    net (fo=51033, routed)       1.649     4.646    design_1_i/ArgSort_AXI_1/U0/ARGSORT_IF/MRG_RD/AXI_IF/REQ_QUEUE/ACLK
    SLICE_X35Y103        FDCE                                         r  design_1_i/ArgSort_AXI_1/U0/ARGSORT_IF/MRG_RD/AXI_IF/REQ_QUEUE/QUEUE_SIZE_GT_0.curr_queue_valid_reg[1]_replica/C
  -------------------------------------------------------------------    -------------------
    SLICE_X35Y103        FDCE (Prop_HFF2_SLICEM_C_Q)
                                                      0.114     4.760 f  design_1_i/ArgSort_AXI_1/U0/ARGSORT_IF/MRG_RD/AXI_IF/REQ_QUEUE/QUEUE_SIZE_GT_0.curr_queue_valid_reg[1]_replica/Q
                         net (fo=23, routed)          0.215     4.975    design_1_i/ArgSort_AXI_1/U0/ARGSORT_IF/MRG_RD/AXI_IF/REQ_QUEUE/req_queue_valid_repN
    SLICE_X36Y102        LUT6 (Prop_D6LUT_SLICEL_I2_O)
                                                      0.221     5.196 f  design_1_i/ArgSort_AXI_1/U0/ARGSORT_IF/MRG_RD/AXI_IF/REQ_QUEUE/tran_err_i_5__14/O
                         net (fo=4, routed)           0.124     5.320    design_1_i/ArgSort_AXI_1/U0/ARGSORT_IF/MRG_RD/AXI_IF/REQ_QUEUE/tran_err_i_5__14_n_0
    SLICE_X36Y102        LUT6 (Prop_F6LUT_SLICEL_I1_O)
                                                      0.224     5.544 f  design_1_i/ArgSort_AXI_1/U0/ARGSORT_IF/MRG_RD/AXI_IF/REQ_QUEUE/AADDR[63]_i_20/O
                         net (fo=1, routed)           0.290     5.834    design_1_i/ArgSort_AXI_1/U0/ARGSORT_IF/MRG_RD/AXI_IF/REQ_QUEUE/AADDR[63]_i_20_n_0
    SLICE_X36Y106        LUT6 (Prop_G6LUT_SLICEL_I5_O)
                                                      0.057     5.891 f  design_1_i/ArgSort_AXI_1/U0/ARGSORT_IF/MRG_RD/AXI_IF/REQ_QUEUE/AADDR[63]_i_10/O
                         net (fo=1, routed)           0.112     6.003    design_1_i/ArgSort_AXI_1/U0/ARGSORT_IF/MRG_RD/AXI_IF/REQ_QUEUE/AADDR[63]_i_10_n_0
    SLICE_X35Y106        LUT6 (Prop_F6LUT_SLICEM_I0_O)
                                                      0.149     6.152 f  design_1_i/ArgSort_AXI_1/U0/ARGSORT_IF/MRG_RD/AXI_IF/REQ_QUEUE/AADDR[63]_i_3/O
                         net (fo=1, routed)           0.160     6.312    design_1_i/ArgSort_AXI_1/U0/ARGSORT_IF/MRG_RD/AXI_IF/AR/MAX_XFER_SIZE_GEN.REQ_SIZE_VALID_NE_0.GEN/ALEN_reg[0]_1
    SLICE_X35Y108        LUT6 (Prop_C6LUT_SLICEM_I2_O)
                                                      0.080     6.392 r  design_1_i/ArgSort_AXI_1/U0/ARGSORT_IF/MRG_RD/AXI_IF/AR/MAX_XFER_SIZE_GEN.REQ_SIZE_VALID_NE_0.GEN/AADDR[63]_i_1__0/O
                         net (fo=96, routed)          0.212     6.604    design_1_i/ArgSort_AXI_1/U0/ARGSORT_IF/MRG_RD/AXI_IF/REQ_QUEUE/xfer_req_valid
    SLICE_X35Y107        LUT6 (Prop_F6LUT_SLICEM_I5_O)
                                                      0.056     6.660 r  design_1_i/ArgSort_AXI_1/U0/ARGSORT_IF/MRG_RD/AXI_IF/REQ_QUEUE/QUEUE_SIZE_GT_0.curr_queue_data[2][SEL][31]_i_1/O
                         net (fo=95, routed)          0.234     6.894    design_1_i/ArgSort_AXI_1/U0/ARGSORT_IF/MRG_RD/AXI_IF/REQ_QUEUE/QUEUE_SIZE_GT_0.curr_queue_data[2][INFO]
    SLICE_X34Y105        LUT5 (Prop_B6LUT_SLICEM_I1_O)
                                                      0.188     7.082 f  design_1_i/ArgSort_AXI_1/U0/ARGSORT_IF/MRG_RD/AXI_IF/REQ_QUEUE/xfer_reg_error[10]_i_5/O
                         net (fo=1, routed)           0.221     7.303    design_1_i/ArgSort_AXI_1/U0/ARGSORT_IF/MRG_RD/AXI_IF/REQ_QUEUE/xfer_reg_error[10]_i_5_n_0
    SLICE_X33Y109        LUT6 (Prop_A6LUT_SLICEL_I1_O)
                                                      0.082     7.385 r  design_1_i/ArgSort_AXI_1/U0/ARGSORT_IF/MRG_RD/AXI_IF/REQ_QUEUE/xfer_reg_error[10]_i_3/O
                         net (fo=5, routed)           0.116     7.501    design_1_i/ArgSort_AXI_1/U0/ARGSORT_IF/MRG_RD/AXI_IF/REQ_QUEUE/xfer_run_busy_reg[10]_1
    SLICE_X33Y108        LUT2 (Prop_D6LUT_SLICEL_I1_O)
                                                      0.057     7.558 f  design_1_i/ArgSort_AXI_1/U0/ARGSORT_IF/MRG_RD/AXI_IF/REQ_QUEUE/curr_state[0]_i_4__10/O
                         net (fo=1, routed)           0.098     7.656    design_1_i/ArgSort_AXI_1/U0/ARGSORT_IF/MRG_RD/MRG[10].READER/CTRL/I_SIDE/CTRL_REGS/curr_state[0]_i_2__10_0
    SLICE_X32Y108        LUT6 (Prop_E6LUT_SLICEM_I2_O)
                                                      0.057     7.713 r  design_1_i/ArgSort_AXI_1/U0/ARGSORT_IF/MRG_RD/MRG[10].READER/CTRL/I_SIDE/CTRL_REGS/curr_state[0]_i_3__10/O
                         net (fo=1, routed)           0.155     7.868    design_1_i/ArgSort_AXI_1/U0/ARGSORT_IF/MRG_RD/MRG[10].READER/CTRL/I_SIDE/CTRL_REGS/curr_state[0]_i_3__10_n_0
    SLICE_X31Y108        LUT6 (Prop_D6LUT_SLICEM_I0_O)
                                                      0.080     7.948 r  design_1_i/ArgSort_AXI_1/U0/ARGSORT_IF/MRG_RD/MRG[10].READER/CTRL/I_SIDE/CTRL_REGS/curr_state[0]_i_2__10/O
                         net (fo=3, routed)           0.412     8.360    design_1_i/ArgSort_AXI_1/U0/ARGSORT_IF/MRG_RD/MRG[10].READER/CTRL/I_SIDE/CTRL_REGS/curr_state[0]_i_2__10_n_0
    SLICE_X26Y121        LUT2 (Prop_A6LUT_SLICEL_I0_O)
                                                      0.082     8.442 r  design_1_i/ArgSort_AXI_1/U0/ARGSORT_IF/MRG_RD/MRG[10].READER/CTRL/I_SIDE/CTRL_REGS/curr_state[0]_i_1__11/O
                         net (fo=1, routed)           0.067     8.509    design_1_i/ArgSort_AXI_1/U0/ARGSORT_IF/MRG_RD/MRG[10].READER/CTRL/I_SIDE/CTRL_REGS/curr_state[0]_i_1__11_n_0
    SLICE_X26Y121        FDCE                                         r  design_1_i/ArgSort_AXI_1/U0/ARGSORT_IF/MRG_RD/MRG[10].READER/CTRL/I_SIDE/CTRL_REGS/curr_state_reg[0]/D
  -------------------------------------------------------------------    -------------------

                         (clock clk_out1_design_1_clk_wiz_0_0 rise edge)
                                                      4.000     4.000 r  
    BUFG_PS_X0Y73        BUFG_PS                      0.000     4.000 r  design_1_i/zynq_ultra_ps_e_0/U0/buffer_pl_clk_0.PL_CLK_0_BUFG/O
                         net (fo=1, routed)           2.206     6.206    design_1_i/clk_wiz_0/inst/clk_in1
    PLL_X0Y2             PLLE4_ADV (Prop_PLL_CLKIN_CLKOUT0)
                                                      0.615     6.821 r  design_1_i/clk_wiz_0/inst/plle4_adv_inst/CLKOUT0
                         net (fo=1, routed)           0.332     7.153    design_1_i/clk_wiz_0/inst/clk_out1_design_1_clk_wiz_0_0
    BUFGCE_X0Y39         BUFGCE (Prop_BUFCE_BUFGCE_I_O)
                                                      0.039     7.192 r  design_1_i/clk_wiz_0/inst/clkout1_buf/O
    X1Y1 (CLOCK_ROOT)    net (fo=51033, routed)       1.535     8.727    design_1_i/ArgSort_AXI_1/U0/ARGSORT_IF/MRG_RD/MRG[10].READER/CTRL/I_SIDE/CTRL_REGS/ACLK
    SLICE_X26Y121        FDCE                                         r  design_1_i/ArgSort_AXI_1/U0/ARGSORT_IF/MRG_RD/MRG[10].READER/CTRL/I_SIDE/CTRL_REGS/curr_state_reg[0]/C
                         clock pessimism             -0.180     8.547    
                         clock uncertainty           -0.066     8.481    
    SLICE_X26Y121        FDCE (Setup_AFF_SLICEL_C_D)
                                                      0.044     8.525    design_1_i/ArgSort_AXI_1/U0/ARGSORT_IF/MRG_RD/MRG[10].READER/CTRL/I_SIDE/CTRL_REGS/curr_state_reg[0]
  -------------------------------------------------------------------
                         required time                          8.525    
                         arrival time                          -8.509    
  -------------------------------------------------------------------
                         slack                                  0.017    




