#
# An unexpected error has occurred (11)
#
Stack:
/lib/x86_64-linux-gnu/libc.so.6(+0x43090) [0x7fb397003090]
/lib/x86_64-linux-gnu/libc.so.6(malloc_usable_size+0x48) [0x7fb39705c1f8]
/lib/x86_64-linux-gnu/libudev.so.1(+0x10319) [0x7fb32f190319]
/lib/x86_64-linux-gnu/libudev.so.1(+0x167c4) [0x7fb32f1967c4]
/lib/x86_64-linux-gnu/libudev.so.1(+0x1b255) [0x7fb32f19b255]
/lib/x86_64-linux-gnu/libudev.so.1(+0x1b4bb) [0x7fb32f19b4bb]
/lib/x86_64-linux-gnu/libudev.so.1(udev_enumerate_scan_devices+0x294) [0x7fb32f19dd84]
/home/ichiro/Xilinx/Vivado/2021.2/lib/lnx64.o/libXil_lmgr11.so(+0x129015) [0x7fb38ea69015]
/home/ichiro/Xilinx/Vivado/2021.2/lib/lnx64.o/libXil_lmgr11.so(xilinxd_52bd866351b78202+0x9) [0x7fb38ea69499]
/home/ichiro/Xilinx/Vivado/2021.2/lib/lnx64.o/libXil_lmgr11.so(+0xd6317) [0x7fb38ea16317]
/home/ichiro/Xilinx/Vivado/2021.2/lib/lnx64.o/libXil_lmgr11.so(xilinxd_52bd862318b59a70+0x86) [0x7fb38ea160d6]
/home/ichiro/Xilinx/Vivado/2021.2/lib/lnx64.o/libXil_lmgr11.so(+0xc364f) [0x7fb38ea0364f]
/home/ichiro/Xilinx/Vivado/2021.2/lib/lnx64.o/libXil_lmgr11.so(xilinxd_52bd9e9e1c8e52fb+0x1b) [0x7fb38ea0d3eb]
/home/ichiro/Xilinx/Vivado/2021.2/lib/lnx64.o/libXil_lmgr11.so(xilinxd_52bd700d1bd3c616+0x30) [0x7fb38ea0d480]
/home/ichiro/Xilinx/Vivado/2021.2/lib/lnx64.o/librdi_commonxillic.so(XilReg::Utils::GetHostInfo[abi:cxx11](XilReg::Utils::HostInfoType, bool) const+0x1c8) [0x7fb392de76d8]
/home/ichiro/Xilinx/Vivado/2021.2/lib/lnx64.o/librdi_commonxillic.so(XilReg::Utils::GetHostInfoFormatted[abi:cxx11](XilReg::Utils::HostInfoType, bool) const+0x52) [0x7fb392deb2e2]
/home/ichiro/Xilinx/Vivado/2021.2/lib/lnx64.o/librdi_commonxillic.so(XilReg::Utils::GetHostInfo[abi:cxx11]() const+0x183) [0x7fb392deb5a3]
/home/ichiro/Xilinx/Vivado/2021.2/lib/lnx64.o/librdi_commonxillic.so(XilReg::Utils::GetRegInfo(std::__cxx11::basic_string<char, std::char_traits<char>, std::allocator<char> > const&, bool, bool)+0xc6) [0x7fb392df8856]
/home/ichiro/Xilinx/Vivado/2021.2/lib/lnx64.o/librdi_commonxillic.so(XilReg::Utils::GetRegInfoWebTalk(std::__cxx11::basic_string<char, std::char_traits<char>, std::allocator<char> > const&)+0x60) [0x7fb392df8ae0]
/home/ichiro/Xilinx/Vivado/2021.2/lib/lnx64.o/librdi_project.so(HAPRWebtalkHelper::getRegistrationId[abi:cxx11]() const+0x3a) [0x7fb354af63da]
/home/ichiro/Xilinx/Vivado/2021.2/lib/lnx64.o/librdi_project.so(HAPRWebtalkHelper::HAPRWebtalkHelper(HAPRProject*, HAPRDesign*, HWEWebtalkMgr*, std::__cxx11::basic_string<char, std::char_traits<char>, std::allocator<char> > const&)+0x158) [0x7fb354af6cd8]
/home/ichiro/Xilinx/Vivado/2021.2/lib/lnx64.o/librdi_project.so(HAPRDesign::prepAndTransmitWebtalkData(std::__cxx11::basic_string<char, std::char_traits<char>, std::allocator<char> >, bool)+0x69) [0x7fb35498d299]
/home/ichiro/Xilinx/Vivado/2021.2/lib/lnx64.o/librdi_vivadotasks.so(+0x5df30f) [0x7fb33cf6f30f]
/home/ichiro/Xilinx/Vivado/2021.2/lib/lnx64.o/librdi_vivadotasks.so(+0x5e21d9) [0x7fb33cf721d9]
/home/ichiro/Xilinx/Vivado/2021.2/lib/lnx64.o/librdi_common.so(+0xa80712) [0x7fb398290712]
/home/ichiro/Xilinx/Vivado/2021.2/lib/lnx64.o/libtcl8.5.so(+0x3356f) [0x7fb39261356f]
/home/ichiro/Xilinx/Vivado/2021.2/lib/lnx64.o/libtcl8.5.so(+0x76945) [0x7fb392656945]
/home/ichiro/Xilinx/Vivado/2021.2/lib/lnx64.o/libtcl8.5.so(+0x7e0f9) [0x7fb39265e0f9]
/home/ichiro/Xilinx/Vivado/2021.2/lib/lnx64.o/libtcl8.5.so(TclEvalObjEx+0x76) [0x7fb392615216]
/home/ichiro/Xilinx/Vivado/2021.2/lib/lnx64.o/librdi_commontasks.so(+0x1ebea4) [0x7fb38bafbea4]
/home/ichiro/Xilinx/Vivado/2021.2/lib/lnx64.o/libtcl8.5.so(+0x3356f) [0x7fb39261356f]
/home/ichiro/Xilinx/Vivado/2021.2/lib/lnx64.o/libtcl8.5.so(+0x34bf8) [0x7fb392614bf8]
/home/ichiro/Xilinx/Vivado/2021.2/lib/lnx64.o/libtcl8.5.so(+0xad566) [0x7fb39268d566]
/home/ichiro/Xilinx/Vivado/2021.2/lib/lnx64.o/libtcl8.5.so(+0x34785) [0x7fb392614785]
/home/ichiro/Xilinx/Vivado/2021.2/lib/lnx64.o/libtcl8.5.so(Tcl_EvalEx+0x13) [0x7fb392615163]
/home/ichiro/Xilinx/Vivado/2021.2/lib/lnx64.o/libtcl8.5.so(Tcl_FSEvalFileEx+0x1da) [0x7fb392679d2a]
/home/ichiro/Xilinx/Vivado/2021.2/lib/lnx64.o/librdi_commontasks.so(+0x2082ed) [0x7fb38bb182ed]
/home/ichiro/Xilinx/Vivado/2021.2/lib/lnx64.o/librdi_common.so(+0xa80712) [0x7fb398290712]
/home/ichiro/Xilinx/Vivado/2021.2/lib/lnx64.o/libtcl8.5.so(+0x3356f) [0x7fb39261356f]
/home/ichiro/Xilinx/Vivado/2021.2/lib/lnx64.o/libtcl8.5.so(Tcl_EvalObjv+0x32) [0x7fb3926136a2]
/home/ichiro/Xilinx/Vivado/2021.2/lib/lnx64.o/libtcl8.5.so(TclEvalObjEx+0x322) [0x7fb3926154c2]
/home/ichiro/Xilinx/Vivado/2021.2/lib/lnx64.o/librdi_commontasks.so(+0x24d299) [0x7fb38bb5d299]
/home/ichiro/Xilinx/Vivado/2021.2/lib/lnx64.o/librdi_commontasks.so(+0x24ed0e) [0x7fb38bb5ed0e]
/home/ichiro/Xilinx/Vivado/2021.2/lib/lnx64.o/librdi_common.so(+0xa80712) [0x7fb398290712]
/home/ichiro/Xilinx/Vivado/2021.2/lib/lnx64.o/libtcl8.5.so(+0x3356f) [0x7fb39261356f]
/home/ichiro/Xilinx/Vivado/2021.2/lib/lnx64.o/libtcl8.5.so(Tcl_EvalObjv+0x32) [0x7fb3926136a2]
/home/ichiro/Xilinx/Vivado/2021.2/lib/lnx64.o/libtcl8.5.so(TclEvalObjEx+0x322) [0x7fb3926154c2]
/home/ichiro/Xilinx/Vivado/2021.2/lib/lnx64.o/librdi_commonmain.so(+0xce23) [0x7fb3975fce23]
/home/ichiro/Xilinx/Vivado/2021.2/lib/lnx64.o/libtcl8.5.so(Tcl_Main+0x1d0) [0x7fb3926802f0]
/home/ichiro/Xilinx/Vivado/2021.2/lib/lnx64.o/librdi_common.so(+0xac239b) [0x7fb3982d239b]
/lib/x86_64-linux-gnu/libpthread.so.0(+0x8609) [0x7fb396fa5609]
/lib/x86_64-linux-gnu/libc.so.6(clone+0x43) [0x7fb3970df353]
