Copyright 1986-2021 Xilinx, Inc. All Rights Reserved.
------------------------------------------------------------------------------------
| Tool Version : Vivado v.2021.2 (lin64) Build 3367213 Tue Oct 19 02:47:39 MDT 2021
| Date         : Sat Mar 12 03:18:51 2022
| Host         : Jabberwock running 64-bit Ubuntu 18.04.4 LTS
| Command      : report_utilization -file ./project.rpt
| Design       : design_1_wrapper
| Device       : xck26-sfvc784-2LV-c
| Speed File   : -2LV
| Design State : Routed
------------------------------------------------------------------------------------

Utilization Design Information

Table of Contents
-----------------
1. CLB Logic
1.1 Summary of Registers by Type
2. CLB Logic Distribution
3. BLOCKRAM
4. ARITHMETIC
5. I/O
6. CLOCK
7. ADVANCED
8. CONFIGURATION
9. Primitives
10. Black Boxes
11. Instantiated Netlists

1. CLB Logic
------------

+----------------------------+-------+-------+------------+-----------+-------+
|          Site Type         |  Used | Fixed | Prohibited | Available | Util% |
+----------------------------+-------+-------+------------+-----------+-------+
| CLB LUTs                   | 60491 |     0 |          0 |    117120 | 51.65 |
|   LUT as Logic             | 57764 |     0 |          0 |    117120 | 49.32 |
|   LUT as Memory            |  2727 |     0 |          0 |     57600 |  4.73 |
|     LUT as Distributed RAM |  2684 |     0 |            |           |       |
|     LUT as Shift Register  |    43 |     0 |            |           |       |
| CLB Registers              | 56881 |     0 |          0 |    234240 | 24.28 |
|   Register as Flip Flop    | 56881 |     0 |          0 |    234240 | 24.28 |
|   Register as Latch        |     0 |     0 |          0 |    234240 |  0.00 |
| CARRY8                     |  1138 |     0 |          0 |     14640 |  7.77 |
| F7 Muxes                   |   146 |     0 |          0 |     58560 |  0.25 |
| F8 Muxes                   |    31 |     0 |          0 |     29280 |  0.11 |
| F9 Muxes                   |     0 |     0 |          0 |     14640 |  0.00 |
+----------------------------+-------+-------+------------+-----------+-------+


1.1 Summary of Registers by Type
--------------------------------

+-------+--------------+-------------+--------------+
| Total | Clock Enable | Synchronous | Asynchronous |
+-------+--------------+-------------+--------------+
| 0     |            _ |           - |            - |
| 0     |            _ |           - |          Set |
| 0     |            _ |           - |        Reset |
| 0     |            _ |         Set |            - |
| 0     |            _ |       Reset |            - |
| 0     |          Yes |           - |            - |
| 273   |          Yes |           - |          Set |
| 53349 |          Yes |           - |        Reset |
| 24    |          Yes |         Set |            - |
| 3235  |          Yes |       Reset |            - |
+-------+--------------+-------------+--------------+


2. CLB Logic Distribution
-------------------------

+--------------------------------------------+-------+-------+------------+-----------+-------+
|                  Site Type                 |  Used | Fixed | Prohibited | Available | Util% |
+--------------------------------------------+-------+-------+------------+-----------+-------+
| CLB                                        | 11291 |     0 |          0 |     14640 | 77.12 |
|   CLBL                                     |  5623 |     0 |            |           |       |
|   CLBM                                     |  5668 |     0 |            |           |       |
| LUT as Logic                               | 57764 |     0 |          0 |    117120 | 49.32 |
|   using O5 output only                     |   309 |       |            |           |       |
|   using O6 output only                     | 40041 |       |            |           |       |
|   using O5 and O6                          | 17414 |       |            |           |       |
| LUT as Memory                              |  2727 |     0 |          0 |     57600 |  4.73 |
|   LUT as Distributed RAM                   |  2684 |     0 |            |           |       |
|     using O5 output only                   |     0 |       |            |           |       |
|     using O6 output only                   |  2500 |       |            |           |       |
|     using O5 and O6                        |   184 |       |            |           |       |
|   LUT as Shift Register                    |    43 |     0 |            |           |       |
|     using O5 output only                   |     0 |       |            |           |       |
|     using O6 output only                   |    43 |       |            |           |       |
|     using O5 and O6                        |     0 |       |            |           |       |
| CLB Registers                              | 56881 |     0 |          0 |    234240 | 24.28 |
|   Register driven from within the CLB      | 49428 |       |            |           |       |
|   Register driven from outside the CLB     |  7453 |       |            |           |       |
|     LUT in front of the register is unused |  5868 |       |            |           |       |
|     LUT in front of the register is used   |  1585 |       |            |           |       |
| Unique Control Sets                        |   607 |       |          0 |     29280 |  2.07 |
+--------------------------------------------+-------+-------+------------+-----------+-------+
* * Note: Available Control Sets calculated as Slices * 2, Review the Control Sets Report for more information regarding control sets.


3. BLOCKRAM
-----------

+-------------------+------+-------+------------+-----------+-------+
|     Site Type     | Used | Fixed | Prohibited | Available | Util% |
+-------------------+------+-------+------------+-----------+-------+
| Block RAM Tile    |   38 |     0 |          0 |       144 | 26.39 |
|   RAMB36/FIFO*    |   38 |     0 |          0 |       144 | 26.39 |
|     RAMB36E2 only |   38 |       |            |           |       |
|   RAMB18          |    0 |     0 |          0 |       288 |  0.00 |
| URAM              |    0 |     0 |          0 |        64 |  0.00 |
+-------------------+------+-------+------------+-----------+-------+
* Note: Each Block RAM Tile only has one FIFO logic available and therefore can accommodate only one FIFO36E2 or one FIFO18E2. However, if a FIFO18E2 occupies a Block RAM Tile, that tile can still accommodate a RAMB18E2


4. ARITHMETIC
-------------

+-----------+------+-------+------------+-----------+-------+
| Site Type | Used | Fixed | Prohibited | Available | Util% |
+-----------+------+-------+------------+-----------+-------+
| DSPs      |    0 |     0 |          0 |      1248 |  0.00 |
+-----------+------+-------+------------+-----------+-------+


5. I/O
------

+------------------+------+-------+------------+-----------+-------+
|     Site Type    | Used | Fixed | Prohibited | Available | Util% |
+------------------+------+-------+------------+-----------+-------+
| Bonded IOB       |    0 |     0 |          0 |       189 |  0.00 |
| HPIOB_M          |    0 |     0 |          0 |        58 |  0.00 |
| HPIOB_S          |    0 |     0 |          0 |        58 |  0.00 |
| HDIOB_M          |    0 |     0 |          0 |        35 |  0.00 |
| HDIOB_S          |    0 |     0 |          0 |        35 |  0.00 |
| HPIOB_SNGL       |    0 |     0 |          0 |         3 |  0.00 |
| HPIOBDIFFINBUF   |    0 |     0 |          0 |        82 |  0.00 |
| HPIOBDIFFOUTBUF  |    0 |     0 |          0 |        82 |  0.00 |
| HDIOBDIFFINBUF   |    0 |     0 |          0 |        35 |  0.00 |
| BITSLICE_CONTROL |    0 |     0 |          0 |        32 |  0.00 |
| BITSLICE_RX_TX   |    0 |     0 |          0 |      1248 |  0.00 |
| BITSLICE_TX      |    0 |     0 |          0 |        32 |  0.00 |
| RIU_OR           |    0 |     0 |          0 |        16 |  0.00 |
+------------------+------+-------+------------+-----------+-------+


6. CLOCK
--------

+----------------------+------+-------+------------+-----------+-------+
|       Site Type      | Used | Fixed | Prohibited | Available | Util% |
+----------------------+------+-------+------------+-----------+-------+
| GLOBAL CLOCK BUFFERs |    3 |     0 |          0 |       352 |  0.85 |
|   BUFGCE             |    2 |     0 |          0 |       112 |  1.79 |
|   BUFGCE_DIV         |    0 |     0 |          0 |        16 |  0.00 |
|   BUFG_GT            |    0 |     0 |          0 |        96 |  0.00 |
|   BUFG_PS            |    1 |     0 |          0 |        96 |  1.04 |
|   BUFGCTRL*          |    0 |     0 |          0 |        32 |  0.00 |
| PLL                  |    1 |     0 |          0 |         8 | 12.50 |
| MMCM                 |    0 |     0 |          0 |         4 |  0.00 |
+----------------------+------+-------+------------+-----------+-------+
* Note: Each used BUFGCTRL counts as two GLOBAL CLOCK BUFFERs. This table does not include global clocking resources, only buffer cell usage. See the Clock Utilization Report (report_clock_utilization) for detailed accounting of global clocking resource availability.


7. ADVANCED
-----------

+-----------------+------+-------+------------+-----------+--------+
|    Site Type    | Used | Fixed | Prohibited | Available |  Util% |
+-----------------+------+-------+------------+-----------+--------+
| GTHE4_CHANNEL   |    0 |     0 |          0 |         4 |   0.00 |
| GTHE4_COMMON    |    0 |     0 |          0 |         1 |   0.00 |
| OBUFDS_GTE4     |    0 |     0 |          0 |         2 |   0.00 |
| OBUFDS_GTE4_ADV |    0 |     0 |          0 |         2 |   0.00 |
| PCIE40E4        |    0 |     0 |          0 |         2 |   0.00 |
| PS8             |    1 |     0 |          0 |         1 | 100.00 |
| SYSMONE4        |    0 |     0 |          0 |         1 |   0.00 |
| VCU             |    0 |     0 |          0 |         1 |   0.00 |
+-----------------+------+-------+------------+-----------+--------+


8. CONFIGURATION
----------------

+-------------+------+-------+------------+-----------+-------+
|  Site Type  | Used | Fixed | Prohibited | Available | Util% |
+-------------+------+-------+------------+-----------+-------+
| BSCANE2     |    0 |     0 |          0 |         4 |  0.00 |
| DNA_PORTE2  |    0 |     0 |          0 |         1 |  0.00 |
| EFUSE_USR   |    0 |     0 |          0 |         1 |  0.00 |
| FRAME_ECCE4 |    0 |     0 |          0 |         1 |  0.00 |
| ICAPE3      |    0 |     0 |          0 |         2 |  0.00 |
| MASTER_JTAG |    0 |     0 |          0 |         1 |  0.00 |
| STARTUPE3   |    0 |     0 |          0 |         1 |  0.00 |
+-------------+------+-------+------------+-----------+-------+


9. Primitives
-------------

+-----------+-------+---------------------+
|  Ref Name |  Used | Functional Category |
+-----------+-------+---------------------+
| FDCE      | 53349 |            Register |
| LUT4      | 20688 |                 CLB |
| LUT3      | 20473 |                 CLB |
| LUT6      | 16951 |                 CLB |
| LUT5      | 10868 |                 CLB |
| LUT2      |  5751 |                 CLB |
| FDRE      |  3235 |            Register |
| RAMD64E   |  2496 |                 CLB |
| CARRY8    |  1138 |                 CLB |
| LUT1      |   447 |                 CLB |
| RAMD32    |   362 |                 CLB |
| FDPE      |   273 |            Register |
| MUXF7     |   146 |                 CLB |
| RAMB36E2  |    38 |            BLOCKRAM |
| SRLC32E   |    33 |                 CLB |
| MUXF8     |    31 |                 CLB |
| FDSE      |    24 |            Register |
| SRL16E    |    10 |                 CLB |
| RAMS32    |    10 |                 CLB |
| BUFGCE    |     2 |               Clock |
| PS8       |     1 |            Advanced |
| PLLE4_ADV |     1 |               Clock |
| BUFG_PS   |     1 |               Clock |
+-----------+-------+---------------------+


10. Black Boxes
---------------

+----------+------+
| Ref Name | Used |
+----------+------+


11. Instantiated Netlists
-------------------------

+---------------------------------+------+
|             Ref Name            | Used |
+---------------------------------+------+
| design_1_zynq_ultra_ps_e_0_0    |    1 |
| design_1_rst_ps8_0_99M_0        |    1 |
| design_1_clk_wiz_0_0            |    1 |
| design_1_auto_pc_0              |    1 |
| design_1_auto_ds_0              |    1 |
| design_1_ZYNQMP_ACP_ADAPTER_0_0 |    1 |
| design_1_ArgSort_AXI_1_0        |    1 |
+---------------------------------+------+


Copyright 1986-2021 Xilinx, Inc. All Rights Reserved.
-----------------------------------------------------------------------------------------
| Tool Version      : Vivado v.2021.2 (lin64) Build 3367213 Tue Oct 19 02:47:39 MDT 2021
| Date              : Sat Mar 12 03:18:59 2022
| Host              : Jabberwock running 64-bit Ubuntu 18.04.4 LTS
| Command           : report_timing -file ./project.rpt -append
| Design            : design_1_wrapper
| Device            : xck26-sfvc784
| Speed File        : -2LV  PRODUCTION 1.29 08-03-2020
| Temperature Grade : C
-----------------------------------------------------------------------------------------

Timing Report

Slack (MET) :             0.000ns  (required time - arrival time)
  Source:                 design_1_i/ArgSort_AXI_1/U0/ARGSORT_IF/MRG_RD/READER/CH[6].CTRL/O_SIDE.VALVE/flow_counter_reg[2]/C
                            (rising edge-triggered cell FDCE clocked by clk_out1_design_1_clk_wiz_0_0  {rise@0.000ns fall@2.000ns period=4.000ns})
  Destination:            design_1_i/ArgSort_AXI_1/U0/ARGSORT_IF/MRG_RD/READER/CH[6].CTRL/O_SIDE.VALVE/flow_eq_zero_reg/D
                            (rising edge-triggered cell FDPE clocked by clk_out1_design_1_clk_wiz_0_0  {rise@0.000ns fall@2.000ns period=4.000ns})
  Path Group:             clk_out1_design_1_clk_wiz_0_0
  Path Type:              Setup (Max at Slow Process Corner)
  Requirement:            4.000ns  (clk_out1_design_1_clk_wiz_0_0 rise@4.000ns - clk_out1_design_1_clk_wiz_0_0 rise@0.000ns)
  Data Path Delay:        3.875ns  (logic 1.942ns (50.116%)  route 1.933ns (49.884%))
  Logic Levels:           12  (CARRY8=2 LUT2=1 LUT3=1 LUT5=2 LUT6=6)
  Clock Path Skew:        -0.103ns (DCD - SCD + CPR)
    Destination Clock Delay (DCD):    4.752ns = ( 8.752 - 4.000 ) 
    Source Clock Delay      (SCD):    4.744ns
    Clock Pessimism Removal (CPR):    -0.111ns
  Clock Uncertainty:      0.066ns  ((TSJ^2 + DJ^2)^1/2) / 2 + PE
    Total System Jitter     (TSJ):    0.071ns
    Discrete Jitter          (DJ):    0.111ns
    Phase Error              (PE):    0.000ns
  Clock Net Delay (Source):      1.747ns (routing 0.246ns, distribution 1.501ns)
  Clock Net Delay (Destination): 1.560ns (routing 0.231ns, distribution 1.329ns)

    Location             Delay type                Incr(ns)  Path(ns)    Netlist Resource(s)
  -------------------------------------------------------------------    -------------------
                         (clock clk_out1_design_1_clk_wiz_0_0 rise edge)
                                                      0.000     0.000 r  
    BUFG_PS_X0Y73        BUFG_PS                      0.000     0.000 r  design_1_i/zynq_ultra_ps_e_0/U0/buffer_pl_clk_0.PL_CLK_0_BUFG/O
                         net (fo=1, routed)           2.428     2.428    design_1_i/clk_wiz_0/inst/clk_in1
    PLL_X0Y2             PLLE4_ADV (Prop_PLL_CLKIN_CLKOUT0)
                                                      0.147     2.575 r  design_1_i/clk_wiz_0/inst/plle4_adv_inst/CLKOUT0
                         net (fo=1, routed)           0.378     2.953    design_1_i/clk_wiz_0/inst/clk_out1_design_1_clk_wiz_0_0
    BUFGCE_X0Y39         BUFGCE (Prop_BUFCE_BUFGCE_I_O)
                                                      0.044     2.997 r  design_1_i/clk_wiz_0/inst/clkout1_buf/O
    X1Y1 (CLOCK_ROOT)    net (fo=59872, routed)       1.747     4.744    design_1_i/ArgSort_AXI_1/U0/ARGSORT_IF/MRG_RD/READER/CH[6].CTRL/O_SIDE.VALVE/ACLK
    SLICE_X48Y65         FDCE                                         r  design_1_i/ArgSort_AXI_1/U0/ARGSORT_IF/MRG_RD/READER/CH[6].CTRL/O_SIDE.VALVE/flow_counter_reg[2]/C
  -------------------------------------------------------------------    -------------------
    SLICE_X48Y65         FDCE (Prop_BFF_SLICEL_C_Q)
                                                      0.113     4.857 f  design_1_i/ArgSort_AXI_1/U0/ARGSORT_IF/MRG_RD/READER/CH[6].CTRL/O_SIDE.VALVE/flow_counter_reg[2]/Q
                         net (fo=14, routed)          0.088     4.945    design_1_i/ArgSort_AXI_1/U0/ARGSORT_IF/MRG_RD/READER/CH[6].CTRL/flow_count[2]
    SLICE_X48Y65         LUT2 (Prop_E6LUT_SLICEL_I0_O)
                                                      0.223     5.168 f  design_1_i/ArgSort_AXI_1/U0/ARGSORT_IF/MRG_RD/READER/CH[6].CTRL/i___57_i_1/O
                         net (fo=4, routed)           0.107     5.275    design_1_i/ArgSort_AXI_1/U0/ARGSORT_IF/MRG_RD/READER/CH[6].CTRL/i___57_i_1_n_0
    SLICE_X48Y65         LUT6 (Prop_G6LUT_SLICEL_I0_O)
                                                      0.151     5.426 f  design_1_i/ArgSort_AXI_1/U0/ARGSORT_IF/MRG_RD/READER/CH[6].CTRL/i___57_i_4/O
                         net (fo=1, routed)           0.096     5.522    design_1_i/ArgSort_AXI_1/U0/ARGSORT_IF/MRG_RD/READER/CH[6].CTRL/O_SIDE.VALVE/POOL_DVAL[0]
    SLICE_X48Y65         LUT3 (Prop_F6LUT_SLICEL_I0_O)
                                                      0.136     5.658 r  design_1_i/ArgSort_AXI_1/U0/ARGSORT_IF/MRG_RD/READER/CH[6].CTRL/O_SIDE.VALVE/i___57_i_2__6/O
                         net (fo=3, routed)           0.113     5.771    design_1_i/ArgSort_AXI_1/U0/ARGSORT_IF/MRG_RD/READER/CH[6].CTRL/count_assert_bit1_in[1]
    SLICE_X48Y63         LUT6 (Prop_H6LUT_SLICEL_I3_O)
                                                      0.188     5.959 r  design_1_i/ArgSort_AXI_1/U0/ARGSORT_IF/MRG_RD/READER/CH[6].CTRL/i___59/O
                         net (fo=5, routed)           0.119     6.078    design_1_i/ArgSort_AXI_1/U0/ARGSORT_IF/MRG_RD/READER/CH[6].CTRL/O_SIDE.VALVE/next_counter0__0_carry_i_12__6_0
    SLICE_X48Y62         LUT5 (Prop_F6LUT_SLICEL_I0_O)
                                                      0.150     6.228 r  design_1_i/ArgSort_AXI_1/U0/ARGSORT_IF/MRG_RD/READER/CH[6].CTRL/O_SIDE.VALVE/next_counter0__0_carry_i_25__6/O
                         net (fo=5, routed)           0.447     6.675    design_1_i/ArgSort_AXI_1/U0/ARGSORT_IF/MRG_RD/READER/CH[6].CTRL/O_SIDE.VALVE/o_pull_fin_size[3]
    SLICE_X49Y63         LUT6 (Prop_H6LUT_SLICEL_I0_O)
                                                      0.058     6.733 r  design_1_i/ArgSort_AXI_1/U0/ARGSORT_IF/MRG_RD/READER/CH[6].CTRL/O_SIDE.VALVE/i___48_i_19__5/O
                         net (fo=1, routed)           0.460     7.193    design_1_i/ArgSort_AXI_1/U0/ARGSORT_IF/MRG_RD/READER/CH[6].CTRL/O_SIDE.VALVE/i___48_i_19__5_n_0
    SLICE_X47Y63         LUT6 (Prop_D6LUT_SLICEL_I5_O)
                                                      0.081     7.274 r  design_1_i/ArgSort_AXI_1/U0/ARGSORT_IF/MRG_RD/READER/CH[6].CTRL/O_SIDE.VALVE/i___48_i_13__5/O
                         net (fo=1, routed)           0.013     7.287    design_1_i/ArgSort_AXI_1/U0/ARGSORT_IF/MRG_RD/READER/CH[6].CTRL/O_SIDE.VALVE/i___48_i_13__5_n_0
    SLICE_X47Y63         CARRY8 (Prop_CARRY8_SLICEL_S[3]_CO[7])
                                                      0.220     7.507 r  design_1_i/ArgSort_AXI_1/U0/ARGSORT_IF/MRG_RD/READER/CH[6].CTRL/O_SIDE.VALVE/i___48_i_1__6/CO[7]
                         net (fo=1, routed)           0.030     7.537    design_1_i/ArgSort_AXI_1/U0/ARGSORT_IF/MRG_RD/READER/CH[6].CTRL/O_SIDE.VALVE/i___48_i_1__6_n_0
    SLICE_X47Y64         CARRY8 (Prop_CARRY8_SLICEL_CI_O[4])
                                                      0.119     7.656 f  design_1_i/ArgSort_AXI_1/U0/ARGSORT_IF/MRG_RD/READER/CH[6].CTRL/O_SIDE.VALVE/i___42_i_1__6/O[4]
                         net (fo=2, routed)           0.209     7.865    design_1_i/ArgSort_AXI_1/U0/ARGSORT_IF/MRG_RD/READER/CH[6].CTRL/O_SIDE.VALVE/flow_counter_reg[12]_1[4]
    SLICE_X47Y65         LUT6 (Prop_D6LUT_SLICEL_I1_O)
                                                      0.221     8.086 r  design_1_i/ArgSort_AXI_1/U0/ARGSORT_IF/MRG_RD/READER/CH[6].CTRL/O_SIDE.VALVE/flow_eq_zero_i_3__6/O
                         net (fo=1, routed)           0.098     8.184    design_1_i/ArgSort_AXI_1/U0/ARGSORT_IF/MRG_RD/READER/CH[6].CTRL/O_SIDE.VALVE/flow_eq_zero_i_3__6_n_0
    SLICE_X47Y65         LUT5 (Prop_C6LUT_SLICEL_I0_O)
                                                      0.056     8.240 r  design_1_i/ArgSort_AXI_1/U0/ARGSORT_IF/MRG_RD/READER/CH[6].CTRL/O_SIDE.VALVE/flow_eq_zero_i_2__6/O
                         net (fo=1, routed)           0.087     8.327    design_1_i/ArgSort_AXI_1/U0/ARGSORT_IF/MRG_RD/READER/CH[6].CTRL/O_SIDE.VALVE/flow_eq_zero_i_2__6_n_0
    SLICE_X47Y65         LUT6 (Prop_G6LUT_SLICEL_I3_O)
                                                      0.226     8.553 r  design_1_i/ArgSort_AXI_1/U0/ARGSORT_IF/MRG_RD/READER/CH[6].CTRL/O_SIDE.VALVE/flow_eq_zero_i_1__6/O
                         net (fo=1, routed)           0.066     8.619    design_1_i/ArgSort_AXI_1/U0/ARGSORT_IF/MRG_RD/READER/CH[6].CTRL/O_SIDE.VALVE/flow_eq_zero_i_1__6_n_0
    SLICE_X47Y65         FDPE                                         r  design_1_i/ArgSort_AXI_1/U0/ARGSORT_IF/MRG_RD/READER/CH[6].CTRL/O_SIDE.VALVE/flow_eq_zero_reg/D
  -------------------------------------------------------------------    -------------------

                         (clock clk_out1_design_1_clk_wiz_0_0 rise edge)
                                                      4.000     4.000 r  
    BUFG_PS_X0Y73        BUFG_PS                      0.000     4.000 r  design_1_i/zynq_ultra_ps_e_0/U0/buffer_pl_clk_0.PL_CLK_0_BUFG/O
                         net (fo=1, routed)           2.206     6.206    design_1_i/clk_wiz_0/inst/clk_in1
    PLL_X0Y2             PLLE4_ADV (Prop_PLL_CLKIN_CLKOUT0)
                                                      0.615     6.821 r  design_1_i/clk_wiz_0/inst/plle4_adv_inst/CLKOUT0
                         net (fo=1, routed)           0.332     7.153    design_1_i/clk_wiz_0/inst/clk_out1_design_1_clk_wiz_0_0
    BUFGCE_X0Y39         BUFGCE (Prop_BUFCE_BUFGCE_I_O)
                                                      0.039     7.192 r  design_1_i/clk_wiz_0/inst/clkout1_buf/O
    X1Y1 (CLOCK_ROOT)    net (fo=59872, routed)       1.560     8.752    design_1_i/ArgSort_AXI_1/U0/ARGSORT_IF/MRG_RD/READER/CH[6].CTRL/O_SIDE.VALVE/ACLK
    SLICE_X47Y65         FDPE                                         r  design_1_i/ArgSort_AXI_1/U0/ARGSORT_IF/MRG_RD/READER/CH[6].CTRL/O_SIDE.VALVE/flow_eq_zero_reg/C
                         clock pessimism             -0.111     8.641    
                         clock uncertainty           -0.066     8.575    
    SLICE_X47Y65         FDPE (Setup_GFF_SLICEL_C_D)
                                                      0.044     8.619    design_1_i/ArgSort_AXI_1/U0/ARGSORT_IF/MRG_RD/READER/CH[6].CTRL/O_SIDE.VALVE/flow_eq_zero_reg
  -------------------------------------------------------------------
                         required time                          8.619    
                         arrival time                          -8.619    
  -------------------------------------------------------------------
                         slack                                  0.000    




