Copyright 1986-2022 Xilinx, Inc. All Rights Reserved. Copyright 2022-2023 Advanced Micro Devices, Inc. All Rights Reserved.
---------------------------------------------------------------------------------------------------------------------------------------------
| Tool Version : Vivado v.2023.1 (win64) Build 3865809 Sun May  7 15:05:29 MDT 2023
| Date         : Tue May 27 11:57:09 2025
| Host         : Jabberwock running 64-bit major release  (build 9200)
| Command      : report_utilization -file D:/ichiro/work/ArgSort-Kv260/argsort_32_1_0/project.rpt
| Design       : design_1_wrapper
| Device       : xck26-sfvc784-2LV-c
| Speed File   : -2LV
| Design State : Physopt postRoute
---------------------------------------------------------------------------------------------------------------------------------------------

Utilization Design Information

Table of Contents
-----------------
1. CLB Logic
1.1 Summary of Registers by Type
2. CLB Logic Distribution
3. BLOCKRAM
4. ARITHMETIC
5. I/O
6. CLOCK
7. ADVANCED
8. CONFIGURATION
9. Primitives
10. Black Boxes
11. Instantiated Netlists

1. CLB Logic
------------

+----------------------------+-------+-------+------------+-----------+-------+
|          Site Type         |  Used | Fixed | Prohibited | Available | Util% |
+----------------------------+-------+-------+------------+-----------+-------+
| CLB LUTs                   | 65061 |     0 |          0 |    117120 | 55.55 |
|   LUT as Logic             | 62274 |     0 |          0 |    117120 | 53.17 |
|   LUT as Memory            |  2787 |     0 |          0 |     57600 |  4.84 |
|     LUT as Distributed RAM |  2744 |     0 |            |           |       |
|     LUT as Shift Register  |    43 |     0 |            |           |       |
| CLB Registers              | 46392 |     0 |          0 |    234240 | 19.81 |
|   Register as Flip Flop    | 46392 |     0 |          0 |    234240 | 19.81 |
|   Register as Latch        |     0 |     0 |          0 |    234240 |  0.00 |
| CARRY8                     |  1771 |     0 |          0 |     14640 | 12.10 |
| F7 Muxes                   |   145 |     0 |          0 |     58560 |  0.25 |
| F8 Muxes                   |     0 |     0 |          0 |     29280 |  0.00 |
| F9 Muxes                   |     0 |     0 |          0 |     14640 |  0.00 |
+----------------------------+-------+-------+------------+-----------+-------+
* Warning! LUT value is adjusted to account for LUT combining.


1.1 Summary of Registers by Type
--------------------------------

+-------+--------------+-------------+--------------+
| Total | Clock Enable | Synchronous | Asynchronous |
+-------+--------------+-------------+--------------+
| 0     |            _ |           - |            - |
| 0     |            _ |           - |          Set |
| 0     |            _ |           - |        Reset |
| 0     |            _ |         Set |            - |
| 0     |            _ |       Reset |            - |
| 0     |          Yes |           - |            - |
| 248   |          Yes |           - |          Set |
| 42869 |          Yes |           - |        Reset |
| 24    |          Yes |         Set |            - |
| 3251  |          Yes |       Reset |            - |
+-------+--------------+-------------+--------------+


2. CLB Logic Distribution
-------------------------

+--------------------------------------------+-------+-------+------------+-----------+-------+
|                  Site Type                 |  Used | Fixed | Prohibited | Available | Util% |
+--------------------------------------------+-------+-------+------------+-----------+-------+
| CLB                                        | 11768 |     0 |          0 |     14640 | 80.38 |
|   CLBL                                     |  5897 |     0 |            |           |       |
|   CLBM                                     |  5871 |     0 |            |           |       |
| LUT as Logic                               | 62274 |     0 |          0 |    117120 | 53.17 |
|   using O5 output only                     |   473 |       |            |           |       |
|   using O6 output only                     | 43964 |       |            |           |       |
|   using O5 and O6                          | 17837 |       |            |           |       |
| LUT as Memory                              |  2787 |     0 |          0 |     57600 |  4.84 |
|   LUT as Distributed RAM                   |  2744 |     0 |            |           |       |
|     using O5 output only                   |     0 |       |            |           |       |
|     using O6 output only                   |  2564 |       |            |           |       |
|     using O5 and O6                        |   180 |       |            |           |       |
|   LUT as Shift Register                    |    43 |     0 |            |           |       |
|     using O5 output only                   |     0 |       |            |           |       |
|     using O6 output only                   |    43 |       |            |           |       |
|     using O5 and O6                        |     0 |       |            |           |       |
| CLB Registers                              | 46392 |     0 |          0 |    234240 | 19.81 |
|   Register driven from within the CLB      | 42683 |       |            |           |       |
|   Register driven from outside the CLB     |  3709 |       |            |           |       |
|     LUT in front of the register is unused |  2032 |       |            |           |       |
|     LUT in front of the register is used   |  1677 |       |            |           |       |
| Unique Control Sets                        |   692 |       |          0 |     29280 |  2.36 |
+--------------------------------------------+-------+-------+------------+-----------+-------+
* * Note: Available Control Sets calculated as Slices * 2, Review the Control Sets Report for more information regarding control sets.


3. BLOCKRAM
-----------

+-------------------+------+-------+------------+-----------+-------+
|     Site Type     | Used | Fixed | Prohibited | Available | Util% |
+-------------------+------+-------+------------+-----------+-------+
| Block RAM Tile    |   70 |     0 |          0 |       144 | 48.61 |
|   RAMB36/FIFO*    |   70 |     0 |          0 |       144 | 48.61 |
|     RAMB36E2 only |   70 |       |            |           |       |
|   RAMB18          |    0 |     0 |          0 |       288 |  0.00 |
| URAM              |    0 |     0 |          0 |        64 |  0.00 |
+-------------------+------+-------+------------+-----------+-------+
* Note: Each Block RAM Tile only has one FIFO logic available and therefore can accommodate only one FIFO36E2 or one FIFO18E2. However, if a FIFO18E2 occupies a Block RAM Tile, that tile can still accommodate a RAMB18E2


4. ARITHMETIC
-------------

+----------------+------+-------+------------+-----------+-------+
|    Site Type   | Used | Fixed | Prohibited | Available | Util% |
+----------------+------+-------+------------+-----------+-------+
| DSPs           |   15 |     0 |          0 |      1248 |  1.20 |
|   DSP48E2 only |   15 |       |            |           |       |
+----------------+------+-------+------------+-----------+-------+


5. I/O
------

+------------------+------+-------+------------+-----------+-------+
|     Site Type    | Used | Fixed | Prohibited | Available | Util% |
+------------------+------+-------+------------+-----------+-------+
| Bonded IOB       |    1 |     1 |          0 |       189 |  0.53 |
| HPIOB_M          |    0 |     0 |          0 |        58 |  0.00 |
| HPIOB_S          |    0 |     0 |          0 |        58 |  0.00 |
| HDIOB_M          |    1 |     1 |          0 |        35 |  2.86 |
|   INPUT          |    0 |       |            |           |       |
|   OUTPUT         |    1 |       |            |           |       |
|   BIDIR          |    0 |       |            |           |       |
| HDIOB_S          |    0 |     0 |          0 |        35 |  0.00 |
| HPIOB_SNGL       |    0 |     0 |          0 |         3 |  0.00 |
| HPIOBDIFFINBUF   |    0 |     0 |          0 |        82 |  0.00 |
| HPIOBDIFFOUTBUF  |    0 |     0 |          0 |        82 |  0.00 |
| HDIOBDIFFINBUF   |    0 |     0 |          0 |        35 |  0.00 |
| BITSLICE_CONTROL |    0 |     0 |          0 |        32 |  0.00 |
| BITSLICE_RX_TX   |    0 |     0 |          0 |      1248 |  0.00 |
| BITSLICE_TX      |    0 |     0 |          0 |        32 |  0.00 |
| RIU_OR           |    0 |     0 |          0 |        16 |  0.00 |
+------------------+------+-------+------------+-----------+-------+


6. CLOCK
--------

+----------------------+------+-------+------------+-----------+-------+
|       Site Type      | Used | Fixed | Prohibited | Available | Util% |
+----------------------+------+-------+------------+-----------+-------+
| GLOBAL CLOCK BUFFERs |    3 |     0 |          0 |       352 |  0.85 |
|   BUFGCE             |    2 |     0 |          0 |       112 |  1.79 |
|   BUFGCE_DIV         |    0 |     0 |          0 |        16 |  0.00 |
|   BUFG_GT            |    0 |     0 |          0 |        96 |  0.00 |
|   BUFG_PS            |    1 |     0 |          0 |        96 |  1.04 |
|   BUFGCTRL*          |    0 |     0 |          0 |        32 |  0.00 |
| PLL                  |    1 |     0 |          0 |         8 | 12.50 |
| MMCM                 |    0 |     0 |          0 |         4 |  0.00 |
+----------------------+------+-------+------------+-----------+-------+
* Note: Each used BUFGCTRL counts as two GLOBAL CLOCK BUFFERs. This table does not include global clocking resources, only buffer cell usage. See the Clock Utilization Report (report_clock_utilization) for detailed accounting of global clocking resource availability.


7. ADVANCED
-----------

+-----------------+------+-------+------------+-----------+--------+
|    Site Type    | Used | Fixed | Prohibited | Available |  Util% |
+-----------------+------+-------+------------+-----------+--------+
| GTHE4_CHANNEL   |    0 |     0 |          0 |         4 |   0.00 |
| GTHE4_COMMON    |    0 |     0 |          0 |         1 |   0.00 |
| OBUFDS_GTE4     |    0 |     0 |          0 |         2 |   0.00 |
| OBUFDS_GTE4_ADV |    0 |     0 |          0 |         2 |   0.00 |
| PCIE40E4        |    0 |     0 |          0 |         2 |   0.00 |
| PS8             |    1 |     0 |          0 |         1 | 100.00 |
| SYSMONE4        |    0 |     0 |          0 |         1 |   0.00 |
| VCU             |    0 |     0 |          0 |         1 |   0.00 |
+-----------------+------+-------+------------+-----------+--------+


8. CONFIGURATION
----------------

+-------------+------+-------+------------+-----------+-------+
|  Site Type  | Used | Fixed | Prohibited | Available | Util% |
+-------------+------+-------+------------+-----------+-------+
| BSCANE2     |    0 |     0 |          0 |         4 |  0.00 |
| DNA_PORTE2  |    0 |     0 |          0 |         1 |  0.00 |
| EFUSE_USR   |    0 |     0 |          0 |         1 |  0.00 |
| FRAME_ECCE4 |    0 |     0 |          0 |         1 |  0.00 |
| ICAPE3      |    0 |     0 |          0 |         2 |  0.00 |
| MASTER_JTAG |    0 |     0 |          0 |         1 |  0.00 |
| STARTUPE3   |    0 |     0 |          0 |         1 |  0.00 |
+-------------+------+-------+------------+-----------+-------+


9. Primitives
-------------

+-----------+-------+---------------------+
|  Ref Name |  Used | Functional Category |
+-----------+-------+---------------------+
| FDCE      | 42869 |            Register |
| LUT6      | 22112 |                 CLB |
| LUT3      | 17552 |                 CLB |
| LUT4      | 15975 |                 CLB |
| LUT2      | 12430 |                 CLB |
| LUT5      | 11453 |                 CLB |
| FDRE      |  3251 |            Register |
| RAMD64E   |  2560 |                 CLB |
| CARRY8    |  1771 |                 CLB |
| LUT1      |   589 |                 CLB |
| RAMD32    |   354 |                 CLB |
| FDPE      |   248 |            Register |
| MUXF7     |   145 |                 CLB |
| RAMB36E2  |    70 |            BLOCKRAM |
| SRLC32E   |    33 |                 CLB |
| FDSE      |    24 |            Register |
| DSP48E2   |    15 |          Arithmetic |
| SRL16E    |    10 |                 CLB |
| RAMS32    |    10 |                 CLB |
| BUFGCE    |     2 |               Clock |
| PS8       |     1 |            Advanced |
| PLLE4_ADV |     1 |               Clock |
| OBUF      |     1 |                 I/O |
| BUFG_PS   |     1 |               Clock |
+-----------+-------+---------------------+


10. Black Boxes
---------------

+----------+------+
| Ref Name | Used |
+----------+------+


11. Instantiated Netlists
-------------------------

+---------------------------------+------+
|             Ref Name            | Used |
+---------------------------------+------+
| design_1_zynq_ultra_ps_e_0_0    |    1 |
| design_1_rst_ps8_0_99M_0        |    1 |
| design_1_clk_wiz_0_0            |    1 |
| design_1_auto_pc_0              |    1 |
| design_1_auto_ds_0              |    1 |
| design_1_ZYNQMP_ACP_ADAPTER_0_0 |    1 |
| design_1_ArgSort_AXI_1_0        |    1 |
+---------------------------------+------+


Copyright 1986-2022 Xilinx, Inc. All Rights Reserved. Copyright 2022-2023 Advanced Micro Devices, Inc. All Rights Reserved.
--------------------------------------------------------------------------------------------------------------------------------------------------
| Tool Version      : Vivado v.2023.1 (win64) Build 3865809 Sun May  7 15:05:29 MDT 2023
| Date              : Tue May 27 11:57:30 2025
| Host              : Jabberwock running 64-bit major release  (build 9200)
| Command           : report_timing -file D:/ichiro/work/ArgSort-Kv260/argsort_32_1_0/project.rpt -append
| Design            : design_1_wrapper
| Device            : xck26-sfvc784
| Speed File        : -2LV  PRODUCTION 1.30 05-15-2022
| Design State      : Physopt postRoute
| Temperature Grade : C
--------------------------------------------------------------------------------------------------------------------------------------------------

Timing Report

Slack (MET) :             0.009ns  (required time - arrival time)
  Source:                 design_1_i/ArgSort_AXI_1/U0/ARGSORT_IF/MRG_RD/AXI_IF/xfer_run_busy_reg[7]/C
                            (rising edge-triggered cell FDCE clocked by clk_out1_design_1_clk_wiz_0_0  {rise@0.000ns fall@2.000ns period=4.000ns})
  Destination:            design_1_i/ArgSort_AXI_1/U0/ARGSORT_IF/MRG_RD/MRG[28].READER/RAM/GEN_B32K_W64_R64.B[0].RAM/WEBWE[6]
                            (rising edge-triggered cell RAMB36E2 clocked by clk_out1_design_1_clk_wiz_0_0  {rise@0.000ns fall@2.000ns period=4.000ns})
  Path Group:             clk_out1_design_1_clk_wiz_0_0
  Path Type:              Setup (Max at Slow Process Corner)
  Requirement:            4.000ns  (clk_out1_design_1_clk_wiz_0_0 rise@4.000ns - clk_out1_design_1_clk_wiz_0_0 rise@0.000ns)
  Data Path Delay:        3.371ns  (logic 0.612ns (18.153%)  route 2.759ns (81.847%))
  Logic Levels:           5  (LUT2=1 LUT3=2 LUT4=1 LUT6=1)
  Clock Path Skew:        0.057ns (DCD - SCD + CPR)
    Destination Clock Delay (DCD):    4.839ns = ( 8.839 - 4.000 ) 
    Source Clock Delay      (SCD):    4.603ns
    Clock Pessimism Removal (CPR):    -0.180ns
  Clock Uncertainty:      0.066ns  ((TSJ^2 + DJ^2)^1/2) / 2 + PE
    Total System Jitter     (TSJ):    0.071ns
    Discrete Jitter          (DJ):    0.111ns
    Phase Error              (PE):    0.000ns
  Clock Net Delay (Source):      1.606ns (routing 0.246ns, distribution 1.360ns)
  Clock Net Delay (Destination): 1.647ns (routing 0.231ns, distribution 1.416ns)

    Location             Delay type                Incr(ns)  Path(ns)    Netlist Resource(s)
  -------------------------------------------------------------------    -------------------
                         (clock clk_out1_design_1_clk_wiz_0_0 rise edge)
                                                      0.000     0.000 r  
    BUFG_PS_X0Y73        BUFG_PS                      0.000     0.000 r  design_1_i/zynq_ultra_ps_e_0/U0/buffer_pl_clk_0.PL_CLK_0_BUFG/O
                         net (fo=1, routed)           2.428     2.428    design_1_i/clk_wiz_0/inst/clk_in1
    PLL_X0Y2             PLLE4_ADV (Prop_PLL_CLKIN_CLKOUT0)
                                                      0.147     2.575 r  design_1_i/clk_wiz_0/inst/plle4_adv_inst/CLKOUT0
                         net (fo=1, routed)           0.378     2.953    design_1_i/clk_wiz_0/inst/clk_out1_design_1_clk_wiz_0_0
    BUFGCE_X0Y39         BUFGCE (Prop_BUFCE_BUFGCE_I_O)
                                                      0.044     2.997 r  design_1_i/clk_wiz_0/inst/clkout1_buf/O
    X1Y1 (CLOCK_ROOT)    net (fo=49503, routed)       1.606     4.603    design_1_i/ArgSort_AXI_1/U0/ARGSORT_IF/MRG_RD/AXI_IF/ACLK
    SLICE_X32Y100        FDCE                                         r  design_1_i/ArgSort_AXI_1/U0/ARGSORT_IF/MRG_RD/AXI_IF/xfer_run_busy_reg[7]/C
  -------------------------------------------------------------------    -------------------
    SLICE_X32Y100        FDCE (Prop_GFF2_SLICEM_C_Q)
                                                      0.118     4.721 r  design_1_i/ArgSort_AXI_1/U0/ARGSORT_IF/MRG_RD/AXI_IF/xfer_run_busy_reg[7]/Q
                         net (fo=6, routed)           0.236     4.957    design_1_i/ArgSort_AXI_1/U0/ARGSORT_IF/MRG_RD/AXI_IF/INTAKE_PORT/QUEUE/DELAY_MODE.stage_save_regs[1]_i_2_0[7]
    SLICE_X33Y103        LUT4 (Prop_A6LUT_SLICEL_I1_O)
                                                      0.137     5.094 r  design_1_i/ArgSort_AXI_1/U0/ARGSORT_IF/MRG_RD/AXI_IF/INTAKE_PORT/QUEUE/DELAY_MODE.stage_save_regs[1]_i_8/O
                         net (fo=1, routed)           0.170     5.264    design_1_i/ArgSort_AXI_1/U0/ARGSORT_IF/MRG_RD/AXI_IF/INTAKE_PORT/QUEUE/DELAY_MODE.stage_save_regs[1]_i_8_n_0
    SLICE_X33Y103        LUT6 (Prop_H6LUT_SLICEL_I5_O)
                                                      0.083     5.347 r  design_1_i/ArgSort_AXI_1/U0/ARGSORT_IF/MRG_RD/AXI_IF/INTAKE_PORT/QUEUE/DELAY_MODE.stage_save_regs[1]_i_4/O
                         net (fo=1, routed)           0.045     5.392    design_1_i/ArgSort_AXI_1/U0/ARGSORT_IF/MRG_RD/AXI_IF/INTAKE_PORT/QUEUE/DELAY_MODE.stage_save_regs[1]_i_4_n_0
    SLICE_X33Y103        LUT3 (Prop_F6LUT_SLICEL_I1_O)
                                                      0.136     5.528 r  design_1_i/ArgSort_AXI_1/U0/ARGSORT_IF/MRG_RD/AXI_IF/INTAKE_PORT/QUEUE/DELAY_MODE.stage_save_regs[1]_i_2/O
                         net (fo=43, routed)          0.205     5.733    design_1_i/ArgSort_AXI_1/U0/ARGSORT_IF/MRG_RD/AXI_IF/INTAKE_PORT/QUEUE/POOL_RDY
    SLICE_X34Y102        LUT3 (Prop_G6LUT_SLICEM_I1_O)
                                                      0.082     5.815 r  design_1_i/ArgSort_AXI_1/U0/ARGSORT_IF/MRG_RD/AXI_IF/INTAKE_PORT/QUEUE/DELAY_MODE.stage_save_regs[1]_i_1__36/O
                         net (fo=20, routed)          1.371     7.186    design_1_i/ArgSort_AXI_1/U0/ARGSORT_IF/MRG_RD/AXI_IF/INTAKE_PORT/QUEUE/o_valid_reg_28
    SLICE_X49Y31         LUT2 (Prop_F6LUT_SLICEL_I0_O)
                                                      0.056     7.242 r  design_1_i/ArgSort_AXI_1/U0/ARGSORT_IF/MRG_RD/AXI_IF/INTAKE_PORT/QUEUE/GEN_B32K_W64_R64.B[0].RAM_i_11__27/O
                         net (fo=1, routed)           0.732     7.974    design_1_i/ArgSort_AXI_1/U0/ARGSORT_IF/MRG_RD/MRG[28].READER/RAM/WE[6]
    RAMB36_X2Y1          RAMB36E2                                     r  design_1_i/ArgSort_AXI_1/U0/ARGSORT_IF/MRG_RD/MRG[28].READER/RAM/GEN_B32K_W64_R64.B[0].RAM/WEBWE[6]
  -------------------------------------------------------------------    -------------------

                         (clock clk_out1_design_1_clk_wiz_0_0 rise edge)
                                                      4.000     4.000 r  
    BUFG_PS_X0Y73        BUFG_PS                      0.000     4.000 r  design_1_i/zynq_ultra_ps_e_0/U0/buffer_pl_clk_0.PL_CLK_0_BUFG/O
                         net (fo=1, routed)           2.206     6.206    design_1_i/clk_wiz_0/inst/clk_in1
    PLL_X0Y2             PLLE4_ADV (Prop_PLL_CLKIN_CLKOUT0)
                                                      0.615     6.821 r  design_1_i/clk_wiz_0/inst/plle4_adv_inst/CLKOUT0
                         net (fo=1, routed)           0.332     7.153    design_1_i/clk_wiz_0/inst/clk_out1_design_1_clk_wiz_0_0
    BUFGCE_X0Y39         BUFGCE (Prop_BUFCE_BUFGCE_I_O)
                                                      0.039     7.192 r  design_1_i/clk_wiz_0/inst/clkout1_buf/O
    X1Y1 (CLOCK_ROOT)    net (fo=49503, routed)       1.647     8.839    design_1_i/ArgSort_AXI_1/U0/ARGSORT_IF/MRG_RD/MRG[28].READER/RAM/ACLK
    RAMB36_X2Y1          RAMB36E2                                     r  design_1_i/ArgSort_AXI_1/U0/ARGSORT_IF/MRG_RD/MRG[28].READER/RAM/GEN_B32K_W64_R64.B[0].RAM/CLKBWRCLK
                         clock pessimism             -0.180     8.659    
                         clock uncertainty           -0.066     8.594    
    RAMB36_X2Y1          RAMB36E2 (Setup_RAMB36E2_RAMB36_CLKBWRCLK_WEBWE[6])
                                                     -0.611     7.983    design_1_i/ArgSort_AXI_1/U0/ARGSORT_IF/MRG_RD/MRG[28].READER/RAM/GEN_B32K_W64_R64.B[0].RAM
  -------------------------------------------------------------------
                         required time                          7.983    
                         arrival time                          -7.974    
  -------------------------------------------------------------------
                         slack                                  0.009    




